#
# There is insufficient memory for the Java Runtime Environment to continue.
# Native memory allocation (mmap) failed to map 648019968 bytes for G1 virtual space
# Possible reasons:
#   The system is out of physical RAM or swap space
#   The process is running with CompressedOops enabled, and the Java Heap may be blocking the growth of the native heap
# Possible solutions:
#   Reduce memory load on the system
#   Increase physical memory or swap space
#   Check if swap backing store is full
#   Decrease Java heap size (-Xmx/-Xms)
#   Decrease number of Java threads
#   Decrease Java thread stack sizes (-Xss)
#   Set larger code cache with -XX:ReservedCodeCacheSize=
#   JVM is running with Unscaled Compressed Oops mode in which the Java heap is
#     placed in the first 4GB address space. The Java Heap base address is the
#     maximum limit for the native heap growth. Please use -XX:HeapBaseMinAddress
#     to set the Java Heap base and to place the Java Heap above 4GB virtual address.
# This output file may be truncated or incomplete.
#
#  Out of Memory Error (os_windows.cpp:3769), pid=4104, tid=2112
#
# JRE version: OpenJDK Runtime Environment (17.0.6) (build 17.0.6+0-b2043.56-10027231)
# Java VM: OpenJDK 64-Bit Server VM (17.0.6+0-b2043.56-10027231, mixed mode, tiered, compressed oops, compressed class ptrs, g1 gc, windows-amd64)
# No core dump will be written. Minidumps are not enabled by default on client versions of Windows
#

---------------  S U M M A R Y ------------

Command Line: --add-opens=java.base/java.util=ALL-UNNAMED --add-opens=java.base/java.lang=ALL-UNNAMED --add-opens=java.base/java.lang.invoke=ALL-UNNAMED --add-opens=java.prefs/java.util.prefs=ALL-UNNAMED --add-opens=java.base/java.nio.charset=ALL-UNNAMED --add-opens=java.base/java.net=ALL-UNNAMED --add-opens=java.base/java.util.concurrent.atomic=ALL-UNNAMED -Xmx2048m -Dfile.encoding=UTF-8 -Duser.country=US -Duser.language=en -Duser.variant org.gradle.launcher.daemon.bootstrap.GradleDaemon 8.0

Host: Intel(R) Core(TM) i3-1005G1 CPU @ 1.20GHz, 4 cores, 7G,  Windows 10 , 64 bit Build 19041 (10.0.19041.3636)
Time: Wed Nov 22 22:07:11 2023 SE Asia Standard Time elapsed time: 2146.454787 seconds (0d 0h 35m 46s)

---------------  T H R E A D  ---------------

Current thread (0x0000026dd3d0ba50):  VMThread "VM Thread" [stack: 0x000000fbaf100000,0x000000fbaf200000] [id=2112]

Stack: [0x000000fbaf100000,0x000000fbaf200000]
Native frames: (J=compiled Java code, j=interpreted, Vv=VM code, C=native code)
V  [jvm.dll+0x683c9a]
V  [jvm.dll+0x8427a4]
V  [jvm.dll+0x843f9e]
V  [jvm.dll+0x844603]
V  [jvm.dll+0x249b75]
V  [jvm.dll+0x680b69]
V  [jvm.dll+0x67505a]
V  [jvm.dll+0x309acb]
V  [jvm.dll+0x310f86]
V  [jvm.dll+0x3608ee]
V  [jvm.dll+0x360b1f]
V  [jvm.dll+0x2dfbf8]
V  [jvm.dll+0x2ddec4]
V  [jvm.dll+0x2dd4cc]
V  [jvm.dll+0x322261]
V  [jvm.dll+0x848ccb]
V  [jvm.dll+0x849a04]
V  [jvm.dll+0x849f1d]
V  [jvm.dll+0x84a2f4]
V  [jvm.dll+0x84a3c0]
V  [jvm.dll+0x7f274a]
V  [jvm.dll+0x682ad5]
C  [ucrtbase.dll+0x21bb2]
C  [KERNEL32.DLL+0x17344]
C  [ntdll.dll+0x526b1]

VM_Operation (0x000000fbb59fec20): G1TryInitiateConcMark, mode: safepoint, requested by thread 0x0000026dd7cc1030


---------------  P R O C E S S  ---------------

Threads class SMR info:
_java_thread_list=0x0000026ddc27e120, length=99, elements={
0x0000026dba769b90, 0x0000026dd3d2ea70, 0x0000026dd3d33540, 0x0000026dd3d6a090,
0x0000026dd3d6cd60, 0x0000026dd3d6d620, 0x0000026dd3d6dee0, 0x0000026dd48163f0,
0x0000026dd481a150, 0x0000026dd48736a0, 0x0000026dd4985470, 0x0000026dd49b0430,
0x0000026dd7bd0ab0, 0x0000026dd578b8a0, 0x0000026dd5c55590, 0x0000026dd60ea2f0,
0x0000026dd60ea7c0, 0x0000026dd60eb630, 0x0000026dd60eac90, 0x0000026dd60eb160,
0x0000026dd60ed310, 0x0000026dd4dd5230, 0x0000026dd4dd3ef0, 0x0000026dd4dd43c0,
0x0000026dd4dd5bd0, 0x0000026dd4dd0060, 0x0000026dd4dd78b0, 0x0000026dd83ec890,
0x0000026dd87513a0, 0x0000026dd7cc1030, 0x0000026dd8a5d390, 0x0000026dd822c080,
0x0000026dd8229a00, 0x0000026dd822c550, 0x0000026dd72f1320, 0x0000026dd72effe0,
0x0000026dd72f69c0, 0x0000026dd8a5eba0, 0x0000026dd8a603b0, 0x0000026dd72f7830,
0x0000026dd72f17f0, 0x0000026dd8a5d860, 0x0000026dd8a5c9f0, 0x0000026dd8a5f540,
0x0000026dd8a5cec0, 0x0000026dd8a5f070, 0x0000026dd8a5dd30, 0x0000026dd8a5fa10,
0x0000026dd8a5e200, 0x0000026dd72f1cc0, 0x0000026dd72f5680, 0x0000026dd72f2b30,
0x0000026dd72f2190, 0x0000026dd72f04b0, 0x0000026dd72f64f0, 0x0000026dd72f3e70,
0x0000026dd72f0980, 0x0000026dd72f6e90, 0x0000026dd72f2660, 0x0000026dd72f6020,
0x0000026dd72f39a0, 0x0000026dd822ca20, 0x0000026dd822ad40, 0x0000026dd822a3a0,
0x0000026dd8229060, 0x0000026dd822a870, 0x0000026dd61df140, 0x0000026dd8a5fee0,
0x0000026dd7cc2840, 0x0000026dd7cc19d0, 0x0000026dd7cc4520, 0x0000026dd7cc2d10,
0x0000026dd7cc1500, 0x0000026dd7cc31e0, 0x0000026dd7cc36b0, 0x0000026dd859c3d0,
0x0000026dd859b560, 0x0000026dd859cd70, 0x0000026dd859d240, 0x0000026dd859ba30,
0x0000026dd859d710, 0x0000026dd859dbe0, 0x0000026dd859e0b0, 0x0000026dd7cc3b80,
0x0000026dd7cc0b60, 0x0000026ddccfef50, 0x0000026ddccff8f0, 0x0000026dd72f34d0,
0x0000026dd72f4ce0, 0x0000026dd61dd930, 0x0000026ddccffdc0, 0x0000026ddccff420,
0x0000026ddcd00290, 0x0000026ddca40a20, 0x0000026dd61dec70, 0x0000026dd61dbc50,
0x0000026dd61dde00, 0x0000026ddc945f10, 0x0000026ddc9433c0
}

Java Threads: ( => current thread )
  0x0000026dba769b90 JavaThread "main" [_thread_blocked, id=7992, stack(0x000000fbaeb00000,0x000000fbaec00000)]
  0x0000026dd3d2ea70 JavaThread "Reference Handler" daemon [_thread_blocked, id=8092, stack(0x000000fbaf200000,0x000000fbaf300000)]
  0x0000026dd3d33540 JavaThread "Finalizer" daemon [_thread_blocked, id=2148, stack(0x000000fbaf300000,0x000000fbaf400000)]
  0x0000026dd3d6a090 JavaThread "Signal Dispatcher" daemon [_thread_blocked, id=9828, stack(0x000000fbaf400000,0x000000fbaf500000)]
  0x0000026dd3d6cd60 JavaThread "Attach Listener" daemon [_thread_blocked, id=6204, stack(0x000000fbaf500000,0x000000fbaf600000)]
  0x0000026dd3d6d620 JavaThread "Service Thread" daemon [_thread_blocked, id=8016, stack(0x000000fbaf600000,0x000000fbaf700000)]
  0x0000026dd3d6dee0 JavaThread "Monitor Deflation Thread" daemon [_thread_blocked, id=6264, stack(0x000000fbaf700000,0x000000fbaf800000)]
  0x0000026dd48163f0 JavaThread "C2 CompilerThread0" daemon [_thread_blocked, id=3768, stack(0x000000fbaf800000,0x000000fbaf900000)]
  0x0000026dd481a150 JavaThread "C1 CompilerThread0" daemon [_thread_blocked, id=6940, stack(0x000000fbaf900000,0x000000fbafa00000)]
  0x0000026dd48736a0 JavaThread "Sweeper thread" daemon [_thread_blocked, id=9744, stack(0x000000fbafa00000,0x000000fbafb00000)]
  0x0000026dd4985470 JavaThread "Common-Cleaner" daemon [_thread_blocked, id=7056, stack(0x000000fbafb00000,0x000000fbafc00000)]
  0x0000026dd49b0430 JavaThread "Notification Thread" daemon [_thread_blocked, id=6848, stack(0x000000fbafc00000,0x000000fbafd00000)]
  0x0000026dd7bd0ab0 JavaThread "Daemon health stats" [_thread_blocked, id=7784, stack(0x000000fbb0200000,0x000000fbb0300000)]
  0x0000026dd578b8a0 JavaThread "Incoming local TCP Connector on port 51891" [_thread_in_native, id=8852, stack(0x000000fbafe00000,0x000000fbaff00000)]
  0x0000026dd5c55590 JavaThread "Daemon periodic checks" [_thread_blocked, id=820, stack(0x000000fbb0300000,0x000000fbb0400000)]
  0x0000026dd60ea2f0 JavaThread "Cache worker for journal cache (C:\Users\caot4\.gradle\caches\journal-1)" [_thread_blocked, id=4428, stack(0x000000fbb0b00000,0x000000fbb0c00000)]
  0x0000026dd60ea7c0 JavaThread "File lock request listener" [_thread_in_native, id=10216, stack(0x000000fbb0c00000,0x000000fbb0d00000)]
  0x0000026dd60eb630 JavaThread "Cache worker for file hash cache (C:\Users\caot4\.gradle\caches\8.0\fileHashes)" [_thread_blocked, id=3252, stack(0x000000fbb0d00000,0x000000fbb0e00000)]
  0x0000026dd60eac90 JavaThread "File watcher server" daemon [_thread_blocked, id=10060, stack(0x000000fbb0e00000,0x000000fbb0f00000)]
  0x0000026dd60eb160 JavaThread "File watcher consumer" daemon [_thread_blocked, id=9652, stack(0x000000fbb0f00000,0x000000fbb1000000)]
  0x0000026dd60ed310 JavaThread "Cache worker for file content cache (C:\Users\caot4\.gradle\caches\8.0\fileContent)" [_thread_blocked, id=7936, stack(0x000000fbb1200000,0x000000fbb1300000)]
  0x0000026dd4dd5230 JavaThread "Cache worker for execution history cache (C:\Users\caot4\.gradle\caches\8.0\executionHistory)" [_thread_blocked, id=6620, stack(0x000000fbb1500000,0x000000fbb1600000)]
  0x0000026dd4dd3ef0 JavaThread "jar transforms" [_thread_blocked, id=8528, stack(0x000000fbb1600000,0x000000fbb1700000)]
  0x0000026dd4dd43c0 JavaThread "jar transforms Thread 2" [_thread_blocked, id=9912, stack(0x000000fbb1700000,0x000000fbb1800000)]
  0x0000026dd4dd5bd0 JavaThread "Cache worker for kotlin-dsl (C:\Users\caot4\.gradle\caches\8.0\kotlin-dsl)" [_thread_blocked, id=8820, stack(0x000000fbb1900000,0x000000fbb1a00000)]
  0x0000026dd4dd0060 JavaThread "jar transforms Thread 3" [_thread_blocked, id=8428, stack(0x000000fbb1a00000,0x000000fbb1b00000)]
  0x0000026dd4dd78b0 JavaThread "jar transforms Thread 4" [_thread_blocked, id=1100, stack(0x000000fbb1b00000,0x000000fbb1c00000)]
  0x0000026dd83ec890 JavaThread "Memory manager" [_thread_blocked, id=8332, stack(0x000000fbb4700000,0x000000fbb4800000)]
  0x0000026dd87513a0 JavaThread "Cache worker for Java compile cache (C:\Users\caot4\.gradle\caches\8.0\javaCompile)" [_thread_blocked, id=8236, stack(0x000000fbb5500000,0x000000fbb5600000)]
  0x0000026dd7cc1030 JavaThread "ForkJoinPool.commonPool-worker-13" daemon [_thread_blocked, id=2600, stack(0x000000fbb5900000,0x000000fbb5a00000)]
  0x0000026dd8a5d390 JavaThread "Daemon Thread 10" [_thread_blocked, id=8812, stack(0x000000fbae900000,0x000000fbaea00000)]
  0x0000026dd822c080 JavaThread "Handler for socket connection from /127.0.0.1:51891 to /127.0.0.1:52744" [_thread_in_native, id=7536, stack(0x000000fbaea00000,0x000000fbaeb00000)]
  0x0000026dd8229a00 JavaThread "Cancel handler" [_thread_blocked, id=9196, stack(0x000000fbb0400000,0x000000fbb0500000)]
  0x0000026dd822c550 JavaThread "Daemon worker Thread 10" [_thread_blocked, id=2248, stack(0x000000fbb0500000,0x000000fbb0600000)]
  0x0000026dd72f1320 JavaThread "Asynchronous log dispatcher for DefaultDaemonConnection: socket connection from /127.0.0.1:51891 to /127.0.0.1:52744" [_thread_blocked, id=4340, stack(0x000000fbb0600000,0x000000fbb0700000)]
  0x0000026dd72effe0 JavaThread "Stdin handler" [_thread_blocked, id=9576, stack(0x000000fbb0700000,0x000000fbb0800000)]
  0x0000026dd72f69c0 JavaThread "Daemon client event forwarder" [_thread_blocked, id=6352, stack(0x000000fbb0800000,0x000000fbb0900000)]
  0x0000026dd8a5eba0 JavaThread "Cache worker for checksums cache (D:\FinalVersion\.gradle\8.0\checksums)" [_thread_blocked, id=2496, stack(0x000000fbb0900000,0x000000fbb0a00000)]
  0x0000026dd8a603b0 JavaThread "Cache worker for cache directory md-rule (C:\Users\caot4\.gradle\caches\8.0\md-rule)" [_thread_blocked, id=3028, stack(0x000000fbb0a00000,0x000000fbb0b00000)]
  0x0000026dd72f7830 JavaThread "Cache worker for file hash cache (D:\FinalVersion\.gradle\8.0\fileHashes)" [_thread_blocked, id=8384, stack(0x000000fbb1000000,0x000000fbb1100000)]
  0x0000026dd72f17f0 JavaThread "Cache worker for cache directory md-supplier (C:\Users\caot4\.gradle\caches\8.0\md-supplier)" [_thread_blocked, id=4200, stack(0x000000fbb1100000,0x000000fbb1200000)]
  0x0000026dd8a5d860 JavaThread "Cache worker for dependencies-accessors (D:\FinalVersion\.gradle\8.0\dependencies-accessors)" [_thread_blocked, id=3492, stack(0x000000fbb1300000,0x000000fbb1400000)]
  0x0000026dd8a5c9f0 JavaThread "Cache worker for Build Output Cleanup Cache (D:\FinalVersion\.gradle\buildOutputCleanup)" [_thread_blocked, id=6052, stack(0x000000fbb1400000,0x000000fbb1500000)]
  0x0000026dd8a5f540 JavaThread "Unconstrained build operations" [_thread_blocked, id=8580, stack(0x000000fbb1d00000,0x000000fbb1e00000)]
  0x0000026dd8a5cec0 JavaThread "Unconstrained build operations Thread 2" [_thread_blocked, id=7816, stack(0x000000fbb1e00000,0x000000fbb1f00000)]
  0x0000026dd8a5f070 JavaThread "Unconstrained build operations Thread 3" [_thread_blocked, id=5456, stack(0x000000fbb1f00000,0x000000fbb2000000)]
  0x0000026dd8a5dd30 JavaThread "Unconstrained build operations Thread 4" [_thread_blocked, id=2516, stack(0x000000fbb2000000,0x000000fbb2100000)]
  0x0000026dd8a5fa10 JavaThread "Unconstrained build operations Thread 5" [_thread_blocked, id=3664, stack(0x000000fbb2100000,0x000000fbb2200000)]
  0x0000026dd8a5e200 JavaThread "Unconstrained build operations Thread 6" [_thread_blocked, id=6600, stack(0x000000fbb2200000,0x000000fbb2300000)]
  0x0000026dd72f1cc0 JavaThread "Unconstrained build operations Thread 7" [_thread_blocked, id=4588, stack(0x000000fbb2300000,0x000000fbb2400000)]
  0x0000026dd72f5680 JavaThread "Unconstrained build operations Thread 8" [_thread_blocked, id=8868, stack(0x000000fbb2400000,0x000000fbb2500000)]
  0x0000026dd72f2b30 JavaThread "Unconstrained build operations Thread 9" [_thread_blocked, id=9296, stack(0x000000fbb2500000,0x000000fbb2600000)]
  0x0000026dd72f2190 JavaThread "Unconstrained build operations Thread 10" [_thread_blocked, id=6664, stack(0x000000fbb2600000,0x000000fbb2700000)]
  0x0000026dd72f04b0 JavaThread "Unconstrained build operations Thread 11" [_thread_blocked, id=2748, stack(0x000000fbb2700000,0x000000fbb2800000)]
  0x0000026dd72f64f0 JavaThread "Unconstrained build operations Thread 12" [_thread_blocked, id=2072, stack(0x000000fbb2800000,0x000000fbb2900000)]
  0x0000026dd72f3e70 JavaThread "Unconstrained build operations Thread 13" [_thread_blocked, id=5680, stack(0x000000fbb2900000,0x000000fbb2a00000)]
  0x0000026dd72f0980 JavaThread "Unconstrained build operations Thread 14" [_thread_blocked, id=10196, stack(0x000000fbb2a00000,0x000000fbb2b00000)]
  0x0000026dd72f6e90 JavaThread "Unconstrained build operations Thread 15" [_thread_blocked, id=1920, stack(0x000000fbb2b00000,0x000000fbb2c00000)]
  0x0000026dd72f2660 JavaThread "Unconstrained build operations Thread 16" [_thread_blocked, id=8836, stack(0x000000fbb2c00000,0x000000fbb2d00000)]
  0x0000026dd72f6020 JavaThread "Unconstrained build operations Thread 17" [_thread_blocked, id=9152, stack(0x000000fbb2d00000,0x000000fbb2e00000)]
  0x0000026dd72f39a0 JavaThread "Unconstrained build operations Thread 18" [_thread_blocked, id=6652, stack(0x000000fbb2e00000,0x000000fbb2f00000)]
  0x0000026dd822ca20 JavaThread "Unconstrained build operations Thread 19" [_thread_blocked, id=3648, stack(0x000000fbb2f00000,0x000000fbb3000000)]
  0x0000026dd822ad40 JavaThread "Unconstrained build operations Thread 20" [_thread_blocked, id=2380, stack(0x000000fbb3000000,0x000000fbb3100000)]
  0x0000026dd822a3a0 JavaThread "Unconstrained build operations Thread 21" [_thread_blocked, id=10004, stack(0x000000fbb3100000,0x000000fbb3200000)]
  0x0000026dd8229060 JavaThread "Unconstrained build operations Thread 22" [_thread_blocked, id=5208, stack(0x000000fbb3200000,0x000000fbb3300000)]
  0x0000026dd822a870 JavaThread "Unconstrained build operations Thread 23" [_thread_blocked, id=7964, stack(0x000000fbb3300000,0x000000fbb3400000)]
  0x0000026dd61df140 JavaThread "Unconstrained build operations Thread 24" [_thread_blocked, id=7696, stack(0x000000fbb3400000,0x000000fbb3500000)]
  0x0000026dd8a5fee0 JavaThread "Unconstrained build operations Thread 25" [_thread_blocked, id=4656, stack(0x000000fbb3500000,0x000000fbb3600000)]
  0x0000026dd7cc2840 JavaThread "Unconstrained build operations Thread 26" [_thread_blocked, id=2920, stack(0x000000fbb3600000,0x000000fbb3700000)]
  0x0000026dd7cc19d0 JavaThread "Unconstrained build operations Thread 27" [_thread_blocked, id=9708, stack(0x000000fbb3700000,0x000000fbb3800000)]
  0x0000026dd7cc4520 JavaThread "Unconstrained build operations Thread 28" [_thread_blocked, id=2880, stack(0x000000fbb3800000,0x000000fbb3900000)]
  0x0000026dd7cc2d10 JavaThread "Unconstrained build operations Thread 29" [_thread_blocked, id=7876, stack(0x000000fbb3900000,0x000000fbb3a00000)]
  0x0000026dd7cc1500 JavaThread "Unconstrained build operations Thread 30" [_thread_blocked, id=6488, stack(0x000000fbb3a00000,0x000000fbb3b00000)]
  0x0000026dd7cc31e0 JavaThread "Unconstrained build operations Thread 31" [_thread_blocked, id=6480, stack(0x000000fbb3b00000,0x000000fbb3c00000)]
  0x0000026dd7cc36b0 JavaThread "Unconstrained build operations Thread 32" [_thread_blocked, id=6844, stack(0x000000fbb3c00000,0x000000fbb3d00000)]
  0x0000026dd859c3d0 JavaThread "Unconstrained build operations Thread 33" [_thread_blocked, id=2040, stack(0x000000fbb3d00000,0x000000fbb3e00000)]
  0x0000026dd859b560 JavaThread "Unconstrained build operations Thread 34" [_thread_blocked, id=5876, stack(0x000000fbb3e00000,0x000000fbb3f00000)]
  0x0000026dd859cd70 JavaThread "Unconstrained build operations Thread 35" [_thread_blocked, id=7760, stack(0x000000fbb3f00000,0x000000fbb4000000)]
  0x0000026dd859d240 JavaThread "Unconstrained build operations Thread 36" [_thread_blocked, id=3776, stack(0x000000fbb4000000,0x000000fbb4100000)]
  0x0000026dd859ba30 JavaThread "Unconstrained build operations Thread 37" [_thread_blocked, id=6332, stack(0x000000fbb4100000,0x000000fbb4200000)]
  0x0000026dd859d710 JavaThread "Unconstrained build operations Thread 38" [_thread_blocked, id=8044, stack(0x000000fbb4200000,0x000000fbb4300000)]
  0x0000026dd859dbe0 JavaThread "Unconstrained build operations Thread 39" [_thread_blocked, id=2084, stack(0x000000fbb4300000,0x000000fbb4400000)]
  0x0000026dd859e0b0 JavaThread "Unconstrained build operations Thread 40" [_thread_blocked, id=9832, stack(0x000000fbb4400000,0x000000fbb4500000)]
  0x0000026dd7cc3b80 JavaThread "build event listener" [_thread_blocked, id=9616, stack(0x000000fbb4500000,0x000000fbb4600000)]
  0x0000026dd7cc0b60 JavaThread "included builds" [_thread_blocked, id=2992, stack(0x000000fbb4600000,0x000000fbb4700000)]
  0x0000026ddccfef50 JavaThread "Execution worker" [_thread_blocked, id=9160, stack(0x000000fbb4800000,0x000000fbb4900000)]
  0x0000026ddccff8f0 JavaThread "Execution worker Thread 2" [_thread_blocked, id=1760, stack(0x000000fbb4900000,0x000000fbb4a00000)]
  0x0000026dd72f34d0 JavaThread "Execution worker Thread 3" [_thread_blocked, id=3788, stack(0x000000fbb4a00000,0x000000fbb4b00000)]
  0x0000026dd72f4ce0 JavaThread "Cache worker for execution history cache (D:\FinalVersion\.gradle\8.0\executionHistory)" [_thread_blocked, id=2828, stack(0x000000fbb4b00000,0x000000fbb4c00000)]
  0x0000026dd61dd930 JavaThread "Build operations" [_thread_blocked, id=7732, stack(0x000000fbb4c00000,0x000000fbb4d00000)]
  0x0000026ddccffdc0 JavaThread "Build operations Thread 2" [_thread_blocked, id=1560, stack(0x000000fbb4d00000,0x000000fbb4e00000)]
  0x0000026ddccff420 JavaThread "Build operations Thread 3" [_thread_blocked, id=5516, stack(0x000000fbb4e00000,0x000000fbb4f00000)]
  0x0000026ddcd00290 JavaThread "Build operations Thread 4" [_thread_blocked, id=1648, stack(0x000000fbb5100000,0x000000fbb5200000)]
  0x0000026ddca40a20 JavaThread "C2 CompilerThread1" daemon [_thread_blocked, id=9148, stack(0x000000fbb1c00000,0x000000fbb1d00000)]
  0x0000026dd61dec70 JavaThread "WorkerExecutor Queue" [_thread_blocked, id=5688, stack(0x000000fbb5200000,0x000000fbb5300000)]
  0x0000026dd61dbc50 JavaThread "WorkerExecutor Queue Thread 2" [_thread_blocked, id=3092, stack(0x000000fbb5300000,0x000000fbb5400000)]
  0x0000026dd61dde00 JavaThread "WorkerExecutor Queue Thread 3" [_thread_blocked, id=10200, stack(0x000000fbb5400000,0x000000fbb5500000)]
  0x0000026ddc945f10 JavaThread "WorkerExecutor Queue Thread 4" [_thread_blocked, id=5940, stack(0x000000fbb5600000,0x000000fbb5700000)]
  0x0000026ddc9433c0 JavaThread "WorkerExecutor Queue Thread 5" [_thread_blocked, id=7824, stack(0x000000fbb5700000,0x000000fbb5800000)]

Other Threads:
=>0x0000026dd3d0ba50 VMThread "VM Thread" [stack: 0x000000fbaf100000,0x000000fbaf200000] [id=2112]
  0x0000026dd49b0900 WatcherThread [stack: 0x000000fbafd00000,0x000000fbafe00000] [id=7320]
  0x0000026dba7c81f0 GCTaskThread "GC Thread#0" [stack: 0x000000fbaec00000,0x000000fbaed00000] [id=8220]
  0x0000026dd4f1b880 GCTaskThread "GC Thread#1" [stack: 0x000000fbaff00000,0x000000fbb0000000] [id=4740]
  0x0000026dd4b94560 GCTaskThread "GC Thread#2" [stack: 0x000000fbb0000000,0x000000fbb0100000] [id=3928]
  0x0000026dd55d8690 GCTaskThread "GC Thread#3" [stack: 0x000000fbb0100000,0x000000fbb0200000] [id=9612]
  0x0000026dba7d9040 ConcurrentGCThread "G1 Main Marker" [stack: 0x000000fbaed00000,0x000000fbaee00000] [id=6384]
  0x0000026dba7d9960 ConcurrentGCThread "G1 Conc#0" [stack: 0x000000fbaee00000,0x000000fbaef00000] [id=3468]
  0x0000026dba83da90 ConcurrentGCThread "G1 Refine#0" [stack: 0x000000fbaef00000,0x000000fbaf000000] [id=368]
  0x0000026dd7ee3350 ConcurrentGCThread "G1 Refine#1" [stack: 0x000000fbb1800000,0x000000fbb1900000] [id=7384]
  0x0000026dd77ed8f0 ConcurrentGCThread "G1 Refine#2" [stack: 0x000000fbb4f00000,0x000000fbb5000000] [id=3320]
  0x0000026dd77eea30 ConcurrentGCThread "G1 Refine#3" [stack: 0x000000fbb5000000,0x000000fbb5100000] [id=9796]
  0x0000026dba83e3c0 ConcurrentGCThread "G1 Service" [stack: 0x000000fbaf000000,0x000000fbaf100000] [id=9308]

Threads with active compile tasks:
C2 CompilerThread0  2146493 26756       4       com.sun.org.apache.xerces.internal.impl.XMLEntityScanner::scanQName (580 bytes)

VM state: at safepoint (normal execution)

VM Mutex/Monitor currently owned by a thread:  ([mutex/lock_event])
[0x0000026db864b4b0] Threads_lock - owner thread: 0x0000026dd3d0ba50
[0x0000026db864b420] Heap_lock - owner thread: 0x0000026dd7cc1030

Heap address: 0x0000000080000000, size: 2048 MB, Compressed Oops mode: 32-bit

CDS archive(s) not mapped
Compressed class space mapped at: 0x0000000100000000-0x0000000140000000, reserved size: 1073741824
Narrow klass base: 0x0000000000000000, Narrow klass shift: 3, Narrow klass range: 0x140000000

GC Precious Log:
 CPUs: 4 total, 4 available
 Memory: 7998M
 Large Page Support: Disabled
 NUMA Support: Disabled
 Compressed Oops: Enabled (32-bit)
 Heap Region Size: 1M
 Heap Min Capacity: 8M
 Heap Initial Capacity: 126M
 Heap Max Capacity: 2G
 Pre-touch: Disabled
 Parallel Workers: 4
 Concurrent Workers: 1
 Concurrent Refinement Workers: 4
 Periodic GC: Disabled

Heap:
 garbage-first heap   total 316416K, used 116207K [0x0000000080000000, 0x0000000100000000)
  region size 1024K, 1 young (1024K), 1 survivors (1024K)
 Metaspace       used 134725K, committed 136000K, reserved 1171456K
  class space    used 17703K, committed 18304K, reserved 1048576K

Heap Regions: E=young(eden), S=young(survivor), O=old, HS=humongous(starts), HC=humongous(continues), CS=collection set, F=free, OA=open archive, CA=closed archive, TAMS=top-at-mark-start (previous, next)
|   0|0x0000000080000000, 0x0000000080100000, 0x0000000080100000|100%| O|  |TAMS 0x0000000080100000, 0x0000000080100000| Untracked 
|   1|0x0000000080100000, 0x0000000080200000, 0x0000000080200000|100%| O|  |TAMS 0x0000000080200000, 0x0000000080200000| Untracked 
|   2|0x0000000080200000, 0x0000000080300000, 0x0000000080300000|100%|HS|  |TAMS 0x0000000080300000, 0x0000000080300000| Complete 
|   3|0x0000000080300000, 0x0000000080400000, 0x0000000080400000|100%|HC|  |TAMS 0x0000000080400000, 0x0000000080400000| Complete 
|   4|0x0000000080400000, 0x0000000080500000, 0x0000000080500000|100%|HC|  |TAMS 0x0000000080500000, 0x0000000080500000| Complete 
|   5|0x0000000080500000, 0x0000000080600000, 0x0000000080600000|100%|HC|  |TAMS 0x0000000080600000, 0x0000000080600000| Complete 
|   6|0x0000000080600000, 0x0000000080700000, 0x0000000080700000|100%| O|  |TAMS 0x0000000080700000, 0x0000000080700000| Untracked 
|   7|0x0000000080700000, 0x0000000080800000, 0x0000000080800000|100%| O|  |TAMS 0x0000000080800000, 0x0000000080800000| Untracked 
|   8|0x0000000080800000, 0x0000000080900000, 0x0000000080900000|100%| O|  |TAMS 0x0000000080900000, 0x0000000080900000| Untracked 
|   9|0x0000000080900000, 0x0000000080a00000, 0x0000000080a00000|100%| O|  |TAMS 0x0000000080a00000, 0x0000000080a00000| Untracked 
|  10|0x0000000080a00000, 0x0000000080b00000, 0x0000000080b00000|100%| O|  |TAMS 0x0000000080b00000, 0x0000000080b00000| Untracked 
|  11|0x0000000080b00000, 0x0000000080b00000, 0x0000000080c00000|  0%| F|  |TAMS 0x0000000080b00000, 0x0000000080b00000| Untracked 
|  12|0x0000000080c00000, 0x0000000080d00000, 0x0000000080d00000|100%| O|  |TAMS 0x0000000080d00000, 0x0000000080d00000| Untracked 
|  13|0x0000000080d00000, 0x0000000080e00000, 0x0000000080e00000|100%| O|  |TAMS 0x0000000080e00000, 0x0000000080e00000| Untracked 
|  14|0x0000000080e00000, 0x0000000080f00000, 0x0000000080f00000|100%| O|  |TAMS 0x0000000080f00000, 0x0000000080f00000| Untracked 
|  15|0x0000000080f00000, 0x0000000081000000, 0x0000000081000000|100%| O|  |TAMS 0x0000000081000000, 0x0000000081000000| Untracked 
|  16|0x0000000081000000, 0x0000000081100000, 0x0000000081100000|100%| O|  |TAMS 0x0000000081100000, 0x0000000081100000| Untracked 
|  17|0x0000000081100000, 0x0000000081200000, 0x0000000081200000|100%| O|  |TAMS 0x0000000081200000, 0x0000000081200000| Untracked 
|  18|0x0000000081200000, 0x0000000081300000, 0x0000000081300000|100%| O|  |TAMS 0x0000000081300000, 0x0000000081300000| Untracked 
|  19|0x0000000081300000, 0x0000000081400000, 0x0000000081400000|100%| O|  |TAMS 0x0000000081400000, 0x0000000081400000| Untracked 
|  20|0x0000000081400000, 0x0000000081500000, 0x0000000081500000|100%| O|  |TAMS 0x0000000081500000, 0x0000000081500000| Untracked 
|  21|0x0000000081500000, 0x0000000081600000, 0x0000000081600000|100%| O|  |TAMS 0x0000000081600000, 0x0000000081600000| Untracked 
|  22|0x0000000081600000, 0x0000000081700000, 0x0000000081700000|100%| O|  |TAMS 0x0000000081700000, 0x0000000081700000| Untracked 
|  23|0x0000000081700000, 0x0000000081700000, 0x0000000081800000|  0%| F|  |TAMS 0x0000000081700000, 0x0000000081700000| Untracked 
|  24|0x0000000081800000, 0x0000000081900000, 0x0000000081900000|100%| O|  |TAMS 0x0000000081900000, 0x0000000081900000| Untracked 
|  25|0x0000000081900000, 0x0000000081a00000, 0x0000000081a00000|100%| O|  |TAMS 0x0000000081a00000, 0x0000000081a00000| Untracked 
|  26|0x0000000081a00000, 0x0000000081b00000, 0x0000000081b00000|100%| O|  |TAMS 0x0000000081b00000, 0x0000000081b00000| Untracked 
|  27|0x0000000081b00000, 0x0000000081c00000, 0x0000000081c00000|100%| O|  |TAMS 0x0000000081c00000, 0x0000000081c00000| Untracked 
|  28|0x0000000081c00000, 0x0000000081d00000, 0x0000000081d00000|100%| O|  |TAMS 0x0000000081d00000, 0x0000000081d00000| Untracked 
|  29|0x0000000081d00000, 0x0000000081e00000, 0x0000000081e00000|100%| O|  |TAMS 0x0000000081e00000, 0x0000000081e00000| Untracked 
|  30|0x0000000081e00000, 0x0000000081e00000, 0x0000000081f00000|  0%| F|  |TAMS 0x0000000081e00000, 0x0000000081e00000| Untracked 
|  31|0x0000000081f00000, 0x0000000082000000, 0x0000000082000000|100%| O|  |TAMS 0x0000000082000000, 0x0000000082000000| Untracked 
|  32|0x0000000082000000, 0x0000000082100000, 0x0000000082100000|100%| O|  |TAMS 0x0000000082100000, 0x0000000082100000| Untracked 
|  33|0x0000000082100000, 0x0000000082200000, 0x0000000082200000|100%| O|  |TAMS 0x0000000082200000, 0x0000000082200000| Untracked 
|  34|0x0000000082200000, 0x0000000082300000, 0x0000000082300000|100%| O|  |TAMS 0x0000000082200000, 0x0000000082300000| Untracked 
|  35|0x0000000082300000, 0x0000000082400000, 0x0000000082400000|100%|HS|  |TAMS 0x0000000082400000, 0x0000000082400000| Complete 
|  36|0x0000000082400000, 0x0000000082500000, 0x0000000082500000|100%|HS|  |TAMS 0x0000000082500000, 0x0000000082500000| Complete 
|  37|0x0000000082500000, 0x0000000082600000, 0x0000000082600000|100%|HS|  |TAMS 0x0000000082600000, 0x0000000082600000| Complete 
|  38|0x0000000082600000, 0x0000000082700000, 0x0000000082700000|100%| O|  |TAMS 0x0000000082700000, 0x0000000082700000| Untracked 
|  39|0x0000000082700000, 0x0000000082800000, 0x0000000082800000|100%| O|  |TAMS 0x0000000082800000, 0x0000000082800000| Untracked 
|  40|0x0000000082800000, 0x0000000082900000, 0x0000000082900000|100%| O|  |TAMS 0x0000000082900000, 0x0000000082900000| Untracked 
|  41|0x0000000082900000, 0x0000000082a00000, 0x0000000082a00000|100%| O|  |TAMS 0x0000000082a00000, 0x0000000082a00000| Untracked 
|  42|0x0000000082a00000, 0x0000000082b00000, 0x0000000082b00000|100%| O|  |TAMS 0x0000000082b00000, 0x0000000082b00000| Untracked 
|  43|0x0000000082b00000, 0x0000000082c00000, 0x0000000082c00000|100%| O|  |TAMS 0x0000000082c00000, 0x0000000082c00000| Untracked 
|  44|0x0000000082c00000, 0x0000000082c00000, 0x0000000082d00000|  0%| F|  |TAMS 0x0000000082c00000, 0x0000000082c00000| Untracked 
|  45|0x0000000082d00000, 0x0000000082e00000, 0x0000000082e00000|100%| O|  |TAMS 0x0000000082e00000, 0x0000000082e00000| Untracked 
|  46|0x0000000082e00000, 0x0000000082e00000, 0x0000000082f00000|  0%| F|  |TAMS 0x0000000082e00000, 0x0000000082e00000| Untracked 
|  47|0x0000000082f00000, 0x0000000082f00000, 0x0000000083000000|  0%| F|  |TAMS 0x0000000082f00000, 0x0000000082f00000| Untracked 
|  48|0x0000000083000000, 0x0000000083000000, 0x0000000083100000|  0%| F|  |TAMS 0x0000000083000000, 0x0000000083000000| Untracked 
|  49|0x0000000083100000, 0x0000000083200000, 0x0000000083200000|100%| O|  |TAMS 0x0000000083200000, 0x0000000083200000| Untracked 
|  50|0x0000000083200000, 0x0000000083300000, 0x0000000083300000|100%| O|  |TAMS 0x0000000083300000, 0x0000000083300000| Untracked 
|  51|0x0000000083300000, 0x0000000083400000, 0x0000000083400000|100%| O|  |TAMS 0x0000000083400000, 0x0000000083400000| Untracked 
|  52|0x0000000083400000, 0x0000000083500000, 0x0000000083500000|100%| O|  |TAMS 0x0000000083500000, 0x0000000083500000| Untracked 
|  53|0x0000000083500000, 0x0000000083600000, 0x0000000083600000|100%| O|  |TAMS 0x0000000083600000, 0x0000000083600000| Untracked 
|  54|0x0000000083600000, 0x0000000083700000, 0x0000000083700000|100%| O|  |TAMS 0x0000000083600000, 0x0000000083700000| Untracked 
|  55|0x0000000083700000, 0x0000000083800000, 0x0000000083800000|100%| O|  |TAMS 0x0000000083800000, 0x0000000083800000| Untracked 
|  56|0x0000000083800000, 0x0000000083900000, 0x0000000083900000|100%| O|  |TAMS 0x0000000083900000, 0x0000000083900000| Untracked 
|  57|0x0000000083900000, 0x0000000083a00000, 0x0000000083a00000|100%| O|  |TAMS 0x0000000083a00000, 0x0000000083a00000| Untracked 
|  58|0x0000000083a00000, 0x0000000083b00000, 0x0000000083b00000|100%| O|  |TAMS 0x0000000083b00000, 0x0000000083b00000| Untracked 
|  59|0x0000000083b00000, 0x0000000083c00000, 0x0000000083c00000|100%| O|  |TAMS 0x0000000083c00000, 0x0000000083c00000| Untracked 
|  60|0x0000000083c00000, 0x0000000083d00000, 0x0000000083d00000|100%| O|  |TAMS 0x0000000083d00000, 0x0000000083d00000| Untracked 
|  61|0x0000000083d00000, 0x0000000083e00000, 0x0000000083e00000|100%| O|  |TAMS 0x0000000083e00000, 0x0000000083e00000| Untracked 
|  62|0x0000000083e00000, 0x0000000083e00000, 0x0000000083f00000|  0%| F|  |TAMS 0x0000000083e00000, 0x0000000083e00000| Untracked 
|  63|0x0000000083f00000, 0x0000000084000000, 0x0000000084000000|100%| O|  |TAMS 0x0000000084000000, 0x0000000084000000| Untracked 
|  64|0x0000000084000000, 0x0000000084100000, 0x0000000084100000|100%| O|  |TAMS 0x0000000084100000, 0x0000000084100000| Untracked 
|  65|0x0000000084100000, 0x0000000084200000, 0x0000000084200000|100%| O|  |TAMS 0x0000000084200000, 0x0000000084200000| Untracked 
|  66|0x0000000084200000, 0x0000000084300000, 0x0000000084300000|100%| O|  |TAMS 0x0000000084300000, 0x0000000084300000| Untracked 
|  67|0x0000000084300000, 0x0000000084400000, 0x0000000084400000|100%| O|  |TAMS 0x0000000084400000, 0x0000000084400000| Untracked 
|  68|0x0000000084400000, 0x0000000084400000, 0x0000000084500000|  0%| F|  |TAMS 0x0000000084400000, 0x0000000084400000| Untracked 
|  69|0x0000000084500000, 0x0000000084500000, 0x0000000084600000|  0%| F|  |TAMS 0x0000000084500000, 0x0000000084500000| Untracked 
|  70|0x0000000084600000, 0x0000000084700000, 0x0000000084700000|100%| O|  |TAMS 0x0000000084700000, 0x0000000084700000| Untracked 
|  71|0x0000000084700000, 0x0000000084800000, 0x0000000084800000|100%| O|  |TAMS 0x0000000084800000, 0x0000000084800000| Untracked 
|  72|0x0000000084800000, 0x0000000084900000, 0x0000000084900000|100%| O|  |TAMS 0x0000000084900000, 0x0000000084900000| Untracked 
|  73|0x0000000084900000, 0x0000000084a00000, 0x0000000084a00000|100%| O|  |TAMS 0x0000000084a00000, 0x0000000084a00000| Untracked 
|  74|0x0000000084a00000, 0x0000000084b00000, 0x0000000084b00000|100%| O|  |TAMS 0x0000000084b00000, 0x0000000084b00000| Untracked 
|  75|0x0000000084b00000, 0x0000000084c00000, 0x0000000084c00000|100%| O|  |TAMS 0x0000000084c00000, 0x0000000084c00000| Untracked 
|  76|0x0000000084c00000, 0x0000000084c00000, 0x0000000084d00000|  0%| F|  |TAMS 0x0000000084c00000, 0x0000000084c00000| Untracked 
|  77|0x0000000084d00000, 0x0000000084e00000, 0x0000000084e00000|100%| O|  |TAMS 0x0000000084e00000, 0x0000000084e00000| Untracked 
|  78|0x0000000084e00000, 0x0000000084f00000, 0x0000000084f00000|100%| O|  |TAMS 0x0000000084f00000, 0x0000000084f00000| Untracked 
|  79|0x0000000084f00000, 0x0000000085000000, 0x0000000085000000|100%| O|  |TAMS 0x0000000085000000, 0x0000000085000000| Untracked 
|  80|0x0000000085000000, 0x0000000085100000, 0x0000000085100000|100%| O|  |TAMS 0x0000000085100000, 0x0000000085100000| Untracked 
|  81|0x0000000085100000, 0x0000000085200000, 0x0000000085200000|100%| O|  |TAMS 0x0000000085200000, 0x0000000085200000| Untracked 
|  82|0x0000000085200000, 0x0000000085300000, 0x0000000085300000|100%| O|  |TAMS 0x0000000085200000, 0x0000000085300000| Untracked 
|  83|0x0000000085300000, 0x0000000085400000, 0x0000000085400000|100%| O|  |TAMS 0x0000000085300000, 0x0000000085400000| Untracked 
|  84|0x0000000085400000, 0x0000000085500000, 0x0000000085500000|100%| O|  |TAMS 0x0000000085400000, 0x0000000085500000| Untracked 
|  85|0x0000000085500000, 0x0000000085600000, 0x0000000085600000|100%| O|  |TAMS 0x0000000085600000, 0x0000000085600000| Untracked 
|  86|0x0000000085600000, 0x0000000085700000, 0x0000000085700000|100%| O|  |TAMS 0x0000000085600000, 0x0000000085700000| Untracked 
|  87|0x0000000085700000, 0x0000000085700000, 0x0000000085800000|  0%| F|  |TAMS 0x0000000085700000, 0x0000000085700000| Untracked 
|  88|0x0000000085800000, 0x0000000085900000, 0x0000000085900000|100%| O|  |TAMS 0x0000000085900000, 0x0000000085900000| Untracked 
|  89|0x0000000085900000, 0x0000000085900000, 0x0000000085a00000|  0%| F|  |TAMS 0x0000000085900000, 0x0000000085900000| Untracked 
|  90|0x0000000085a00000, 0x0000000085b00000, 0x0000000085b00000|100%| O|  |TAMS 0x0000000085b00000, 0x0000000085b00000| Untracked 
|  91|0x0000000085b00000, 0x0000000085b00000, 0x0000000085c00000|  0%| F|  |TAMS 0x0000000085b00000, 0x0000000085b00000| Untracked 
|  92|0x0000000085c00000, 0x0000000085c00000, 0x0000000085d00000|  0%| F|  |TAMS 0x0000000085c00000, 0x0000000085c00000| Untracked 
|  93|0x0000000085d00000, 0x0000000085e00000, 0x0000000085e00000|100%| O|  |TAMS 0x0000000085e00000, 0x0000000085e00000| Untracked 
|  94|0x0000000085e00000, 0x0000000085f00000, 0x0000000085f00000|100%| O|  |TAMS 0x0000000085f00000, 0x0000000085f00000| Untracked 
|  95|0x0000000085f00000, 0x0000000085f00000, 0x0000000086000000|  0%| F|  |TAMS 0x0000000085f00000, 0x0000000085f00000| Untracked 
|  96|0x0000000086000000, 0x0000000086100000, 0x0000000086100000|100%| O|  |TAMS 0x0000000086100000, 0x0000000086100000| Untracked 
|  97|0x0000000086100000, 0x0000000086100000, 0x0000000086200000|  0%| F|  |TAMS 0x0000000086100000, 0x0000000086100000| Untracked 
|  98|0x0000000086200000, 0x0000000086300000, 0x0000000086300000|100%| O|  |TAMS 0x0000000086300000, 0x0000000086300000| Untracked 
|  99|0x0000000086300000, 0x0000000086300000, 0x0000000086400000|  0%| F|  |TAMS 0x0000000086300000, 0x0000000086300000| Untracked 
| 100|0x0000000086400000, 0x0000000086500000, 0x0000000086500000|100%| O|  |TAMS 0x0000000086400000, 0x0000000086500000| Untracked 
| 101|0x0000000086500000, 0x0000000086500000, 0x0000000086600000|  0%| F|  |TAMS 0x0000000086500000, 0x0000000086500000| Untracked 
| 102|0x0000000086600000, 0x0000000086600000, 0x0000000086700000|  0%| F|  |TAMS 0x0000000086600000, 0x0000000086600000| Untracked 
| 103|0x0000000086700000, 0x0000000086700000, 0x0000000086800000|  0%| F|  |TAMS 0x0000000086700000, 0x0000000086700000| Untracked 
| 104|0x0000000086800000, 0x0000000086900000, 0x0000000086900000|100%| O|  |TAMS 0x0000000086900000, 0x0000000086900000| Untracked 
| 105|0x0000000086900000, 0x0000000086a00000, 0x0000000086a00000|100%| O|  |TAMS 0x0000000086a00000, 0x0000000086a00000| Untracked 
| 106|0x0000000086a00000, 0x0000000086b00000, 0x0000000086b00000|100%| O|  |TAMS 0x0000000086b00000, 0x0000000086b00000| Untracked 
| 107|0x0000000086b00000, 0x0000000086c00000, 0x0000000086c00000|100%| O|  |TAMS 0x0000000086b00000, 0x0000000086c00000| Untracked 
| 108|0x0000000086c00000, 0x0000000086d00000, 0x0000000086d00000|100%| O|  |TAMS 0x0000000086c00000, 0x0000000086d00000| Untracked 
| 109|0x0000000086d00000, 0x0000000086d00000, 0x0000000086e00000|  0%| F|  |TAMS 0x0000000086d00000, 0x0000000086d00000| Untracked 
| 110|0x0000000086e00000, 0x0000000086e00000, 0x0000000086f00000|  0%| F|  |TAMS 0x0000000086e00000, 0x0000000086e00000| Untracked 
| 111|0x0000000086f00000, 0x0000000087000000, 0x0000000087000000|100%| O|  |TAMS 0x0000000086f00000, 0x0000000087000000| Untracked 
| 112|0x0000000087000000, 0x0000000087100000, 0x0000000087100000|100%| O|  |TAMS 0x0000000087000000, 0x0000000087100000| Untracked 
| 113|0x0000000087100000, 0x0000000087200000, 0x0000000087200000|100%| O|  |TAMS 0x0000000087200000, 0x0000000087200000| Untracked 
| 114|0x0000000087200000, 0x0000000087300000, 0x0000000087300000|100%| O|  |TAMS 0x0000000087300000, 0x0000000087300000| Untracked 
| 115|0x0000000087300000, 0x0000000087300000, 0x0000000087400000|  0%| F|  |TAMS 0x0000000087300000, 0x0000000087300000| Untracked 
| 116|0x0000000087400000, 0x0000000087400000, 0x0000000087500000|  0%| F|  |TAMS 0x0000000087400000, 0x0000000087400000| Untracked 
| 117|0x0000000087500000, 0x0000000087500000, 0x0000000087600000|  0%| F|  |TAMS 0x0000000087500000, 0x0000000087500000| Untracked 
| 118|0x0000000087600000, 0x0000000087600000, 0x0000000087700000|  0%| F|  |TAMS 0x0000000087600000, 0x0000000087600000| Untracked 
| 119|0x0000000087700000, 0x0000000087800000, 0x0000000087800000|100%| O|  |TAMS 0x0000000087800000, 0x0000000087800000| Untracked 
| 120|0x0000000087800000, 0x0000000087800000, 0x0000000087900000|  0%| F|  |TAMS 0x0000000087800000, 0x0000000087800000| Untracked 
| 121|0x0000000087900000, 0x0000000087900000, 0x0000000087a00000|  0%| F|  |TAMS 0x0000000087900000, 0x0000000087900000| Untracked 
| 122|0x0000000087a00000, 0x0000000087b00000, 0x0000000087b00000|100%| O|  |TAMS 0x0000000087b00000, 0x0000000087b00000| Untracked 
| 123|0x0000000087b00000, 0x0000000087c00000, 0x0000000087c00000|100%| O|  |TAMS 0x0000000087bf6800, 0x0000000087c00000| Untracked 
| 124|0x0000000087c00000, 0x0000000087d00000, 0x0000000087d00000|100%| O|  |TAMS 0x0000000087c00000, 0x0000000087d00000| Untracked 
| 125|0x0000000087d00000, 0x0000000087e00000, 0x0000000087e00000|100%| O|  |TAMS 0x0000000087d00000, 0x0000000087e00000| Untracked 
| 126|0x0000000087e00000, 0x0000000087f00000, 0x0000000087f00000|100%| O|  |TAMS 0x0000000087e00000, 0x0000000087f00000| Untracked 
| 127|0x0000000087f00000, 0x0000000088000000, 0x0000000088000000|100%| O|  |TAMS 0x0000000087f00000, 0x0000000088000000| Untracked 
| 128|0x0000000088000000, 0x0000000088100000, 0x0000000088100000|100%| O|  |TAMS 0x0000000088000000, 0x0000000088100000| Untracked 
| 129|0x0000000088100000, 0x0000000088200000, 0x0000000088200000|100%| O|  |TAMS 0x0000000088100000, 0x0000000088200000| Untracked 
| 130|0x0000000088200000, 0x0000000088300000, 0x0000000088300000|100%| O|  |TAMS 0x0000000088200000, 0x0000000088300000| Untracked 
| 131|0x0000000088300000, 0x0000000088400000, 0x0000000088400000|100%|HS|  |TAMS 0x0000000088400000, 0x0000000088400000| Complete 
| 132|0x0000000088400000, 0x0000000088500000, 0x0000000088500000|100%|HC|  |TAMS 0x0000000088500000, 0x0000000088500000| Complete 
| 133|0x0000000088500000, 0x0000000088600000, 0x0000000088600000|100%| O|  |TAMS 0x0000000088500000, 0x0000000088600000| Untracked 
| 134|0x0000000088600000, 0x0000000088700000, 0x0000000088700000|100%| O|  |TAMS 0x0000000088600000, 0x0000000088700000| Untracked 
| 135|0x0000000088700000, 0x0000000088800000, 0x0000000088800000|100%| O|  |TAMS 0x0000000088700000, 0x0000000088800000| Untracked 
| 136|0x0000000088800000, 0x0000000088900000, 0x0000000088900000|100%| O|  |TAMS 0x0000000088800000, 0x0000000088900000| Untracked 
| 137|0x0000000088900000, 0x0000000088900000, 0x0000000088a00000|  0%| F|  |TAMS 0x0000000088900000, 0x0000000088900000| Untracked 
| 138|0x0000000088a00000, 0x0000000088a00000, 0x0000000088b00000|  0%| F|  |TAMS 0x0000000088a00000, 0x0000000088a00000| Untracked 
| 139|0x0000000088b00000, 0x0000000088c00000, 0x0000000088c00000|100%| O|  |TAMS 0x0000000088b00000, 0x0000000088c00000| Untracked 
| 140|0x0000000088c00000, 0x0000000088d00000, 0x0000000088d00000|100%| O|  |TAMS 0x0000000088c00000, 0x0000000088d00000| Untracked 
| 141|0x0000000088d00000, 0x0000000088e00000, 0x0000000088e00000|100%| O|  |TAMS 0x0000000088d00000, 0x0000000088e00000| Untracked 
| 142|0x0000000088e00000, 0x0000000088f00000, 0x0000000088f00000|100%| O|  |TAMS 0x0000000088f00000, 0x0000000088f00000| Untracked 
| 143|0x0000000088f00000, 0x0000000088f00000, 0x0000000089000000|  0%| F|  |TAMS 0x0000000088f00000, 0x0000000088f00000| Untracked 
| 144|0x0000000089000000, 0x000000008907bc00, 0x0000000089100000| 48%| O|  |TAMS 0x0000000089000000, 0x000000008907bc00| Untracked 
| 145|0x0000000089100000, 0x0000000089100000, 0x0000000089200000|  0%| F|  |TAMS 0x0000000089100000, 0x0000000089100000| Untracked 
| 146|0x0000000089200000, 0x0000000089200000, 0x0000000089300000|  0%| F|  |TAMS 0x0000000089200000, 0x0000000089200000| Untracked 
| 147|0x0000000089300000, 0x0000000089300000, 0x0000000089400000|  0%| F|  |TAMS 0x0000000089300000, 0x0000000089300000| Untracked 
| 148|0x0000000089400000, 0x0000000089400000, 0x0000000089500000|  0%| F|  |TAMS 0x0000000089400000, 0x0000000089400000| Untracked 
| 149|0x0000000089500000, 0x0000000089500000, 0x0000000089600000|  0%| F|  |TAMS 0x0000000089500000, 0x0000000089500000| Untracked 
| 150|0x0000000089600000, 0x0000000089600000, 0x0000000089700000|  0%| F|  |TAMS 0x0000000089600000, 0x0000000089600000| Untracked 
| 151|0x0000000089700000, 0x0000000089700000, 0x0000000089800000|  0%| F|  |TAMS 0x0000000089700000, 0x0000000089700000| Untracked 
| 152|0x0000000089800000, 0x0000000089800000, 0x0000000089900000|  0%| F|  |TAMS 0x0000000089800000, 0x0000000089800000| Untracked 
| 153|0x0000000089900000, 0x0000000089900000, 0x0000000089a00000|  0%| F|  |TAMS 0x0000000089900000, 0x0000000089900000| Untracked 
| 154|0x0000000089a00000, 0x0000000089a00000, 0x0000000089b00000|  0%| F|  |TAMS 0x0000000089a00000, 0x0000000089a00000| Untracked 
| 155|0x0000000089b00000, 0x0000000089b00000, 0x0000000089c00000|  0%| F|  |TAMS 0x0000000089b00000, 0x0000000089b00000| Untracked 
| 156|0x0000000089c00000, 0x0000000089c00000, 0x0000000089d00000|  0%| F|  |TAMS 0x0000000089c00000, 0x0000000089c00000| Untracked 
| 157|0x0000000089d00000, 0x0000000089d00000, 0x0000000089e00000|  0%| F|  |TAMS 0x0000000089d00000, 0x0000000089d00000| Untracked 
| 158|0x0000000089e00000, 0x0000000089e00000, 0x0000000089f00000|  0%| F|  |TAMS 0x0000000089e00000, 0x0000000089e00000| Untracked 
| 159|0x0000000089f00000, 0x0000000089f00000, 0x000000008a000000|  0%| F|  |TAMS 0x0000000089f00000, 0x0000000089f00000| Untracked 
| 160|0x000000008a000000, 0x000000008a000000, 0x000000008a100000|  0%| F|  |TAMS 0x000000008a000000, 0x000000008a000000| Untracked 
| 161|0x000000008a100000, 0x000000008a100000, 0x000000008a200000|  0%| F|  |TAMS 0x000000008a100000, 0x000000008a100000| Untracked 
| 162|0x000000008a200000, 0x000000008a200000, 0x000000008a300000|  0%| F|  |TAMS 0x000000008a200000, 0x000000008a200000| Untracked 
| 163|0x000000008a300000, 0x000000008a300000, 0x000000008a400000|  0%| F|  |TAMS 0x000000008a300000, 0x000000008a300000| Untracked 
| 164|0x000000008a400000, 0x000000008a400000, 0x000000008a500000|  0%| F|  |TAMS 0x000000008a400000, 0x000000008a400000| Untracked 
| 165|0x000000008a500000, 0x000000008a500000, 0x000000008a600000|  0%| F|  |TAMS 0x000000008a500000, 0x000000008a500000| Untracked 
| 166|0x000000008a600000, 0x000000008a600000, 0x000000008a700000|  0%| F|  |TAMS 0x000000008a600000, 0x000000008a600000| Untracked 
| 167|0x000000008a700000, 0x000000008a700000, 0x000000008a800000|  0%| F|  |TAMS 0x000000008a700000, 0x000000008a700000| Untracked 
| 168|0x000000008a800000, 0x000000008a800000, 0x000000008a900000|  0%| F|  |TAMS 0x000000008a800000, 0x000000008a800000| Untracked 
| 169|0x000000008a900000, 0x000000008a900000, 0x000000008aa00000|  0%| F|  |TAMS 0x000000008a900000, 0x000000008a900000| Untracked 
| 170|0x000000008aa00000, 0x000000008aa00000, 0x000000008ab00000|  0%| F|  |TAMS 0x000000008aa00000, 0x000000008aa00000| Untracked 
| 171|0x000000008ab00000, 0x000000008ab00000, 0x000000008ac00000|  0%| F|  |TAMS 0x000000008ab00000, 0x000000008ab00000| Untracked 
| 172|0x000000008ac00000, 0x000000008ac00000, 0x000000008ad00000|  0%| F|  |TAMS 0x000000008ac00000, 0x000000008ac00000| Untracked 
| 173|0x000000008ad00000, 0x000000008ad00000, 0x000000008ae00000|  0%| F|  |TAMS 0x000000008ad00000, 0x000000008ad00000| Untracked 
| 174|0x000000008ae00000, 0x000000008ae00000, 0x000000008af00000|  0%| F|  |TAMS 0x000000008ae00000, 0x000000008ae00000| Untracked 
| 175|0x000000008af00000, 0x000000008af00000, 0x000000008b000000|  0%| F|  |TAMS 0x000000008af00000, 0x000000008af00000| Untracked 
| 176|0x000000008b000000, 0x000000008b000000, 0x000000008b100000|  0%| F|  |TAMS 0x000000008b000000, 0x000000008b000000| Untracked 
| 177|0x000000008b100000, 0x000000008b100000, 0x000000008b200000|  0%| F|  |TAMS 0x000000008b100000, 0x000000008b100000| Untracked 
| 178|0x000000008b200000, 0x000000008b200000, 0x000000008b300000|  0%| F|  |TAMS 0x000000008b200000, 0x000000008b200000| Untracked 
| 179|0x000000008b300000, 0x000000008b300000, 0x000000008b400000|  0%| F|  |TAMS 0x000000008b300000, 0x000000008b300000| Untracked 
| 180|0x000000008b400000, 0x000000008b400000, 0x000000008b500000|  0%| F|  |TAMS 0x000000008b400000, 0x000000008b400000| Untracked 
| 181|0x000000008b500000, 0x000000008b500000, 0x000000008b600000|  0%| F|  |TAMS 0x000000008b500000, 0x000000008b500000| Untracked 
| 182|0x000000008b600000, 0x000000008b600000, 0x000000008b700000|  0%| F|  |TAMS 0x000000008b600000, 0x000000008b600000| Untracked 
| 183|0x000000008b700000, 0x000000008b700000, 0x000000008b800000|  0%| F|  |TAMS 0x000000008b700000, 0x000000008b700000| Untracked 
| 184|0x000000008b800000, 0x000000008b800000, 0x000000008b900000|  0%| F|  |TAMS 0x000000008b800000, 0x000000008b800000| Untracked 
| 185|0x000000008b900000, 0x000000008b900000, 0x000000008ba00000|  0%| F|  |TAMS 0x000000008b900000, 0x000000008b900000| Untracked 
| 186|0x000000008ba00000, 0x000000008ba00000, 0x000000008bb00000|  0%| F|  |TAMS 0x000000008ba00000, 0x000000008ba00000| Untracked 
| 187|0x000000008bb00000, 0x000000008bb00000, 0x000000008bc00000|  0%| F|  |TAMS 0x000000008bb00000, 0x000000008bb00000| Untracked 
| 188|0x000000008bc00000, 0x000000008bc00000, 0x000000008bd00000|  0%| F|  |TAMS 0x000000008bc00000, 0x000000008bc00000| Untracked 
| 189|0x000000008bd00000, 0x000000008bd00000, 0x000000008be00000|  0%| F|  |TAMS 0x000000008bd00000, 0x000000008bd00000| Untracked 
| 190|0x000000008be00000, 0x000000008be00000, 0x000000008bf00000|  0%| F|  |TAMS 0x000000008be00000, 0x000000008be00000| Untracked 
| 191|0x000000008bf00000, 0x000000008bf00000, 0x000000008c000000|  0%| F|  |TAMS 0x000000008bf00000, 0x000000008bf00000| Untracked 
| 192|0x000000008c000000, 0x000000008c000000, 0x000000008c100000|  0%| F|  |TAMS 0x000000008c000000, 0x000000008c000000| Untracked 
| 193|0x000000008c100000, 0x000000008c100000, 0x000000008c200000|  0%| F|  |TAMS 0x000000008c100000, 0x000000008c100000| Untracked 
| 194|0x000000008c200000, 0x000000008c200000, 0x000000008c300000|  0%| F|  |TAMS 0x000000008c200000, 0x000000008c200000| Untracked 
| 195|0x000000008c300000, 0x000000008c300000, 0x000000008c400000|  0%| F|  |TAMS 0x000000008c300000, 0x000000008c300000| Untracked 
| 196|0x000000008c400000, 0x000000008c400000, 0x000000008c500000|  0%| F|  |TAMS 0x000000008c400000, 0x000000008c400000| Untracked 
| 197|0x000000008c500000, 0x000000008c500000, 0x000000008c600000|  0%| F|  |TAMS 0x000000008c500000, 0x000000008c500000| Untracked 
| 198|0x000000008c600000, 0x000000008c600000, 0x000000008c700000|  0%| F|  |TAMS 0x000000008c600000, 0x000000008c600000| Untracked 
| 199|0x000000008c700000, 0x000000008c700000, 0x000000008c800000|  0%| F|  |TAMS 0x000000008c700000, 0x000000008c700000| Untracked 
| 200|0x000000008c800000, 0x000000008c800000, 0x000000008c900000|  0%| F|  |TAMS 0x000000008c800000, 0x000000008c800000| Untracked 
| 201|0x000000008c900000, 0x000000008c900000, 0x000000008ca00000|  0%| F|  |TAMS 0x000000008c900000, 0x000000008c900000| Untracked 
| 202|0x000000008ca00000, 0x000000008ca00000, 0x000000008cb00000|  0%| F|  |TAMS 0x000000008ca00000, 0x000000008ca00000| Untracked 
| 203|0x000000008cb00000, 0x000000008cb00000, 0x000000008cc00000|  0%| F|  |TAMS 0x000000008cb00000, 0x000000008cb00000| Untracked 
| 204|0x000000008cc00000, 0x000000008cc00000, 0x000000008cd00000|  0%| F|  |TAMS 0x000000008cc00000, 0x000000008cc00000| Untracked 
| 205|0x000000008cd00000, 0x000000008cd00000, 0x000000008ce00000|  0%| F|  |TAMS 0x000000008cd00000, 0x000000008cd00000| Untracked 
| 206|0x000000008ce00000, 0x000000008ce00000, 0x000000008cf00000|  0%| F|  |TAMS 0x000000008ce00000, 0x000000008ce00000| Untracked 
| 207|0x000000008cf00000, 0x000000008cf00000, 0x000000008d000000|  0%| F|  |TAMS 0x000000008cf00000, 0x000000008cf00000| Untracked 
| 208|0x000000008d000000, 0x000000008d000000, 0x000000008d100000|  0%| F|  |TAMS 0x000000008d000000, 0x000000008d000000| Untracked 
| 209|0x000000008d100000, 0x000000008d100000, 0x000000008d200000|  0%| F|  |TAMS 0x000000008d100000, 0x000000008d100000| Untracked 
| 210|0x000000008d200000, 0x000000008d200000, 0x000000008d300000|  0%| F|  |TAMS 0x000000008d200000, 0x000000008d200000| Untracked 
| 211|0x000000008d300000, 0x000000008d300000, 0x000000008d400000|  0%| F|  |TAMS 0x000000008d300000, 0x000000008d300000| Untracked 
| 212|0x000000008d400000, 0x000000008d400000, 0x000000008d500000|  0%| F|  |TAMS 0x000000008d400000, 0x000000008d400000| Untracked 
| 213|0x000000008d500000, 0x000000008d500000, 0x000000008d600000|  0%| F|  |TAMS 0x000000008d500000, 0x000000008d500000| Untracked 
| 214|0x000000008d600000, 0x000000008d600000, 0x000000008d700000|  0%| F|  |TAMS 0x000000008d600000, 0x000000008d600000| Untracked 
| 215|0x000000008d700000, 0x000000008d700000, 0x000000008d800000|  0%| F|  |TAMS 0x000000008d700000, 0x000000008d700000| Untracked 
| 216|0x000000008d800000, 0x000000008d800000, 0x000000008d900000|  0%| F|  |TAMS 0x000000008d800000, 0x000000008d800000| Untracked 
| 217|0x000000008d900000, 0x000000008d900000, 0x000000008da00000|  0%| F|  |TAMS 0x000000008d900000, 0x000000008d900000| Untracked 
| 218|0x000000008da00000, 0x000000008da00000, 0x000000008db00000|  0%| F|  |TAMS 0x000000008da00000, 0x000000008da00000| Untracked 
| 219|0x000000008db00000, 0x000000008db00000, 0x000000008dc00000|  0%| F|  |TAMS 0x000000008db00000, 0x000000008db00000| Untracked 
| 220|0x000000008dc00000, 0x000000008dc00000, 0x000000008dd00000|  0%| F|  |TAMS 0x000000008dc00000, 0x000000008dc00000| Untracked 
| 221|0x000000008dd00000, 0x000000008dd00000, 0x000000008de00000|  0%| F|  |TAMS 0x000000008dd00000, 0x000000008dd00000| Untracked 
| 222|0x000000008de00000, 0x000000008de00000, 0x000000008df00000|  0%| F|  |TAMS 0x000000008de00000, 0x000000008de00000| Untracked 
| 223|0x000000008df00000, 0x000000008df00000, 0x000000008e000000|  0%| F|  |TAMS 0x000000008df00000, 0x000000008df00000| Untracked 
| 224|0x000000008e000000, 0x000000008e000000, 0x000000008e100000|  0%| F|  |TAMS 0x000000008e000000, 0x000000008e000000| Untracked 
| 225|0x000000008e100000, 0x000000008e100000, 0x000000008e200000|  0%| F|  |TAMS 0x000000008e100000, 0x000000008e100000| Untracked 
| 226|0x000000008e200000, 0x000000008e200000, 0x000000008e300000|  0%| F|  |TAMS 0x000000008e200000, 0x000000008e200000| Untracked 
| 227|0x000000008e300000, 0x000000008e300000, 0x000000008e400000|  0%| F|  |TAMS 0x000000008e300000, 0x000000008e300000| Untracked 
| 228|0x000000008e400000, 0x000000008e400000, 0x000000008e500000|  0%| F|  |TAMS 0x000000008e400000, 0x000000008e400000| Untracked 
| 229|0x000000008e500000, 0x000000008e500000, 0x000000008e600000|  0%| F|  |TAMS 0x000000008e500000, 0x000000008e500000| Untracked 
| 230|0x000000008e600000, 0x000000008e600000, 0x000000008e700000|  0%| F|  |TAMS 0x000000008e600000, 0x000000008e600000| Untracked 
| 231|0x000000008e700000, 0x000000008e700000, 0x000000008e800000|  0%| F|  |TAMS 0x000000008e700000, 0x000000008e700000| Untracked 
| 232|0x000000008e800000, 0x000000008e800000, 0x000000008e900000|  0%| F|  |TAMS 0x000000008e800000, 0x000000008e800000| Untracked 
| 233|0x000000008e900000, 0x000000008e900000, 0x000000008ea00000|  0%| F|  |TAMS 0x000000008e900000, 0x000000008e900000| Untracked 
| 234|0x000000008ea00000, 0x000000008ea00000, 0x000000008eb00000|  0%| F|  |TAMS 0x000000008ea00000, 0x000000008ea00000| Untracked 
| 235|0x000000008eb00000, 0x000000008eb00000, 0x000000008ec00000|  0%| F|  |TAMS 0x000000008eb00000, 0x000000008eb00000| Untracked 
| 236|0x000000008ec00000, 0x000000008ec00000, 0x000000008ed00000|  0%| F|  |TAMS 0x000000008ec00000, 0x000000008ec00000| Untracked 
| 237|0x000000008ed00000, 0x000000008ed00000, 0x000000008ee00000|  0%| F|  |TAMS 0x000000008ed00000, 0x000000008ed00000| Untracked 
| 238|0x000000008ee00000, 0x000000008ee00000, 0x000000008ef00000|  0%| F|  |TAMS 0x000000008ee00000, 0x000000008ee00000| Untracked 
| 239|0x000000008ef00000, 0x000000008ef00000, 0x000000008f000000|  0%| F|  |TAMS 0x000000008ef00000, 0x000000008ef00000| Untracked 
| 240|0x000000008f000000, 0x000000008f000000, 0x000000008f100000|  0%| F|  |TAMS 0x000000008f000000, 0x000000008f000000| Untracked 
| 241|0x000000008f100000, 0x000000008f100000, 0x000000008f200000|  0%| F|  |TAMS 0x000000008f100000, 0x000000008f100000| Untracked 
| 242|0x000000008f200000, 0x000000008f200000, 0x000000008f300000|  0%| F|  |TAMS 0x000000008f200000, 0x000000008f200000| Untracked 
| 243|0x000000008f300000, 0x000000008f300000, 0x000000008f400000|  0%| F|  |TAMS 0x000000008f300000, 0x000000008f300000| Untracked 
| 244|0x000000008f400000, 0x000000008f400000, 0x000000008f500000|  0%| F|  |TAMS 0x000000008f400000, 0x000000008f400000| Untracked 
| 245|0x000000008f500000, 0x000000008f500000, 0x000000008f600000|  0%| F|  |TAMS 0x000000008f500000, 0x000000008f500000| Untracked 
| 246|0x000000008f600000, 0x000000008f600000, 0x000000008f700000|  0%| F|  |TAMS 0x000000008f600000, 0x000000008f600000| Untracked 
| 247|0x000000008f700000, 0x000000008f700000, 0x000000008f800000|  0%| F|  |TAMS 0x000000008f700000, 0x000000008f700000| Untracked 
| 248|0x000000008f800000, 0x000000008f800000, 0x000000008f900000|  0%| F|  |TAMS 0x000000008f800000, 0x000000008f800000| Untracked 
| 249|0x000000008f900000, 0x000000008f900000, 0x000000008fa00000|  0%| F|  |TAMS 0x000000008f900000, 0x000000008f900000| Untracked 
| 250|0x000000008fa00000, 0x000000008fa00000, 0x000000008fb00000|  0%| F|  |TAMS 0x000000008fa00000, 0x000000008fa00000| Untracked 
| 251|0x000000008fb00000, 0x000000008fb00000, 0x000000008fc00000|  0%| F|  |TAMS 0x000000008fb00000, 0x000000008fb00000| Untracked 
| 252|0x000000008fc00000, 0x000000008fc00000, 0x000000008fd00000|  0%| F|  |TAMS 0x000000008fc00000, 0x000000008fc00000| Untracked 
| 253|0x000000008fd00000, 0x000000008fd00000, 0x000000008fe00000|  0%| F|  |TAMS 0x000000008fd00000, 0x000000008fd00000| Untracked 
| 254|0x000000008fe00000, 0x000000008fe00000, 0x000000008ff00000|  0%| F|  |TAMS 0x000000008fe00000, 0x000000008fe00000| Untracked 
| 255|0x000000008ff00000, 0x000000008ff00000, 0x0000000090000000|  0%| F|  |TAMS 0x000000008ff00000, 0x000000008ff00000| Untracked 
| 256|0x0000000090000000, 0x0000000090000000, 0x0000000090100000|  0%| F|  |TAMS 0x0000000090000000, 0x0000000090000000| Untracked 
| 257|0x0000000090100000, 0x0000000090100000, 0x0000000090200000|  0%| F|  |TAMS 0x0000000090100000, 0x0000000090100000| Untracked 
| 258|0x0000000090200000, 0x0000000090200000, 0x0000000090300000|  0%| F|  |TAMS 0x0000000090200000, 0x0000000090200000| Untracked 
| 259|0x0000000090300000, 0x0000000090300000, 0x0000000090400000|  0%| F|  |TAMS 0x0000000090300000, 0x0000000090300000| Untracked 
| 260|0x0000000090400000, 0x0000000090400000, 0x0000000090500000|  0%| F|  |TAMS 0x0000000090400000, 0x0000000090400000| Untracked 
| 261|0x0000000090500000, 0x0000000090500000, 0x0000000090600000|  0%| F|  |TAMS 0x0000000090500000, 0x0000000090500000| Untracked 
| 262|0x0000000090600000, 0x0000000090600000, 0x0000000090700000|  0%| F|  |TAMS 0x0000000090600000, 0x0000000090600000| Untracked 
| 263|0x0000000090700000, 0x0000000090700000, 0x0000000090800000|  0%| F|  |TAMS 0x0000000090700000, 0x0000000090700000| Untracked 
| 264|0x0000000090800000, 0x0000000090800000, 0x0000000090900000|  0%| F|  |TAMS 0x0000000090800000, 0x0000000090800000| Untracked 
| 265|0x0000000090900000, 0x0000000090900000, 0x0000000090a00000|  0%| F|  |TAMS 0x0000000090900000, 0x0000000090900000| Untracked 
| 266|0x0000000090a00000, 0x0000000090a00000, 0x0000000090b00000|  0%| F|  |TAMS 0x0000000090a00000, 0x0000000090a00000| Untracked 
| 267|0x0000000090b00000, 0x0000000090b00000, 0x0000000090c00000|  0%| F|  |TAMS 0x0000000090b00000, 0x0000000090b00000| Untracked 
| 268|0x0000000090c00000, 0x0000000090c00000, 0x0000000090d00000|  0%| F|  |TAMS 0x0000000090c00000, 0x0000000090c00000| Untracked 
| 269|0x0000000090d00000, 0x0000000090d00000, 0x0000000090e00000|  0%| F|  |TAMS 0x0000000090d00000, 0x0000000090d00000| Untracked 
| 270|0x0000000090e00000, 0x0000000090e00000, 0x0000000090f00000|  0%| F|  |TAMS 0x0000000090e00000, 0x0000000090e00000| Untracked 
| 271|0x0000000090f00000, 0x0000000090f00000, 0x0000000091000000|  0%| F|  |TAMS 0x0000000090f00000, 0x0000000090f00000| Untracked 
| 272|0x0000000091000000, 0x0000000091000000, 0x0000000091100000|  0%| F|  |TAMS 0x0000000091000000, 0x0000000091000000| Untracked 
| 273|0x0000000091100000, 0x0000000091100000, 0x0000000091200000|  0%| F|  |TAMS 0x0000000091100000, 0x0000000091100000| Untracked 
| 274|0x0000000091200000, 0x0000000091200000, 0x0000000091300000|  0%| F|  |TAMS 0x0000000091200000, 0x0000000091200000| Untracked 
| 275|0x0000000091300000, 0x0000000091300000, 0x0000000091400000|  0%| F|  |TAMS 0x0000000091300000, 0x0000000091300000| Untracked 
| 276|0x0000000091400000, 0x0000000091400000, 0x0000000091500000|  0%| F|  |TAMS 0x0000000091400000, 0x0000000091400000| Untracked 
| 277|0x0000000091500000, 0x0000000091500000, 0x0000000091600000|  0%| F|  |TAMS 0x0000000091500000, 0x0000000091500000| Untracked 
| 278|0x0000000091600000, 0x0000000091600000, 0x0000000091700000|  0%| F|  |TAMS 0x0000000091600000, 0x0000000091600000| Untracked 
| 279|0x0000000091700000, 0x0000000091700000, 0x0000000091800000|  0%| F|  |TAMS 0x0000000091700000, 0x0000000091700000| Untracked 
| 280|0x0000000091800000, 0x0000000091800000, 0x0000000091900000|  0%| F|  |TAMS 0x0000000091800000, 0x0000000091800000| Untracked 
| 281|0x0000000091900000, 0x0000000091900000, 0x0000000091a00000|  0%| F|  |TAMS 0x0000000091900000, 0x0000000091900000| Untracked 
| 282|0x0000000091a00000, 0x0000000091a00000, 0x0000000091b00000|  0%| F|  |TAMS 0x0000000091a00000, 0x0000000091a00000| Untracked 
| 283|0x0000000091b00000, 0x0000000091b00000, 0x0000000091c00000|  0%| F|  |TAMS 0x0000000091b00000, 0x0000000091b00000| Untracked 
| 284|0x0000000091c00000, 0x0000000091c00000, 0x0000000091d00000|  0%| F|  |TAMS 0x0000000091c00000, 0x0000000091c00000| Untracked 
| 285|0x0000000091d00000, 0x0000000091d00000, 0x0000000091e00000|  0%| F|  |TAMS 0x0000000091d00000, 0x0000000091d00000| Untracked 
| 286|0x0000000091e00000, 0x0000000091e00000, 0x0000000091f00000|  0%| F|  |TAMS 0x0000000091e00000, 0x0000000091e00000| Untracked 
| 287|0x0000000091f00000, 0x0000000091f00000, 0x0000000092000000|  0%| F|  |TAMS 0x0000000091f00000, 0x0000000091f00000| Untracked 
| 288|0x0000000092000000, 0x0000000092000000, 0x0000000092100000|  0%| F|  |TAMS 0x0000000092000000, 0x0000000092000000| Untracked 
| 289|0x0000000092100000, 0x0000000092100000, 0x0000000092200000|  0%| F|  |TAMS 0x0000000092100000, 0x0000000092100000| Untracked 
| 290|0x0000000092200000, 0x0000000092200000, 0x0000000092300000|  0%| F|  |TAMS 0x0000000092200000, 0x0000000092200000| Untracked 
| 291|0x0000000092300000, 0x0000000092300000, 0x0000000092400000|  0%| F|  |TAMS 0x0000000092300000, 0x0000000092300000| Untracked 
| 292|0x0000000092400000, 0x0000000092400000, 0x0000000092500000|  0%| F|  |TAMS 0x0000000092400000, 0x0000000092400000| Untracked 
| 293|0x0000000092500000, 0x0000000092600000, 0x0000000092600000|100%| S|CS|TAMS 0x0000000092500000, 0x0000000092500000| Complete 
| 294|0x0000000092600000, 0x0000000092600000, 0x0000000092700000|  0%| F|  |TAMS 0x0000000092600000, 0x0000000092600000| Untracked 
| 295|0x0000000092700000, 0x0000000092700000, 0x0000000092800000|  0%| F|  |TAMS 0x0000000092700000, 0x0000000092700000| Untracked 
| 296|0x0000000092800000, 0x0000000092800000, 0x0000000092900000|  0%| F|  |TAMS 0x0000000092800000, 0x0000000092800000| Untracked 
| 297|0x0000000092900000, 0x0000000092900000, 0x0000000092a00000|  0%| F|  |TAMS 0x0000000092900000, 0x0000000092900000| Untracked 
| 298|0x0000000092a00000, 0x0000000092a00000, 0x0000000092b00000|  0%| F|  |TAMS 0x0000000092a00000, 0x0000000092a00000| Untracked 
| 299|0x0000000092b00000, 0x0000000092b00000, 0x0000000092c00000|  0%| F|  |TAMS 0x0000000092b00000, 0x0000000092b00000| Untracked 
| 300|0x0000000092c00000, 0x0000000092c00000, 0x0000000092d00000|  0%| F|  |TAMS 0x0000000092c00000, 0x0000000092c00000| Untracked 
| 301|0x0000000092d00000, 0x0000000092d00000, 0x0000000092e00000|  0%| F|  |TAMS 0x0000000092d00000, 0x0000000092d00000| Untracked 
| 302|0x0000000092e00000, 0x0000000092e00000, 0x0000000092f00000|  0%| F|  |TAMS 0x0000000092e00000, 0x0000000092e00000| Untracked 
| 303|0x0000000092f00000, 0x0000000092f00000, 0x0000000093000000|  0%| F|  |TAMS 0x0000000092f00000, 0x0000000092f00000| Untracked 
| 304|0x0000000093000000, 0x0000000093000000, 0x0000000093100000|  0%| F|  |TAMS 0x0000000093000000, 0x0000000093000000| Untracked 
| 305|0x0000000093100000, 0x0000000093100000, 0x0000000093200000|  0%| F|  |TAMS 0x0000000093100000, 0x0000000093100000| Untracked 
| 306|0x0000000093200000, 0x0000000093200000, 0x0000000093300000|  0%| F|  |TAMS 0x0000000093200000, 0x0000000093200000| Untracked 
| 307|0x0000000093300000, 0x0000000093300000, 0x0000000093400000|  0%| F|  |TAMS 0x0000000093300000, 0x0000000093300000| Untracked 
| 308|0x0000000093400000, 0x0000000093400000, 0x0000000093500000|  0%| F|  |TAMS 0x0000000093400000, 0x0000000093400000| Untracked 

Card table byte_map: [0x0000026dcd040000,0x0000026dcd440000] _byte_map_base: 0x0000026dccc40000

Marking Bits (Prev, Next): (CMBitMap*) 0x0000026dba7c8710, (CMBitMap*) 0x0000026dba7c8750
 Prev Bits: [0x0000026dcd840000, 0x0000026dcf840000)
 Next Bits: [0x0000026dcf840000, 0x0000026dd1840000)

Polling page: 0x0000026db8530000

Metaspace:

Usage:
  Non-class:    114.28 MB used.
      Class:     17.29 MB used.
       Both:    131.57 MB used.

Virtual space:
  Non-class space:      120.00 MB reserved,     114.94 MB ( 96%) committed,  15 nodes.
      Class space:        1.00 GB reserved,      17.88 MB (  2%) committed,  1 nodes.
             Both:        1.12 GB reserved,     132.81 MB ( 12%) committed. 

Chunk freelists:
   Non-Class:  1.01 MB
       Class:  2.18 MB
        Both:  3.19 MB

MaxMetaspaceSize: unlimited
CompressedClassSpaceSize: 1.00 GB
Initial GC threshold: 21.00 MB
Current GC threshold: 220.94 MB
CDS: off
MetaspaceReclaimPolicy: balanced
 - commit_granule_bytes: 65536.
 - commit_granule_words: 8192.
 - virtual_space_node_default_size: 1048576.
 - enlarge_chunks_in_place: 1.
 - new_chunks_are_fully_committed: 0.
 - uncommit_free_chunks: 1.
 - use_allocation_guard: 0.
 - handle_deallocations: 1.


Internal statistics:

num_allocs_failed_limit: 6.
num_arena_births: 2364.
num_arena_deaths: 82.
num_vsnodes_births: 16.
num_vsnodes_deaths: 0.
num_space_committed: 2124.
num_space_uncommitted: 0.
num_chunks_returned_to_freelist: 97.
num_chunks_taken_from_freelist: 7736.
num_chunk_merges: 32.
num_chunk_splits: 4910.
num_chunks_enlarged: 2973.
num_purges: 8.
num_inconsistent_stats: 0.

CodeHeap 'non-profiled nmethods': size=120000Kb used=15970Kb max_used=15970Kb free=104030Kb
 bounds [0x0000026dc5710000, 0x0000026dc66b0000, 0x0000026dccc40000]
CodeHeap 'profiled nmethods': size=120000Kb used=41946Kb max_used=43310Kb free=78053Kb
 bounds [0x0000026dbdc40000, 0x0000026dc0690000, 0x0000026dc5170000]
CodeHeap 'non-nmethods': size=5760Kb used=2464Kb max_used=2528Kb free=3295Kb
 bounds [0x0000026dc5170000, 0x0000026dc5400000, 0x0000026dc5710000]
 total_blobs=22602 nmethods=21604 adapters=908
 compilation: enabled
              stopped_count=0, restarted_count=0
 full_count=0

Compilation events (20 events):
Event: 2146.376 Thread 0x0000026dd481a150 26759 % !   3       com.sun.crypto.provider.PKCS12PBECipherCore::derive @ 227 (381 bytes)
Event: 2146.379 Thread 0x0000026dd481a150 nmethod 26759% 0x0000026dbeb35210 code [0x0000026dbeb356a0, 0x0000026dbeb385a8]
Event: 2146.379 Thread 0x0000026dd481a150 26760       3       java.security.MessageDigest::digest (10 bytes)
Event: 2146.379 Thread 0x0000026dd481a150 nmethod 26760 0x0000026dbf63f290 code [0x0000026dbf63f460, 0x0000026dbf63fa98]
Event: 2146.379 Thread 0x0000026dd481a150 26761   !   3       com.sun.crypto.provider.PKCS12PBECipherCore::derive (381 bytes)
Event: 2146.381 Thread 0x0000026dd481a150 nmethod 26761 0x0000026dbf236590 code [0x0000026dbf236a00, 0x0000026dbf239568]
Event: 2146.384 Thread 0x0000026dd481a150 26762       3       sun.security.util.ObjectIdentifier::toString (285 bytes)
Event: 2146.386 Thread 0x0000026dd481a150 nmethod 26762 0x0000026dbf5acc90 code [0x0000026dbf5ad040, 0x0000026dbf5ae4a8]
Event: 2146.410 Thread 0x0000026dd481a150 26763       3       com.android.zipflinger.FreeStore$Zone::<init> (15 bytes)
Event: 2146.410 Thread 0x0000026dd481a150 nmethod 26763 0x0000026dbe0aad90 code [0x0000026dbe0aaf20, 0x0000026dbe0ab0d8]
Event: 2146.419 Thread 0x0000026ddca40a20 26764       4       java.nio.ByteBuffer::put (124 bytes)
Event: 2146.420 Thread 0x0000026dd481a150 26765       3       com.android.zipflinger.LocalFileHeader::fillVirtualEntry (133 bytes)
Event: 2146.421 Thread 0x0000026dd481a150 nmethod 26765 0x0000026dbf660510 code [0x0000026dbf660880, 0x0000026dbf661f88]
Event: 2146.421 Thread 0x0000026dd481a150 26766       3       com.android.zipflinger.ZipWriter::write (14 bytes)
Event: 2146.422 Thread 0x0000026dd481a150 nmethod 26766 0x0000026dbea09410 code [0x0000026dbea095c0, 0x0000026dbea09758]
Event: 2146.422 Thread 0x0000026dd481a150 26767   !   3       sun.nio.ch.FileChannelImpl::write (106 bytes)
Event: 2146.423 Thread 0x0000026dd481a150 nmethod 26767 0x0000026dbe67e410 code [0x0000026dbe67e660, 0x0000026dbe67ef58]
Event: 2146.423 Thread 0x0000026dd481a150 26768   !   3       sun.nio.ch.FileChannelImpl::writeInternal (253 bytes)
Event: 2146.424 Thread 0x0000026dd481a150 nmethod 26768 0x0000026dbe542390 code [0x0000026dbe542620, 0x0000026dbe543188]
Event: 2146.426 Thread 0x0000026ddca40a20 nmethod 26764 0x0000026dc66a7610 code [0x0000026dc66a77e0, 0x0000026dc66a7f38]

GC Heap History (20 events):
Event: 1826.252 GC heap after
{Heap after GC invocations=83 (full 0):
 garbage-first heap   total 316416K, used 112577K [0x0000000080000000, 0x0000000100000000)
  region size 1024K, 2 young (2048K), 2 survivors (2048K)
 Metaspace       used 133314K, committed 134464K, reserved 1171456K
  class space    used 17590K, committed 18112K, reserved 1048576K
}
Event: 1826.863 GC heap before
{Heap before GC invocations=83 (full 0):
 garbage-first heap   total 316416K, used 133057K [0x0000000080000000, 0x0000000100000000)
  region size 1024K, 23 young (23552K), 2 survivors (2048K)
 Metaspace       used 133533K, committed 134720K, reserved 1171456K
  class space    used 17639K, committed 18176K, reserved 1048576K
}
Event: 1826.886 GC heap after
{Heap after GC invocations=84 (full 0):
 garbage-first heap   total 316416K, used 115850K [0x0000000080000000, 0x0000000100000000)
  region size 1024K, 6 young (6144K), 6 survivors (6144K)
 Metaspace       used 133533K, committed 134720K, reserved 1171456K
  class space    used 17639K, committed 18176K, reserved 1048576K
}
Event: 1938.095 GC heap before
{Heap before GC invocations=85 (full 0):
 garbage-first heap   total 316416K, used 268426K [0x0000000080000000, 0x0000000100000000)
  region size 1024K, 137 young (140288K), 6 survivors (6144K)
 Metaspace       used 134070K, committed 135360K, reserved 1171456K
  class space    used 17719K, committed 18304K, reserved 1048576K
}
Event: 1938.160 GC heap after
{Heap after GC invocations=86 (full 0):
 garbage-first heap   total 316416K, used 123539K [0x0000000080000000, 0x0000000100000000)
  region size 1024K, 11 young (11264K), 11 survivors (11264K)
 Metaspace       used 134070K, committed 135360K, reserved 1171456K
  class space    used 17719K, committed 18304K, reserved 1048576K
}
Event: 1938.322 GC heap before
{Heap before GC invocations=86 (full 0):
 garbage-first heap   total 316416K, used 126611K [0x0000000080000000, 0x0000000100000000)
  region size 1024K, 15 young (15360K), 11 survivors (11264K)
 Metaspace       used 134074K, committed 135360K, reserved 1171456K
  class space    used 17719K, committed 18304K, reserved 1048576K
}
Event: 1938.382 GC heap after
{Heap after GC invocations=87 (full 0):
 garbage-first heap   total 316416K, used 115381K [0x0000000080000000, 0x0000000100000000)
  region size 1024K, 2 young (2048K), 2 survivors (2048K)
 Metaspace       used 134074K, committed 135360K, reserved 1171456K
  class space    used 17719K, committed 18304K, reserved 1048576K
}
Event: 1938.479 GC heap before
{Heap before GC invocations=87 (full 0):
 garbage-first heap   total 316416K, used 118453K [0x0000000080000000, 0x0000000100000000)
  region size 1024K, 6 young (6144K), 2 survivors (2048K)
 Metaspace       used 134089K, committed 135360K, reserved 1171456K
  class space    used 17719K, committed 18304K, reserved 1048576K
}
Event: 1938.492 GC heap after
{Heap after GC invocations=88 (full 0):
 garbage-first heap   total 316416K, used 116085K [0x0000000080000000, 0x0000000100000000)
  region size 1024K, 3 young (3072K), 3 survivors (3072K)
 Metaspace       used 134089K, committed 135360K, reserved 1171456K
  class space    used 17719K, committed 18304K, reserved 1048576K
}
Event: 2020.834 GC heap before
{Heap before GC invocations=89 (full 0):
 garbage-first heap   total 316416K, used 273781K [0x0000000080000000, 0x0000000100000000)
  region size 1024K, 137 young (140288K), 3 survivors (3072K)
 Metaspace       used 134310K, committed 135616K, reserved 1171456K
  class space    used 17708K, committed 18304K, reserved 1048576K
}
Event: 2020.909 GC heap after
{Heap after GC invocations=90 (full 0):
 garbage-first heap   total 316416K, used 130685K [0x0000000080000000, 0x0000000100000000)
  region size 1024K, 13 young (13312K), 13 survivors (13312K)
 Metaspace       used 134310K, committed 135616K, reserved 1171456K
  class space    used 17708K, committed 18304K, reserved 1048576K
}
Event: 2020.950 GC heap before
{Heap before GC invocations=90 (full 0):
 garbage-first heap   total 316416K, used 132733K [0x0000000080000000, 0x0000000100000000)
  region size 1024K, 15 young (15360K), 13 survivors (13312K)
 Metaspace       used 134334K, committed 135616K, reserved 1171456K
  class space    used 17708K, committed 18304K, reserved 1048576K
}
Event: 2021.002 GC heap after
{Heap after GC invocations=91 (full 0):
 garbage-first heap   total 316416K, used 121818K [0x0000000080000000, 0x0000000100000000)
  region size 1024K, 1 young (1024K), 1 survivors (1024K)
 Metaspace       used 134334K, committed 135616K, reserved 1171456K
  class space    used 17708K, committed 18304K, reserved 1048576K
}
Event: 2021.926 GC heap before
{Heap before GC invocations=91 (full 0):
 garbage-first heap   total 316416K, used 167898K [0x0000000080000000, 0x0000000100000000)
  region size 1024K, 48 young (49152K), 1 survivors (1024K)
 Metaspace       used 134468K, committed 135744K, reserved 1171456K
  class space    used 17710K, committed 18304K, reserved 1048576K
}
Event: 2021.946 GC heap after
{Heap after GC invocations=92 (full 0):
 garbage-first heap   total 316416K, used 127608K [0x0000000080000000, 0x0000000100000000)
  region size 1024K, 7 young (7168K), 7 survivors (7168K)
 Metaspace       used 134468K, committed 135744K, reserved 1171456K
  class space    used 17710K, committed 18304K, reserved 1048576K
}
Event: 2145.563 GC heap before
{Heap before GC invocations=93 (full 0):
 garbage-first heap   total 316416K, used 264824K [0x0000000080000000, 0x0000000100000000)
  region size 1024K, 124 young (126976K), 7 survivors (7168K)
 Metaspace       used 134647K, committed 135872K, reserved 1171456K
  class space    used 17703K, committed 18304K, reserved 1048576K
}
Event: 2145.625 GC heap after
{Heap after GC invocations=94 (full 0):
 garbage-first heap   total 316416K, used 136154K [0x0000000080000000, 0x0000000100000000)
  region size 1024K, 14 young (14336K), 14 survivors (14336K)
 Metaspace       used 134647K, committed 135872K, reserved 1171456K
  class space    used 17703K, committed 18304K, reserved 1048576K
}
Event: 2145.650 GC heap before
{Heap before GC invocations=94 (full 0):
 garbage-first heap   total 316416K, used 137178K [0x0000000080000000, 0x0000000100000000)
  region size 1024K, 15 young (15360K), 14 survivors (14336K)
 Metaspace       used 134648K, committed 135872K, reserved 1171456K
  class space    used 17703K, committed 18304K, reserved 1048576K
}
Event: 2145.785 GC heap after
{Heap after GC invocations=95 (full 0):
 garbage-first heap   total 316416K, used 117231K [0x0000000080000000, 0x0000000100000000)
  region size 1024K, 2 young (2048K), 2 survivors (2048K)
 Metaspace       used 134648K, committed 135872K, reserved 1171456K
  class space    used 17703K, committed 18304K, reserved 1048576K
}
Event: 2146.434 GC heap before
{Heap before GC invocations=95 (full 0):
 garbage-first heap   total 316416K, used 128495K [0x0000000080000000, 0x0000000100000000)
  region size 1024K, 15 young (15360K), 2 survivors (2048K)
 Metaspace       used 134725K, committed 136000K, reserved 1171456K
  class space    used 17703K, committed 18304K, reserved 1048576K
}

Dll operation events (2 events):
Event: 0.026 Loaded shared library C:\Program Files\Android\Android Studio\jbr\bin\java.dll
Event: 1.533 Loaded shared library C:\Program Files\Android\Android Studio\jbr\bin\verify.dll

Deoptimization events (20 events):
Event: 2145.397 Thread 0x0000026dd7cc0b60 DEOPT PACKING pc=0x0000026dc6624c60 sp=0x000000fbb46fb500
Event: 2145.397 Thread 0x0000026dd7cc0b60 DEOPT UNPACKING pc=0x0000026dc51ca1a3 sp=0x000000fbb46fb498 mode 2
Event: 2145.397 Thread 0x0000026dd7cc0b60 Uncommon trap: trap_request=0xffffffd6 fr.pc=0x0000026dc6624c60 relative=0x0000000000000440
Event: 2145.397 Thread 0x0000026dd7cc0b60 Uncommon trap: reason=array_check action=maybe_recompile pc=0x0000026dc6624c60 method=java.util.HashMap.keysToArray([Ljava/lang/Object;)[Ljava/lang/Object; @ 62 c2
Event: 2145.397 Thread 0x0000026dd7cc0b60 DEOPT PACKING pc=0x0000026dc6624c60 sp=0x000000fbb46fb500
Event: 2145.397 Thread 0x0000026dd7cc0b60 DEOPT UNPACKING pc=0x0000026dc51ca1a3 sp=0x000000fbb46fb498 mode 2
Event: 2145.397 Thread 0x0000026dd7cc0b60 Uncommon trap: trap_request=0xffffffbe fr.pc=0x0000026dc6613500 relative=0x0000000000000460
Event: 2145.397 Thread 0x0000026dd7cc0b60 Uncommon trap: reason=profile_predicate action=maybe_recompile pc=0x0000026dc6613500 method=java.util.HashMap.keysToArray([Ljava/lang/Object;)[Ljava/lang/Object; @ 46 c2
Event: 2145.397 Thread 0x0000026dd7cc0b60 DEOPT PACKING pc=0x0000026dc6613500 sp=0x000000fbb46faf20
Event: 2145.397 Thread 0x0000026dd7cc0b60 DEOPT UNPACKING pc=0x0000026dc51ca1a3 sp=0x000000fbb46faed0 mode 2
Event: 2145.463 Thread 0x0000026ddccfef50 Uncommon trap: trap_request=0xffffff76 fr.pc=0x0000026dc65ed064 relative=0x00000000000001c4
Event: 2145.463 Thread 0x0000026ddccfef50 Uncommon trap: reason=predicate action=maybe_recompile pc=0x0000026dc65ed064 method=java.util.Arrays.fill([Ljava/lang/Object;IILjava/lang/Object;)V @ 13 c2
Event: 2145.463 Thread 0x0000026ddccfef50 DEOPT PACKING pc=0x0000026dc65ed064 sp=0x000000fbb48fb500
Event: 2145.463 Thread 0x0000026ddccfef50 DEOPT UNPACKING pc=0x0000026dc51ca1a3 sp=0x000000fbb48fb4d0 mode 2
Event: 2146.087 Thread 0x0000026ddc945f10 DEOPT PACKING pc=0x0000026dc00eaba5 sp=0x000000fbb56fd660
Event: 2146.087 Thread 0x0000026ddc945f10 DEOPT UNPACKING pc=0x0000026dc51cace3 sp=0x000000fbb56fcc00 mode 0
Event: 2146.290 Thread 0x0000026ddccfef50 Uncommon trap: trap_request=0xfffffff4 fr.pc=0x0000026dc666cf6c relative=0x000000000000056c
Event: 2146.290 Thread 0x0000026ddccfef50 Uncommon trap: reason=null_check action=make_not_entrant pc=0x0000026dc666cf6c method=org.gradle.internal.properties.bean.AbstractNestedRuntimeBeanNode$BeanPropertyValue.isConfigurable()Z @ 9 c2
Event: 2146.290 Thread 0x0000026ddccfef50 DEOPT PACKING pc=0x0000026dc666cf6c sp=0x000000fbb48fe7a0
Event: 2146.290 Thread 0x0000026ddccfef50 DEOPT UNPACKING pc=0x0000026dc51ca1a3 sp=0x000000fbb48fe6f8 mode 2

Classes unloaded (20 events):
Event: 1939.158 Thread 0x0000026dd3d0ba50 Unloading class 0x00000001001bd800 'java/lang/invoke/LambdaForm$MH+0x00000001001bd800'
Event: 1939.158 Thread 0x0000026dd3d0ba50 Unloading class 0x00000001001bd400 'java/lang/invoke/LambdaForm$MH+0x00000001001bd400'
Event: 1939.158 Thread 0x0000026dd3d0ba50 Unloading class 0x00000001001bd000 'java/lang/invoke/LambdaForm$MH+0x00000001001bd000'
Event: 1939.158 Thread 0x0000026dd3d0ba50 Unloading class 0x00000001001bcc00 'java/lang/invoke/LambdaForm$MH+0x00000001001bcc00'
Event: 1939.158 Thread 0x0000026dd3d0ba50 Unloading class 0x00000001000a6c00 'java/lang/invoke/LambdaForm$MH+0x00000001000a6c00'
Event: 1939.158 Thread 0x0000026dd3d0ba50 Unloading class 0x00000001000a6800 'java/lang/invoke/LambdaForm$MH+0x00000001000a6800'
Event: 1939.158 Thread 0x0000026dd3d0ba50 Unloading class 0x00000001000a4400 'java/lang/invoke/LambdaForm$MH+0x00000001000a4400'
Event: 2022.625 Thread 0x0000026dd3d0ba50 Unloading class 0x000000010081a400 'jdk/internal/reflect/GeneratedConstructorAccessor20'
Event: 2022.625 Thread 0x0000026dd3d0ba50 Unloading class 0x00000001006b2c00 'java/lang/invoke/LambdaForm$MH+0x00000001006b2c00'
Event: 2022.625 Thread 0x0000026dd3d0ba50 Unloading class 0x00000001006b2800 'java/lang/invoke/LambdaForm$MH+0x00000001006b2800'
Event: 2022.625 Thread 0x0000026dd3d0ba50 Unloading class 0x00000001006b2400 'java/lang/invoke/LambdaForm$MH+0x00000001006b2400'
Event: 2022.625 Thread 0x0000026dd3d0ba50 Unloading class 0x00000001005bb400 'java/lang/invoke/LambdaForm$MH+0x00000001005bb400'
Event: 2022.625 Thread 0x0000026dd3d0ba50 Unloading class 0x00000001005bb000 'java/lang/invoke/LambdaForm$MH+0x00000001005bb000'
Event: 2022.626 Thread 0x0000026dd3d0ba50 Unloading class 0x00000001005bac00 'java/lang/invoke/LambdaForm$MH+0x00000001005bac00'
Event: 2022.626 Thread 0x0000026dd3d0ba50 Unloading class 0x00000001005ba800 'java/lang/invoke/LambdaForm$MH+0x00000001005ba800'
Event: 2022.626 Thread 0x0000026dd3d0ba50 Unloading class 0x00000001005ba400 'java/lang/invoke/LambdaForm$MH+0x00000001005ba400'
Event: 2022.626 Thread 0x0000026dd3d0ba50 Unloading class 0x00000001005ba000 'java/lang/invoke/LambdaForm$MH+0x00000001005ba000'
Event: 2022.626 Thread 0x0000026dd3d0ba50 Unloading class 0x00000001005b9c00 'java/lang/invoke/LambdaForm$MH+0x00000001005b9c00'
Event: 2022.626 Thread 0x0000026dd3d0ba50 Unloading class 0x00000001004f8c00 'java/lang/invoke/LambdaForm$MH+0x00000001004f8c00'
Event: 2022.626 Thread 0x0000026dd3d0ba50 Unloading class 0x00000001001bc800 'java/lang/invoke/LambdaForm$MH+0x00000001001bc800'

Classes redefined (0 events):
No events

Internal exceptions (20 events):
Event: 2145.339 Thread 0x0000026dd7cc0b60 Exception <a 'sun/nio/fs/WindowsException'{0x000000008c27a2b0}> (0x000000008c27a2b0) 
thrown [s\src\hotspot\share\prims\jni.cpp, line 517]
Event: 2145.339 Thread 0x0000026dd7cc0b60 Exception <a 'sun/nio/fs/WindowsException'{0x000000008c27bba8}> (0x000000008c27bba8) 
thrown [s\src\hotspot\share\prims\jni.cpp, line 517]
Event: 2145.340 Thread 0x0000026dd7cc0b60 Exception <a 'sun/nio/fs/WindowsException'{0x000000008c27d4a8}> (0x000000008c27d4a8) 
thrown [s\src\hotspot\share\prims\jni.cpp, line 517]
Event: 2145.340 Thread 0x0000026dd7cc0b60 Exception <a 'sun/nio/fs/WindowsException'{0x000000008c27eda8}> (0x000000008c27eda8) 
thrown [s\src\hotspot\share\prims\jni.cpp, line 517]
Event: 2145.341 Thread 0x0000026dd7cc0b60 Exception <a 'sun/nio/fs/WindowsException'{0x000000008c280690}> (0x000000008c280690) 
thrown [s\src\hotspot\share\prims\jni.cpp, line 517]
Event: 2145.385 Thread 0x0000026dd7cc0b60 Exception <a 'sun/nio/fs/WindowsException'{0x000000008bf559a0}> (0x000000008bf559a0) 
thrown [s\src\hotspot\share\prims\jni.cpp, line 517]
Event: 2145.396 Thread 0x0000026dd7cc0b60 Exception <a 'sun/nio/fs/WindowsException'{0x000000008bffced8}> (0x000000008bffced8) 
thrown [s\src\hotspot\share\prims\jni.cpp, line 517]
Event: 2145.513 Thread 0x0000026dd61dec70 Exception <a 'sun/nio/fs/WindowsException'{0x000000008b944620}> (0x000000008b944620) 
thrown [s\src\hotspot\share\prims\jni.cpp, line 517]
Event: 2145.640 Thread 0x0000026dd61dbc50 Exception <a 'sun/nio/fs/WindowsException'{0x00000000934bb608}> (0x00000000934bb608) 
thrown [s\src\hotspot\share\prims\jni.cpp, line 517]
Event: 2145.895 Thread 0x0000026dd61dbc50 Exception <a 'sun/nio/fs/WindowsException'{0x00000000930d4b30}> (0x00000000930d4b30) 
thrown [s\src\hotspot\share\prims\jni.cpp, line 517]
Event: 2145.895 Thread 0x0000026dd61dec70 Exception <a 'sun/nio/fs/WindowsException'{0x000000009300dc98}> (0x000000009300dc98) 
thrown [s\src\hotspot\share\prims\jni.cpp, line 517]
Event: 2145.899 Thread 0x0000026dd61dec70 Exception <a 'sun/nio/fs/WindowsException'{0x00000000930138b8}> (0x00000000930138b8) 
thrown [s\src\hotspot\share\prims\jni.cpp, line 517]
Event: 2145.902 Thread 0x0000026dd61dbc50 Exception <a 'sun/nio/fs/WindowsException'{0x00000000930dbf90}> (0x00000000930dbf90) 
thrown [s\src\hotspot\share\prims\jni.cpp, line 517]
Event: 2145.953 Thread 0x0000026ddccff8f0 Exception <a 'sun/nio/fs/WindowsException'{0x0000000092ed6f40}> (0x0000000092ed6f40) 
thrown [s\src\hotspot\share\prims\jni.cpp, line 517]
Event: 2145.959 Thread 0x0000026ddccff8f0 Exception <a 'sun/nio/fs/WindowsException'{0x0000000092dd8678}> (0x0000000092dd8678) 
thrown [s\src\hotspot\share\prims\jni.cpp, line 517]
Event: 2146.000 Thread 0x0000026dd61dde00 Exception <a 'sun/nio/fs/WindowsException'{0x0000000092dc6550}> (0x0000000092dc6550) 
thrown [s\src\hotspot\share\prims\jni.cpp, line 517]
Event: 2146.000 Thread 0x0000026dd61dde00 Exception <a 'sun/nio/fs/WindowsException'{0x0000000092dc6880}> (0x0000000092dc6880) 
thrown [s\src\hotspot\share\prims\jni.cpp, line 517]
Event: 2146.024 Thread 0x0000026ddc945f10 Exception <a 'sun/nio/fs/WindowsException'{0x0000000092ebdf88}> (0x0000000092ebdf88) 
thrown [s\src\hotspot\share\prims\jni.cpp, line 517]
Event: 2146.241 Thread 0x0000026ddc945f10 Exception <a 'sun/nio/fs/WindowsException'{0x0000000092a77cb8}> (0x0000000092a77cb8) 
thrown [s\src\hotspot\share\prims\jni.cpp, line 517]
Event: 2146.290 Thread 0x0000026ddccfef50 Implicit null exception at 0x0000026dc666ca38 to 0x0000026dc666cf58

VM Operations (20 events):
Event: 2023.553 Executing VM operation: G1Concurrent done
Event: 2066.884 Executing VM operation: Cleanup
Event: 2066.884 Executing VM operation: Cleanup done
Event: 2143.528 Executing VM operation: Cleanup
Event: 2143.529 Executing VM operation: Cleanup done
Event: 2144.536 Executing VM operation: Cleanup
Event: 2144.537 Executing VM operation: Cleanup done
Event: 2145.382 Executing VM operation: ICBufferFull
Event: 2145.383 Executing VM operation: ICBufferFull done
Event: 2145.463 Executing VM operation: HandshakeAllThreads
Event: 2145.466 Executing VM operation: HandshakeAllThreads done
Event: 2145.554 Executing VM operation: G1CollectForAllocation
Event: 2145.626 Executing VM operation: G1CollectForAllocation done
Event: 2145.649 Executing VM operation: G1CollectForAllocation
Event: 2145.786 Executing VM operation: G1CollectForAllocation done
Event: 2146.019 Executing VM operation: HandshakeAllThreads
Event: 2146.019 Executing VM operation: HandshakeAllThreads done
Event: 2146.020 Executing VM operation: ICBufferFull
Event: 2146.020 Executing VM operation: ICBufferFull done
Event: 2146.433 Executing VM operation: G1TryInitiateConcMark

Events (20 events):
Event: 2146.062 Thread 0x0000026dd48736a0 flushing nmethod 0x0000026dbf8dd110
Event: 2146.062 Thread 0x0000026dd48736a0 flushing nmethod 0x0000026dbf8dd790
Event: 2146.062 Thread 0x0000026dd48736a0 flushing nmethod 0x0000026dbf8de610
Event: 2146.062 Thread 0x0000026dd48736a0 flushing nmethod 0x0000026dbf8ed890
Event: 2146.063 Thread 0x0000026dd48736a0 flushing nmethod 0x0000026dbf9ef590
Event: 2146.064 Thread 0x0000026dd48736a0 flushing nmethod 0x0000026dbfb4a390
Event: 2146.064 Thread 0x0000026dd48736a0 flushing nmethod 0x0000026dbfb51c90
Event: 2146.065 Thread 0x0000026dd48736a0 flushing nmethod 0x0000026dbfc46190
Event: 2146.066 Thread 0x0000026dd48736a0 flushing nmethod 0x0000026dbfd53910
Event: 2146.066 Thread 0x0000026dd48736a0 flushing nmethod 0x0000026dbfd58e90
Event: 2146.066 Thread 0x0000026dd48736a0 flushing nmethod 0x0000026dbfd94a90
Event: 2146.067 Thread 0x0000026dd48736a0 flushing nmethod 0x0000026dbfe16b90
Event: 2146.067 Thread 0x0000026dd48736a0 flushing nmethod 0x0000026dbfe47090
Event: 2146.067 Thread 0x0000026dd48736a0 flushing nmethod 0x0000026dbfe63d90
Event: 2146.067 Thread 0x0000026dd48736a0 flushing nmethod 0x0000026dbff3af10
Event: 2146.068 Thread 0x0000026dd48736a0 flushing nmethod 0x0000026dc00aa490
Event: 2146.069 Thread 0x0000026dd48736a0 flushing nmethod 0x0000026dc00cb990
Event: 2146.070 Thread 0x0000026dd48736a0 flushing nmethod 0x0000026dc0225d90
Event: 2146.071 Thread 0x0000026dd48736a0 flushing nmethod 0x0000026dc03bde90
Event: 2146.071 Thread 0x0000026dd48736a0 flushing nmethod 0x0000026dc03dac10


Dynamic libraries:
0x00007ff67d140000 - 0x00007ff67d14a000 	C:\Program Files\Android\Android Studio\jbr\bin\java.exe
0x00007ff8e0b10000 - 0x00007ff8e0d08000 	C:\WINDOWS\SYSTEM32\ntdll.dll
0x00007ff8dec00000 - 0x00007ff8decbd000 	C:\WINDOWS\System32\KERNEL32.DLL
0x00007ff8de400000 - 0x00007ff8de6f6000 	C:\WINDOWS\System32\KERNELBASE.dll
0x00007ff8de250000 - 0x00007ff8de350000 	C:\WINDOWS\System32\ucrtbase.dll
0x00007ff8cb2a0000 - 0x00007ff8cb2b7000 	C:\Program Files\Android\Android Studio\jbr\bin\jli.dll
0x00007ff8df280000 - 0x00007ff8df41e000 	C:\WINDOWS\System32\USER32.dll
0x00007ff8de1f0000 - 0x00007ff8de212000 	C:\WINDOWS\System32\win32u.dll
0x00007ff8e0570000 - 0x00007ff8e059c000 	C:\WINDOWS\System32\GDI32.dll
0x00007ff8de700000 - 0x00007ff8de81a000 	C:\WINDOWS\System32\gdi32full.dll
0x00007ff8de9d0000 - 0x00007ff8dea6d000 	C:\WINDOWS\System32\msvcp_win.dll
0x00007ff8afbb0000 - 0x00007ff8afbcb000 	C:\Program Files\Android\Android Studio\jbr\bin\VCRUNTIME140.dll
0x00007ff8c92a0000 - 0x00007ff8c953a000 	C:\WINDOWS\WinSxS\amd64_microsoft.windows.common-controls_6595b64144ccf1df_6.0.19041.3636_none_60b6a03d71f818d5\COMCTL32.dll
0x00007ff8e0460000 - 0x00007ff8e04fe000 	C:\WINDOWS\System32\msvcrt.dll
0x00007ff8df420000 - 0x00007ff8df450000 	C:\WINDOWS\System32\IMM32.DLL
0x00007ff8bce50000 - 0x00007ff8bce5c000 	C:\Program Files\Android\Android Studio\jbr\bin\vcruntime140_1.dll
0x00007ff880d10000 - 0x00007ff880d9d000 	C:\Program Files\Android\Android Studio\jbr\bin\msvcp140.dll
0x00007ff88d330000 - 0x00007ff88df9e000 	C:\Program Files\Android\Android Studio\jbr\bin\server\jvm.dll
0x00007ff8decc0000 - 0x00007ff8ded6f000 	C:\WINDOWS\System32\ADVAPI32.dll
0x00007ff8e0a30000 - 0x00007ff8e0acc000 	C:\WINDOWS\System32\sechost.dll
0x00007ff8e0880000 - 0x00007ff8e09a6000 	C:\WINDOWS\System32\RPCRT4.dll
0x00007ff8d7050000 - 0x00007ff8d7059000 	C:\WINDOWS\SYSTEM32\WSOCK32.dll
0x00007ff8e07b0000 - 0x00007ff8e081b000 	C:\WINDOWS\System32\WS2_32.dll
0x00007ff8be120000 - 0x00007ff8be147000 	C:\WINDOWS\SYSTEM32\WINMM.dll
0x00007ff8d2d80000 - 0x00007ff8d2d8a000 	C:\WINDOWS\SYSTEM32\VERSION.dll
0x00007ff8dca40000 - 0x00007ff8dca52000 	C:\WINDOWS\SYSTEM32\kernel.appcore.dll
0x00007ff8d6190000 - 0x00007ff8d619a000 	C:\Program Files\Android\Android Studio\jbr\bin\jimage.dll
0x00007ff8dc000000 - 0x00007ff8dc1e4000 	C:\WINDOWS\SYSTEM32\DBGHELP.DLL
0x00007ff8bd060000 - 0x00007ff8bd094000 	C:\WINDOWS\SYSTEM32\dbgcore.DLL
0x00007ff8deae0000 - 0x00007ff8deb62000 	C:\WINDOWS\System32\bcryptPrimitives.dll
0x00007ff8ae3c0000 - 0x00007ff8ae3e5000 	C:\Program Files\Android\Android Studio\jbr\bin\java.dll
0x00007ff8c1df0000 - 0x00007ff8c1e08000 	C:\Program Files\Android\Android Studio\jbr\bin\zip.dll
0x00007ff8df880000 - 0x00007ff8dffc4000 	C:\WINDOWS\System32\SHELL32.dll
0x00007ff8dc290000 - 0x00007ff8dca2b000 	C:\WINDOWS\SYSTEM32\windows.storage.dll
0x00007ff8ded70000 - 0x00007ff8df0c4000 	C:\WINDOWS\System32\combase.dll
0x00007ff8ddbc0000 - 0x00007ff8ddbed000 	C:\WINDOWS\SYSTEM32\Wldp.dll
0x00007ff8df6c0000 - 0x00007ff8df76d000 	C:\WINDOWS\System32\SHCORE.dll
0x00007ff8e0820000 - 0x00007ff8e0875000 	C:\WINDOWS\System32\shlwapi.dll
0x00007ff8de120000 - 0x00007ff8de145000 	C:\WINDOWS\SYSTEM32\profapi.dll
0x00007ff8bd2f0000 - 0x00007ff8bd309000 	C:\Program Files\Android\Android Studio\jbr\bin\net.dll
0x00007ff8d2d90000 - 0x00007ff8d2e9a000 	C:\WINDOWS\SYSTEM32\WINHTTP.dll
0x00007ff8dd8c0000 - 0x00007ff8dd92a000 	C:\WINDOWS\system32\mswsock.dll
0x00007ff8bbe10000 - 0x00007ff8bbe26000 	C:\Program Files\Android\Android Studio\jbr\bin\nio.dll
0x00007ff8d9890000 - 0x00007ff8d98a0000 	C:\Program Files\Android\Android Studio\jbr\bin\verify.dll
0x00007ff8b95a0000 - 0x00007ff8b95c7000 	C:\Users\caot4\.gradle\native\68d5fa5c4cc2d200863cafc0d521ce42e7d3e7ee720ec0a83991735586a16f82\windows-amd64\native-platform.dll
0x00007ff880a40000 - 0x00007ff880b84000 	C:\Users\caot4\.gradle\native\e376f236ea51e6404a007f0833ffe2c6e607c4080706a723a18a27aeea778392\windows-amd64\native-platform-file-events.dll
0x00007ff8d9880000 - 0x00007ff8d9889000 	C:\Program Files\Android\Android Studio\jbr\bin\management.dll
0x00007ff8d9870000 - 0x00007ff8d987b000 	C:\Program Files\Android\Android Studio\jbr\bin\management_ext.dll
0x00007ff8e0500000 - 0x00007ff8e0508000 	C:\WINDOWS\System32\PSAPI.DLL
0x00007ff8ddb10000 - 0x00007ff8ddb28000 	C:\WINDOWS\SYSTEM32\CRYPTSP.dll
0x00007ff8dd1f0000 - 0x00007ff8dd224000 	C:\WINDOWS\system32\rsaenh.dll
0x00007ff8de220000 - 0x00007ff8de247000 	C:\WINDOWS\System32\bcrypt.dll
0x00007ff8de0a0000 - 0x00007ff8de0ce000 	C:\WINDOWS\SYSTEM32\USERENV.dll
0x00007ff8ddb30000 - 0x00007ff8ddb3c000 	C:\WINDOWS\SYSTEM32\CRYPTBASE.dll
0x00007ff8dd5b0000 - 0x00007ff8dd5eb000 	C:\WINDOWS\SYSTEM32\IPHLPAPI.DLL
0x00007ff8e0450000 - 0x00007ff8e0458000 	C:\WINDOWS\System32\NSI.dll
0x00007ff8d42a0000 - 0x00007ff8d42b7000 	C:\WINDOWS\SYSTEM32\dhcpcsvc6.DLL
0x00007ff8d4b90000 - 0x00007ff8d4bad000 	C:\WINDOWS\SYSTEM32\dhcpcsvc.DLL
0x00007ff8dd5f0000 - 0x00007ff8dd6ba000 	C:\WINDOWS\SYSTEM32\DNSAPI.dll
0x00007ff8cf4e0000 - 0x00007ff8cf4e7000 	C:\WINDOWS\system32\wshunix.dll
0x00007ff8dd310000 - 0x00007ff8dd343000 	C:\WINDOWS\SYSTEM32\ntmarta.dll

dbghelp: loaded successfully - version: 4.0.5 - missing functions: none
symbol engine: initialized successfully - sym options: 0x614 - pdb path: .;C:\Program Files\Android\Android Studio\jbr\bin;C:\WINDOWS\SYSTEM32;C:\WINDOWS\WinSxS\amd64_microsoft.windows.common-controls_6595b64144ccf1df_6.0.19041.3636_none_60b6a03d71f818d5;C:\Program Files\Android\Android Studio\jbr\bin\server;C:\Users\caot4\.gradle\native\68d5fa5c4cc2d200863cafc0d521ce42e7d3e7ee720ec0a83991735586a16f82\windows-amd64;C:\Users\caot4\.gradle\native\e376f236ea51e6404a007f0833ffe2c6e607c4080706a723a18a27aeea778392\windows-amd64

VM Arguments:
jvm_args: --add-opens=java.base/java.util=ALL-UNNAMED --add-opens=java.base/java.lang=ALL-UNNAMED --add-opens=java.base/java.lang.invoke=ALL-UNNAMED --add-opens=java.prefs/java.util.prefs=ALL-UNNAMED --add-opens=java.base/java.nio.charset=ALL-UNNAMED --add-opens=java.base/java.net=ALL-UNNAMED --add-opens=java.base/java.util.concurrent.atomic=ALL-UNNAMED -Xmx2048m -Dfile.encoding=UTF-8 -Duser.country=US -Duser.language=en -Duser.variant 
java_command: org.gradle.launcher.daemon.bootstrap.GradleDaemon 8.0
java_class_path (initial): C:\Users\caot4\.gradle\wrapper\dists\gradle-8.0-bin\ca5e32bp14vu59qr306oxotwh\gradle-8.0\lib\gradle-launcher-8.0.jar
Launcher Type: SUN_STANDARD

[Global flags]
     intx CICompilerCount                          = 3                                         {product} {ergonomic}
     uint ConcGCThreads                            = 1                                         {product} {ergonomic}
     uint G1ConcRefinementThreads                  = 4                                         {product} {ergonomic}
   size_t G1HeapRegionSize                         = 1048576                                   {product} {ergonomic}
    uintx GCDrainStackTargetSize                   = 64                                        {product} {ergonomic}
   size_t InitialHeapSize                          = 132120576                                 {product} {ergonomic}
   size_t MarkStackSize                            = 4194304                                   {product} {ergonomic}
   size_t MaxHeapSize                              = 2147483648                                {product} {command line}
   size_t MaxNewSize                               = 1287651328                                {product} {ergonomic}
   size_t MinHeapDeltaBytes                        = 1048576                                   {product} {ergonomic}
   size_t MinHeapSize                              = 8388608                                   {product} {ergonomic}
    uintx NonNMethodCodeHeapSize                   = 5832780                                {pd product} {ergonomic}
    uintx NonProfiledCodeHeapSize                  = 122912730                              {pd product} {ergonomic}
    uintx ProfiledCodeHeapSize                     = 122912730                              {pd product} {ergonomic}
    uintx ReservedCodeCacheSize                    = 251658240                              {pd product} {ergonomic}
     bool SegmentedCodeCache                       = true                                      {product} {ergonomic}
   size_t SoftMaxHeapSize                          = 2147483648                             {manageable} {ergonomic}
     bool UseCompressedClassPointers               = true                           {product lp64_product} {ergonomic}
     bool UseCompressedOops                        = true                           {product lp64_product} {ergonomic}
     bool UseG1GC                                  = true                                      {product} {ergonomic}
     bool UseLargePagesIndividualAllocation        = false                                  {pd product} {ergonomic}

Logging:
Log output configuration:
 #0: stdout all=warning uptime,level,tags
 #1: stderr all=off uptime,level,tags

Environment Variables:
PATH=C:\Program Files\Microsoft MPI\Bin\;C:\Program Files\Microsoft\jdk-11.0.16.101-hotspot\bin;C:\Program Files (x86)\NVIDIA Corporation\PhysX\Common;C:\WINDOWS\system32;C:\WINDOWS;C:\WINDOWS\System32\Wbem;C:\WINDOWS\System32\WindowsPowerShell\v1.0\;C:\WINDOWS\System32\OpenSSH\;C:\Program Files (x86)\dotnet\;C:\Program Files\Git\cmd;C:\Program Files\dotnet\;C:\Program Files\Azure Data Studio\bin;C:\Program Files (x86)\Microsoft SQL Server\160\Tools\Binn\;C:\Program Files\Microsoft SQL Server\160\Tools\Binn\;C:\Program Files\Microsoft SQL Server\Client SDK\ODBC\170\Tools\Binn\;C:\Program Files\Microsoft SQL Server\160\DTS\Binn\;C:\Program Files (x86)\Microsoft SQL Server\160\DTS\Binn\;C:\Program Files\Microsoft SQL Server\150\Tools\Binn\;C:\Program Files\dotnet;C:\Users\caot4\.dotnet\tools;C:\Users\caot4\.dnx\bin;C:\Users\caot4\AppData\Local\Microsoft\WindowsApps;C:\Program Files\Azure Data Studio\bin;C:\Users\caot4\.dotnet\tools;C:\Users\caot4\AppData\Local\Programs\Microsoft VS Code\bin;C:\Users\caot4\AppData\Local\GitHubDesktop\bin;;C:\Program Files\Azure Data Studio\bin
USERNAME=caot4
OS=Windows_NT
PROCESSOR_IDENTIFIER=Intel64 Family 6 Model 126 Stepping 5, GenuineIntel
TMP=C:\Users\caot4\AppData\Local\Temp
TEMP=C:\Users\caot4\AppData\Local\Temp


JNI global refs:
JNI global refs: 26, weak refs: 0

JNI global refs memory usage: 843, weak refs: 841


---------------  S Y S T E M  ---------------

OS:
 Windows 10 , 64 bit Build 19041 (10.0.19041.3636)
OS uptime: 0 days 1:48 hours

CPU: total 4 (initial active 4) (2 cores per cpu, 2 threads per core) family 6 model 126 stepping 5 microcode 0xa0, cx8, cmov, fxsr, ht, mmx, 3dnowpref, sse, sse2, sse3, ssse3, sse4.1, sse4.2, popcnt, lzcnt, tsc, tscinvbit, avx, avx2, aes, erms, clmul, bmi1, bmi2, adx, avx512f, avx512dq, avx512cd, avx512bw, avx512vl, sha, fma, vzeroupper, avx512_vpopcntdq, avx512_vpclmulqdq, avx512_vaes, avx512_vnni, clflush, clflushopt, avx512_vbmi2, avx512_vbmi

Memory: 4k page, system-wide physical 7998M (490M free)
TotalPageFile size 12094M (AvailPageFile size 273M)
current process WorkingSet (physical memory assigned to process): 414M, peak: 446M
current process commit charge ("private bytes"): 683M, peak: 1301M

vm_info: OpenJDK 64-Bit Server VM (17.0.6+0-b2043.56-10027231) for windows-amd64 JRE (17.0.6+0-b2043.56-10027231), built on Apr 28 2023 00:43:19 by "androidbuild" with MS VC++ 16.10 / 16.11 (VS2019)

END.
