#
# There is insufficient memory for the Java Runtime Environment to continue.
# Native memory allocation (malloc) failed to allocate 368176 bytes for Chunk::new
# Possible reasons:
#   The system is out of physical RAM or swap space
#   The process is running with CompressedOops enabled, and the Java Heap may be blocking the growth of the native heap
# Possible solutions:
#   Reduce memory load on the system
#   Increase physical memory or swap space
#   Check if swap backing store is full
#   Decrease Java heap size (-Xmx/-Xms)
#   Decrease number of Java threads
#   Decrease Java thread stack sizes (-Xss)
#   Set larger code cache with -XX:ReservedCodeCacheSize=
#   JVM is running with Unscaled Compressed Oops mode in which the Java heap is
#     placed in the first 4GB address space. The Java Heap base address is the
#     maximum limit for the native heap growth. Please use -XX:HeapBaseMinAddress
#     to set the Java Heap base and to place the Java Heap above 4GB virtual address.
# This output file may be truncated or incomplete.
#
#  Out of Memory Error (arena.cpp:189), pid=2780, tid=6772
#
# JRE version: OpenJDK Runtime Environment (17.0.6) (build 17.0.6+0-b2043.56-10027231)
# Java VM: OpenJDK 64-Bit Server VM (17.0.6+0-b2043.56-10027231, mixed mode, tiered, compressed oops, compressed class ptrs, g1 gc, windows-amd64)
# No core dump will be written. Minidumps are not enabled by default on client versions of Windows
#

---------------  S U M M A R Y ------------

Command Line: --add-opens=java.base/java.util=ALL-UNNAMED --add-opens=java.base/java.lang=ALL-UNNAMED --add-opens=java.base/java.lang.invoke=ALL-UNNAMED --add-opens=java.prefs/java.util.prefs=ALL-UNNAMED --add-opens=java.base/java.nio.charset=ALL-UNNAMED --add-opens=java.base/java.net=ALL-UNNAMED --add-opens=java.base/java.util.concurrent.atomic=ALL-UNNAMED -Xmx2048m -Dfile.encoding=UTF-8 -Duser.country=US -Duser.language=en -Duser.variant org.gradle.launcher.daemon.bootstrap.GradleDaemon 8.0

Host: Intel(R) Core(TM) i3-1005G1 CPU @ 1.20GHz, 4 cores, 7G,  Windows 10 , 64 bit Build 19041 (10.0.19041.3636)
Time: Sat Nov 25 19:08:34 2023 SE Asia Standard Time elapsed time: 28.504301 seconds (0d 0h 0m 28s)

---------------  T H R E A D  ---------------

Current thread (0x000001c8eee8f050):  JavaThread "C2 CompilerThread1" daemon [_thread_in_native, id=6772, stack(0x000000167b100000,0x000000167b200000)]


Current CompileTask:
C2:  28504 13064   !   4       com.sun.tools.javac.code.Types$MembersClosureCache::visitClassType (216 bytes)

Stack: [0x000000167b100000,0x000000167b200000]
Native frames: (J=compiled Java code, j=interpreted, Vv=VM code, C=native code)
V  [jvm.dll+0x683c9a]
V  [jvm.dll+0x8427a4]
V  [jvm.dll+0x843f9e]
V  [jvm.dll+0x844603]
V  [jvm.dll+0x249b75]
V  [jvm.dll+0xabcac]
V  [jvm.dll+0xac27c]
V  [jvm.dll+0x56ba53]
V  [jvm.dll+0x332f60]
V  [jvm.dll+0x3323da]
V  [jvm.dll+0x21c201]
V  [jvm.dll+0x21b621]
V  [jvm.dll+0x1a4fdd]
V  [jvm.dll+0x22b098]
V  [jvm.dll+0x229159]
V  [jvm.dll+0x7f81ec]
V  [jvm.dll+0x7f274a]
V  [jvm.dll+0x682ad5]
C  [ucrtbase.dll+0x21bb2]
C  [KERNEL32.DLL+0x17344]
C  [ntdll.dll+0x526b1]


---------------  P R O C E S S  ---------------

Threads class SMR info:
_java_thread_list=0x000001c8e7965f60, length=89, elements={
0x000001c8cc9ba230, 0x000001c8e5f97260, 0x000001c8e5f98330, 0x000001c8e691b5f0,
0x000001c8e691dbd0, 0x000001c8e69204a0, 0x000001c8e6921500, 0x000001c8e6922700,
0x000001c8e69534a0, 0x000001c8e69b4b60, 0x000001c8e6ab9ed0, 0x000001c8e6abebd0,
0x000001c8e7ff2be0, 0x000001c8e7ff30b0, 0x000001c8e7ff18a0, 0x000001c8e7ff1d70,
0x000001c8e7ff2240, 0x000001c8e7ff2710, 0x000001c8e84b6d60, 0x000001c8e84b2060,
0x000001c8e84b5080, 0x000001c8e84b5ef0, 0x000001c8e84b8570, 0x000001c8e84b2a00,
0x000001c8e84b63c0, 0x000001c8e84b33a0, 0x000001c8e84b8a40, 0x000001c8e84b2ed0,
0x000001c8e84b5550, 0x000001c8e84b2530, 0x000001c8e84b7bd0, 0x000001c8e84b3870,
0x000001c8e84b5a20, 0x000001c8e84b6890, 0x000001c8e84b4bb0, 0x000001c8e84b7230,
0x000001c8e84b3d40, 0x000001c8e84b98b0, 0x000001c8e84b46e0, 0x000001c8e84b80a0,
0x000001c8ec815d20, 0x000001c8ec813b70, 0x000001c8ec815380, 0x000001c8ec814eb0,
0x000001c8ec8166c0, 0x000001c8ec815850, 0x000001c8ec8161f0, 0x000001c8ec814040,
0x000001c8ec817530, 0x000001c8ec816b90, 0x000001c8ec817060, 0x000001c8ec814510,
0x000001c8ec8149e0, 0x000001c8e6d29a30, 0x000001c8e6d2dd90, 0x000001c8e6d2e260,
0x000001c8e6d2ca50, 0x000001c8e6d2a3d0, 0x000001c8e6d2ad70, 0x000001c8e6d29f00,
0x000001c8e6d2a8a0, 0x000001c8e6d2e730, 0x000001c8e6d2ec00, 0x000001c8e6d2b710,
0x000001c8e6d2fa70, 0x000001c8e6d28bc0, 0x000001c8e6d2f0d0, 0x000001c8e6d2f5a0,
0x000001c8e6d2ff40, 0x000001c8e6d2cf20, 0x000001c8e6d2b240, 0x000001c8e6d2bbe0,
0x000001c8e6d30410, 0x000001c8e6d2c0b0, 0x000001c8e6d29090, 0x000001c8e6d29560,
0x000001c8e6d2c580, 0x000001c8e6d2d3f0, 0x000001c8e6d2d8c0, 0x000001c8e95f1360,
0x000001c8e95efb50, 0x000001c8e95f3eb0, 0x000001c8e95f6530, 0x000001c8e95f26a0,
0x000001c8e95f5b90, 0x000001c8e95f0020, 0x000001c8e95f2b70, 0x000001c8e95f4850,
0x000001c8eee8f050
}

Java Threads: ( => current thread )
  0x000001c8cc9ba230 JavaThread "main" [_thread_blocked, id=4336, stack(0x0000001677e00000,0x0000001677f00000)]
  0x000001c8e5f97260 JavaThread "Reference Handler" daemon [_thread_blocked, id=8316, stack(0x0000001678500000,0x0000001678600000)]
  0x000001c8e5f98330 JavaThread "Finalizer" daemon [_thread_blocked, id=1532, stack(0x0000001678600000,0x0000001678700000)]
  0x000001c8e691b5f0 JavaThread "Signal Dispatcher" daemon [_thread_blocked, id=3184, stack(0x0000001678700000,0x0000001678800000)]
  0x000001c8e691dbd0 JavaThread "Attach Listener" daemon [_thread_blocked, id=9132, stack(0x0000001678800000,0x0000001678900000)]
  0x000001c8e69204a0 JavaThread "Service Thread" daemon [_thread_blocked, id=7884, stack(0x0000001678900000,0x0000001678a00000)]
  0x000001c8e6921500 JavaThread "Monitor Deflation Thread" daemon [_thread_blocked, id=7296, stack(0x0000001678a00000,0x0000001678b00000)]
  0x000001c8e6922700 JavaThread "C2 CompilerThread0" daemon [_thread_in_native, id=6392, stack(0x0000001678b00000,0x0000001678c00000)]
  0x000001c8e69534a0 JavaThread "C1 CompilerThread0" daemon [_thread_blocked, id=1348, stack(0x0000001678c00000,0x0000001678d00000)]
  0x000001c8e69b4b60 JavaThread "Sweeper thread" daemon [_thread_blocked, id=7776, stack(0x0000001678d00000,0x0000001678e00000)]
  0x000001c8e6ab9ed0 JavaThread "Common-Cleaner" daemon [_thread_blocked, id=8168, stack(0x0000001678e00000,0x0000001678f00000)]
  0x000001c8e6abebd0 JavaThread "Notification Thread" daemon [_thread_blocked, id=8804, stack(0x0000001678f00000,0x0000001679000000)]
  0x000001c8e7ff2be0 JavaThread "Daemon health stats" [_thread_blocked, id=4976, stack(0x0000001679500000,0x0000001679600000)]
  0x000001c8e7ff30b0 JavaThread "Incoming local TCP Connector on port 58389" [_thread_in_native, id=9152, stack(0x0000001679600000,0x0000001679700000)]
  0x000001c8e7ff18a0 JavaThread "Daemon periodic checks" [_thread_blocked, id=8360, stack(0x0000001679700000,0x0000001679800000)]
  0x000001c8e7ff1d70 JavaThread "Daemon" [_thread_blocked, id=9220, stack(0x0000001679800000,0x0000001679900000)]
  0x000001c8e7ff2240 JavaThread "Handler for socket connection from /127.0.0.1:58389 to /127.0.0.1:58390" [_thread_in_native, id=9992, stack(0x0000001679900000,0x0000001679a00000)]
  0x000001c8e7ff2710 JavaThread "Cancel handler" [_thread_blocked, id=5712, stack(0x0000001679a00000,0x0000001679b00000)]
  0x000001c8e84b6d60 JavaThread "Daemon worker" [_thread_blocked, id=7908, stack(0x0000001679b00000,0x0000001679c00000)]
  0x000001c8e84b2060 JavaThread "Asynchronous log dispatcher for DefaultDaemonConnection: socket connection from /127.0.0.1:58389 to /127.0.0.1:58390" [_thread_blocked, id=7420, stack(0x0000001679c00000,0x0000001679d00000)]
  0x000001c8e84b5080 JavaThread "Stdin handler" [_thread_blocked, id=7340, stack(0x0000001679d00000,0x0000001679e00000)]
  0x000001c8e84b5ef0 JavaThread "Daemon client event forwarder" [_thread_blocked, id=4832, stack(0x0000001679e00000,0x0000001679f00000)]
  0x000001c8e84b8570 JavaThread "Cache worker for journal cache (C:\Users\caot4\.gradle\caches\journal-1)" [_thread_blocked, id=6092, stack(0x0000001679100000,0x0000001679200000)]
  0x000001c8e84b2a00 JavaThread "File lock request listener" [_thread_in_native, id=9556, stack(0x0000001679f00000,0x000000167a000000)]
  0x000001c8e84b63c0 JavaThread "Cache worker for file hash cache (C:\Users\caot4\.gradle\caches\8.0\fileHashes)" [_thread_blocked, id=1016, stack(0x000000167a000000,0x000000167a100000)]
  0x000001c8e84b33a0 JavaThread "File watcher server" daemon [_thread_in_native, id=5604, stack(0x000000167a200000,0x000000167a300000)]
  0x000001c8e84b8a40 JavaThread "File watcher consumer" daemon [_thread_blocked, id=8744, stack(0x000000167a300000,0x000000167a400000)]
  0x000001c8e84b2ed0 JavaThread "Cache worker for checksums cache (D:\FinalVersion\.gradle\8.0\checksums)" [_thread_blocked, id=8976, stack(0x000000167a400000,0x000000167a500000)]
  0x000001c8e84b5550 JavaThread "Cache worker for cache directory md-rule (C:\Users\caot4\.gradle\caches\8.0\md-rule)" [_thread_blocked, id=8344, stack(0x000000167a500000,0x000000167a600000)]
  0x000001c8e84b2530 JavaThread "Cache worker for file content cache (C:\Users\caot4\.gradle\caches\8.0\fileContent)" [_thread_blocked, id=5180, stack(0x000000167a600000,0x000000167a700000)]
  0x000001c8e84b7bd0 JavaThread "Cache worker for file hash cache (D:\FinalVersion\.gradle\8.0\fileHashes)" [_thread_blocked, id=9760, stack(0x000000167a100000,0x000000167a200000)]
  0x000001c8e84b3870 JavaThread "Cache worker for cache directory md-supplier (C:\Users\caot4\.gradle\caches\8.0\md-supplier)" [_thread_blocked, id=9600, stack(0x000000167a700000,0x000000167a800000)]
  0x000001c8e84b5a20 JavaThread "Cache worker for execution history cache (C:\Users\caot4\.gradle\caches\8.0\executionHistory)" [_thread_blocked, id=8544, stack(0x000000167a800000,0x000000167a900000)]
  0x000001c8e84b6890 JavaThread "jar transforms" [_thread_blocked, id=7344, stack(0x000000167aa00000,0x000000167ab00000)]
  0x000001c8e84b4bb0 JavaThread "jar transforms Thread 2" [_thread_blocked, id=3448, stack(0x000000167ab00000,0x000000167ac00000)]
  0x000001c8e84b7230 JavaThread "Cache worker for kotlin-dsl (C:\Users\caot4\.gradle\caches\8.0\kotlin-dsl)" [_thread_blocked, id=2284, stack(0x000000167ad00000,0x000000167ae00000)]
  0x000001c8e84b3d40 JavaThread "jar transforms Thread 3" [_thread_blocked, id=9484, stack(0x000000167ae00000,0x000000167af00000)]
  0x000001c8e84b98b0 JavaThread "jar transforms Thread 4" [_thread_blocked, id=8052, stack(0x000000167af00000,0x000000167b000000)]
  0x000001c8e84b46e0 JavaThread "Cache worker for dependencies-accessors (D:\FinalVersion\.gradle\8.0\dependencies-accessors)" [_thread_blocked, id=2160, stack(0x000000167b000000,0x000000167b100000)]
  0x000001c8e84b80a0 JavaThread "Cache worker for Build Output Cleanup Cache (D:\FinalVersion\.gradle\buildOutputCleanup)" [_thread_blocked, id=3260, stack(0x000000167a900000,0x000000167aa00000)]
  0x000001c8ec815d20 JavaThread "Unconstrained build operations" [_thread_blocked, id=4824, stack(0x000000167b200000,0x000000167b300000)]
  0x000001c8ec813b70 JavaThread "Unconstrained build operations Thread 2" [_thread_blocked, id=8456, stack(0x000000167b300000,0x000000167b400000)]
  0x000001c8ec815380 JavaThread "Unconstrained build operations Thread 3" [_thread_blocked, id=6088, stack(0x000000167b400000,0x000000167b500000)]
  0x000001c8ec814eb0 JavaThread "Unconstrained build operations Thread 4" [_thread_blocked, id=9832, stack(0x000000167b500000,0x000000167b600000)]
  0x000001c8ec8166c0 JavaThread "Unconstrained build operations Thread 5" [_thread_blocked, id=4320, stack(0x000000167b600000,0x000000167b700000)]
  0x000001c8ec815850 JavaThread "Unconstrained build operations Thread 6" [_thread_blocked, id=6884, stack(0x000000167b700000,0x000000167b800000)]
  0x000001c8ec8161f0 JavaThread "Unconstrained build operations Thread 7" [_thread_blocked, id=6016, stack(0x000000167b800000,0x000000167b900000)]
  0x000001c8ec814040 JavaThread "Unconstrained build operations Thread 8" [_thread_blocked, id=2232, stack(0x000000167b900000,0x000000167ba00000)]
  0x000001c8ec817530 JavaThread "Unconstrained build operations Thread 9" [_thread_blocked, id=7480, stack(0x000000167ba00000,0x000000167bb00000)]
  0x000001c8ec816b90 JavaThread "Unconstrained build operations Thread 10" [_thread_blocked, id=7608, stack(0x000000167bb00000,0x000000167bc00000)]
  0x000001c8ec817060 JavaThread "Unconstrained build operations Thread 11" [_thread_blocked, id=3532, stack(0x000000167bc00000,0x000000167bd00000)]
  0x000001c8ec814510 JavaThread "Unconstrained build operations Thread 12" [_thread_blocked, id=6312, stack(0x000000167bd00000,0x000000167be00000)]
  0x000001c8ec8149e0 JavaThread "Unconstrained build operations Thread 13" [_thread_blocked, id=6276, stack(0x000000167be00000,0x000000167bf00000)]
  0x000001c8e6d29a30 JavaThread "Unconstrained build operations Thread 14" [_thread_blocked, id=9044, stack(0x000000167bf00000,0x000000167c000000)]
  0x000001c8e6d2dd90 JavaThread "Unconstrained build operations Thread 15" [_thread_blocked, id=4664, stack(0x000000167c000000,0x000000167c100000)]
  0x000001c8e6d2e260 JavaThread "Unconstrained build operations Thread 16" [_thread_blocked, id=2728, stack(0x000000167c100000,0x000000167c200000)]
  0x000001c8e6d2ca50 JavaThread "Unconstrained build operations Thread 17" [_thread_blocked, id=8292, stack(0x000000167c200000,0x000000167c300000)]
  0x000001c8e6d2a3d0 JavaThread "Unconstrained build operations Thread 18" [_thread_blocked, id=7752, stack(0x000000167c300000,0x000000167c400000)]
  0x000001c8e6d2ad70 JavaThread "Unconstrained build operations Thread 19" [_thread_blocked, id=5916, stack(0x000000167c400000,0x000000167c500000)]
  0x000001c8e6d29f00 JavaThread "Unconstrained build operations Thread 20" [_thread_blocked, id=6728, stack(0x000000167c500000,0x000000167c600000)]
  0x000001c8e6d2a8a0 JavaThread "Unconstrained build operations Thread 21" [_thread_blocked, id=6644, stack(0x000000167c600000,0x000000167c700000)]
  0x000001c8e6d2e730 JavaThread "Unconstrained build operations Thread 22" [_thread_blocked, id=6412, stack(0x000000167c700000,0x000000167c800000)]
  0x000001c8e6d2ec00 JavaThread "Unconstrained build operations Thread 23" [_thread_blocked, id=10132, stack(0x000000167c800000,0x000000167c900000)]
  0x000001c8e6d2b710 JavaThread "Unconstrained build operations Thread 24" [_thread_blocked, id=4404, stack(0x000000167c900000,0x000000167ca00000)]
  0x000001c8e6d2fa70 JavaThread "Unconstrained build operations Thread 25" [_thread_blocked, id=9420, stack(0x000000167ca00000,0x000000167cb00000)]
  0x000001c8e6d28bc0 JavaThread "Unconstrained build operations Thread 26" [_thread_blocked, id=5032, stack(0x000000167cb00000,0x000000167cc00000)]
  0x000001c8e6d2f0d0 JavaThread "Unconstrained build operations Thread 27" [_thread_blocked, id=4968, stack(0x000000167cc00000,0x000000167cd00000)]
  0x000001c8e6d2f5a0 JavaThread "Unconstrained build operations Thread 28" [_thread_blocked, id=7932, stack(0x000000167cd00000,0x000000167ce00000)]
  0x000001c8e6d2ff40 JavaThread "Unconstrained build operations Thread 29" [_thread_blocked, id=6364, stack(0x000000167ce00000,0x000000167cf00000)]
  0x000001c8e6d2cf20 JavaThread "Unconstrained build operations Thread 30" [_thread_blocked, id=888, stack(0x000000167cf00000,0x000000167d000000)]
  0x000001c8e6d2b240 JavaThread "Unconstrained build operations Thread 31" [_thread_blocked, id=480, stack(0x000000167d000000,0x000000167d100000)]
  0x000001c8e6d2bbe0 JavaThread "Unconstrained build operations Thread 32" [_thread_blocked, id=9524, stack(0x000000167d100000,0x000000167d200000)]
  0x000001c8e6d30410 JavaThread "Unconstrained build operations Thread 33" [_thread_blocked, id=8728, stack(0x000000167d200000,0x000000167d300000)]
  0x000001c8e6d2c0b0 JavaThread "Unconstrained build operations Thread 34" [_thread_blocked, id=6260, stack(0x000000167d300000,0x000000167d400000)]
  0x000001c8e6d29090 JavaThread "Unconstrained build operations Thread 35" [_thread_blocked, id=948, stack(0x000000167d400000,0x000000167d500000)]
  0x000001c8e6d29560 JavaThread "Unconstrained build operations Thread 36" [_thread_blocked, id=4228, stack(0x000000167d500000,0x000000167d600000)]
  0x000001c8e6d2c580 JavaThread "Unconstrained build operations Thread 37" [_thread_blocked, id=3380, stack(0x000000167d600000,0x000000167d700000)]
  0x000001c8e6d2d3f0 JavaThread "Unconstrained build operations Thread 38" [_thread_blocked, id=1912, stack(0x000000167d700000,0x000000167d800000)]
  0x000001c8e6d2d8c0 JavaThread "Unconstrained build operations Thread 39" [_thread_blocked, id=400, stack(0x000000167d800000,0x000000167d900000)]
  0x000001c8e95f1360 JavaThread "Unconstrained build operations Thread 40" [_thread_blocked, id=8800, stack(0x000000167d900000,0x000000167da00000)]
  0x000001c8e95efb50 JavaThread "build event listener" [_thread_blocked, id=8860, stack(0x000000167da00000,0x000000167db00000)]
  0x000001c8e95f3eb0 JavaThread "Memory manager" [_thread_blocked, id=7260, stack(0x000000167db00000,0x000000167dc00000)]
  0x000001c8e95f6530 JavaThread "included builds" [_thread_blocked, id=9192, stack(0x000000167dc00000,0x000000167dd00000)]
  0x000001c8e95f26a0 JavaThread "Execution worker" [_thread_in_native, id=3892, stack(0x000000167dd00000,0x000000167de00000)]
  0x000001c8e95f5b90 JavaThread "Execution worker Thread 2" [_thread_blocked, id=1192, stack(0x000000167de00000,0x000000167df00000)]
  0x000001c8e95f0020 JavaThread "Execution worker Thread 3" [_thread_blocked, id=8644, stack(0x000000167df00000,0x000000167e000000)]
  0x000001c8e95f2b70 JavaThread "Cache worker for execution history cache (D:\FinalVersion\.gradle\8.0\executionHistory)" [_thread_blocked, id=7924, stack(0x000000167e000000,0x000000167e100000)]
  0x000001c8e95f4850 JavaThread "Cache worker for Java compile cache (C:\Users\caot4\.gradle\caches\8.0\javaCompile)" [_thread_blocked, id=6376, stack(0x000000167e100000,0x000000167e200000)]
=>0x000001c8eee8f050 JavaThread "C2 CompilerThread1" daemon [_thread_in_native, id=6772, stack(0x000000167b100000,0x000000167b200000)]

Other Threads:
  0x000001c8e5f1aa10 VMThread "VM Thread" [stack: 0x0000001678400000,0x0000001678500000] [id=6844]
  0x000001c8e69e2160 WatcherThread [stack: 0x0000001679000000,0x0000001679100000] [id=5496]
  0x000001c8cca210f0 GCTaskThread "GC Thread#0" [stack: 0x0000001677f00000,0x0000001678000000] [id=10128]
  0x000001c8e6b7fd20 GCTaskThread "GC Thread#1" [stack: 0x0000001679200000,0x0000001679300000] [id=3096]
  0x000001c8e6b803e0 GCTaskThread "GC Thread#2" [stack: 0x0000001679300000,0x0000001679400000] [id=3244]
  0x000001c8e6d08650 GCTaskThread "GC Thread#3" [stack: 0x0000001679400000,0x0000001679500000] [id=8560]
  0x000001c8cca31f40 ConcurrentGCThread "G1 Main Marker" [stack: 0x0000001678000000,0x0000001678100000] [id=8696]
  0x000001c8cca32860 ConcurrentGCThread "G1 Conc#0" [stack: 0x0000001678100000,0x0000001678200000] [id=4732]
  0x000001c8e5dd0090 ConcurrentGCThread "G1 Refine#0" [stack: 0x0000001678200000,0x0000001678300000] [id=1328]
  0x000001c8eb81da40 ConcurrentGCThread "G1 Refine#1" [stack: 0x000000167ac00000,0x000000167ad00000] [id=9552]
  0x000001c8e5dd09c0 ConcurrentGCThread "G1 Service" [stack: 0x0000001678300000,0x0000001678400000] [id=8648]

Threads with active compile tasks:
C2 CompilerThread0    28553 13126       4       com.sun.tools.javac.jvm.PoolWriter$WriteablePoolHelper::writeIfNeeded (121 bytes)
C2 CompilerThread1    28553 13064   !   4       com.sun.tools.javac.code.Types$MembersClosureCache::visitClassType (216 bytes)

VM state: not at safepoint (normal execution)

VM Mutex/Monitor currently owned by a thread: None

Heap address: 0x0000000080000000, size: 2048 MB, Compressed Oops mode: 32-bit

CDS archive(s) not mapped
Compressed class space mapped at: 0x0000000100000000-0x0000000140000000, reserved size: 1073741824
Narrow klass base: 0x0000000000000000, Narrow klass shift: 3, Narrow klass range: 0x140000000

GC Precious Log:
 CPUs: 4 total, 4 available
 Memory: 7998M
 Large Page Support: Disabled
 NUMA Support: Disabled
 Compressed Oops: Enabled (32-bit)
 Heap Region Size: 1M
 Heap Min Capacity: 8M
 Heap Initial Capacity: 126M
 Heap Max Capacity: 2G
 Pre-touch: Disabled
 Parallel Workers: 4
 Concurrent Workers: 1
 Concurrent Refinement Workers: 4
 Periodic GC: Disabled

Heap:
 garbage-first heap   total 266240K, used 125795K [0x0000000080000000, 0x0000000100000000)
  region size 1024K, 46 young (47104K), 15 survivors (15360K)
 Metaspace       used 101618K, committed 102336K, reserved 1138688K
  class space    used 13608K, committed 13952K, reserved 1048576K

Heap Regions: E=young(eden), S=young(survivor), O=old, HS=humongous(starts), HC=humongous(continues), CS=collection set, F=free, OA=open archive, CA=closed archive, TAMS=top-at-mark-start (previous, next)
|   0|0x0000000080000000, 0x0000000080100000, 0x0000000080100000|100%| O|  |TAMS 0x0000000080100000, 0x0000000080000000| Untracked 
|   1|0x0000000080100000, 0x0000000080200000, 0x0000000080200000|100%| O|  |TAMS 0x0000000080200000, 0x0000000080100000| Untracked 
|   2|0x0000000080200000, 0x0000000080300000, 0x0000000080300000|100%|HS|  |TAMS 0x0000000080300000, 0x0000000080200000| Complete 
|   3|0x0000000080300000, 0x0000000080400000, 0x0000000080400000|100%|HC|  |TAMS 0x0000000080400000, 0x0000000080300000| Complete 
|   4|0x0000000080400000, 0x0000000080500000, 0x0000000080500000|100%|HC|  |TAMS 0x0000000080500000, 0x0000000080400000| Complete 
|   5|0x0000000080500000, 0x0000000080600000, 0x0000000080600000|100%|HC|  |TAMS 0x0000000080600000, 0x0000000080500000| Complete 
|   6|0x0000000080600000, 0x0000000080700000, 0x0000000080700000|100%| O|  |TAMS 0x0000000080700000, 0x0000000080600000| Untracked 
|   7|0x0000000080700000, 0x0000000080800000, 0x0000000080800000|100%| O|  |TAMS 0x0000000080800000, 0x0000000080700000| Untracked 
|   8|0x0000000080800000, 0x0000000080900000, 0x0000000080900000|100%| O|  |TAMS 0x0000000080900000, 0x0000000080800000| Untracked 
|   9|0x0000000080900000, 0x0000000080a00000, 0x0000000080a00000|100%| O|  |TAMS 0x0000000080a00000, 0x0000000080900000| Untracked 
|  10|0x0000000080a00000, 0x0000000080b00000, 0x0000000080b00000|100%| O|  |TAMS 0x0000000080b00000, 0x0000000080a00000| Untracked 
|  11|0x0000000080b00000, 0x0000000080c00000, 0x0000000080c00000|100%| O|  |TAMS 0x0000000080c00000, 0x0000000080b00000| Untracked 
|  12|0x0000000080c00000, 0x0000000080d00000, 0x0000000080d00000|100%| O|  |TAMS 0x0000000080d00000, 0x0000000080c00000| Untracked 
|  13|0x0000000080d00000, 0x0000000080e00000, 0x0000000080e00000|100%| O|  |TAMS 0x0000000080e00000, 0x0000000080d00000| Untracked 
|  14|0x0000000080e00000, 0x0000000080f00000, 0x0000000080f00000|100%| O|  |TAMS 0x0000000080f00000, 0x0000000080e00000| Untracked 
|  15|0x0000000080f00000, 0x0000000081000000, 0x0000000081000000|100%| O|  |TAMS 0x0000000081000000, 0x0000000080f00000| Untracked 
|  16|0x0000000081000000, 0x0000000081100000, 0x0000000081100000|100%| O|  |TAMS 0x0000000081100000, 0x0000000081000000| Untracked 
|  17|0x0000000081100000, 0x0000000081200000, 0x0000000081200000|100%| O|  |TAMS 0x0000000081200000, 0x0000000081100000| Untracked 
|  18|0x0000000081200000, 0x0000000081300000, 0x0000000081300000|100%| O|  |TAMS 0x0000000081300000, 0x0000000081200000| Untracked 
|  19|0x0000000081300000, 0x0000000081400000, 0x0000000081400000|100%| O|  |TAMS 0x0000000081400000, 0x0000000081300000| Untracked 
|  20|0x0000000081400000, 0x0000000081500000, 0x0000000081500000|100%| O|  |TAMS 0x0000000081500000, 0x0000000081400000| Untracked 
|  21|0x0000000081500000, 0x0000000081600000, 0x0000000081600000|100%| O|  |TAMS 0x0000000081600000, 0x0000000081500000| Untracked 
|  22|0x0000000081600000, 0x0000000081700000, 0x0000000081700000|100%| O|  |TAMS 0x0000000081700000, 0x0000000081600000| Untracked 
|  23|0x0000000081700000, 0x0000000081800000, 0x0000000081800000|100%| O|  |TAMS 0x0000000081800000, 0x0000000081700000| Untracked 
|  24|0x0000000081800000, 0x0000000081900000, 0x0000000081900000|100%| O|  |TAMS 0x0000000081900000, 0x0000000081800000| Untracked 
|  25|0x0000000081900000, 0x0000000081a00000, 0x0000000081a00000|100%| O|  |TAMS 0x0000000081a00000, 0x0000000081900000| Untracked 
|  26|0x0000000081a00000, 0x0000000081b00000, 0x0000000081b00000|100%| O|  |TAMS 0x0000000081b00000, 0x0000000081a00000| Untracked 
|  27|0x0000000081b00000, 0x0000000081c00000, 0x0000000081c00000|100%| O|  |TAMS 0x0000000081c00000, 0x0000000081b00000| Untracked 
|  28|0x0000000081c00000, 0x0000000081d00000, 0x0000000081d00000|100%| O|  |TAMS 0x0000000081d00000, 0x0000000081c00000| Untracked 
|  29|0x0000000081d00000, 0x0000000081e00000, 0x0000000081e00000|100%| O|  |TAMS 0x0000000081e00000, 0x0000000081d00000| Untracked 
|  30|0x0000000081e00000, 0x0000000081f00000, 0x0000000081f00000|100%| O|  |TAMS 0x0000000081f00000, 0x0000000081e00000| Untracked 
|  31|0x0000000081f00000, 0x0000000082000000, 0x0000000082000000|100%| O|  |TAMS 0x0000000082000000, 0x0000000081f00000| Untracked 
|  32|0x0000000082000000, 0x0000000082100000, 0x0000000082100000|100%| O|  |TAMS 0x0000000082100000, 0x0000000082000000| Untracked 
|  33|0x0000000082100000, 0x0000000082200000, 0x0000000082200000|100%| O|  |TAMS 0x0000000082200000, 0x0000000082100000| Untracked 
|  34|0x0000000082200000, 0x0000000082300000, 0x0000000082300000|100%|HS|  |TAMS 0x0000000082300000, 0x0000000082200000| Complete 
|  35|0x0000000082300000, 0x0000000082300000, 0x0000000082400000|  0%| F|  |TAMS 0x0000000082300000, 0x0000000082300000| Untracked 
|  36|0x0000000082400000, 0x0000000082500000, 0x0000000082500000|100%| O|  |TAMS 0x0000000082400000, 0x0000000082400000| Untracked 
|  37|0x0000000082500000, 0x0000000082600000, 0x0000000082600000|100%|HS|  |TAMS 0x0000000082600000, 0x0000000082500000| Complete 
|  38|0x0000000082600000, 0x0000000082700000, 0x0000000082700000|100%|HS|  |TAMS 0x0000000082700000, 0x0000000082600000| Complete 
|  39|0x0000000082700000, 0x0000000082800000, 0x0000000082800000|100%| O|  |TAMS 0x0000000082800000, 0x0000000082700000| Untracked 
|  40|0x0000000082800000, 0x0000000082900000, 0x0000000082900000|100%| O|  |TAMS 0x0000000082900000, 0x0000000082800000| Untracked 
|  41|0x0000000082900000, 0x0000000082a00000, 0x0000000082a00000|100%| O|  |TAMS 0x0000000082a00000, 0x0000000082900000| Untracked 
|  42|0x0000000082a00000, 0x0000000082b00000, 0x0000000082b00000|100%| O|  |TAMS 0x0000000082b00000, 0x0000000082a00000| Untracked 
|  43|0x0000000082b00000, 0x0000000082c00000, 0x0000000082c00000|100%| O|  |TAMS 0x0000000082c00000, 0x0000000082b00000| Untracked 
|  44|0x0000000082c00000, 0x0000000082d00000, 0x0000000082d00000|100%| O|  |TAMS 0x0000000082d00000, 0x0000000082c00000| Untracked 
|  45|0x0000000082d00000, 0x0000000082e00000, 0x0000000082e00000|100%| O|  |TAMS 0x0000000082e00000, 0x0000000082d00000| Untracked 
|  46|0x0000000082e00000, 0x0000000082f00000, 0x0000000082f00000|100%| O|  |TAMS 0x0000000082f00000, 0x0000000082e00000| Untracked 
|  47|0x0000000082f00000, 0x0000000083000000, 0x0000000083000000|100%| O|  |TAMS 0x0000000083000000, 0x0000000082f00000| Untracked 
|  48|0x0000000083000000, 0x0000000083100000, 0x0000000083100000|100%| O|  |TAMS 0x0000000083100000, 0x0000000083000000| Untracked 
|  49|0x0000000083100000, 0x0000000083200000, 0x0000000083200000|100%| O|  |TAMS 0x0000000083200000, 0x0000000083100000| Untracked 
|  50|0x0000000083200000, 0x0000000083300000, 0x0000000083300000|100%| O|  |TAMS 0x0000000083300000, 0x0000000083200000| Untracked 
|  51|0x0000000083300000, 0x0000000083400000, 0x0000000083400000|100%| O|  |TAMS 0x0000000083400000, 0x0000000083300000| Untracked 
|  52|0x0000000083400000, 0x0000000083500000, 0x0000000083500000|100%| O|  |TAMS 0x0000000083500000, 0x0000000083400000| Untracked 
|  53|0x0000000083500000, 0x0000000083600000, 0x0000000083600000|100%| O|  |TAMS 0x0000000083600000, 0x0000000083500000| Untracked 
|  54|0x0000000083600000, 0x0000000083700000, 0x0000000083700000|100%| O|  |TAMS 0x0000000083700000, 0x0000000083600000| Untracked 
|  55|0x0000000083700000, 0x0000000083800000, 0x0000000083800000|100%| O|  |TAMS 0x0000000083800000, 0x0000000083700000| Untracked 
|  56|0x0000000083800000, 0x0000000083900000, 0x0000000083900000|100%| O|  |TAMS 0x0000000083900000, 0x0000000083800000| Untracked 
|  57|0x0000000083900000, 0x0000000083a00000, 0x0000000083a00000|100%| O|  |TAMS 0x0000000083a00000, 0x0000000083900000| Untracked 
|  58|0x0000000083a00000, 0x0000000083b00000, 0x0000000083b00000|100%| O|  |TAMS 0x0000000083b00000, 0x0000000083a00000| Untracked 
|  59|0x0000000083b00000, 0x0000000083c00000, 0x0000000083c00000|100%| O|  |TAMS 0x0000000083c00000, 0x0000000083b00000| Untracked 
|  60|0x0000000083c00000, 0x0000000083d00000, 0x0000000083d00000|100%| O|  |TAMS 0x0000000083d00000, 0x0000000083c00000| Untracked 
|  61|0x0000000083d00000, 0x0000000083e00000, 0x0000000083e00000|100%| O|  |TAMS 0x0000000083e00000, 0x0000000083d00000| Untracked 
|  62|0x0000000083e00000, 0x0000000083f00000, 0x0000000083f00000|100%| O|  |TAMS 0x0000000083f00000, 0x0000000083e00000| Untracked 
|  63|0x0000000083f00000, 0x0000000084000000, 0x0000000084000000|100%| O|  |TAMS 0x0000000084000000, 0x0000000083f00000| Untracked 
|  64|0x0000000084000000, 0x0000000084100000, 0x0000000084100000|100%| O|  |TAMS 0x0000000084100000, 0x0000000084000000| Untracked 
|  65|0x0000000084100000, 0x0000000084200000, 0x0000000084200000|100%| O|  |TAMS 0x0000000084200000, 0x0000000084100000| Untracked 
|  66|0x0000000084200000, 0x0000000084300000, 0x0000000084300000|100%| O|  |TAMS 0x0000000084300000, 0x0000000084200000| Untracked 
|  67|0x0000000084300000, 0x0000000084400000, 0x0000000084400000|100%| O|  |TAMS 0x0000000084400000, 0x0000000084300000| Untracked 
|  68|0x0000000084400000, 0x0000000084500000, 0x0000000084500000|100%| O|  |TAMS 0x0000000084500000, 0x0000000084400000| Untracked 
|  69|0x0000000084500000, 0x0000000084600000, 0x0000000084600000|100%| O|  |TAMS 0x0000000084600000, 0x0000000084500000| Untracked 
|  70|0x0000000084600000, 0x0000000084700000, 0x0000000084700000|100%| O|  |TAMS 0x00000000846f7600, 0x0000000084600000| Untracked 
|  71|0x0000000084700000, 0x0000000084800000, 0x0000000084800000|100%| O|  |TAMS 0x0000000084700000, 0x0000000084700000| Untracked 
|  72|0x0000000084800000, 0x0000000084900000, 0x0000000084900000|100%| O|  |TAMS 0x0000000084800000, 0x0000000084800000| Untracked 
|  73|0x0000000084900000, 0x0000000084a00000, 0x0000000084a00000|100%| O|  |TAMS 0x0000000084900000, 0x0000000084900000| Untracked 
|  74|0x0000000084a00000, 0x0000000084b00000, 0x0000000084b00000|100%| O|  |TAMS 0x0000000084a00000, 0x0000000084a00000| Untracked 
|  75|0x0000000084b00000, 0x0000000084c00000, 0x0000000084c00000|100%| O|  |TAMS 0x0000000084b00000, 0x0000000084b00000| Untracked 
|  76|0x0000000084c00000, 0x0000000084cd8e00, 0x0000000084d00000| 84%| O|  |TAMS 0x0000000084c00000, 0x0000000084c00000| Untracked 
|  77|0x0000000084d00000, 0x0000000084e00000, 0x0000000084e00000|100%|HS|  |TAMS 0x0000000084d00000, 0x0000000084d00000| Complete 
|  78|0x0000000084e00000, 0x0000000084f00000, 0x0000000084f00000|100%|HC|  |TAMS 0x0000000084e00000, 0x0000000084e00000| Complete 
|  79|0x0000000084f00000, 0x0000000084f00000, 0x0000000085000000|  0%| F|  |TAMS 0x0000000084f00000, 0x0000000084f00000| Untracked 
|  80|0x0000000085000000, 0x0000000085000000, 0x0000000085100000|  0%| F|  |TAMS 0x0000000085000000, 0x0000000085000000| Untracked 
|  81|0x0000000085100000, 0x0000000085100000, 0x0000000085200000|  0%| F|  |TAMS 0x0000000085100000, 0x0000000085100000| Untracked 
|  82|0x0000000085200000, 0x0000000085200000, 0x0000000085300000|  0%| F|  |TAMS 0x0000000085200000, 0x0000000085200000| Untracked 
|  83|0x0000000085300000, 0x0000000085300000, 0x0000000085400000|  0%| F|  |TAMS 0x0000000085300000, 0x0000000085300000| Untracked 
|  84|0x0000000085400000, 0x0000000085400000, 0x0000000085500000|  0%| F|  |TAMS 0x0000000085400000, 0x0000000085400000| Untracked 
|  85|0x0000000085500000, 0x0000000085500000, 0x0000000085600000|  0%| F|  |TAMS 0x0000000085500000, 0x0000000085500000| Untracked 
|  86|0x0000000085600000, 0x0000000085600000, 0x0000000085700000|  0%| F|  |TAMS 0x0000000085600000, 0x0000000085600000| Untracked 
|  87|0x0000000085700000, 0x0000000085700000, 0x0000000085800000|  0%| F|  |TAMS 0x0000000085700000, 0x0000000085700000| Untracked 
|  88|0x0000000085800000, 0x0000000085800000, 0x0000000085900000|  0%| F|  |TAMS 0x0000000085800000, 0x0000000085800000| Untracked 
|  89|0x0000000085900000, 0x0000000085900000, 0x0000000085a00000|  0%| F|  |TAMS 0x0000000085900000, 0x0000000085900000| Untracked 
|  90|0x0000000085a00000, 0x0000000085a00000, 0x0000000085b00000|  0%| F|  |TAMS 0x0000000085a00000, 0x0000000085a00000| Untracked 
|  91|0x0000000085b00000, 0x0000000085b00000, 0x0000000085c00000|  0%| F|  |TAMS 0x0000000085b00000, 0x0000000085b00000| Untracked 
|  92|0x0000000085c00000, 0x0000000085c00000, 0x0000000085d00000|  0%| F|  |TAMS 0x0000000085c00000, 0x0000000085c00000| Untracked 
|  93|0x0000000085d00000, 0x0000000085d00000, 0x0000000085e00000|  0%| F|  |TAMS 0x0000000085d00000, 0x0000000085d00000| Untracked 
|  94|0x0000000085e00000, 0x0000000085e00000, 0x0000000085f00000|  0%| F|  |TAMS 0x0000000085e00000, 0x0000000085e00000| Untracked 
|  95|0x0000000085f00000, 0x0000000085f00000, 0x0000000086000000|  0%| F|  |TAMS 0x0000000085f00000, 0x0000000085f00000| Untracked 
|  96|0x0000000086000000, 0x0000000086000000, 0x0000000086100000|  0%| F|  |TAMS 0x0000000086000000, 0x0000000086000000| Untracked 
|  97|0x0000000086100000, 0x0000000086100000, 0x0000000086200000|  0%| F|  |TAMS 0x0000000086100000, 0x0000000086100000| Untracked 
|  98|0x0000000086200000, 0x0000000086200000, 0x0000000086300000|  0%| F|  |TAMS 0x0000000086200000, 0x0000000086200000| Untracked 
|  99|0x0000000086300000, 0x0000000086300000, 0x0000000086400000|  0%| F|  |TAMS 0x0000000086300000, 0x0000000086300000| Untracked 
| 100|0x0000000086400000, 0x0000000086400000, 0x0000000086500000|  0%| F|  |TAMS 0x0000000086400000, 0x0000000086400000| Untracked 
| 101|0x0000000086500000, 0x0000000086500000, 0x0000000086600000|  0%| F|  |TAMS 0x0000000086500000, 0x0000000086500000| Untracked 
| 102|0x0000000086600000, 0x0000000086600000, 0x0000000086700000|  0%| F|  |TAMS 0x0000000086600000, 0x0000000086600000| Untracked 
| 103|0x0000000086700000, 0x0000000086700000, 0x0000000086800000|  0%| F|  |TAMS 0x0000000086700000, 0x0000000086700000| Untracked 
| 104|0x0000000086800000, 0x0000000086800000, 0x0000000086900000|  0%| F|  |TAMS 0x0000000086800000, 0x0000000086800000| Untracked 
| 105|0x0000000086900000, 0x0000000086900000, 0x0000000086a00000|  0%| F|  |TAMS 0x0000000086900000, 0x0000000086900000| Untracked 
| 106|0x0000000086a00000, 0x0000000086a00000, 0x0000000086b00000|  0%| F|  |TAMS 0x0000000086a00000, 0x0000000086a00000| Untracked 
| 107|0x0000000086b00000, 0x0000000086b00000, 0x0000000086c00000|  0%| F|  |TAMS 0x0000000086b00000, 0x0000000086b00000| Untracked 
| 108|0x0000000086c00000, 0x0000000086c00000, 0x0000000086d00000|  0%| F|  |TAMS 0x0000000086c00000, 0x0000000086c00000| Untracked 
| 109|0x0000000086d00000, 0x0000000086d00000, 0x0000000086e00000|  0%| F|  |TAMS 0x0000000086d00000, 0x0000000086d00000| Untracked 
| 110|0x0000000086e00000, 0x0000000086e00000, 0x0000000086f00000|  0%| F|  |TAMS 0x0000000086e00000, 0x0000000086e00000| Untracked 
| 111|0x0000000086f00000, 0x0000000086f00000, 0x0000000087000000|  0%| F|  |TAMS 0x0000000086f00000, 0x0000000086f00000| Untracked 
| 112|0x0000000087000000, 0x0000000087000000, 0x0000000087100000|  0%| F|  |TAMS 0x0000000087000000, 0x0000000087000000| Untracked 
| 113|0x0000000087100000, 0x0000000087100000, 0x0000000087200000|  0%| F|  |TAMS 0x0000000087100000, 0x0000000087100000| Untracked 
| 114|0x0000000087200000, 0x0000000087200000, 0x0000000087300000|  0%| F|  |TAMS 0x0000000087200000, 0x0000000087200000| Untracked 
| 115|0x0000000087300000, 0x0000000087300000, 0x0000000087400000|  0%| F|  |TAMS 0x0000000087300000, 0x0000000087300000| Untracked 
| 116|0x0000000087400000, 0x0000000087400000, 0x0000000087500000|  0%| F|  |TAMS 0x0000000087400000, 0x0000000087400000| Untracked 
| 117|0x0000000087500000, 0x0000000087500000, 0x0000000087600000|  0%| F|  |TAMS 0x0000000087500000, 0x0000000087500000| Untracked 
| 118|0x0000000087600000, 0x0000000087600000, 0x0000000087700000|  0%| F|  |TAMS 0x0000000087600000, 0x0000000087600000| Untracked 
| 119|0x0000000087700000, 0x0000000087700000, 0x0000000087800000|  0%| F|  |TAMS 0x0000000087700000, 0x0000000087700000| Untracked 
| 120|0x0000000087800000, 0x0000000087800000, 0x0000000087900000|  0%| F|  |TAMS 0x0000000087800000, 0x0000000087800000| Untracked 
| 121|0x0000000087900000, 0x0000000087900000, 0x0000000087a00000|  0%| F|  |TAMS 0x0000000087900000, 0x0000000087900000| Untracked 
| 122|0x0000000087a00000, 0x0000000087a00000, 0x0000000087b00000|  0%| F|  |TAMS 0x0000000087a00000, 0x0000000087a00000| Untracked 
| 123|0x0000000087b00000, 0x0000000087b00000, 0x0000000087c00000|  0%| F|  |TAMS 0x0000000087b00000, 0x0000000087b00000| Untracked 
| 124|0x0000000087c00000, 0x0000000087c00000, 0x0000000087d00000|  0%| F|  |TAMS 0x0000000087c00000, 0x0000000087c00000| Untracked 
| 125|0x0000000087d00000, 0x0000000087d00000, 0x0000000087e00000|  0%| F|  |TAMS 0x0000000087d00000, 0x0000000087d00000| Untracked 
| 126|0x0000000087e00000, 0x0000000087e00000, 0x0000000087f00000|  0%| F|  |TAMS 0x0000000087e00000, 0x0000000087e00000| Untracked 
| 127|0x0000000087f00000, 0x0000000087f00000, 0x0000000088000000|  0%| F|  |TAMS 0x0000000087f00000, 0x0000000087f00000| Untracked 
| 128|0x0000000088000000, 0x0000000088000000, 0x0000000088100000|  0%| F|  |TAMS 0x0000000088000000, 0x0000000088000000| Untracked 
| 129|0x0000000088100000, 0x0000000088100000, 0x0000000088200000|  0%| F|  |TAMS 0x0000000088100000, 0x0000000088100000| Untracked 
| 130|0x0000000088200000, 0x0000000088300000, 0x0000000088300000|100%| S|CS|TAMS 0x0000000088200000, 0x0000000088200000| Complete 
| 131|0x0000000088300000, 0x0000000088400000, 0x0000000088400000|100%| S|CS|TAMS 0x0000000088300000, 0x0000000088300000| Complete 
| 132|0x0000000088400000, 0x0000000088500000, 0x0000000088500000|100%| S|CS|TAMS 0x0000000088400000, 0x0000000088400000| Complete 
| 133|0x0000000088500000, 0x0000000088600000, 0x0000000088600000|100%| S|CS|TAMS 0x0000000088500000, 0x0000000088500000| Complete 
| 134|0x0000000088600000, 0x0000000088700000, 0x0000000088700000|100%| S|CS|TAMS 0x0000000088600000, 0x0000000088600000| Complete 
| 135|0x0000000088700000, 0x0000000088800000, 0x0000000088800000|100%| S|CS|TAMS 0x0000000088700000, 0x0000000088700000| Complete 
| 136|0x0000000088800000, 0x0000000088900000, 0x0000000088900000|100%| S|CS|TAMS 0x0000000088800000, 0x0000000088800000| Complete 
| 137|0x0000000088900000, 0x0000000088a00000, 0x0000000088a00000|100%| S|CS|TAMS 0x0000000088900000, 0x0000000088900000| Complete 
| 138|0x0000000088a00000, 0x0000000088b00000, 0x0000000088b00000|100%| S|CS|TAMS 0x0000000088a00000, 0x0000000088a00000| Complete 
| 139|0x0000000088b00000, 0x0000000088c00000, 0x0000000088c00000|100%| S|CS|TAMS 0x0000000088b00000, 0x0000000088b00000| Complete 
| 140|0x0000000088c00000, 0x0000000088d00000, 0x0000000088d00000|100%| S|CS|TAMS 0x0000000088c00000, 0x0000000088c00000| Complete 
| 141|0x0000000088d00000, 0x0000000088e00000, 0x0000000088e00000|100%| S|CS|TAMS 0x0000000088d00000, 0x0000000088d00000| Complete 
| 142|0x0000000088e00000, 0x0000000088f00000, 0x0000000088f00000|100%| S|CS|TAMS 0x0000000088e00000, 0x0000000088e00000| Complete 
| 143|0x0000000088f00000, 0x0000000089000000, 0x0000000089000000|100%| S|CS|TAMS 0x0000000088f00000, 0x0000000088f00000| Complete 
| 144|0x0000000089000000, 0x0000000089100000, 0x0000000089100000|100%| S|CS|TAMS 0x0000000089000000, 0x0000000089000000| Complete 
| 145|0x0000000089100000, 0x0000000089100000, 0x0000000089200000|  0%| F|  |TAMS 0x0000000089100000, 0x0000000089100000| Untracked 
| 146|0x0000000089200000, 0x0000000089200000, 0x0000000089300000|  0%| F|  |TAMS 0x0000000089200000, 0x0000000089200000| Untracked 
| 147|0x0000000089300000, 0x0000000089300000, 0x0000000089400000|  0%| F|  |TAMS 0x0000000089300000, 0x0000000089300000| Untracked 
| 148|0x0000000089400000, 0x0000000089400000, 0x0000000089500000|  0%| F|  |TAMS 0x0000000089400000, 0x0000000089400000| Untracked 
| 149|0x0000000089500000, 0x0000000089500000, 0x0000000089600000|  0%| F|  |TAMS 0x0000000089500000, 0x0000000089500000| Untracked 
| 150|0x0000000089600000, 0x0000000089600000, 0x0000000089700000|  0%| F|  |TAMS 0x0000000089600000, 0x0000000089600000| Untracked 
| 151|0x0000000089700000, 0x0000000089700000, 0x0000000089800000|  0%| F|  |TAMS 0x0000000089700000, 0x0000000089700000| Untracked 
| 152|0x0000000089800000, 0x0000000089800000, 0x0000000089900000|  0%| F|  |TAMS 0x0000000089800000, 0x0000000089800000| Untracked 
| 153|0x0000000089900000, 0x0000000089900000, 0x0000000089a00000|  0%| F|  |TAMS 0x0000000089900000, 0x0000000089900000| Untracked 
| 154|0x0000000089a00000, 0x0000000089a00000, 0x0000000089b00000|  0%| F|  |TAMS 0x0000000089a00000, 0x0000000089a00000| Untracked 
| 155|0x0000000089b00000, 0x0000000089b00000, 0x0000000089c00000|  0%| F|  |TAMS 0x0000000089b00000, 0x0000000089b00000| Untracked 
| 156|0x0000000089c00000, 0x0000000089c00000, 0x0000000089d00000|  0%| F|  |TAMS 0x0000000089c00000, 0x0000000089c00000| Untracked 
| 157|0x0000000089d00000, 0x0000000089d00000, 0x0000000089e00000|  0%| F|  |TAMS 0x0000000089d00000, 0x0000000089d00000| Untracked 
| 158|0x0000000089e00000, 0x0000000089e00000, 0x0000000089f00000|  0%| F|  |TAMS 0x0000000089e00000, 0x0000000089e00000| Untracked 
| 159|0x0000000089f00000, 0x0000000089f00000, 0x000000008a000000|  0%| F|  |TAMS 0x0000000089f00000, 0x0000000089f00000| Untracked 
| 160|0x000000008a000000, 0x000000008a000000, 0x000000008a100000|  0%| F|  |TAMS 0x000000008a000000, 0x000000008a000000| Untracked 
| 161|0x000000008a100000, 0x000000008a100000, 0x000000008a200000|  0%| F|  |TAMS 0x000000008a100000, 0x000000008a100000| Untracked 
| 162|0x000000008a200000, 0x000000008a200000, 0x000000008a300000|  0%| F|  |TAMS 0x000000008a200000, 0x000000008a200000| Untracked 
| 163|0x000000008a300000, 0x000000008a300000, 0x000000008a400000|  0%| F|  |TAMS 0x000000008a300000, 0x000000008a300000| Untracked 
| 164|0x000000008a400000, 0x000000008a400000, 0x000000008a500000|  0%| F|  |TAMS 0x000000008a400000, 0x000000008a400000| Untracked 
| 165|0x000000008a500000, 0x000000008a500000, 0x000000008a600000|  0%| F|  |TAMS 0x000000008a500000, 0x000000008a500000| Untracked 
| 166|0x000000008a600000, 0x000000008a600000, 0x000000008a700000|  0%| F|  |TAMS 0x000000008a600000, 0x000000008a600000| Untracked 
| 167|0x000000008a700000, 0x000000008a700000, 0x000000008a800000|  0%| F|  |TAMS 0x000000008a700000, 0x000000008a700000| Untracked 
| 168|0x000000008a800000, 0x000000008a800000, 0x000000008a900000|  0%| F|  |TAMS 0x000000008a800000, 0x000000008a800000| Untracked 
| 169|0x000000008a900000, 0x000000008a900000, 0x000000008aa00000|  0%| F|  |TAMS 0x000000008a900000, 0x000000008a900000| Untracked 
| 170|0x000000008aa00000, 0x000000008aa00000, 0x000000008ab00000|  0%| F|  |TAMS 0x000000008aa00000, 0x000000008aa00000| Untracked 
| 171|0x000000008ab00000, 0x000000008ab00000, 0x000000008ac00000|  0%| F|  |TAMS 0x000000008ab00000, 0x000000008ab00000| Untracked 
| 172|0x000000008ac00000, 0x000000008ac00000, 0x000000008ad00000|  0%| F|  |TAMS 0x000000008ac00000, 0x000000008ac00000| Untracked 
| 173|0x000000008ad00000, 0x000000008ad00000, 0x000000008ae00000|  0%| F|  |TAMS 0x000000008ad00000, 0x000000008ad00000| Untracked 
| 174|0x000000008ae00000, 0x000000008ae00000, 0x000000008af00000|  0%| F|  |TAMS 0x000000008ae00000, 0x000000008ae00000| Untracked 
| 175|0x000000008af00000, 0x000000008af00000, 0x000000008b000000|  0%| F|  |TAMS 0x000000008af00000, 0x000000008af00000| Untracked 
| 176|0x000000008b000000, 0x000000008b000000, 0x000000008b100000|  0%| F|  |TAMS 0x000000008b000000, 0x000000008b000000| Untracked 
| 177|0x000000008b100000, 0x000000008b100000, 0x000000008b200000|  0%| F|  |TAMS 0x000000008b100000, 0x000000008b100000| Untracked 
| 178|0x000000008b200000, 0x000000008b200000, 0x000000008b300000|  0%| F|  |TAMS 0x000000008b200000, 0x000000008b200000| Untracked 
| 179|0x000000008b300000, 0x000000008b300000, 0x000000008b400000|  0%| F|  |TAMS 0x000000008b300000, 0x000000008b300000| Untracked 
| 180|0x000000008b400000, 0x000000008b400000, 0x000000008b500000|  0%| F|  |TAMS 0x000000008b400000, 0x000000008b400000| Untracked 
| 181|0x000000008b500000, 0x000000008b500000, 0x000000008b600000|  0%| F|  |TAMS 0x000000008b500000, 0x000000008b500000| Untracked 
| 182|0x000000008b600000, 0x000000008b600000, 0x000000008b700000|  0%| F|  |TAMS 0x000000008b600000, 0x000000008b600000| Untracked 
| 183|0x000000008b700000, 0x000000008b700000, 0x000000008b800000|  0%| F|  |TAMS 0x000000008b700000, 0x000000008b700000| Untracked 
| 184|0x000000008b800000, 0x000000008b800000, 0x000000008b900000|  0%| F|  |TAMS 0x000000008b800000, 0x000000008b800000| Untracked 
| 185|0x000000008b900000, 0x000000008b900000, 0x000000008ba00000|  0%| F|  |TAMS 0x000000008b900000, 0x000000008b900000| Untracked 
| 186|0x000000008ba00000, 0x000000008ba00000, 0x000000008bb00000|  0%| F|  |TAMS 0x000000008ba00000, 0x000000008ba00000| Untracked 
| 187|0x000000008bb00000, 0x000000008bb00000, 0x000000008bc00000|  0%| F|  |TAMS 0x000000008bb00000, 0x000000008bb00000| Untracked 
| 188|0x000000008bc00000, 0x000000008bc00000, 0x000000008bd00000|  0%| F|  |TAMS 0x000000008bc00000, 0x000000008bc00000| Untracked 
| 189|0x000000008bd00000, 0x000000008bd00000, 0x000000008be00000|  0%| F|  |TAMS 0x000000008bd00000, 0x000000008bd00000| Untracked 
| 190|0x000000008be00000, 0x000000008be00000, 0x000000008bf00000|  0%| F|  |TAMS 0x000000008be00000, 0x000000008be00000| Untracked 
| 191|0x000000008bf00000, 0x000000008bf00000, 0x000000008c000000|  0%| F|  |TAMS 0x000000008bf00000, 0x000000008bf00000| Untracked 
| 192|0x000000008c000000, 0x000000008c000000, 0x000000008c100000|  0%| F|  |TAMS 0x000000008c000000, 0x000000008c000000| Untracked 
| 193|0x000000008c100000, 0x000000008c100000, 0x000000008c200000|  0%| F|  |TAMS 0x000000008c100000, 0x000000008c100000| Untracked 
| 194|0x000000008c200000, 0x000000008c200000, 0x000000008c300000|  0%| F|  |TAMS 0x000000008c200000, 0x000000008c200000| Untracked 
| 195|0x000000008c300000, 0x000000008c300000, 0x000000008c400000|  0%| F|  |TAMS 0x000000008c300000, 0x000000008c300000| Untracked 
| 196|0x000000008c400000, 0x000000008c400000, 0x000000008c500000|  0%| F|  |TAMS 0x000000008c400000, 0x000000008c400000| Untracked 
| 197|0x000000008c500000, 0x000000008c500000, 0x000000008c600000|  0%| F|  |TAMS 0x000000008c500000, 0x000000008c500000| Untracked 
| 198|0x000000008c600000, 0x000000008c600000, 0x000000008c700000|  0%| F|  |TAMS 0x000000008c600000, 0x000000008c600000| Untracked 
| 199|0x000000008c700000, 0x000000008c700000, 0x000000008c800000|  0%| F|  |TAMS 0x000000008c700000, 0x000000008c700000| Untracked 
| 200|0x000000008c800000, 0x000000008c800000, 0x000000008c900000|  0%| F|  |TAMS 0x000000008c800000, 0x000000008c800000| Untracked 
| 201|0x000000008c900000, 0x000000008c900000, 0x000000008ca00000|  0%| F|  |TAMS 0x000000008c900000, 0x000000008c900000| Untracked 
| 202|0x000000008ca00000, 0x000000008ca00000, 0x000000008cb00000|  0%| F|  |TAMS 0x000000008ca00000, 0x000000008ca00000| Untracked 
| 203|0x000000008cb00000, 0x000000008cb00000, 0x000000008cc00000|  0%| F|  |TAMS 0x000000008cb00000, 0x000000008cb00000| Untracked 
| 204|0x000000008cc00000, 0x000000008cc00000, 0x000000008cd00000|  0%| F|  |TAMS 0x000000008cc00000, 0x000000008cc00000| Untracked 
| 205|0x000000008cd00000, 0x000000008cd00000, 0x000000008ce00000|  0%| F|  |TAMS 0x000000008cd00000, 0x000000008cd00000| Untracked 
| 206|0x000000008ce00000, 0x000000008ce00000, 0x000000008cf00000|  0%| F|  |TAMS 0x000000008ce00000, 0x000000008ce00000| Untracked 
| 207|0x000000008cf00000, 0x000000008cf00000, 0x000000008d000000|  0%| F|  |TAMS 0x000000008cf00000, 0x000000008cf00000| Untracked 
| 208|0x000000008d000000, 0x000000008d000000, 0x000000008d100000|  0%| F|  |TAMS 0x000000008d000000, 0x000000008d000000| Untracked 
| 209|0x000000008d100000, 0x000000008d100000, 0x000000008d200000|  0%| F|  |TAMS 0x000000008d100000, 0x000000008d100000| Untracked 
| 210|0x000000008d200000, 0x000000008d200000, 0x000000008d300000|  0%| F|  |TAMS 0x000000008d200000, 0x000000008d200000| Untracked 
| 211|0x000000008d300000, 0x000000008d300000, 0x000000008d400000|  0%| F|  |TAMS 0x000000008d300000, 0x000000008d300000| Untracked 
| 212|0x000000008d400000, 0x000000008d400000, 0x000000008d500000|  0%| F|  |TAMS 0x000000008d400000, 0x000000008d400000| Untracked 
| 213|0x000000008d500000, 0x000000008d500000, 0x000000008d600000|  0%| F|  |TAMS 0x000000008d500000, 0x000000008d500000| Untracked 
| 214|0x000000008d600000, 0x000000008d600000, 0x000000008d700000|  0%| F|  |TAMS 0x000000008d600000, 0x000000008d600000| Untracked 
| 215|0x000000008d700000, 0x000000008d700000, 0x000000008d800000|  0%| F|  |TAMS 0x000000008d700000, 0x000000008d700000| Untracked 
| 216|0x000000008d800000, 0x000000008d800000, 0x000000008d900000|  0%| F|  |TAMS 0x000000008d800000, 0x000000008d800000| Untracked 
| 217|0x000000008d900000, 0x000000008d900000, 0x000000008da00000|  0%| F|  |TAMS 0x000000008d900000, 0x000000008d900000| Untracked 
| 218|0x000000008da00000, 0x000000008da00000, 0x000000008db00000|  0%| F|  |TAMS 0x000000008da00000, 0x000000008da00000| Untracked 
| 219|0x000000008db00000, 0x000000008db00000, 0x000000008dc00000|  0%| F|  |TAMS 0x000000008db00000, 0x000000008db00000| Untracked 
| 220|0x000000008dc00000, 0x000000008dc00000, 0x000000008dd00000|  0%| F|  |TAMS 0x000000008dc00000, 0x000000008dc00000| Untracked 
| 221|0x000000008dd00000, 0x000000008dd00000, 0x000000008de00000|  0%| F|  |TAMS 0x000000008dd00000, 0x000000008dd00000| Untracked 
| 222|0x000000008de00000, 0x000000008de00000, 0x000000008df00000|  0%| F|  |TAMS 0x000000008de00000, 0x000000008de00000| Untracked 
| 223|0x000000008df00000, 0x000000008df00000, 0x000000008e000000|  0%| F|  |TAMS 0x000000008df00000, 0x000000008df00000| Untracked 
| 224|0x000000008e000000, 0x000000008e000000, 0x000000008e100000|  0%| F|  |TAMS 0x000000008e000000, 0x000000008e000000| Untracked 
| 225|0x000000008e100000, 0x000000008e100000, 0x000000008e200000|  0%| F|  |TAMS 0x000000008e100000, 0x000000008e100000| Untracked 
| 226|0x000000008e200000, 0x000000008e200000, 0x000000008e300000|  0%| F|  |TAMS 0x000000008e200000, 0x000000008e200000| Untracked 
| 227|0x000000008e300000, 0x000000008e300000, 0x000000008e400000|  0%| F|  |TAMS 0x000000008e300000, 0x000000008e300000| Untracked 
| 228|0x000000008e400000, 0x000000008e400000, 0x000000008e500000|  0%| F|  |TAMS 0x000000008e400000, 0x000000008e400000| Untracked 
| 229|0x000000008e500000, 0x000000008e579418, 0x000000008e600000| 47%| E|  |TAMS 0x000000008e500000, 0x000000008e500000| Complete 
| 230|0x000000008e600000, 0x000000008e700000, 0x000000008e700000|100%| E|CS|TAMS 0x000000008e600000, 0x000000008e600000| Complete 
| 231|0x000000008e700000, 0x000000008e800000, 0x000000008e800000|100%| E|CS|TAMS 0x000000008e700000, 0x000000008e700000| Complete 
| 232|0x000000008e800000, 0x000000008e900000, 0x000000008e900000|100%| E|CS|TAMS 0x000000008e800000, 0x000000008e800000| Complete 
| 233|0x000000008e900000, 0x000000008ea00000, 0x000000008ea00000|100%| E|CS|TAMS 0x000000008e900000, 0x000000008e900000| Complete 
| 234|0x000000008ea00000, 0x000000008eb00000, 0x000000008eb00000|100%| E|CS|TAMS 0x000000008ea00000, 0x000000008ea00000| Complete 
| 235|0x000000008eb00000, 0x000000008ec00000, 0x000000008ec00000|100%| E|CS|TAMS 0x000000008eb00000, 0x000000008eb00000| Complete 
| 236|0x000000008ec00000, 0x000000008ed00000, 0x000000008ed00000|100%| E|CS|TAMS 0x000000008ec00000, 0x000000008ec00000| Complete 
| 237|0x000000008ed00000, 0x000000008ee00000, 0x000000008ee00000|100%| E|CS|TAMS 0x000000008ed00000, 0x000000008ed00000| Complete 
| 238|0x000000008ee00000, 0x000000008ef00000, 0x000000008ef00000|100%| E|CS|TAMS 0x000000008ee00000, 0x000000008ee00000| Complete 
| 239|0x000000008ef00000, 0x000000008f000000, 0x000000008f000000|100%| E|CS|TAMS 0x000000008ef00000, 0x000000008ef00000| Complete 
| 240|0x000000008f000000, 0x000000008f100000, 0x000000008f100000|100%| E|CS|TAMS 0x000000008f000000, 0x000000008f000000| Complete 
| 241|0x000000008f100000, 0x000000008f200000, 0x000000008f200000|100%| E|CS|TAMS 0x000000008f100000, 0x000000008f100000| Complete 
| 242|0x000000008f200000, 0x000000008f300000, 0x000000008f300000|100%| E|CS|TAMS 0x000000008f200000, 0x000000008f200000| Complete 
| 243|0x000000008f300000, 0x000000008f400000, 0x000000008f400000|100%| E|CS|TAMS 0x000000008f300000, 0x000000008f300000| Complete 
| 244|0x000000008f400000, 0x000000008f500000, 0x000000008f500000|100%| E|CS|TAMS 0x000000008f400000, 0x000000008f400000| Complete 
| 245|0x000000008f500000, 0x000000008f600000, 0x000000008f600000|100%| E|CS|TAMS 0x000000008f500000, 0x000000008f500000| Complete 
| 246|0x000000008f600000, 0x000000008f700000, 0x000000008f700000|100%| E|CS|TAMS 0x000000008f600000, 0x000000008f600000| Complete 
| 247|0x000000008f700000, 0x000000008f800000, 0x000000008f800000|100%| E|CS|TAMS 0x000000008f700000, 0x000000008f700000| Complete 
| 248|0x000000008f800000, 0x000000008f900000, 0x000000008f900000|100%| E|CS|TAMS 0x000000008f800000, 0x000000008f800000| Complete 
| 249|0x000000008f900000, 0x000000008fa00000, 0x000000008fa00000|100%| E|CS|TAMS 0x000000008f900000, 0x000000008f900000| Complete 
| 250|0x000000008fa00000, 0x000000008fb00000, 0x000000008fb00000|100%| E|CS|TAMS 0x000000008fa00000, 0x000000008fa00000| Complete 
| 251|0x000000008fb00000, 0x000000008fc00000, 0x000000008fc00000|100%| E|CS|TAMS 0x000000008fb00000, 0x000000008fb00000| Complete 
| 252|0x000000008fc00000, 0x000000008fd00000, 0x000000008fd00000|100%| E|CS|TAMS 0x000000008fc00000, 0x000000008fc00000| Complete 
| 253|0x000000008fd00000, 0x000000008fe00000, 0x000000008fe00000|100%| E|CS|TAMS 0x000000008fd00000, 0x000000008fd00000| Complete 
| 254|0x000000008fe00000, 0x000000008ff00000, 0x000000008ff00000|100%| E|CS|TAMS 0x000000008fe00000, 0x000000008fe00000| Complete 
| 255|0x000000008ff00000, 0x0000000090000000, 0x0000000090000000|100%| E|CS|TAMS 0x000000008ff00000, 0x000000008ff00000| Complete 
| 256|0x0000000090000000, 0x0000000090100000, 0x0000000090100000|100%| E|CS|TAMS 0x0000000090000000, 0x0000000090000000| Complete 
| 257|0x0000000090100000, 0x0000000090200000, 0x0000000090200000|100%| E|CS|TAMS 0x0000000090100000, 0x0000000090100000| Complete 
| 258|0x0000000090200000, 0x0000000090300000, 0x0000000090300000|100%| E|CS|TAMS 0x0000000090200000, 0x0000000090200000| Complete 
| 259|0x0000000090300000, 0x0000000090400000, 0x0000000090400000|100%| E|CS|TAMS 0x0000000090300000, 0x0000000090300000| Complete 

Card table byte_map: [0x000001c8df290000,0x000001c8df690000] _byte_map_base: 0x000001c8dee90000

Marking Bits (Prev, Next): (CMBitMap*) 0x000001c8cca21650, (CMBitMap*) 0x000001c8cca21610
 Prev Bits: [0x000001c8e1a90000, 0x000001c8e3a90000)
 Next Bits: [0x000001c8dfa90000, 0x000001c8e1a90000)

Polling page: 0x000001c8cc190000

Metaspace:

Usage:
  Non-class:     85.95 MB used.
      Class:     13.29 MB used.
       Both:     99.24 MB used.

Virtual space:
  Non-class space:       88.00 MB reserved,      86.31 MB ( 98%) committed,  11 nodes.
      Class space:        1.00 GB reserved,      13.62 MB (  1%) committed,  1 nodes.
             Both:        1.09 GB reserved,      99.94 MB (  9%) committed. 

Chunk freelists:
   Non-Class:  1.02 MB
       Class:  2.36 MB
        Both:  3.37 MB

MaxMetaspaceSize: unlimited
CompressedClassSpaceSize: 1.00 GB
Initial GC threshold: 21.00 MB
Current GC threshold: 147.62 MB
CDS: off
MetaspaceReclaimPolicy: balanced
 - commit_granule_bytes: 65536.
 - commit_granule_words: 8192.
 - virtual_space_node_default_size: 1048576.
 - enlarge_chunks_in_place: 1.
 - new_chunks_are_fully_committed: 0.
 - uncommit_free_chunks: 1.
 - use_allocation_guard: 0.
 - handle_deallocations: 1.


Internal statistics:

num_allocs_failed_limit: 6.
num_arena_births: 1004.
num_arena_deaths: 0.
num_vsnodes_births: 12.
num_vsnodes_deaths: 0.
num_space_committed: 1598.
num_space_uncommitted: 0.
num_chunks_returned_to_freelist: 6.
num_chunks_taken_from_freelist: 4696.
num_chunk_merges: 3.
num_chunk_splits: 3154.
num_chunks_enlarged: 2186.
num_purges: 0.
num_inconsistent_stats: 0.

CodeHeap 'non-profiled nmethods': size=120000Kb used=7079Kb max_used=7079Kb free=112920Kb
 bounds [0x000001c8d7960000, 0x000001c8d8050000, 0x000001c8dee90000]
CodeHeap 'profiled nmethods': size=120000Kb used=23739Kb max_used=23739Kb free=96260Kb
 bounds [0x000001c8cfe90000, 0x000001c8d15c0000, 0x000001c8d73c0000]
CodeHeap 'non-nmethods': size=5760Kb used=2405Kb max_used=2463Kb free=3354Kb
 bounds [0x000001c8d73c0000, 0x000001c8d7630000, 0x000001c8d7960000]
 total_blobs=12457 nmethods=11527 adapters=842
 compilation: enabled
              stopped_count=0, restarted_count=0
 full_count=0

Compilation events (20 events):
Event: 28.260 Thread 0x000001c8e69534a0 13112       3       com.sun.tools.javac.jvm.Items$Item::drop (1 bytes)
Event: 28.260 Thread 0x000001c8e69534a0 nmethod 13112 0x000001c8d15ad310 code [0x000001c8d15ad4a0, 0x000001c8d15ad5b8]
Event: 28.260 Thread 0x000001c8e69534a0 13113       3       com.sun.tools.javac.code.Symbol$MethodSymbol::poolTag (18 bytes)
Event: 28.260 Thread 0x000001c8e69534a0 nmethod 13113 0x000001c8d15ad690 code [0x000001c8d15ad840, 0x000001c8d15adbc8]
Event: 28.261 Thread 0x000001c8e69534a0 13114       3       com.sun.tools.javac.jvm.Code::endScope (72 bytes)
Event: 28.262 Thread 0x000001c8e69534a0 nmethod 13114 0x000001c8d15adc90 code [0x000001c8d15adf00, 0x000001c8d15ae868]
Event: 28.262 Thread 0x000001c8e69534a0 13115       3       com.sun.tools.javac.jvm.Code::newLocal (9 bytes)
Event: 28.262 Thread 0x000001c8e69534a0 nmethod 13115 0x000001c8d15aec10 code [0x000001c8d15aedc0, 0x000001c8d15aef38]
Event: 28.262 Thread 0x000001c8e69534a0 13116       3       com.sun.tools.javac.jvm.Code::addLocalVar (68 bytes)
Event: 28.263 Thread 0x000001c8e69534a0 nmethod 13116 0x000001c8d15af010 code [0x000001c8d15af280, 0x000001c8d15afe78]
Event: 28.264 Thread 0x000001c8e69534a0 13117       3       com.sun.tools.javac.code.Types$HashCodeVisitor::visitMethodType (76 bytes)
Event: 28.264 Thread 0x000001c8e69534a0 nmethod 13117 0x000001c8d15b0310 code [0x000001c8d15b0540, 0x000001c8d15b0f58]
Event: 28.266 Thread 0x000001c8e69534a0 13118       1       com.sun.tools.javac.code.Type$JCPrimitiveType$2::constValue (5 bytes)
Event: 28.266 Thread 0x000001c8e69534a0 nmethod 13118 0x000001c8d8037410 code [0x000001c8d80375a0, 0x000001c8d8037678]
Event: 28.266 Thread 0x000001c8e69534a0 13119       3       com.sun.tools.javac.jvm.Code::newLocal (25 bytes)
Event: 28.267 Thread 0x000001c8e69534a0 nmethod 13119 0x000001c8d15b1310 code [0x000001c8d15b1540, 0x000001c8d15b1e18]
Event: 28.267 Thread 0x000001c8e69534a0 13120       3       com.sun.tools.javac.util.Bits::<init> (6 bytes)
Event: 28.267 Thread 0x000001c8e69534a0 nmethod 13120 0x000001c8d15b2190 code [0x000001c8d15b2340, 0x000001c8d15b2588]
Event: 28.350 Thread 0x000001c8eee8f050 nmethod 13061 0x000001c8d8037710 code [0x000001c8d8037b40, 0x000001c8d803b420]
Event: 28.350 Thread 0x000001c8eee8f050 13064   !   4       com.sun.tools.javac.code.Types$MembersClosureCache::visitClassType (216 bytes)

GC Heap History (20 events):
Event: 17.320 GC heap before
{Heap before GC invocations=38 (full 0):
 garbage-first heap   total 106496K, used 85304K [0x0000000080000000, 0x0000000100000000)
  region size 1024K, 28 young (28672K), 1 survivors (1024K)
 Metaspace       used 80105K, committed 80704K, reserved 1122304K
  class space    used 10865K, committed 11136K, reserved 1048576K
}
Event: 17.326 GC heap after
{Heap after GC invocations=39 (full 0):
 garbage-first heap   total 129024K, used 59957K [0x0000000080000000, 0x0000000100000000)
  region size 1024K, 3 young (3072K), 3 survivors (3072K)
 Metaspace       used 80105K, committed 80704K, reserved 1122304K
  class space    used 10865K, committed 11136K, reserved 1048576K
}
Event: 18.695 GC heap before
{Heap before GC invocations=40 (full 0):
 garbage-first heap   total 129024K, used 100917K [0x0000000080000000, 0x0000000100000000)
  region size 1024K, 43 young (44032K), 3 survivors (3072K)
 Metaspace       used 84485K, committed 85120K, reserved 1122304K
  class space    used 11553K, committed 11840K, reserved 1048576K
}
Event: 18.704 GC heap after
{Heap after GC invocations=41 (full 0):
 garbage-first heap   total 129024K, used 62130K [0x0000000080000000, 0x0000000100000000)
  region size 1024K, 5 young (5120K), 5 survivors (5120K)
 Metaspace       used 84485K, committed 85120K, reserved 1122304K
  class space    used 11553K, committed 11840K, reserved 1048576K
}
Event: 18.737 GC heap before
{Heap before GC invocations=41 (full 0):
 garbage-first heap   total 129024K, used 63154K [0x0000000080000000, 0x0000000100000000)
  region size 1024K, 6 young (6144K), 5 survivors (5120K)
 Metaspace       used 84550K, committed 85184K, reserved 1122304K
  class space    used 11561K, committed 11840K, reserved 1048576K
}
Event: 18.746 GC heap after
{Heap after GC invocations=42 (full 0):
 garbage-first heap   total 129024K, used 62174K [0x0000000080000000, 0x0000000100000000)
  region size 1024K, 1 young (1024K), 1 survivors (1024K)
 Metaspace       used 84550K, committed 85184K, reserved 1122304K
  class space    used 11561K, committed 11840K, reserved 1048576K
}
Event: 20.303 GC heap before
{Heap before GC invocations=42 (full 0):
 garbage-first heap   total 129024K, used 102110K [0x0000000080000000, 0x0000000100000000)
  region size 1024K, 40 young (40960K), 1 survivors (1024K)
 Metaspace       used 88056K, committed 88768K, reserved 1130496K
  class space    used 12006K, committed 12352K, reserved 1048576K
}
Event: 20.311 GC heap after
{Heap after GC invocations=43 (full 0):
 garbage-first heap   total 129024K, used 65909K [0x0000000080000000, 0x0000000100000000)
  region size 1024K, 5 young (5120K), 5 survivors (5120K)
 Metaspace       used 88056K, committed 88768K, reserved 1130496K
  class space    used 12006K, committed 12352K, reserved 1048576K
}
Event: 21.219 GC heap before
{Heap before GC invocations=44 (full 0):
 garbage-first heap   total 129024K, used 103797K [0x0000000080000000, 0x0000000100000000)
  region size 1024K, 42 young (43008K), 5 survivors (5120K)
 Metaspace       used 88905K, committed 89600K, reserved 1130496K
  class space    used 12158K, committed 12480K, reserved 1048576K
}
Event: 21.231 GC heap after
{Heap after GC invocations=45 (full 0):
 garbage-first heap   total 129024K, used 71903K [0x0000000080000000, 0x0000000100000000)
  region size 1024K, 6 young (6144K), 6 survivors (6144K)
 Metaspace       used 88905K, committed 89600K, reserved 1130496K
  class space    used 12158K, committed 12480K, reserved 1048576K
}
Event: 21.281 GC heap before
{Heap before GC invocations=45 (full 0):
 garbage-first heap   total 129024K, used 72927K [0x0000000080000000, 0x0000000100000000)
  region size 1024K, 7 young (7168K), 6 survivors (6144K)
 Metaspace       used 89047K, committed 89664K, reserved 1130496K
  class space    used 12187K, committed 12480K, reserved 1048576K
}
Event: 21.290 GC heap after
{Heap after GC invocations=46 (full 0):
 garbage-first heap   total 129024K, used 72669K [0x0000000080000000, 0x0000000100000000)
  region size 1024K, 1 young (1024K), 1 survivors (1024K)
 Metaspace       used 89047K, committed 89664K, reserved 1130496K
  class space    used 12187K, committed 12480K, reserved 1048576K
}
Event: 22.164 GC heap before
{Heap before GC invocations=46 (full 0):
 garbage-first heap   total 129024K, used 104413K [0x0000000080000000, 0x0000000100000000)
  region size 1024K, 32 young (32768K), 1 survivors (1024K)
 Metaspace       used 89963K, committed 90688K, reserved 1130496K
  class space    used 12334K, committed 12672K, reserved 1048576K
}
Event: 22.172 GC heap after
{Heap after GC invocations=47 (full 0):
 garbage-first heap   total 129024K, used 75730K [0x0000000080000000, 0x0000000100000000)
  region size 1024K, 4 young (4096K), 4 survivors (4096K)
 Metaspace       used 89963K, committed 90688K, reserved 1130496K
  class space    used 12334K, committed 12672K, reserved 1048576K
}
Event: 22.836 GC heap before
{Heap before GC invocations=48 (full 0):
 garbage-first heap   total 133120K, used 104402K [0x0000000080000000, 0x0000000100000000)
  region size 1024K, 33 young (33792K), 4 survivors (4096K)
 Metaspace       used 90235K, committed 90944K, reserved 1130496K
  class space    used 12340K, committed 12672K, reserved 1048576K
}
Event: 22.844 GC heap after
{Heap after GC invocations=49 (full 0):
 garbage-first heap   total 133120K, used 77981K [0x0000000080000000, 0x0000000100000000)
  region size 1024K, 3 young (3072K), 3 survivors (3072K)
 Metaspace       used 90235K, committed 90944K, reserved 1130496K
  class space    used 12340K, committed 12672K, reserved 1048576K
}
Event: 22.892 GC heap before
{Heap before GC invocations=49 (full 0):
 garbage-first heap   total 133120K, used 80029K [0x0000000080000000, 0x0000000100000000)
  region size 1024K, 6 young (6144K), 3 survivors (3072K)
 Metaspace       used 90373K, committed 91008K, reserved 1130496K
  class space    used 12367K, committed 12672K, reserved 1048576K
}
Event: 22.897 GC heap after
{Heap after GC invocations=50 (full 0):
 garbage-first heap   total 266240K, used 78083K [0x0000000080000000, 0x0000000100000000)
  region size 1024K, 1 young (1024K), 1 survivors (1024K)
 Metaspace       used 90373K, committed 91008K, reserved 1130496K
  class space    used 12367K, committed 12672K, reserved 1048576K
}
Event: 26.099 GC heap before
{Heap before GC invocations=50 (full 0):
 garbage-first heap   total 266240K, used 197891K [0x0000000080000000, 0x0000000100000000)
  region size 1024K, 116 young (118784K), 1 survivors (1024K)
 Metaspace       used 99672K, committed 100352K, reserved 1138688K
  class space    used 13423K, committed 13760K, reserved 1048576K
}
Event: 26.133 GC heap after
{Heap after GC invocations=51 (full 0):
 garbage-first heap   total 266240K, used 95075K [0x0000000080000000, 0x0000000100000000)
  region size 1024K, 15 young (15360K), 15 survivors (15360K)
 Metaspace       used 99672K, committed 100352K, reserved 1138688K
  class space    used 13423K, committed 13760K, reserved 1048576K
}

Dll operation events (2 events):
Event: 0.013 Loaded shared library C:\Program Files\Android\Android Studio\jbr\bin\java.dll
Event: 0.770 Loaded shared library C:\Program Files\Android\Android Studio\jbr\bin\verify.dll

Deoptimization events (20 events):
Event: 27.940 Thread 0x000001c8e95f26a0 Uncommon trap: trap_request=0xffffff3d fr.pc=0x000001c8d7f2b594 relative=0x0000000000000214
Event: 27.940 Thread 0x000001c8e95f26a0 Uncommon trap: reason=unstable_fused_if action=reinterpret pc=0x000001c8d7f2b594 method=com.sun.tools.javac.util.Convert.chars2utf([CI[BII)I @ 28 c2
Event: 27.940 Thread 0x000001c8e95f26a0 DEOPT PACKING pc=0x000001c8d7f2b594 sp=0x000000167ddf8670
Event: 27.940 Thread 0x000001c8e95f26a0 DEOPT UNPACKING pc=0x000001c8d741a1a3 sp=0x000000167ddf85d0 mode 2
Event: 27.994 Thread 0x000001c8e95f26a0 Uncommon trap: trap_request=0xffffffc6 fr.pc=0x000001c8d8005bc4 relative=0x0000000000000384
Event: 27.994 Thread 0x000001c8e95f26a0 Uncommon trap: reason=bimorphic_or_optimized_type_check action=maybe_recompile pc=0x000001c8d8005bc4 method=com.sun.tools.javac.code.Types$5.visitClassType(Lcom/sun/tools/javac/code/Type$ClassType;Lcom/sun/tools/javac/code/Type;)Ljava/lang/Boolean; @ 95 c
Event: 27.994 Thread 0x000001c8e95f26a0 DEOPT PACKING pc=0x000001c8d8005bc4 sp=0x000000167ddf6d30
Event: 27.994 Thread 0x000001c8e95f26a0 DEOPT UNPACKING pc=0x000001c8d741a1a3 sp=0x000000167ddf6ce8 mode 2
Event: 28.015 Thread 0x000001c8e95f26a0 Uncommon trap: trap_request=0xffffff45 fr.pc=0x000001c8d801b948 relative=0x0000000000000768
Event: 28.015 Thread 0x000001c8e95f26a0 Uncommon trap: reason=unstable_if action=reinterpret pc=0x000001c8d801b948 method=com.sun.tools.javac.code.Types$14.visitClassType(Lcom/sun/tools/javac/code/Type$ClassType;Ljava/lang/Boolean;)Lcom/sun/tools/javac/code/Type; @ 16 c2
Event: 28.015 Thread 0x000001c8e95f26a0 DEOPT PACKING pc=0x000001c8d801b948 sp=0x000000167ddf7c50
Event: 28.015 Thread 0x000001c8e95f26a0 DEOPT UNPACKING pc=0x000001c8d741a1a3 sp=0x000000167ddf7bc0 mode 2
Event: 28.015 Thread 0x000001c8e95f26a0 Uncommon trap: trap_request=0xffffff45 fr.pc=0x000001c8d801a574 relative=0x0000000000000714
Event: 28.015 Thread 0x000001c8e95f26a0 Uncommon trap: reason=unstable_if action=reinterpret pc=0x000001c8d801a574 method=com.sun.tools.javac.code.Types$14.visitClassType(Lcom/sun/tools/javac/code/Type$ClassType;Ljava/lang/Boolean;)Lcom/sun/tools/javac/code/Type; @ 16 c2
Event: 28.015 Thread 0x000001c8e95f26a0 DEOPT PACKING pc=0x000001c8d801a574 sp=0x000000167ddf7b10
Event: 28.015 Thread 0x000001c8e95f26a0 DEOPT UNPACKING pc=0x000001c8d741a1a3 sp=0x000000167ddf7b08 mode 2
Event: 28.141 Thread 0x000001c8e95f26a0 Uncommon trap: trap_request=0xffffff45 fr.pc=0x000001c8d7ff75b8 relative=0x0000000000000b18
Event: 28.141 Thread 0x000001c8e95f26a0 Uncommon trap: reason=unstable_if action=reinterpret pc=0x000001c8d7ff75b8 method=com.sun.tools.javac.code.Types$15.visitClassType(Lcom/sun/tools/javac/code/Type$ClassType;Ljava/lang/Void;)Lcom/sun/tools/javac/code/Type; @ 43 c2
Event: 28.141 Thread 0x000001c8e95f26a0 DEOPT PACKING pc=0x000001c8d7ff75b8 sp=0x000000167ddf9580
Event: 28.141 Thread 0x000001c8e95f26a0 DEOPT UNPACKING pc=0x000001c8d741a1a3 sp=0x000000167ddf9570 mode 2

Classes unloaded (0 events):
No events

Classes redefined (0 events):
No events

Internal exceptions (20 events):
Event: 27.217 Thread 0x000001c8e95f26a0 Exception <a 'sun/nio/fs/WindowsException'{0x000000008f4e13f8}> (0x000000008f4e13f8) 
thrown [s\src\hotspot\share\prims\jni.cpp, line 517]
Event: 27.225 Thread 0x000001c8e95f26a0 Exception <a 'sun/nio/fs/WindowsException'{0x000000008f303b30}> (0x000000008f303b30) 
thrown [s\src\hotspot\share\prims\jni.cpp, line 517]
Event: 27.226 Thread 0x000001c8e95f26a0 Exception <a 'sun/nio/fs/WindowsException'{0x000000008f304d30}> (0x000000008f304d30) 
thrown [s\src\hotspot\share\prims\jni.cpp, line 517]
Event: 27.476 Thread 0x000001c8e95f26a0 Exception <a 'sun/nio/fs/WindowsException'{0x000000008eee5660}> (0x000000008eee5660) 
thrown [s\src\hotspot\share\prims\jni.cpp, line 517]
Event: 27.651 Thread 0x000001c8e95f26a0 Exception <a 'sun/nio/fs/WindowsException'{0x000000008eeef788}> (0x000000008eeef788) 
thrown [s\src\hotspot\share\prims\jni.cpp, line 517]
Event: 27.833 Thread 0x000001c8e95f26a0 Exception <a 'sun/nio/fs/WindowsException'{0x000000008eef6708}> (0x000000008eef6708) 
thrown [s\src\hotspot\share\prims\jni.cpp, line 517]
Event: 27.840 Thread 0x000001c8e95f26a0 Exception <a 'sun/nio/fs/WindowsException'{0x000000008eefb1f0}> (0x000000008eefb1f0) 
thrown [s\src\hotspot\share\prims\jni.cpp, line 517]
Event: 27.857 Thread 0x000001c8e95f26a0 Exception <a 'sun/nio/fs/WindowsException'{0x000000008ed0d4b0}> (0x000000008ed0d4b0) 
thrown [s\src\hotspot\share\prims\jni.cpp, line 517]
Event: 27.930 Thread 0x000001c8e95f26a0 Exception <a 'sun/nio/fs/WindowsException'{0x000000008ea4dc40}> (0x000000008ea4dc40) 
thrown [s\src\hotspot\share\prims\jni.cpp, line 517]
Event: 27.940 Thread 0x000001c8e95f26a0 Exception <a 'sun/nio/fs/WindowsException'{0x000000008ea55cd8}> (0x000000008ea55cd8) 
thrown [s\src\hotspot\share\prims\jni.cpp, line 517]
Event: 27.964 Thread 0x000001c8e95f26a0 Exception <a 'sun/nio/fs/WindowsException'{0x000000008ea5b308}> (0x000000008ea5b308) 
thrown [s\src\hotspot\share\prims\jni.cpp, line 517]
Event: 27.966 Thread 0x000001c8e95f26a0 Exception <a 'sun/nio/fs/WindowsException'{0x000000008ea5fc18}> (0x000000008ea5fc18) 
thrown [s\src\hotspot\share\prims\jni.cpp, line 517]
Event: 27.971 Thread 0x000001c8e95f26a0 Exception <a 'sun/nio/fs/WindowsException'{0x000000008ea6bd10}> (0x000000008ea6bd10) 
thrown [s\src\hotspot\share\prims\jni.cpp, line 517]
Event: 28.027 Thread 0x000001c8e95f26a0 Exception <a 'sun/nio/fs/WindowsException'{0x000000008e74de50}> (0x000000008e74de50) 
thrown [s\src\hotspot\share\prims\jni.cpp, line 517]
Event: 28.049 Thread 0x000001c8e95f26a0 Exception <a 'sun/nio/fs/WindowsException'{0x000000008e754b38}> (0x000000008e754b38) 
thrown [s\src\hotspot\share\prims\jni.cpp, line 517]
Event: 28.083 Thread 0x000001c8e95f26a0 Exception <a 'sun/nio/fs/WindowsException'{0x000000008e7595e8}> (0x000000008e7595e8) 
thrown [s\src\hotspot\share\prims\jni.cpp, line 517]
Event: 28.124 Thread 0x000001c8e95f26a0 Exception <a 'sun/nio/fs/WindowsException'{0x000000008e75e5a0}> (0x000000008e75e5a0) 
thrown [s\src\hotspot\share\prims\jni.cpp, line 517]
Event: 28.137 Thread 0x000001c8e95f26a0 Exception <a 'sun/nio/fs/WindowsException'{0x000000008e76acd0}> (0x000000008e76acd0) 
thrown [s\src\hotspot\share\prims\jni.cpp, line 517]
Event: 28.269 Thread 0x000001c8e95f26a0 Exception <a 'sun/nio/fs/WindowsException'{0x000000008e51a528}> (0x000000008e51a528) 
thrown [s\src\hotspot\share\prims\jni.cpp, line 517]
Event: 28.269 Thread 0x000001c8e95f26a0 Exception <a 'sun/nio/fs/WindowsException'{0x000000008e51b730}> (0x000000008e51b730) 
thrown [s\src\hotspot\share\prims\jni.cpp, line 517]

VM Operations (20 events):
Event: 26.953 Executing VM operation: HandshakeAllThreads
Event: 26.953 Executing VM operation: HandshakeAllThreads done
Event: 27.025 Executing VM operation: ICBufferFull
Event: 27.025 Executing VM operation: ICBufferFull done
Event: 27.052 Executing VM operation: HandshakeAllThreads
Event: 27.052 Executing VM operation: HandshakeAllThreads done
Event: 27.134 Executing VM operation: ICBufferFull
Event: 27.134 Executing VM operation: ICBufferFull done
Event: 27.256 Executing VM operation: ICBufferFull
Event: 27.256 Executing VM operation: ICBufferFull done
Event: 27.400 Executing VM operation: HandshakeAllThreads
Event: 27.400 Executing VM operation: HandshakeAllThreads done
Event: 27.413 Executing VM operation: HandshakeAllThreads
Event: 27.413 Executing VM operation: HandshakeAllThreads done
Event: 27.469 Executing VM operation: ICBufferFull
Event: 27.470 Executing VM operation: ICBufferFull done
Event: 27.974 Executing VM operation: ICBufferFull
Event: 27.974 Executing VM operation: ICBufferFull done
Event: 28.265 Executing VM operation: ICBufferFull
Event: 28.265 Executing VM operation: ICBufferFull done

Events (20 events):
Event: 26.202 Thread 0x000001c8e69b4b60 flushing nmethod 0x000001c8d04e1b90
Event: 26.204 Thread 0x000001c8e69b4b60 flushing nmethod 0x000001c8d0754610
Event: 26.204 Thread 0x000001c8e69b4b60 flushing nmethod 0x000001c8d0754b10
Event: 26.204 Thread 0x000001c8e69b4b60 flushing nmethod 0x000001c8d0780c90
Event: 26.204 Thread 0x000001c8e69b4b60 flushing nmethod 0x000001c8d07b3810
Event: 26.204 Thread 0x000001c8e69b4b60 flushing nmethod 0x000001c8d07d2710
Event: 26.205 Thread 0x000001c8e69b4b60 flushing nmethod 0x000001c8d0877b90
Event: 26.205 Thread 0x000001c8e69b4b60 flushing nmethod 0x000001c8d0881310
Event: 26.205 Thread 0x000001c8e69b4b60 flushing nmethod 0x000001c8d08b8e10
Event: 26.205 Thread 0x000001c8e69b4b60 flushing nmethod 0x000001c8d08ea990
Event: 26.205 Thread 0x000001c8e69b4b60 flushing nmethod 0x000001c8d0957610
Event: 26.210 Thread 0x000001c8e69b4b60 flushing nmethod 0x000001c8d0eeec10
Event: 27.027 loading class java/text/BreakIterator
Event: 27.027 loading class java/text/BreakIterator done
Event: 27.053 loading class java/util/function/ToIntBiFunction
Event: 27.053 loading class java/util/function/ToIntBiFunction done
Event: 27.064 loading class java/nio/file/Path$1
Event: 27.064 loading class java/nio/file/Path$1 done
Event: 27.066 loading class java/nio/channels/Channels$1
Event: 27.067 loading class java/nio/channels/Channels$1 done


Dynamic libraries:
0x00007ff6f2370000 - 0x00007ff6f237a000 	C:\Program Files\Android\Android Studio\jbr\bin\java.exe
0x00007ffb43930000 - 0x00007ffb43b28000 	C:\WINDOWS\SYSTEM32\ntdll.dll
0x00007ffb42020000 - 0x00007ffb420dd000 	C:\WINDOWS\System32\KERNEL32.DLL
0x00007ffb41140000 - 0x00007ffb41436000 	C:\WINDOWS\System32\KERNELBASE.dll
0x00007ffb41530000 - 0x00007ffb41630000 	C:\WINDOWS\System32\ucrtbase.dll
0x00007ffb3ad80000 - 0x00007ffb3ad97000 	C:\Program Files\Android\Android Studio\jbr\bin\jli.dll
0x00007ffb3e140000 - 0x00007ffb3e15b000 	C:\Program Files\Android\Android Studio\jbr\bin\VCRUNTIME140.dll
0x00007ffb42830000 - 0x00007ffb429ce000 	C:\WINDOWS\System32\USER32.dll
0x00007ffb2eab0000 - 0x00007ffb2ed4a000 	C:\WINDOWS\WinSxS\amd64_microsoft.windows.common-controls_6595b64144ccf1df_6.0.19041.3636_none_60b6a03d71f818d5\COMCTL32.dll
0x00007ffb43820000 - 0x00007ffb438be000 	C:\WINDOWS\System32\msvcrt.dll
0x00007ffb41960000 - 0x00007ffb41982000 	C:\WINDOWS\System32\win32u.dll
0x00007ffb435b0000 - 0x00007ffb435dc000 	C:\WINDOWS\System32\GDI32.dll
0x00007ffb41840000 - 0x00007ffb4195a000 	C:\WINDOWS\System32\gdi32full.dll
0x00007ffb41010000 - 0x00007ffb410ad000 	C:\WINDOWS\System32\msvcp_win.dll
0x00007ffb433f0000 - 0x00007ffb43420000 	C:\WINDOWS\System32\IMM32.DLL
0x00007ffb3e130000 - 0x00007ffb3e13c000 	C:\Program Files\Android\Android Studio\jbr\bin\vcruntime140_1.dll
0x00007ffb0e870000 - 0x00007ffb0e8fd000 	C:\Program Files\Android\Android Studio\jbr\bin\msvcp140.dll
0x00007ffb07a20000 - 0x00007ffb0868e000 	C:\Program Files\Android\Android Studio\jbr\bin\server\jvm.dll
0x00007ffb435e0000 - 0x00007ffb4368f000 	C:\WINDOWS\System32\ADVAPI32.dll
0x00007ffb42b70000 - 0x00007ffb42c0c000 	C:\WINDOWS\System32\sechost.dll
0x00007ffb41ef0000 - 0x00007ffb42016000 	C:\WINDOWS\System32\RPCRT4.dll
0x00007ffb3e3e0000 - 0x00007ffb3e3e9000 	C:\WINDOWS\SYSTEM32\WSOCK32.dll
0x00007ffb429d0000 - 0x00007ffb42a3b000 	C:\WINDOWS\System32\WS2_32.dll
0x00007ffb21b80000 - 0x00007ffb21ba7000 	C:\WINDOWS\SYSTEM32\WINMM.dll
0x00007ffb327a0000 - 0x00007ffb327aa000 	C:\WINDOWS\SYSTEM32\VERSION.dll
0x00007ffb3f860000 - 0x00007ffb3f872000 	C:\WINDOWS\SYSTEM32\kernel.appcore.dll
0x00007ffb3e3d0000 - 0x00007ffb3e3da000 	C:\Program Files\Android\Android Studio\jbr\bin\jimage.dll
0x00007ffb3ee20000 - 0x00007ffb3f004000 	C:\WINDOWS\SYSTEM32\DBGHELP.DLL
0x00007ffb2a060000 - 0x00007ffb2a094000 	C:\WINDOWS\SYSTEM32\dbgcore.DLL
0x00007ffb410b0000 - 0x00007ffb41132000 	C:\WINDOWS\System32\bcryptPrimitives.dll
0x00007ffb3ae00000 - 0x00007ffb3ae25000 	C:\Program Files\Android\Android Studio\jbr\bin\java.dll
0x00007ffb3e2b0000 - 0x00007ffb3e2c8000 	C:\Program Files\Android\Android Studio\jbr\bin\zip.dll
0x00007ffb420e0000 - 0x00007ffb42824000 	C:\WINDOWS\System32\SHELL32.dll
0x00007ffb3f010000 - 0x00007ffb3f7ab000 	C:\WINDOWS\SYSTEM32\windows.storage.dll
0x00007ffb42c10000 - 0x00007ffb42f64000 	C:\WINDOWS\System32\combase.dll
0x00007ffb409e0000 - 0x00007ffb40a0d000 	C:\WINDOWS\SYSTEM32\Wldp.dll
0x00007ffb42ac0000 - 0x00007ffb42b6d000 	C:\WINDOWS\System32\SHCORE.dll
0x00007ffb43420000 - 0x00007ffb43475000 	C:\WINDOWS\System32\shlwapi.dll
0x00007ffb40f40000 - 0x00007ffb40f65000 	C:\WINDOWS\SYSTEM32\profapi.dll
0x00007ffb3c970000 - 0x00007ffb3c989000 	C:\Program Files\Android\Android Studio\jbr\bin\net.dll
0x00007ffb32590000 - 0x00007ffb3269a000 	C:\WINDOWS\SYSTEM32\WINHTTP.dll
0x00007ffb406e0000 - 0x00007ffb4074a000 	C:\WINDOWS\system32\mswsock.dll
0x00007ffb3c690000 - 0x00007ffb3c6a6000 	C:\Program Files\Android\Android Studio\jbr\bin\nio.dll
0x00007ffb3e010000 - 0x00007ffb3e020000 	C:\Program Files\Android\Android Studio\jbr\bin\verify.dll
0x00007ffb38d80000 - 0x00007ffb38da7000 	C:\Users\caot4\.gradle\native\68d5fa5c4cc2d200863cafc0d521ce42e7d3e7ee720ec0a83991735586a16f82\windows-amd64\native-platform.dll
0x00007ffb0e260000 - 0x00007ffb0e3a4000 	C:\Users\caot4\.gradle\native\e376f236ea51e6404a007f0833ffe2c6e607c4080706a723a18a27aeea778392\windows-amd64\native-platform-file-events.dll
0x00007ffb3cb80000 - 0x00007ffb3cb89000 	C:\Program Files\Android\Android Studio\jbr\bin\management.dll
0x00007ffb3cb60000 - 0x00007ffb3cb6b000 	C:\Program Files\Android\Android Studio\jbr\bin\management_ext.dll
0x00007ffb438e0000 - 0x00007ffb438e8000 	C:\WINDOWS\System32\PSAPI.DLL
0x00007ffb40940000 - 0x00007ffb40958000 	C:\WINDOWS\SYSTEM32\CRYPTSP.dll
0x00007ffb40010000 - 0x00007ffb40044000 	C:\WINDOWS\system32\rsaenh.dll
0x00007ffb41440000 - 0x00007ffb41467000 	C:\WINDOWS\System32\bcrypt.dll
0x00007ffb40f00000 - 0x00007ffb40f2e000 	C:\WINDOWS\SYSTEM32\USERENV.dll
0x00007ffb40930000 - 0x00007ffb4093c000 	C:\WINDOWS\SYSTEM32\CRYPTBASE.dll
0x00007ffb403d0000 - 0x00007ffb4040b000 	C:\WINDOWS\SYSTEM32\IPHLPAPI.DLL
0x00007ffb43480000 - 0x00007ffb43488000 	C:\WINDOWS\System32\NSI.dll
0x00007ffb35e40000 - 0x00007ffb35e57000 	C:\WINDOWS\SYSTEM32\dhcpcsvc6.DLL
0x00007ffb379c0000 - 0x00007ffb379dd000 	C:\WINDOWS\SYSTEM32\dhcpcsvc.DLL
0x00007ffb40410000 - 0x00007ffb404da000 	C:\WINDOWS\SYSTEM32\DNSAPI.dll
0x00007ffb3c760000 - 0x00007ffb3c767000 	C:\WINDOWS\system32\wshunix.dll

dbghelp: loaded successfully - version: 4.0.5 - missing functions: none
symbol engine: initialized successfully - sym options: 0x614 - pdb path: .;C:\Program Files\Android\Android Studio\jbr\bin;C:\WINDOWS\SYSTEM32;C:\WINDOWS\WinSxS\amd64_microsoft.windows.common-controls_6595b64144ccf1df_6.0.19041.3636_none_60b6a03d71f818d5;C:\Program Files\Android\Android Studio\jbr\bin\server;C:\Users\caot4\.gradle\native\68d5fa5c4cc2d200863cafc0d521ce42e7d3e7ee720ec0a83991735586a16f82\windows-amd64;C:\Users\caot4\.gradle\native\e376f236ea51e6404a007f0833ffe2c6e607c4080706a723a18a27aeea778392\windows-amd64

VM Arguments:
jvm_args: --add-opens=java.base/java.util=ALL-UNNAMED --add-opens=java.base/java.lang=ALL-UNNAMED --add-opens=java.base/java.lang.invoke=ALL-UNNAMED --add-opens=java.prefs/java.util.prefs=ALL-UNNAMED --add-opens=java.base/java.nio.charset=ALL-UNNAMED --add-opens=java.base/java.net=ALL-UNNAMED --add-opens=java.base/java.util.concurrent.atomic=ALL-UNNAMED -Xmx2048m -Dfile.encoding=UTF-8 -Duser.country=US -Duser.language=en -Duser.variant 
java_command: org.gradle.launcher.daemon.bootstrap.GradleDaemon 8.0
java_class_path (initial): C:\Users\caot4\.gradle\wrapper\dists\gradle-8.0-bin\ca5e32bp14vu59qr306oxotwh\gradle-8.0\lib\gradle-launcher-8.0.jar
Launcher Type: SUN_STANDARD

[Global flags]
     intx CICompilerCount                          = 3                                         {product} {ergonomic}
     uint ConcGCThreads                            = 1                                         {product} {ergonomic}
     uint G1ConcRefinementThreads                  = 4                                         {product} {ergonomic}
   size_t G1HeapRegionSize                         = 1048576                                   {product} {ergonomic}
    uintx GCDrainStackTargetSize                   = 64                                        {product} {ergonomic}
   size_t InitialHeapSize                          = 132120576                                 {product} {ergonomic}
   size_t MarkStackSize                            = 4194304                                   {product} {ergonomic}
   size_t MaxHeapSize                              = 2147483648                                {product} {command line}
   size_t MaxNewSize                               = 1287651328                                {product} {ergonomic}
   size_t MinHeapDeltaBytes                        = 1048576                                   {product} {ergonomic}
   size_t MinHeapSize                              = 8388608                                   {product} {ergonomic}
    uintx NonNMethodCodeHeapSize                   = 5832780                                {pd product} {ergonomic}
    uintx NonProfiledCodeHeapSize                  = 122912730                              {pd product} {ergonomic}
    uintx ProfiledCodeHeapSize                     = 122912730                              {pd product} {ergonomic}
    uintx ReservedCodeCacheSize                    = 251658240                              {pd product} {ergonomic}
     bool SegmentedCodeCache                       = true                                      {product} {ergonomic}
   size_t SoftMaxHeapSize                          = 2147483648                             {manageable} {ergonomic}
     bool UseCompressedClassPointers               = true                           {product lp64_product} {ergonomic}
     bool UseCompressedOops                        = true                           {product lp64_product} {ergonomic}
     bool UseG1GC                                  = true                                      {product} {ergonomic}
     bool UseLargePagesIndividualAllocation        = false                                  {pd product} {ergonomic}

Logging:
Log output configuration:
 #0: stdout all=warning uptime,level,tags
 #1: stderr all=off uptime,level,tags

Environment Variables:
PATH=C:\Program Files\Microsoft MPI\Bin\;C:\Program Files\Microsoft\jdk-11.0.16.101-hotspot\bin;C:\Program Files (x86)\NVIDIA Corporation\PhysX\Common;C:\WINDOWS\system32;C:\WINDOWS;C:\WINDOWS\System32\Wbem;C:\WINDOWS\System32\WindowsPowerShell\v1.0\;C:\WINDOWS\System32\OpenSSH\;C:\Program Files (x86)\dotnet\;C:\Program Files\Git\cmd;C:\Program Files\dotnet\;C:\Program Files\Azure Data Studio\bin;C:\Program Files (x86)\Microsoft SQL Server\160\Tools\Binn\;C:\Program Files\Microsoft SQL Server\160\Tools\Binn\;C:\Program Files\Microsoft SQL Server\Client SDK\ODBC\170\Tools\Binn\;C:\Program Files\Microsoft SQL Server\160\DTS\Binn\;C:\Program Files (x86)\Microsoft SQL Server\160\DTS\Binn\;C:\Program Files\Microsoft SQL Server\150\Tools\Binn\;C:\Program Files\dotnet;C:\Users\caot4\.dotnet\tools;C:\Users\caot4\.dnx\bin;C:\Users\caot4\AppData\Local\Microsoft\WindowsApps;C:\Program Files\Azure Data Studio\bin;C:\Users\caot4\.dotnet\tools;C:\Users\caot4\AppData\Local\Programs\Microsoft VS Code\bin;C:\Users\caot4\AppData\Local\GitHubDesktop\bin;;C:\Program Files\Azure Data Studio\bin
USERNAME=caot4
OS=Windows_NT
PROCESSOR_IDENTIFIER=Intel64 Family 6 Model 126 Stepping 5, GenuineIntel
TMP=C:\Users\caot4\AppData\Local\Temp
TEMP=C:\Users\caot4\AppData\Local\Temp


JNI global refs:
JNI global refs: 27, weak refs: 0

JNI global refs memory usage: 843, weak refs: 841


---------------  S Y S T E M  ---------------

OS:
 Windows 10 , 64 bit Build 19041 (10.0.19041.3636)
OS uptime: 0 days 21:40 hours

CPU: total 4 (initial active 4) (2 cores per cpu, 2 threads per core) family 6 model 126 stepping 5 microcode 0xa0, cx8, cmov, fxsr, ht, mmx, 3dnowpref, sse, sse2, sse3, ssse3, sse4.1, sse4.2, popcnt, lzcnt, tsc, tscinvbit, avx, avx2, aes, erms, clmul, bmi1, bmi2, adx, avx512f, avx512dq, avx512cd, avx512bw, avx512vl, sha, fma, vzeroupper, avx512_vpopcntdq, avx512_vpclmulqdq, avx512_vaes, avx512_vnni, clflush, clflushopt, avx512_vbmi2, avx512_vbmi

Memory: 4k page, system-wide physical 7998M (422M free)
TotalPageFile size 12094M (AvailPageFile size 3M)
current process WorkingSet (physical memory assigned to process): 403M, peak: 408M
current process commit charge ("private bytes"): 568M, peak: 571M

vm_info: OpenJDK 64-Bit Server VM (17.0.6+0-b2043.56-10027231) for windows-amd64 JRE (17.0.6+0-b2043.56-10027231), built on Apr 28 2023 00:43:19 by "androidbuild" with MS VC++ 16.10 / 16.11 (VS2019)

END.
