#
# There is insufficient memory for the Java Runtime Environment to continue.
# Native memory allocation (malloc) failed to allocate 32744 bytes for ChunkPool::allocate
# Possible reasons:
#   The system is out of physical RAM or swap space
#   The process is running with CompressedOops enabled, and the Java Heap may be blocking the growth of the native heap
# Possible solutions:
#   Reduce memory load on the system
#   Increase physical memory or swap space
#   Check if swap backing store is full
#   Decrease Java heap size (-Xmx/-Xms)
#   Decrease number of Java threads
#   Decrease Java thread stack sizes (-Xss)
#   Set larger code cache with -XX:ReservedCodeCacheSize=
#   JVM is running with Unscaled Compressed Oops mode in which the Java heap is
#     placed in the first 4GB address space. The Java Heap base address is the
#     maximum limit for the native heap growth. Please use -XX:HeapBaseMinAddress
#     to set the Java Heap base and to place the Java Heap above 4GB virtual address.
# This output file may be truncated or incomplete.
#
#  Out of Memory Error (arena.cpp:78), pid=6172, tid=5920
#
# JRE version: OpenJDK Runtime Environment (17.0.6) (build 17.0.6+0-b2043.56-10027231)
# Java VM: OpenJDK 64-Bit Server VM (17.0.6+0-b2043.56-10027231, mixed mode, tiered, compressed oops, compressed class ptrs, g1 gc, windows-amd64)
# No core dump will be written. Minidumps are not enabled by default on client versions of Windows
#

---------------  S U M M A R Y ------------

Command Line: --add-opens=java.base/java.util=ALL-UNNAMED --add-opens=java.base/java.lang=ALL-UNNAMED --add-opens=java.base/java.lang.invoke=ALL-UNNAMED --add-opens=java.prefs/java.util.prefs=ALL-UNNAMED --add-opens=java.base/java.nio.charset=ALL-UNNAMED --add-opens=java.base/java.net=ALL-UNNAMED --add-opens=java.base/java.util.concurrent.atomic=ALL-UNNAMED -Xmx2048m -Dfile.encoding=UTF-8 -Duser.country=US -Duser.language=en -Duser.variant org.gradle.launcher.daemon.bootstrap.GradleDaemon 8.0

Host: Intel(R) Core(TM) i3-1005G1 CPU @ 1.20GHz, 4 cores, 7G,  Windows 10 , 64 bit Build 19041 (10.0.19041.3636)
Time: Sat Nov 25 19:13:11 2023 SE Asia Standard Time elapsed time: 259.107525 seconds (0d 0h 4m 19s)

---------------  T H R E A D  ---------------

Current thread (0x00000251af428000):  JavaThread "C2 CompilerThread0" daemon [_thread_in_native, id=5920, stack(0x00000093f0900000,0x00000093f0a00000)]


Current CompileTask:
C2: 259107 19935 %     4       com.android.tools.r8.ir.optimize.F::m @ 1773 (1823 bytes)

Stack: [0x00000093f0900000,0x00000093f0a00000]
Native frames: (J=compiled Java code, j=interpreted, Vv=VM code, C=native code)
V  [jvm.dll+0x683c9a]
V  [jvm.dll+0x8427a4]
V  [jvm.dll+0x843f9e]
V  [jvm.dll+0x844603]
V  [jvm.dll+0x249b75]
V  [jvm.dll+0xabecc]
V  [jvm.dll+0xac27c]
V  [jvm.dll+0x36db9c]
V  [jvm.dll+0x56c5a8]
V  [jvm.dll+0x56b5c0]
V  [jvm.dll+0x56beb3]
V  [jvm.dll+0x332f60]
V  [jvm.dll+0x3323da]
V  [jvm.dll+0x21c201]
V  [jvm.dll+0x21b621]
V  [jvm.dll+0x1a4fdd]
V  [jvm.dll+0x22b098]
V  [jvm.dll+0x229159]
V  [jvm.dll+0x7f81ec]
V  [jvm.dll+0x7f274a]
V  [jvm.dll+0x682ad5]
C  [ucrtbase.dll+0x21bb2]
C  [KERNEL32.DLL+0x17344]
C  [ntdll.dll+0x526b1]


---------------  P R O C E S S  ---------------

Threads class SMR info:
_java_thread_list=0x00000251ba82a210, length=99, elements={
0x00000251954bbb20, 0x00000251aea839f0, 0x00000251aea84730, 0x00000251aeac32d0,
0x00000251aeac5ca0, 0x00000251aeac6560, 0x00000251af40a080, 0x00000251af428000,
0x00000251af42a520, 0x00000251af42b600, 0x00000251af59fc70, 0x00000251af5c7240,
0x00000251b0c680d0, 0x00000251b0cbcfa0, 0x00000251b0afc8e0, 0x00000251b1814030,
0x00000251b18149d0, 0x00000251b18119b0, 0x00000251b1812cf0, 0x00000251b1811e80,
0x00000251b1813690, 0x00000251b227cd30, 0x00000251b227b520, 0x00000251b227d6d0,
0x00000251b227e070, 0x00000251b227dba0, 0x00000251b227d200, 0x00000251b8045090,
0x00000251b3b218b0, 0x00000251b3b23a60, 0x00000251b3b22250, 0x00000251b3b20f10,
0x00000251b3b22bf0, 0x00000251b3b27420, 0x00000251b3b28290, 0x00000251b3b22720,
0x00000251b3b25270, 0x00000251b3b23f30, 0x00000251b3b23590, 0x00000251b3b25740,
0x00000251b3b28760, 0x00000251b3b24400, 0x00000251b3b21d80, 0x00000251b3b248d0,
0x00000251b3b260e0, 0x00000251b3b24da0, 0x00000251b3b265b0, 0x00000251b3b25c10,
0x00000251b3b26f50, 0x00000251b3b278f0, 0x00000251b3b27dc0, 0x00000251b3b213e0,
0x00000251b80446f0, 0x00000251b80493f0, 0x00000251b804b5a0, 0x00000251b804a730,
0x00000251b8047240, 0x00000251b8047710, 0x00000251b804a260, 0x00000251b804ac00,
0x00000251b80463d0, 0x00000251b8044220, 0x00000251b804ba70, 0x00000251b8045560,
0x00000251b8045a30, 0x00000251b8045f00, 0x00000251b80468a0, 0x00000251b8046d70,
0x00000251b8047be0, 0x00000251b80480b0, 0x00000251b8048580, 0x00000251b227eee0,
0x00000251b2278030, 0x00000251b2279370, 0x00000251b2279840, 0x00000251b2279d10,
0x00000251b227c860, 0x00000251b22789d0, 0x00000251b227a1e0, 0x00000251b227a6b0,
0x00000251b227ab80, 0x00000251b64e8e40, 0x00000251b64e5950, 0x00000251b64e5e20,
0x00000251b64e7630, 0x00000251b64e7fd0, 0x00000251b64e7b00, 0x00000251b7ba2d30,
0x00000251b7ba4ee0, 0x00000251b7ba36d0, 0x00000251b1812350, 0x00000251b1811010,
0x00000251ba767350, 0x00000251ba7617e0, 0x00000251ba7669b0, 0x00000251ba764cd0,
0x00000251ba763e60, 0x00000251ba766e80, 0x00000251ba7651a0
}

Java Threads: ( => current thread )
  0x00000251954bbb20 JavaThread "main" [_thread_blocked, id=4064, stack(0x00000093efc00000,0x00000093efd00000)]
  0x00000251aea839f0 JavaThread "Reference Handler" daemon [_thread_blocked, id=1744, stack(0x00000093f0300000,0x00000093f0400000)]
  0x00000251aea84730 JavaThread "Finalizer" daemon [_thread_blocked, id=4260, stack(0x00000093f0400000,0x00000093f0500000)]
  0x00000251aeac32d0 JavaThread "Signal Dispatcher" daemon [_thread_blocked, id=5348, stack(0x00000093f0500000,0x00000093f0600000)]
  0x00000251aeac5ca0 JavaThread "Attach Listener" daemon [_thread_blocked, id=904, stack(0x00000093f0600000,0x00000093f0700000)]
  0x00000251aeac6560 JavaThread "Service Thread" daemon [_thread_blocked, id=7768, stack(0x00000093f0700000,0x00000093f0800000)]
  0x00000251af40a080 JavaThread "Monitor Deflation Thread" daemon [_thread_blocked, id=4820, stack(0x00000093f0800000,0x00000093f0900000)]
=>0x00000251af428000 JavaThread "C2 CompilerThread0" daemon [_thread_in_native, id=5920, stack(0x00000093f0900000,0x00000093f0a00000)]
  0x00000251af42a520 JavaThread "C1 CompilerThread0" daemon [_thread_in_native, id=844, stack(0x00000093f0a00000,0x00000093f0b00000)]
  0x00000251af42b600 JavaThread "Sweeper thread" daemon [_thread_blocked, id=9788, stack(0x00000093f0b00000,0x00000093f0c00000)]
  0x00000251af59fc70 JavaThread "Common-Cleaner" daemon [_thread_blocked, id=1728, stack(0x00000093f0c00000,0x00000093f0d00000)]
  0x00000251af5c7240 JavaThread "Notification Thread" daemon [_thread_blocked, id=1848, stack(0x00000093f0d00000,0x00000093f0e00000)]
  0x00000251b0c680d0 JavaThread "Daemon health stats" [_thread_blocked, id=7292, stack(0x00000093f0f00000,0x00000093f1000000)]
  0x00000251b0cbcfa0 JavaThread "Incoming local TCP Connector on port 58400" [_thread_in_native, id=6704, stack(0x00000093f1300000,0x00000093f1400000)]
  0x00000251b0afc8e0 JavaThread "Daemon periodic checks" [_thread_blocked, id=5580, stack(0x00000093f1400000,0x00000093f1500000)]
  0x00000251b1814030 JavaThread "Cache worker for journal cache (C:\Users\caot4\.gradle\caches\journal-1)" [_thread_blocked, id=848, stack(0x00000093f1d00000,0x00000093f1e00000)]
  0x00000251b18149d0 JavaThread "File lock request listener" [_thread_in_native, id=2708, stack(0x00000093f1e00000,0x00000093f1f00000)]
  0x00000251b18119b0 JavaThread "Cache worker for file hash cache (C:\Users\caot4\.gradle\caches\8.0\fileHashes)" [_thread_blocked, id=1068, stack(0x00000093f1500000,0x00000093f1600000)]
  0x00000251b1812cf0 JavaThread "File watcher server" daemon [_thread_in_vm, id=9104, stack(0x00000093f2000000,0x00000093f2100000)]
  0x00000251b1811e80 JavaThread "File watcher consumer" daemon [_thread_in_vm, id=1544, stack(0x00000093f2100000,0x00000093f2200000)]
  0x00000251b1813690 JavaThread "Cache worker for file content cache (C:\Users\caot4\.gradle\caches\8.0\fileContent)" [_thread_blocked, id=9116, stack(0x00000093f2300000,0x00000093f2400000)]
  0x00000251b227cd30 JavaThread "Cache worker for execution history cache (C:\Users\caot4\.gradle\caches\8.0\executionHistory)" [_thread_blocked, id=6156, stack(0x00000093f2400000,0x00000093f2500000)]
  0x00000251b227b520 JavaThread "jar transforms" [_thread_blocked, id=9204, stack(0x00000093f2800000,0x00000093f2900000)]
  0x00000251b227d6d0 JavaThread "jar transforms Thread 2" [_thread_blocked, id=9084, stack(0x00000093f2a00000,0x00000093f2b00000)]
  0x00000251b227e070 JavaThread "Cache worker for kotlin-dsl (C:\Users\caot4\.gradle\caches\8.0\kotlin-dsl)" [_thread_blocked, id=2364, stack(0x00000093f2b00000,0x00000093f2c00000)]
  0x00000251b227dba0 JavaThread "jar transforms Thread 3" [_thread_blocked, id=9108, stack(0x00000093f2c00000,0x00000093f2d00000)]
  0x00000251b227d200 JavaThread "jar transforms Thread 4" [_thread_blocked, id=2680, stack(0x00000093f2d00000,0x00000093f2e00000)]
  0x00000251b8045090 JavaThread "Memory manager" [_thread_blocked, id=4424, stack(0x00000093f5900000,0x00000093f5a00000)]
  0x00000251b3b218b0 JavaThread "Daemon Thread 3" [_thread_blocked, id=7776, stack(0x00000093ef900000,0x00000093efa00000)]
  0x00000251b3b23a60 JavaThread "Handler for socket connection from /127.0.0.1:58400 to /127.0.0.1:58460" [_thread_in_native, id=8804, stack(0x00000093efa00000,0x00000093efb00000)]
  0x00000251b3b22250 JavaThread "Cancel handler" [_thread_blocked, id=3764, stack(0x00000093efb00000,0x00000093efc00000)]
  0x00000251b3b20f10 JavaThread "Daemon worker Thread 3" [_thread_blocked, id=8168, stack(0x00000093f1600000,0x00000093f1700000)]
  0x00000251b3b22bf0 JavaThread "Asynchronous log dispatcher for DefaultDaemonConnection: socket connection from /127.0.0.1:58400 to /127.0.0.1:58460" [_thread_blocked, id=4336, stack(0x00000093f1700000,0x00000093f1800000)]
  0x00000251b3b27420 JavaThread "Stdin handler" [_thread_blocked, id=5496, stack(0x00000093f1800000,0x00000093f1900000)]
  0x00000251b3b28290 JavaThread "Daemon client event forwarder" [_thread_blocked, id=1328, stack(0x00000093f1900000,0x00000093f1a00000)]
  0x00000251b3b22720 JavaThread "Cache worker for checksums cache (D:\FinalVersion\.gradle\8.0\checksums)" [_thread_blocked, id=9152, stack(0x00000093f1a00000,0x00000093f1b00000)]
  0x00000251b3b25270 JavaThread "Cache worker for cache directory md-rule (C:\Users\caot4\.gradle\caches\8.0\md-rule)" [_thread_blocked, id=3244, stack(0x00000093f1b00000,0x00000093f1c00000)]
  0x00000251b3b23f30 JavaThread "Cache worker for file hash cache (D:\FinalVersion\.gradle\8.0\fileHashes)" [_thread_blocked, id=8560, stack(0x00000093f1c00000,0x00000093f1d00000)]
  0x00000251b3b23590 JavaThread "Cache worker for cache directory md-supplier (C:\Users\caot4\.gradle\caches\8.0\md-supplier)" [_thread_blocked, id=9220, stack(0x00000093f1f00000,0x00000093f2000000)]
  0x00000251b3b25740 JavaThread "Cache worker for dependencies-accessors (D:\FinalVersion\.gradle\8.0\dependencies-accessors)" [_thread_blocked, id=7420, stack(0x00000093f2200000,0x00000093f2300000)]
  0x00000251b3b28760 JavaThread "Cache worker for Build Output Cleanup Cache (D:\FinalVersion\.gradle\buildOutputCleanup)" [_thread_blocked, id=6088, stack(0x00000093f2500000,0x00000093f2600000)]
  0x00000251b3b24400 JavaThread "Unconstrained build operations" [_thread_blocked, id=6728, stack(0x00000093f2600000,0x00000093f2700000)]
  0x00000251b3b21d80 JavaThread "Unconstrained build operations Thread 2" [_thread_blocked, id=2284, stack(0x00000093f2700000,0x00000093f2800000)]
  0x00000251b3b248d0 JavaThread "Unconstrained build operations Thread 3" [_thread_blocked, id=5916, stack(0x00000093f2e00000,0x00000093f2f00000)]
  0x00000251b3b260e0 JavaThread "Unconstrained build operations Thread 4" [_thread_blocked, id=8556, stack(0x00000093f2f00000,0x00000093f3000000)]
  0x00000251b3b24da0 JavaThread "Unconstrained build operations Thread 5" [_thread_blocked, id=9484, stack(0x00000093f3000000,0x00000093f3100000)]
  0x00000251b3b265b0 JavaThread "Unconstrained build operations Thread 6" [_thread_blocked, id=8544, stack(0x00000093f3100000,0x00000093f3200000)]
  0x00000251b3b25c10 JavaThread "Unconstrained build operations Thread 7" [_thread_blocked, id=6624, stack(0x00000093f3200000,0x00000093f3300000)]
  0x00000251b3b26f50 JavaThread "Unconstrained build operations Thread 8" [_thread_blocked, id=8824, stack(0x00000093f3300000,0x00000093f3400000)]
  0x00000251b3b278f0 JavaThread "Unconstrained build operations Thread 9" [_thread_blocked, id=8468, stack(0x00000093f3400000,0x00000093f3500000)]
  0x00000251b3b27dc0 JavaThread "Unconstrained build operations Thread 10" [_thread_blocked, id=10156, stack(0x00000093f3500000,0x00000093f3600000)]
  0x00000251b3b213e0 JavaThread "Unconstrained build operations Thread 11" [_thread_blocked, id=9600, stack(0x00000093f3600000,0x00000093f3700000)]
  0x00000251b80446f0 JavaThread "Unconstrained build operations Thread 12" [_thread_blocked, id=6092, stack(0x00000093f3700000,0x00000093f3800000)]
  0x00000251b80493f0 JavaThread "Unconstrained build operations Thread 13" [_thread_blocked, id=4824, stack(0x00000093f3800000,0x00000093f3900000)]
  0x00000251b804b5a0 JavaThread "Unconstrained build operations Thread 14" [_thread_blocked, id=4320, stack(0x00000093f3900000,0x00000093f3a00000)]
  0x00000251b804a730 JavaThread "Unconstrained build operations Thread 15" [_thread_blocked, id=10092, stack(0x00000093f3a00000,0x00000093f3b00000)]
  0x00000251b8047240 JavaThread "Unconstrained build operations Thread 16" [_thread_blocked, id=6412, stack(0x00000093f3b00000,0x00000093f3c00000)]
  0x00000251b8047710 JavaThread "Unconstrained build operations Thread 17" [_thread_blocked, id=5912, stack(0x00000093f3c00000,0x00000093f3d00000)]
  0x00000251b804a260 JavaThread "Unconstrained build operations Thread 18" [_thread_blocked, id=1032, stack(0x00000093f3d00000,0x00000093f3e00000)]
  0x00000251b804ac00 JavaThread "Unconstrained build operations Thread 19" [_thread_blocked, id=8292, stack(0x00000093f3e00000,0x00000093f3f00000)]
  0x00000251b80463d0 JavaThread "Unconstrained build operations Thread 20" [_thread_blocked, id=6644, stack(0x00000093f3f00000,0x00000093f4000000)]
  0x00000251b8044220 JavaThread "Unconstrained build operations Thread 21" [_thread_blocked, id=5848, stack(0x00000093f4000000,0x00000093f4100000)]
  0x00000251b804ba70 JavaThread "Unconstrained build operations Thread 22" [_thread_blocked, id=8152, stack(0x00000093f4100000,0x00000093f4200000)]
  0x00000251b8045560 JavaThread "Unconstrained build operations Thread 23" [_thread_blocked, id=228, stack(0x00000093f4200000,0x00000093f4300000)]
  0x00000251b8045a30 JavaThread "Unconstrained build operations Thread 24" [_thread_blocked, id=4004, stack(0x00000093f4300000,0x00000093f4400000)]
  0x00000251b8045f00 JavaThread "Unconstrained build operations Thread 25" [_thread_blocked, id=9752, stack(0x00000093f4400000,0x00000093f4500000)]
  0x00000251b80468a0 JavaThread "Unconstrained build operations Thread 26" [_thread_blocked, id=1844, stack(0x00000093f4500000,0x00000093f4600000)]
  0x00000251b8046d70 JavaThread "Unconstrained build operations Thread 27" [_thread_blocked, id=1308, stack(0x00000093f4600000,0x00000093f4700000)]
  0x00000251b8047be0 JavaThread "Unconstrained build operations Thread 28" [_thread_blocked, id=5068, stack(0x00000093f4700000,0x00000093f4800000)]
  0x00000251b80480b0 JavaThread "Unconstrained build operations Thread 29" [_thread_blocked, id=8044, stack(0x00000093f4800000,0x00000093f4900000)]
  0x00000251b8048580 JavaThread "Unconstrained build operations Thread 30" [_thread_blocked, id=5952, stack(0x00000093f4900000,0x00000093f4a00000)]
  0x00000251b227eee0 JavaThread "Unconstrained build operations Thread 31" [_thread_blocked, id=7736, stack(0x00000093f4a00000,0x00000093f4b00000)]
  0x00000251b2278030 JavaThread "Unconstrained build operations Thread 32" [_thread_blocked, id=8656, stack(0x00000093f4b00000,0x00000093f4c00000)]
  0x00000251b2279370 JavaThread "Unconstrained build operations Thread 33" [_thread_blocked, id=1156, stack(0x00000093f4c00000,0x00000093f4d00000)]
  0x00000251b2279840 JavaThread "Unconstrained build operations Thread 34" [_thread_blocked, id=1984, stack(0x00000093f4d00000,0x00000093f4e00000)]
  0x00000251b2279d10 JavaThread "Unconstrained build operations Thread 35" [_thread_blocked, id=5880, stack(0x00000093f4e00000,0x00000093f4f00000)]
  0x00000251b227c860 JavaThread "Unconstrained build operations Thread 36" [_thread_blocked, id=264, stack(0x00000093f4f00000,0x00000093f5000000)]
  0x00000251b22789d0 JavaThread "Unconstrained build operations Thread 37" [_thread_blocked, id=7196, stack(0x00000093f5000000,0x00000093f5100000)]
  0x00000251b227a1e0 JavaThread "Unconstrained build operations Thread 38" [_thread_blocked, id=2456, stack(0x00000093f5100000,0x00000093f5200000)]
  0x00000251b227a6b0 JavaThread "Unconstrained build operations Thread 39" [_thread_blocked, id=6128, stack(0x00000093f5200000,0x00000093f5300000)]
  0x00000251b227ab80 JavaThread "Unconstrained build operations Thread 40" [_thread_blocked, id=8100, stack(0x00000093f5300000,0x00000093f5400000)]
  0x00000251b64e8e40 JavaThread "build event listener" [_thread_blocked, id=7520, stack(0x00000093f5500000,0x00000093f5600000)]
  0x00000251b64e5950 JavaThread "included builds" [_thread_blocked, id=1644, stack(0x00000093f5400000,0x00000093f5500000)]
  0x00000251b64e5e20 JavaThread "Execution worker" [_thread_blocked, id=8884, stack(0x00000093f5600000,0x00000093f5700000)]
  0x00000251b64e7630 JavaThread "Execution worker Thread 2" [_thread_blocked, id=2900, stack(0x00000093f5700000,0x00000093f5800000)]
  0x00000251b64e7fd0 JavaThread "Execution worker Thread 3" [_thread_blocked, id=8632, stack(0x00000093f5800000,0x00000093f5900000)]
  0x00000251b64e7b00 JavaThread "Cache worker for execution history cache (D:\FinalVersion\.gradle\8.0\executionHistory)" [_thread_blocked, id=9248, stack(0x00000093f5a00000,0x00000093f5b00000)]
  0x00000251b7ba2d30 JavaThread "WorkerExecutor Queue" [_thread_blocked, id=9544, stack(0x00000093f5c00000,0x00000093f5d00000)]
  0x00000251b7ba4ee0 JavaThread "pool-9-thread-1" [_thread_blocked, id=8144, stack(0x00000093f5d00000,0x00000093f5e00000)]
  0x00000251b7ba36d0 JavaThread "stderr" [_thread_in_native, id=4788, stack(0x00000093f5e00000,0x00000093f5f00000)]
  0x00000251b1812350 JavaThread "stdout" [_thread_in_native, id=10116, stack(0x00000093f6000000,0x00000093f6100000)]
  0x00000251b1811010 JavaThread "Cache worker for Java compile cache (C:\Users\caot4\.gradle\caches\8.0\javaCompile)" [_thread_blocked, id=6252, stack(0x00000093f5b00000,0x00000093f5c00000)]
  0x00000251ba767350 JavaThread "Build operations" [_thread_blocked, id=8944, stack(0x00000093f6200000,0x00000093f6300000)]
  0x00000251ba7617e0 JavaThread "Build operations Thread 2" [_thread_blocked, id=5568, stack(0x00000093f6300000,0x00000093f6400000)]
  0x00000251ba7669b0 JavaThread "Build operations Thread 3" [_thread_blocked, id=8112, stack(0x00000093f6400000,0x00000093f6500000)]
  0x00000251ba764cd0 JavaThread "Build operations Thread 4" [_thread_blocked, id=388, stack(0x00000093f6500000,0x00000093f6600000)]
  0x00000251ba763e60 JavaThread "WorkerExecutor Queue Thread 2" [_thread_blocked, id=1940, stack(0x00000093f6100000,0x00000093f6200000)]
  0x00000251ba766e80 JavaThread "WorkerExecutor Queue Thread 3" [_thread_blocked, id=8976, stack(0x00000093f6600000,0x00000093f6700000)]
  0x00000251ba7651a0 JavaThread "WorkerExecutor Queue Thread 4" [_thread_in_Java, id=4244, stack(0x00000093f6700000,0x00000093f6800000)]

Other Threads:
  0x00000251aea33b60 VMThread "VM Thread" [stack: 0x00000093f0200000,0x00000093f0300000] [id=9124]
  0x00000251af5bcee0 WatcherThread [stack: 0x00000093f0e00000,0x00000093f0f00000] [id=5156]
  0x0000025195518210 GCTaskThread "GC Thread#0" [stack: 0x00000093efd00000,0x00000093efe00000] [id=5332]
  0x00000251af9fa430 GCTaskThread "GC Thread#1" [stack: 0x00000093f1000000,0x00000093f1100000] [id=588]
  0x00000251afaceeb0 GCTaskThread "GC Thread#2" [stack: 0x00000093f1100000,0x00000093f1200000] [id=6140]
  0x00000251b054b530 GCTaskThread "GC Thread#3" [stack: 0x00000093f1200000,0x00000093f1300000] [id=6360]
  0x0000025195529060 ConcurrentGCThread "G1 Main Marker" [stack: 0x00000093efe00000,0x00000093eff00000] [id=2272]
  0x000002519552a120 ConcurrentGCThread "G1 Conc#0" [stack: 0x00000093eff00000,0x00000093f0000000] [id=7156]
  0x00000251ae8e40b0 ConcurrentGCThread "G1 Refine#0" [stack: 0x00000093f0000000,0x00000093f0100000] [id=9436]
  0x00000251b1e171b0 ConcurrentGCThread "G1 Refine#1" [stack: 0x00000093f2900000,0x00000093f2a00000] [id=10184]
  0x00000251b7ef3740 ConcurrentGCThread "G1 Refine#2" [stack: 0x00000093f5f00000,0x00000093f6000000] [id=4200]
  0x00000251ae8e49e0 ConcurrentGCThread "G1 Service" [stack: 0x00000093f0100000,0x00000093f0200000] [id=6304]

Threads with active compile tasks:
C2 CompilerThread0   259157 19935 %     4       com.android.tools.r8.ir.optimize.F::m @ 1773 (1823 bytes)
C1 CompilerThread0   259157 20438 %     3       java.util.TimSort::mergeLo @ 153 (659 bytes)

VM state: not at safepoint (normal execution)

VM Mutex/Monitor currently owned by a thread: None

Heap address: 0x0000000080000000, size: 2048 MB, Compressed Oops mode: 32-bit

CDS archive(s) not mapped
Compressed class space mapped at: 0x0000000100000000-0x0000000140000000, reserved size: 1073741824
Narrow klass base: 0x0000000000000000, Narrow klass shift: 3, Narrow klass range: 0x140000000

GC Precious Log:
 CPUs: 4 total, 4 available
 Memory: 7998M
 Large Page Support: Disabled
 NUMA Support: Disabled
 Compressed Oops: Enabled (32-bit)
 Heap Region Size: 1M
 Heap Min Capacity: 8M
 Heap Initial Capacity: 126M
 Heap Max Capacity: 2G
 Pre-touch: Disabled
 Parallel Workers: 4
 Concurrent Workers: 1
 Concurrent Refinement Workers: 4
 Periodic GC: Disabled

Heap:
 garbage-first heap   total 258048K, used 165314K [0x0000000080000000, 0x0000000100000000)
  region size 1024K, 42 young (43008K), 2 survivors (2048K)
 Metaspace       used 128287K, committed 129216K, reserved 1163264K
  class space    used 17062K, committed 17536K, reserved 1048576K

Heap Regions: E=young(eden), S=young(survivor), O=old, HS=humongous(starts), HC=humongous(continues), CS=collection set, F=free, OA=open archive, CA=closed archive, TAMS=top-at-mark-start (previous, next)
|   0|0x0000000080000000, 0x0000000080100000, 0x0000000080100000|100%| O|  |TAMS 0x0000000080100000, 0x0000000080000000| Untracked 
|   1|0x0000000080100000, 0x0000000080200000, 0x0000000080200000|100%| O|  |TAMS 0x0000000080200000, 0x0000000080100000| Untracked 
|   2|0x0000000080200000, 0x0000000080300000, 0x0000000080300000|100%|HS|  |TAMS 0x0000000080300000, 0x0000000080200000| Complete 
|   3|0x0000000080300000, 0x0000000080400000, 0x0000000080400000|100%|HC|  |TAMS 0x0000000080400000, 0x0000000080300000| Complete 
|   4|0x0000000080400000, 0x0000000080500000, 0x0000000080500000|100%|HC|  |TAMS 0x0000000080500000, 0x0000000080400000| Complete 
|   5|0x0000000080500000, 0x0000000080600000, 0x0000000080600000|100%|HC|  |TAMS 0x0000000080600000, 0x0000000080500000| Complete 
|   6|0x0000000080600000, 0x0000000080700000, 0x0000000080700000|100%| O|  |TAMS 0x0000000080700000, 0x0000000080600000| Untracked 
|   7|0x0000000080700000, 0x0000000080800000, 0x0000000080800000|100%| O|  |TAMS 0x0000000080800000, 0x0000000080700000| Untracked 
|   8|0x0000000080800000, 0x0000000080900000, 0x0000000080900000|100%| O|  |TAMS 0x0000000080900000, 0x0000000080800000| Untracked 
|   9|0x0000000080900000, 0x0000000080a00000, 0x0000000080a00000|100%| O|  |TAMS 0x0000000080a00000, 0x0000000080900000| Untracked 
|  10|0x0000000080a00000, 0x0000000080b00000, 0x0000000080b00000|100%| O|  |TAMS 0x0000000080b00000, 0x0000000080a00000| Untracked 
|  11|0x0000000080b00000, 0x0000000080c00000, 0x0000000080c00000|100%| O|  |TAMS 0x0000000080c00000, 0x0000000080b00000| Untracked 
|  12|0x0000000080c00000, 0x0000000080d00000, 0x0000000080d00000|100%| O|  |TAMS 0x0000000080d00000, 0x0000000080c00000| Untracked 
|  13|0x0000000080d00000, 0x0000000080e00000, 0x0000000080e00000|100%| O|  |TAMS 0x0000000080e00000, 0x0000000080d00000| Untracked 
|  14|0x0000000080e00000, 0x0000000080f00000, 0x0000000080f00000|100%| O|  |TAMS 0x0000000080f00000, 0x0000000080e00000| Untracked 
|  15|0x0000000080f00000, 0x0000000081000000, 0x0000000081000000|100%| O|  |TAMS 0x0000000081000000, 0x0000000080f00000| Untracked 
|  16|0x0000000081000000, 0x0000000081100000, 0x0000000081100000|100%| O|  |TAMS 0x0000000081100000, 0x0000000081000000| Untracked 
|  17|0x0000000081100000, 0x0000000081200000, 0x0000000081200000|100%| O|  |TAMS 0x0000000081200000, 0x0000000081100000| Untracked 
|  18|0x0000000081200000, 0x0000000081300000, 0x0000000081300000|100%| O|  |TAMS 0x0000000081300000, 0x0000000081200000| Untracked 
|  19|0x0000000081300000, 0x0000000081400000, 0x0000000081400000|100%| O|  |TAMS 0x0000000081400000, 0x0000000081300000| Untracked 
|  20|0x0000000081400000, 0x0000000081500000, 0x0000000081500000|100%| O|  |TAMS 0x0000000081500000, 0x0000000081400000| Untracked 
|  21|0x0000000081500000, 0x0000000081600000, 0x0000000081600000|100%| O|  |TAMS 0x0000000081600000, 0x0000000081500000| Untracked 
|  22|0x0000000081600000, 0x0000000081700000, 0x0000000081700000|100%| O|  |TAMS 0x0000000081700000, 0x0000000081600000| Untracked 
|  23|0x0000000081700000, 0x0000000081800000, 0x0000000081800000|100%| O|  |TAMS 0x0000000081800000, 0x0000000081700000| Untracked 
|  24|0x0000000081800000, 0x0000000081900000, 0x0000000081900000|100%| O|  |TAMS 0x0000000081900000, 0x0000000081800000| Untracked 
|  25|0x0000000081900000, 0x0000000081a00000, 0x0000000081a00000|100%|HS|  |TAMS 0x0000000081a00000, 0x0000000081900000| Complete 
|  26|0x0000000081a00000, 0x0000000081b00000, 0x0000000081b00000|100%|HS|  |TAMS 0x0000000081b00000, 0x0000000081a00000| Complete 
|  27|0x0000000081b00000, 0x0000000081c00000, 0x0000000081c00000|100%| O|  |TAMS 0x0000000081c00000, 0x0000000081b00000| Untracked 
|  28|0x0000000081c00000, 0x0000000081d00000, 0x0000000081d00000|100%| O|  |TAMS 0x0000000081d00000, 0x0000000081c00000| Untracked 
|  29|0x0000000081d00000, 0x0000000081e00000, 0x0000000081e00000|100%| O|  |TAMS 0x0000000081e00000, 0x0000000081d00000| Untracked 
|  30|0x0000000081e00000, 0x0000000081f00000, 0x0000000081f00000|100%| O|  |TAMS 0x0000000081f00000, 0x0000000081e00000| Untracked 
|  31|0x0000000081f00000, 0x0000000082000000, 0x0000000082000000|100%| O|  |TAMS 0x0000000082000000, 0x0000000081f00000| Untracked 
|  32|0x0000000082000000, 0x0000000082100000, 0x0000000082100000|100%|HS|  |TAMS 0x0000000082100000, 0x0000000082000000| Complete 
|  33|0x0000000082100000, 0x0000000082200000, 0x0000000082200000|100%| O|  |TAMS 0x0000000082200000, 0x0000000082100000| Untracked 
|  34|0x0000000082200000, 0x0000000082300000, 0x0000000082300000|100%| O|  |TAMS 0x0000000082300000, 0x0000000082200000| Untracked 
|  35|0x0000000082300000, 0x0000000082300000, 0x0000000082400000|  0%| F|  |TAMS 0x0000000082300000, 0x0000000082300000| Untracked 
|  36|0x0000000082400000, 0x0000000082500000, 0x0000000082500000|100%| O|  |TAMS 0x0000000082500000, 0x0000000082400000| Untracked 
|  37|0x0000000082500000, 0x0000000082600000, 0x0000000082600000|100%| O|  |TAMS 0x0000000082600000, 0x0000000082500000| Untracked 
|  38|0x0000000082600000, 0x0000000082600000, 0x0000000082700000|  0%| F|  |TAMS 0x0000000082600000, 0x0000000082600000| Untracked 
|  39|0x0000000082700000, 0x0000000082800000, 0x0000000082800000|100%| O|  |TAMS 0x0000000082800000, 0x0000000082700000| Untracked 
|  40|0x0000000082800000, 0x0000000082800000, 0x0000000082900000|  0%| F|  |TAMS 0x0000000082800000, 0x0000000082800000| Untracked 
|  41|0x0000000082900000, 0x0000000082a00000, 0x0000000082a00000|100%| O|  |TAMS 0x0000000082a00000, 0x0000000082900000| Untracked 
|  42|0x0000000082a00000, 0x0000000082b00000, 0x0000000082b00000|100%| O|  |TAMS 0x0000000082b00000, 0x0000000082a00000| Untracked 
|  43|0x0000000082b00000, 0x0000000082c00000, 0x0000000082c00000|100%| O|  |TAMS 0x0000000082c00000, 0x0000000082b00000| Untracked 
|  44|0x0000000082c00000, 0x0000000082d00000, 0x0000000082d00000|100%| O|  |TAMS 0x0000000082d00000, 0x0000000082c00000| Untracked 
|  45|0x0000000082d00000, 0x0000000082e00000, 0x0000000082e00000|100%| O|  |TAMS 0x0000000082e00000, 0x0000000082d00000| Untracked 
|  46|0x0000000082e00000, 0x0000000082f00000, 0x0000000082f00000|100%| O|  |TAMS 0x0000000082f00000, 0x0000000082e00000| Untracked 
|  47|0x0000000082f00000, 0x0000000083000000, 0x0000000083000000|100%| O|  |TAMS 0x0000000083000000, 0x0000000082f00000| Untracked 
|  48|0x0000000083000000, 0x0000000083100000, 0x0000000083100000|100%| O|  |TAMS 0x0000000083100000, 0x0000000083000000| Untracked 
|  49|0x0000000083100000, 0x0000000083200000, 0x0000000083200000|100%| O|  |TAMS 0x0000000083200000, 0x0000000083100000| Untracked 
|  50|0x0000000083200000, 0x0000000083300000, 0x0000000083300000|100%| O|  |TAMS 0x0000000083300000, 0x0000000083200000| Untracked 
|  51|0x0000000083300000, 0x0000000083400000, 0x0000000083400000|100%| O|  |TAMS 0x0000000083400000, 0x0000000083300000| Untracked 
|  52|0x0000000083400000, 0x0000000083500000, 0x0000000083500000|100%| O|  |TAMS 0x0000000083500000, 0x0000000083400000| Untracked 
|  53|0x0000000083500000, 0x0000000083600000, 0x0000000083600000|100%| O|  |TAMS 0x0000000083600000, 0x0000000083500000| Untracked 
|  54|0x0000000083600000, 0x0000000083600000, 0x0000000083700000|  0%| F|  |TAMS 0x0000000083600000, 0x0000000083600000| Untracked 
|  55|0x0000000083700000, 0x0000000083700000, 0x0000000083800000|  0%| F|  |TAMS 0x0000000083700000, 0x0000000083700000| Untracked 
|  56|0x0000000083800000, 0x0000000083900000, 0x0000000083900000|100%| O|  |TAMS 0x0000000083900000, 0x0000000083800000| Untracked 
|  57|0x0000000083900000, 0x0000000083a00000, 0x0000000083a00000|100%| O|  |TAMS 0x0000000083a00000, 0x0000000083900000| Untracked 
|  58|0x0000000083a00000, 0x0000000083b00000, 0x0000000083b00000|100%| O|  |TAMS 0x0000000083b00000, 0x0000000083a00000| Untracked 
|  59|0x0000000083b00000, 0x0000000083c00000, 0x0000000083c00000|100%| O|  |TAMS 0x0000000083c00000, 0x0000000083b00000| Untracked 
|  60|0x0000000083c00000, 0x0000000083d00000, 0x0000000083d00000|100%| O|  |TAMS 0x0000000083d00000, 0x0000000083c00000| Untracked 
|  61|0x0000000083d00000, 0x0000000083e00000, 0x0000000083e00000|100%| O|  |TAMS 0x0000000083e00000, 0x0000000083d00000| Untracked 
|  62|0x0000000083e00000, 0x0000000083f00000, 0x0000000083f00000|100%| O|  |TAMS 0x0000000083f00000, 0x0000000083e00000| Untracked 
|  63|0x0000000083f00000, 0x0000000084000000, 0x0000000084000000|100%| O|  |TAMS 0x0000000084000000, 0x0000000083f00000| Untracked 
|  64|0x0000000084000000, 0x0000000084100000, 0x0000000084100000|100%| O|  |TAMS 0x0000000084100000, 0x0000000084000000| Untracked 
|  65|0x0000000084100000, 0x0000000084200000, 0x0000000084200000|100%| O|  |TAMS 0x0000000084200000, 0x0000000084100000| Untracked 
|  66|0x0000000084200000, 0x0000000084300000, 0x0000000084300000|100%| O|  |TAMS 0x0000000084300000, 0x0000000084200000| Untracked 
|  67|0x0000000084300000, 0x0000000084400000, 0x0000000084400000|100%| O|  |TAMS 0x0000000084400000, 0x0000000084300000| Untracked 
|  68|0x0000000084400000, 0x0000000084500000, 0x0000000084500000|100%| O|  |TAMS 0x0000000084500000, 0x0000000084400000| Untracked 
|  69|0x0000000084500000, 0x0000000084600000, 0x0000000084600000|100%| O|  |TAMS 0x0000000084500000, 0x0000000084500000| Untracked 
|  70|0x0000000084600000, 0x0000000084700000, 0x0000000084700000|100%| O|  |TAMS 0x0000000084700000, 0x0000000084600000| Untracked 
|  71|0x0000000084700000, 0x0000000084800000, 0x0000000084800000|100%| O|  |TAMS 0x0000000084800000, 0x0000000084700000| Untracked 
|  72|0x0000000084800000, 0x0000000084900000, 0x0000000084900000|100%| O|  |TAMS 0x0000000084900000, 0x0000000084800000| Untracked 
|  73|0x0000000084900000, 0x0000000084a00000, 0x0000000084a00000|100%| O|  |TAMS 0x0000000084a00000, 0x0000000084900000| Untracked 
|  74|0x0000000084a00000, 0x0000000084b00000, 0x0000000084b00000|100%| O|  |TAMS 0x0000000084b00000, 0x0000000084a00000| Untracked 
|  75|0x0000000084b00000, 0x0000000084c00000, 0x0000000084c00000|100%| O|  |TAMS 0x0000000084b00000, 0x0000000084b00000| Untracked 
|  76|0x0000000084c00000, 0x0000000084d00000, 0x0000000084d00000|100%| O|  |TAMS 0x0000000084c00000, 0x0000000084c00000| Untracked 
|  77|0x0000000084d00000, 0x0000000084e00000, 0x0000000084e00000|100%| O|  |TAMS 0x0000000084d00000, 0x0000000084d00000| Untracked 
|  78|0x0000000084e00000, 0x0000000084f00000, 0x0000000084f00000|100%| O|  |TAMS 0x0000000084e00000, 0x0000000084e00000| Untracked 
|  79|0x0000000084f00000, 0x0000000085000000, 0x0000000085000000|100%|HS|  |TAMS 0x0000000085000000, 0x0000000084f00000| Complete 
|  80|0x0000000085000000, 0x0000000085100000, 0x0000000085100000|100%|HC|  |TAMS 0x0000000085100000, 0x0000000085000000| Complete 
|  81|0x0000000085100000, 0x0000000085200000, 0x0000000085200000|100%| O|  |TAMS 0x0000000085200000, 0x0000000085100000| Untracked 
|  82|0x0000000085200000, 0x0000000085300000, 0x0000000085300000|100%| O|  |TAMS 0x0000000085300000, 0x0000000085200000| Untracked 
|  83|0x0000000085300000, 0x0000000085400000, 0x0000000085400000|100%| O|  |TAMS 0x0000000085400000, 0x0000000085300000| Untracked 
|  84|0x0000000085400000, 0x0000000085500000, 0x0000000085500000|100%| O|  |TAMS 0x0000000085400000, 0x0000000085400000| Untracked 
|  85|0x0000000085500000, 0x0000000085600000, 0x0000000085600000|100%| O|  |TAMS 0x0000000085600000, 0x0000000085500000| Untracked 
|  86|0x0000000085600000, 0x0000000085600000, 0x0000000085700000|  0%| F|  |TAMS 0x0000000085600000, 0x0000000085600000| Untracked 
|  87|0x0000000085700000, 0x0000000085700000, 0x0000000085800000|  0%| F|  |TAMS 0x0000000085700000, 0x0000000085700000| Untracked 
|  88|0x0000000085800000, 0x0000000085900000, 0x0000000085900000|100%| O|  |TAMS 0x0000000085800000, 0x0000000085800000| Untracked 
|  89|0x0000000085900000, 0x0000000085a00000, 0x0000000085a00000|100%| O|  |TAMS 0x0000000085a00000, 0x0000000085900000| Untracked 
|  90|0x0000000085a00000, 0x0000000085b00000, 0x0000000085b00000|100%| O|  |TAMS 0x0000000085b00000, 0x0000000085a00000| Untracked 
|  91|0x0000000085b00000, 0x0000000085c00000, 0x0000000085c00000|100%| O|  |TAMS 0x0000000085c00000, 0x0000000085b00000| Untracked 
|  92|0x0000000085c00000, 0x0000000085d00000, 0x0000000085d00000|100%| O|  |TAMS 0x0000000085c00000, 0x0000000085c00000| Untracked 
|  93|0x0000000085d00000, 0x0000000085e00000, 0x0000000085e00000|100%| O|  |TAMS 0x0000000085e00000, 0x0000000085d00000| Untracked 
|  94|0x0000000085e00000, 0x0000000085f00000, 0x0000000085f00000|100%| O|  |TAMS 0x0000000085f00000, 0x0000000085e00000| Untracked 
|  95|0x0000000085f00000, 0x0000000086000000, 0x0000000086000000|100%| O|  |TAMS 0x0000000086000000, 0x0000000085f00000| Untracked 
|  96|0x0000000086000000, 0x0000000086100000, 0x0000000086100000|100%| O|  |TAMS 0x0000000086000000, 0x0000000086000000| Untracked 
|  97|0x0000000086100000, 0x0000000086200000, 0x0000000086200000|100%| O|  |TAMS 0x0000000086100000, 0x0000000086100000| Untracked 
|  98|0x0000000086200000, 0x0000000086300000, 0x0000000086300000|100%| O|  |TAMS 0x0000000086200000, 0x0000000086200000| Untracked 
|  99|0x0000000086300000, 0x0000000086400000, 0x0000000086400000|100%| O|  |TAMS 0x0000000086400000, 0x0000000086300000| Untracked 
| 100|0x0000000086400000, 0x0000000086500000, 0x0000000086500000|100%| O|  |TAMS 0x0000000086500000, 0x0000000086400000| Untracked 
| 101|0x0000000086500000, 0x0000000086500000, 0x0000000086600000|  0%| F|  |TAMS 0x0000000086500000, 0x0000000086500000| Untracked 
| 102|0x0000000086600000, 0x0000000086600000, 0x0000000086700000|  0%| F|  |TAMS 0x0000000086600000, 0x0000000086600000| Untracked 
| 103|0x0000000086700000, 0x0000000086800000, 0x0000000086800000|100%| O|  |TAMS 0x0000000086800000, 0x0000000086700000| Untracked 
| 104|0x0000000086800000, 0x0000000086900000, 0x0000000086900000|100%| O|  |TAMS 0x0000000086900000, 0x0000000086800000| Untracked 
| 105|0x0000000086900000, 0x0000000086a00000, 0x0000000086a00000|100%| O|  |TAMS 0x0000000086a00000, 0x0000000086900000| Untracked 
| 106|0x0000000086a00000, 0x0000000086b00000, 0x0000000086b00000|100%| O|  |TAMS 0x0000000086b00000, 0x0000000086a00000| Untracked 
| 107|0x0000000086b00000, 0x0000000086c00000, 0x0000000086c00000|100%| O|  |TAMS 0x0000000086c00000, 0x0000000086b00000| Untracked 
| 108|0x0000000086c00000, 0x0000000086d00000, 0x0000000086d00000|100%| O|  |TAMS 0x0000000086d00000, 0x0000000086c00000| Untracked 
| 109|0x0000000086d00000, 0x0000000086d00000, 0x0000000086e00000|  0%| F|  |TAMS 0x0000000086d00000, 0x0000000086d00000| Untracked 
| 110|0x0000000086e00000, 0x0000000086f00000, 0x0000000086f00000|100%| O|  |TAMS 0x0000000086f00000, 0x0000000086e00000| Untracked 
| 111|0x0000000086f00000, 0x0000000087000000, 0x0000000087000000|100%| O|  |TAMS 0x0000000087000000, 0x0000000086f00000| Untracked 
| 112|0x0000000087000000, 0x0000000087000000, 0x0000000087100000|  0%| F|  |TAMS 0x0000000087000000, 0x0000000087000000| Untracked 
| 113|0x0000000087100000, 0x0000000087100000, 0x0000000087200000|  0%| F|  |TAMS 0x0000000087100000, 0x0000000087100000| Untracked 
| 114|0x0000000087200000, 0x0000000087200000, 0x0000000087300000|  0%| F|  |TAMS 0x0000000087200000, 0x0000000087200000| Untracked 
| 115|0x0000000087300000, 0x0000000087400000, 0x0000000087400000|100%| O|  |TAMS 0x0000000087300000, 0x0000000087300000| Untracked 
| 116|0x0000000087400000, 0x0000000087500000, 0x0000000087500000|100%| O|  |TAMS 0x0000000087500000, 0x0000000087400000| Untracked 
| 117|0x0000000087500000, 0x0000000087600000, 0x0000000087600000|100%| O|  |TAMS 0x0000000087600000, 0x0000000087500000| Untracked 
| 118|0x0000000087600000, 0x0000000087700000, 0x0000000087700000|100%| O|  |TAMS 0x0000000087700000, 0x0000000087600000| Untracked 
| 119|0x0000000087700000, 0x0000000087800000, 0x0000000087800000|100%| O|  |TAMS 0x0000000087800000, 0x0000000087700000| Untracked 
| 120|0x0000000087800000, 0x0000000087900000, 0x0000000087900000|100%| O|  |TAMS 0x0000000087900000, 0x0000000087800000| Untracked 
| 121|0x0000000087900000, 0x0000000087a00000, 0x0000000087a00000|100%| O|  |TAMS 0x0000000087a00000, 0x0000000087900000| Untracked 
| 122|0x0000000087a00000, 0x0000000087b00000, 0x0000000087b00000|100%| O|  |TAMS 0x0000000087b00000, 0x0000000087a00000| Untracked 
| 123|0x0000000087b00000, 0x0000000087c00000, 0x0000000087c00000|100%| O|  |TAMS 0x0000000087c00000, 0x0000000087b00000| Untracked 
| 124|0x0000000087c00000, 0x0000000087d00000, 0x0000000087d00000|100%| O|  |TAMS 0x0000000087cb5800, 0x0000000087c00000| Untracked 
| 125|0x0000000087d00000, 0x0000000087e00000, 0x0000000087e00000|100%| O|  |TAMS 0x0000000087d00000, 0x0000000087d00000| Untracked 
| 126|0x0000000087e00000, 0x0000000087f00000, 0x0000000087f00000|100%| O|  |TAMS 0x0000000087e00000, 0x0000000087e00000| Untracked 
| 127|0x0000000087f00000, 0x0000000088000000, 0x0000000088000000|100%| O|  |TAMS 0x0000000087f00000, 0x0000000087f00000| Untracked 
| 128|0x0000000088000000, 0x0000000088100000, 0x0000000088100000|100%| O|  |TAMS 0x0000000088000000, 0x0000000088000000| Untracked 
| 129|0x0000000088100000, 0x0000000088200000, 0x0000000088200000|100%| O|  |TAMS 0x0000000088100000, 0x0000000088100000| Untracked 
| 130|0x0000000088200000, 0x0000000088300000, 0x0000000088300000|100%| O|  |TAMS 0x0000000088200000, 0x0000000088200000| Untracked 
| 131|0x0000000088300000, 0x0000000088400000, 0x0000000088400000|100%| O|  |TAMS 0x0000000088300000, 0x0000000088300000| Untracked 
| 132|0x0000000088400000, 0x0000000088500000, 0x0000000088500000|100%| O|  |TAMS 0x0000000088400000, 0x0000000088400000| Untracked 
| 133|0x0000000088500000, 0x0000000088600000, 0x0000000088600000|100%| O|  |TAMS 0x0000000088500000, 0x0000000088500000| Untracked 
| 134|0x0000000088600000, 0x00000000886fb200, 0x0000000088700000| 98%| O|  |TAMS 0x0000000088600000, 0x0000000088600000| Untracked 
| 135|0x0000000088700000, 0x0000000088700000, 0x0000000088800000|  0%| F|  |TAMS 0x0000000088700000, 0x0000000088700000| Untracked 
| 136|0x0000000088800000, 0x0000000088800000, 0x0000000088900000|  0%| F|  |TAMS 0x0000000088800000, 0x0000000088800000| Untracked 
| 137|0x0000000088900000, 0x0000000088900000, 0x0000000088a00000|  0%| F|  |TAMS 0x0000000088900000, 0x0000000088900000| Untracked 
| 138|0x0000000088a00000, 0x0000000088a00000, 0x0000000088b00000|  0%| F|  |TAMS 0x0000000088a00000, 0x0000000088a00000| Untracked 
| 139|0x0000000088b00000, 0x0000000088b00000, 0x0000000088c00000|  0%| F|  |TAMS 0x0000000088b00000, 0x0000000088b00000| Untracked 
| 140|0x0000000088c00000, 0x0000000088c00000, 0x0000000088d00000|  0%| F|  |TAMS 0x0000000088c00000, 0x0000000088c00000| Untracked 
| 141|0x0000000088d00000, 0x0000000088d00000, 0x0000000088e00000|  0%| F|  |TAMS 0x0000000088d00000, 0x0000000088d00000| Untracked 
| 142|0x0000000088e00000, 0x0000000088e00000, 0x0000000088f00000|  0%| F|  |TAMS 0x0000000088e00000, 0x0000000088e00000| Untracked 
| 143|0x0000000088f00000, 0x0000000088f00000, 0x0000000089000000|  0%| F|  |TAMS 0x0000000088f00000, 0x0000000088f00000| Untracked 
| 144|0x0000000089000000, 0x0000000089000000, 0x0000000089100000|  0%| F|  |TAMS 0x0000000089000000, 0x0000000089000000| Untracked 
| 145|0x0000000089100000, 0x0000000089100000, 0x0000000089200000|  0%| F|  |TAMS 0x0000000089100000, 0x0000000089100000| Untracked 
| 146|0x0000000089200000, 0x0000000089200000, 0x0000000089300000|  0%| F|  |TAMS 0x0000000089200000, 0x0000000089200000| Untracked 
| 147|0x0000000089300000, 0x0000000089300000, 0x0000000089400000|  0%| F|  |TAMS 0x0000000089300000, 0x0000000089300000| Untracked 
| 148|0x0000000089400000, 0x0000000089400000, 0x0000000089500000|  0%| F|  |TAMS 0x0000000089400000, 0x0000000089400000| Untracked 
| 149|0x0000000089500000, 0x0000000089500000, 0x0000000089600000|  0%| F|  |TAMS 0x0000000089500000, 0x0000000089500000| Untracked 
| 150|0x0000000089600000, 0x0000000089600000, 0x0000000089700000|  0%| F|  |TAMS 0x0000000089600000, 0x0000000089600000| Untracked 
| 151|0x0000000089700000, 0x0000000089700000, 0x0000000089800000|  0%| F|  |TAMS 0x0000000089700000, 0x0000000089700000| Untracked 
| 152|0x0000000089800000, 0x0000000089800000, 0x0000000089900000|  0%| F|  |TAMS 0x0000000089800000, 0x0000000089800000| Untracked 
| 153|0x0000000089900000, 0x0000000089900000, 0x0000000089a00000|  0%| F|  |TAMS 0x0000000089900000, 0x0000000089900000| Untracked 
| 154|0x0000000089a00000, 0x0000000089a00000, 0x0000000089b00000|  0%| F|  |TAMS 0x0000000089a00000, 0x0000000089a00000| Untracked 
| 155|0x0000000089b00000, 0x0000000089b00000, 0x0000000089c00000|  0%| F|  |TAMS 0x0000000089b00000, 0x0000000089b00000| Untracked 
| 156|0x0000000089c00000, 0x0000000089c00000, 0x0000000089d00000|  0%| F|  |TAMS 0x0000000089c00000, 0x0000000089c00000| Untracked 
| 157|0x0000000089d00000, 0x0000000089d00000, 0x0000000089e00000|  0%| F|  |TAMS 0x0000000089d00000, 0x0000000089d00000| Untracked 
| 158|0x0000000089e00000, 0x0000000089e00000, 0x0000000089f00000|  0%| F|  |TAMS 0x0000000089e00000, 0x0000000089e00000| Untracked 
| 159|0x0000000089f00000, 0x0000000089f00000, 0x000000008a000000|  0%| F|  |TAMS 0x0000000089f00000, 0x0000000089f00000| Untracked 
| 160|0x000000008a000000, 0x000000008a000000, 0x000000008a100000|  0%| F|  |TAMS 0x000000008a000000, 0x000000008a000000| Untracked 
| 161|0x000000008a100000, 0x000000008a100000, 0x000000008a200000|  0%| F|  |TAMS 0x000000008a100000, 0x000000008a100000| Untracked 
| 162|0x000000008a200000, 0x000000008a200000, 0x000000008a300000|  0%| F|  |TAMS 0x000000008a200000, 0x000000008a200000| Untracked 
| 163|0x000000008a300000, 0x000000008a300000, 0x000000008a400000|  0%| F|  |TAMS 0x000000008a300000, 0x000000008a300000| Untracked 
| 164|0x000000008a400000, 0x000000008a400000, 0x000000008a500000|  0%| F|  |TAMS 0x000000008a400000, 0x000000008a400000| Untracked 
| 165|0x000000008a500000, 0x000000008a500000, 0x000000008a600000|  0%| F|  |TAMS 0x000000008a500000, 0x000000008a500000| Untracked 
| 166|0x000000008a600000, 0x000000008a600000, 0x000000008a700000|  0%| F|  |TAMS 0x000000008a600000, 0x000000008a600000| Untracked 
| 167|0x000000008a700000, 0x000000008a700000, 0x000000008a800000|  0%| F|  |TAMS 0x000000008a700000, 0x000000008a700000| Untracked 
| 168|0x000000008a800000, 0x000000008a800000, 0x000000008a900000|  0%| F|  |TAMS 0x000000008a800000, 0x000000008a800000| Untracked 
| 169|0x000000008a900000, 0x000000008a900000, 0x000000008aa00000|  0%| F|  |TAMS 0x000000008a900000, 0x000000008a900000| Untracked 
| 170|0x000000008aa00000, 0x000000008aa00000, 0x000000008ab00000|  0%| F|  |TAMS 0x000000008aa00000, 0x000000008aa00000| Untracked 
| 171|0x000000008ab00000, 0x000000008ab00000, 0x000000008ac00000|  0%| F|  |TAMS 0x000000008ab00000, 0x000000008ab00000| Untracked 
| 172|0x000000008ac00000, 0x000000008ac00000, 0x000000008ad00000|  0%| F|  |TAMS 0x000000008ac00000, 0x000000008ac00000| Untracked 
| 173|0x000000008ad00000, 0x000000008ad00000, 0x000000008ae00000|  0%| F|  |TAMS 0x000000008ad00000, 0x000000008ad00000| Untracked 
| 174|0x000000008ae00000, 0x000000008ae00000, 0x000000008af00000|  0%| F|  |TAMS 0x000000008ae00000, 0x000000008ae00000| Untracked 
| 175|0x000000008af00000, 0x000000008af00000, 0x000000008b000000|  0%| F|  |TAMS 0x000000008af00000, 0x000000008af00000| Untracked 
| 176|0x000000008b000000, 0x000000008b000000, 0x000000008b100000|  0%| F|  |TAMS 0x000000008b000000, 0x000000008b000000| Untracked 
| 177|0x000000008b100000, 0x000000008b100000, 0x000000008b200000|  0%| F|  |TAMS 0x000000008b100000, 0x000000008b100000| Untracked 
| 178|0x000000008b200000, 0x000000008b200000, 0x000000008b300000|  0%| F|  |TAMS 0x000000008b200000, 0x000000008b200000| Untracked 
| 179|0x000000008b300000, 0x000000008b300000, 0x000000008b400000|  0%| F|  |TAMS 0x000000008b300000, 0x000000008b300000| Untracked 
| 180|0x000000008b400000, 0x000000008b400000, 0x000000008b500000|  0%| F|  |TAMS 0x000000008b400000, 0x000000008b400000| Untracked 
| 181|0x000000008b500000, 0x000000008b500000, 0x000000008b600000|  0%| F|  |TAMS 0x000000008b500000, 0x000000008b500000| Untracked 
| 182|0x000000008b600000, 0x000000008b600000, 0x000000008b700000|  0%| F|  |TAMS 0x000000008b600000, 0x000000008b600000| Untracked 
| 183|0x000000008b700000, 0x000000008b700000, 0x000000008b800000|  0%| F|  |TAMS 0x000000008b700000, 0x000000008b700000| Untracked 
| 184|0x000000008b800000, 0x000000008b800000, 0x000000008b900000|  0%| F|  |TAMS 0x000000008b800000, 0x000000008b800000| Untracked 
| 185|0x000000008b900000, 0x000000008b900000, 0x000000008ba00000|  0%| F|  |TAMS 0x000000008b900000, 0x000000008b900000| Untracked 
| 186|0x000000008ba00000, 0x000000008ba00000, 0x000000008bb00000|  0%| F|  |TAMS 0x000000008ba00000, 0x000000008ba00000| Untracked 
| 187|0x000000008bb00000, 0x000000008bb00000, 0x000000008bc00000|  0%| F|  |TAMS 0x000000008bb00000, 0x000000008bb00000| Untracked 
| 188|0x000000008bc00000, 0x000000008bc00000, 0x000000008bd00000|  0%| F|  |TAMS 0x000000008bc00000, 0x000000008bc00000| Untracked 
| 189|0x000000008bd00000, 0x000000008bd00000, 0x000000008be00000|  0%| F|  |TAMS 0x000000008bd00000, 0x000000008bd00000| Untracked 
| 190|0x000000008be00000, 0x000000008be00000, 0x000000008bf00000|  0%| F|  |TAMS 0x000000008be00000, 0x000000008be00000| Untracked 
| 191|0x000000008bf00000, 0x000000008bf00000, 0x000000008c000000|  0%| F|  |TAMS 0x000000008bf00000, 0x000000008bf00000| Untracked 
| 192|0x000000008c000000, 0x000000008c000000, 0x000000008c100000|  0%| F|  |TAMS 0x000000008c000000, 0x000000008c000000| Untracked 
| 193|0x000000008c100000, 0x000000008c100000, 0x000000008c200000|  0%| F|  |TAMS 0x000000008c100000, 0x000000008c100000| Untracked 
| 194|0x000000008c200000, 0x000000008c200000, 0x000000008c300000|  0%| F|  |TAMS 0x000000008c200000, 0x000000008c200000| Untracked 
| 195|0x000000008c300000, 0x000000008c300000, 0x000000008c400000|  0%| F|  |TAMS 0x000000008c300000, 0x000000008c300000| Untracked 
| 196|0x000000008c400000, 0x000000008c400000, 0x000000008c500000|  0%| F|  |TAMS 0x000000008c400000, 0x000000008c400000| Untracked 
| 197|0x000000008c500000, 0x000000008c500000, 0x000000008c600000|  0%| F|  |TAMS 0x000000008c500000, 0x000000008c500000| Untracked 
| 198|0x000000008c600000, 0x000000008c600000, 0x000000008c700000|  0%| F|  |TAMS 0x000000008c600000, 0x000000008c600000| Untracked 
| 199|0x000000008c700000, 0x000000008c700000, 0x000000008c800000|  0%| F|  |TAMS 0x000000008c700000, 0x000000008c700000| Untracked 
| 200|0x000000008c800000, 0x000000008c800000, 0x000000008c900000|  0%| F|  |TAMS 0x000000008c800000, 0x000000008c800000| Untracked 
| 201|0x000000008c900000, 0x000000008c900000, 0x000000008ca00000|  0%| F|  |TAMS 0x000000008c900000, 0x000000008c900000| Untracked 
| 202|0x000000008ca00000, 0x000000008ca00000, 0x000000008cb00000|  0%| F|  |TAMS 0x000000008ca00000, 0x000000008ca00000| Untracked 
| 203|0x000000008cb00000, 0x000000008cb00000, 0x000000008cc00000|  0%| F|  |TAMS 0x000000008cb00000, 0x000000008cb00000| Untracked 
| 204|0x000000008cc00000, 0x000000008cc00000, 0x000000008cd00000|  0%| F|  |TAMS 0x000000008cc00000, 0x000000008cc00000| Untracked 
| 205|0x000000008cd00000, 0x000000008cd00000, 0x000000008ce00000|  0%| F|  |TAMS 0x000000008cd00000, 0x000000008cd00000| Untracked 
| 206|0x000000008ce00000, 0x000000008ce00000, 0x000000008cf00000|  0%| F|  |TAMS 0x000000008ce00000, 0x000000008ce00000| Untracked 
| 207|0x000000008cf00000, 0x000000008cf00000, 0x000000008d000000|  0%| F|  |TAMS 0x000000008cf00000, 0x000000008cf00000| Untracked 
| 208|0x000000008d000000, 0x000000008d000000, 0x000000008d100000|  0%| F|  |TAMS 0x000000008d000000, 0x000000008d000000| Untracked 
| 209|0x000000008d100000, 0x000000008d100000, 0x000000008d200000|  0%| F|  |TAMS 0x000000008d100000, 0x000000008d100000| Untracked 
| 210|0x000000008d200000, 0x000000008d2aaff8, 0x000000008d300000| 66%| E|  |TAMS 0x000000008d200000, 0x000000008d200000| Complete 
| 211|0x000000008d300000, 0x000000008d400000, 0x000000008d400000|100%| E|CS|TAMS 0x000000008d300000, 0x000000008d300000| Complete 
| 212|0x000000008d400000, 0x000000008d500000, 0x000000008d500000|100%| E|CS|TAMS 0x000000008d400000, 0x000000008d400000| Complete 
| 213|0x000000008d500000, 0x000000008d600000, 0x000000008d600000|100%| E|CS|TAMS 0x000000008d500000, 0x000000008d500000| Complete 
| 214|0x000000008d600000, 0x000000008d700000, 0x000000008d700000|100%| E|CS|TAMS 0x000000008d600000, 0x000000008d600000| Complete 
| 215|0x000000008d700000, 0x000000008d800000, 0x000000008d800000|100%| E|CS|TAMS 0x000000008d700000, 0x000000008d700000| Complete 
| 216|0x000000008d800000, 0x000000008d900000, 0x000000008d900000|100%| E|CS|TAMS 0x000000008d800000, 0x000000008d800000| Complete 
| 217|0x000000008d900000, 0x000000008da00000, 0x000000008da00000|100%| E|CS|TAMS 0x000000008d900000, 0x000000008d900000| Complete 
| 218|0x000000008da00000, 0x000000008db00000, 0x000000008db00000|100%| E|CS|TAMS 0x000000008da00000, 0x000000008da00000| Complete 
| 219|0x000000008db00000, 0x000000008dc00000, 0x000000008dc00000|100%| E|CS|TAMS 0x000000008db00000, 0x000000008db00000| Complete 
| 220|0x000000008dc00000, 0x000000008dd00000, 0x000000008dd00000|100%| E|CS|TAMS 0x000000008dc00000, 0x000000008dc00000| Complete 
| 221|0x000000008dd00000, 0x000000008de00000, 0x000000008de00000|100%| E|  |TAMS 0x000000008dd00000, 0x000000008dd00000| Complete 
| 222|0x000000008de00000, 0x000000008df00000, 0x000000008df00000|100%| E|CS|TAMS 0x000000008de00000, 0x000000008de00000| Complete 
| 223|0x000000008df00000, 0x000000008e000000, 0x000000008e000000|100%| E|CS|TAMS 0x000000008df00000, 0x000000008df00000| Complete 
| 224|0x000000008e000000, 0x000000008e100000, 0x000000008e100000|100%| E|CS|TAMS 0x000000008e000000, 0x000000008e000000| Complete 
| 225|0x000000008e100000, 0x000000008e200000, 0x000000008e200000|100%| E|CS|TAMS 0x000000008e100000, 0x000000008e100000| Complete 
| 226|0x000000008e200000, 0x000000008e300000, 0x000000008e300000|100%| E|CS|TAMS 0x000000008e200000, 0x000000008e200000| Complete 
| 227|0x000000008e300000, 0x000000008e400000, 0x000000008e400000|100%| E|CS|TAMS 0x000000008e300000, 0x000000008e300000| Complete 
| 228|0x000000008e400000, 0x000000008e500000, 0x000000008e500000|100%| E|CS|TAMS 0x000000008e400000, 0x000000008e400000| Complete 
| 229|0x000000008e500000, 0x000000008e600000, 0x000000008e600000|100%| E|CS|TAMS 0x000000008e500000, 0x000000008e500000| Complete 
| 230|0x000000008e600000, 0x000000008e700000, 0x000000008e700000|100%| E|CS|TAMS 0x000000008e600000, 0x000000008e600000| Complete 
| 231|0x000000008e700000, 0x000000008e800000, 0x000000008e800000|100%| E|CS|TAMS 0x000000008e700000, 0x000000008e700000| Complete 
| 232|0x000000008e800000, 0x000000008e900000, 0x000000008e900000|100%| E|CS|TAMS 0x000000008e800000, 0x000000008e800000| Complete 
| 233|0x000000008e900000, 0x000000008ea00000, 0x000000008ea00000|100%| E|CS|TAMS 0x000000008e900000, 0x000000008e900000| Complete 
| 234|0x000000008ea00000, 0x000000008eb00000, 0x000000008eb00000|100%| E|CS|TAMS 0x000000008ea00000, 0x000000008ea00000| Complete 
| 235|0x000000008eb00000, 0x000000008ec00000, 0x000000008ec00000|100%| E|CS|TAMS 0x000000008eb00000, 0x000000008eb00000| Complete 
| 236|0x000000008ec00000, 0x000000008ed00000, 0x000000008ed00000|100%| E|CS|TAMS 0x000000008ec00000, 0x000000008ec00000| Complete 
| 237|0x000000008ed00000, 0x000000008ee00000, 0x000000008ee00000|100%| E|CS|TAMS 0x000000008ed00000, 0x000000008ed00000| Complete 
| 238|0x000000008ee00000, 0x000000008ef00000, 0x000000008ef00000|100%| E|CS|TAMS 0x000000008ee00000, 0x000000008ee00000| Complete 
| 239|0x000000008ef00000, 0x000000008f000000, 0x000000008f000000|100%| E|CS|TAMS 0x000000008ef00000, 0x000000008ef00000| Complete 
| 240|0x000000008f000000, 0x000000008f100000, 0x000000008f100000|100%| E|CS|TAMS 0x000000008f000000, 0x000000008f000000| Complete 
| 241|0x000000008f100000, 0x000000008f200000, 0x000000008f200000|100%| E|CS|TAMS 0x000000008f100000, 0x000000008f100000| Complete 
| 242|0x000000008f200000, 0x000000008f300000, 0x000000008f300000|100%| E|CS|TAMS 0x000000008f200000, 0x000000008f200000| Complete 
| 243|0x000000008f300000, 0x000000008f400000, 0x000000008f400000|100%| E|CS|TAMS 0x000000008f300000, 0x000000008f300000| Complete 
| 244|0x000000008f400000, 0x000000008f500000, 0x000000008f500000|100%| E|CS|TAMS 0x000000008f400000, 0x000000008f400000| Complete 
| 245|0x000000008f500000, 0x000000008f600000, 0x000000008f600000|100%| E|CS|TAMS 0x000000008f500000, 0x000000008f500000| Complete 
| 246|0x000000008f600000, 0x000000008f700000, 0x000000008f700000|100%| E|CS|TAMS 0x000000008f600000, 0x000000008f600000| Complete 
| 247|0x000000008f700000, 0x000000008f800000, 0x000000008f800000|100%| E|CS|TAMS 0x000000008f700000, 0x000000008f700000| Complete 
| 248|0x000000008f800000, 0x000000008f900000, 0x000000008f900000|100%| E|CS|TAMS 0x000000008f800000, 0x000000008f800000| Complete 
| 249|0x000000008f900000, 0x000000008f9759c0, 0x000000008fa00000| 45%| S|CS|TAMS 0x000000008f900000, 0x000000008f900000| Complete 
| 282|0x0000000091a00000, 0x0000000091b00000, 0x0000000091b00000|100%| S|CS|TAMS 0x0000000091a00000, 0x0000000091a00000| Complete 
| 283|0x0000000091b00000, 0x0000000091c00000, 0x0000000091c00000|100%| E|CS|TAMS 0x0000000091b00000, 0x0000000091b00000| Complete 

Card table byte_map: [0x00000251a7d90000,0x00000251a8190000] _byte_map_base: 0x00000251a7990000

Marking Bits (Prev, Next): (CMBitMap*) 0x0000025195518730, (CMBitMap*) 0x0000025195518770
 Prev Bits: [0x00000251a8590000, 0x00000251aa590000)
 Next Bits: [0x00000251aa590000, 0x00000251ac590000)

Polling page: 0x00000251934a0000

Metaspace:

Usage:
  Non-class:    108.62 MB used.
      Class:     16.66 MB used.
       Both:    125.28 MB used.

Virtual space:
  Non-class space:      112.00 MB reserved,     109.06 MB ( 97%) committed,  14 nodes.
      Class space:        1.00 GB reserved,      17.12 MB (  2%) committed,  1 nodes.
             Both:        1.11 GB reserved,     126.19 MB ( 11%) committed. 

Chunk freelists:
   Non-Class:  2.20 MB
       Class:  2.73 MB
        Both:  4.94 MB

MaxMetaspaceSize: unlimited
CompressedClassSpaceSize: 1.00 GB
Initial GC threshold: 21.00 MB
Current GC threshold: 185.75 MB
CDS: off
MetaspaceReclaimPolicy: balanced
 - commit_granule_bytes: 65536.
 - commit_granule_words: 8192.
 - virtual_space_node_default_size: 1048576.
 - enlarge_chunks_in_place: 1.
 - new_chunks_are_fully_committed: 0.
 - uncommit_free_chunks: 1.
 - use_allocation_guard: 0.
 - handle_deallocations: 1.


Internal statistics:

num_allocs_failed_limit: 6.
num_arena_births: 1452.
num_arena_deaths: 6.
num_vsnodes_births: 15.
num_vsnodes_deaths: 0.
num_space_committed: 2018.
num_space_uncommitted: 0.
num_chunks_returned_to_freelist: 13.
num_chunks_taken_from_freelist: 6348.
num_chunk_merges: 8.
num_chunk_splits: 4259.
num_chunks_enlarged: 2899.
num_purges: 2.
num_inconsistent_stats: 0.

CodeHeap 'non-profiled nmethods': size=120000Kb used=10094Kb max_used=11072Kb free=109905Kb
 bounds [0x00000251a0460000, 0x00000251a0f40000, 0x00000251a7990000]
CodeHeap 'profiled nmethods': size=120000Kb used=34298Kb max_used=34838Kb free=85701Kb
 bounds [0x0000025198990000, 0x000002519aba0000, 0x000002519fec0000]
CodeHeap 'non-nmethods': size=5760Kb used=2461Kb max_used=2510Kb free=3298Kb
 bounds [0x000002519fec0000, 0x00000251a0150000, 0x00000251a0460000]
 total_blobs=17852 nmethods=16864 adapters=899
 compilation: enabled
              stopped_count=0, restarted_count=0
 full_count=0

Compilation events (20 events):
Event: 259.075 Thread 0x00000251af42a520 nmethod 20402 0x000002519a5a8810 code [0x000002519a5a89c0, 0x000002519a5a8bf8]
Event: 259.075 Thread 0x00000251af42a520 20403       2       com.android.tools.r8.graph.W2::d (16 bytes)
Event: 259.076 Thread 0x00000251af42a520 nmethod 20403 0x000002519a5aeb90 code [0x000002519a5aed40, 0x000002519a5aee98]
Event: 259.077 Thread 0x00000251af42a520 20404   !   2       com.android.tools.r8.graph.q2::d2 (37 bytes)
Event: 259.083 Thread 0x00000251af42a520 nmethod 20404 0x000002519a69ed10 code [0x000002519a69eee0, 0x000002519a69f2d8]
Event: 259.083 Thread 0x00000251af42a520 20416       2       java.util.HashMap::removeNode (291 bytes)
Event: 259.084 Thread 0x00000251af42a520 nmethod 20416 0x000002519ab8eb10 code [0x000002519ab8ed40, 0x000002519ab8f558]
Event: 259.084 Thread 0x00000251af42a520 20415       2       com.android.tools.r8.ir.optimize.k0::a (278 bytes)
Event: 259.088 Thread 0x00000251af42a520 nmethod 20415 0x000002519ab8fa10 code [0x000002519ab8fd80, 0x000002519ab90b98]
Event: 259.088 Thread 0x00000251af42a520 20414       2       com.android.tools.r8.ir.regalloc.b::a (86 bytes)
Event: 259.089 Thread 0x00000251af42a520 nmethod 20414 0x000002519ab91790 code [0x000002519ab919c0, 0x000002519ab91e68]
Event: 259.089 Thread 0x00000251af42a520 20418       2       com.android.tools.r8.ir.optimize.q0::a (520 bytes)
Event: 259.098 Thread 0x00000251af42a520 nmethod 20418 0x000002519ab92290 code [0x000002519ab92780, 0x000002519ab94518]
Event: 259.098 Thread 0x00000251af42a520 20439       2       com.android.tools.r8.ir.regalloc.c::C (11 bytes)
Event: 259.098 Thread 0x00000251af42a520 nmethod 20439 0x000002519a776310 code [0x000002519a7764c0, 0x000002519a776648]
Event: 259.098 Thread 0x00000251af42a520 20440   !   3       java.util.Map::forEach (81 bytes)
Event: 259.099 Thread 0x00000251af42a520 nmethod 20440 0x000002519ab95810 code [0x000002519ab95a60, 0x000002519ab964c8]
Event: 259.099 Thread 0x00000251af42a520 20441 %     3       com.android.tools.r8.internal.BR::a @ 73 (109 bytes)
Event: 259.099 Thread 0x00000251af42a520 nmethod 20441% 0x000002519ab96890 code [0x000002519ab96aa0, 0x000002519ab970a8]
Event: 259.099 Thread 0x00000251af42a520 20438 %     3       java.util.TimSort::mergeLo @ 153 (659 bytes)

GC Heap History (20 events):
Event: 156.312 GC heap before
{Heap before GC invocations=42 (full 0):
 garbage-first heap   total 215040K, used 110194K [0x0000000080000000, 0x0000000100000000)
  region size 1024K, 10 young (10240K), 5 survivors (5120K)
 Metaspace       used 100214K, committed 100992K, reserved 1138688K
  class space    used 13438K, committed 13824K, reserved 1048576K
}
Event: 156.329 GC heap after
{Heap after GC invocations=43 (full 0):
 garbage-first heap   total 215040K, used 99029K [0x0000000080000000, 0x0000000100000000)
  region size 1024K, 2 young (2048K), 2 survivors (2048K)
 Metaspace       used 100214K, committed 100992K, reserved 1138688K
  class space    used 13438K, committed 13824K, reserved 1048576K
}
Event: 243.787 GC heap before
{Heap before GC invocations=43 (full 0):
 garbage-first heap   total 215040K, used 165589K [0x0000000080000000, 0x0000000100000000)
  region size 1024K, 68 young (69632K), 2 survivors (2048K)
 Metaspace       used 100728K, committed 101440K, reserved 1138688K
  class space    used 13466K, committed 13824K, reserved 1048576K
}
Event: 243.916 GC heap after
{Heap after GC invocations=44 (full 0):
 garbage-first heap   total 215040K, used 104270K [0x0000000080000000, 0x0000000100000000)
  region size 1024K, 7 young (7168K), 7 survivors (7168K)
 Metaspace       used 100728K, committed 101440K, reserved 1138688K
  class space    used 13466K, committed 13824K, reserved 1048576K
}
Event: 248.896 GC heap before
{Heap before GC invocations=45 (full 0):
 garbage-first heap   total 215040K, used 168782K [0x0000000080000000, 0x0000000100000000)
  region size 1024K, 71 young (72704K), 7 survivors (7168K)
 Metaspace       used 101382K, committed 102208K, reserved 1138688K
  class space    used 13506K, committed 13888K, reserved 1048576K
}
Event: 248.943 GC heap after
{Heap after GC invocations=46 (full 0):
 garbage-first heap   total 215040K, used 113931K [0x0000000080000000, 0x0000000100000000)
  region size 1024K, 9 young (9216K), 9 survivors (9216K)
 Metaspace       used 101382K, committed 102208K, reserved 1138688K
  class space    used 13506K, committed 13888K, reserved 1048576K
}
Event: 248.954 GC heap before
{Heap before GC invocations=46 (full 0):
 garbage-first heap   total 215040K, used 114955K [0x0000000080000000, 0x0000000100000000)
  region size 1024K, 10 young (10240K), 9 survivors (9216K)
 Metaspace       used 101384K, committed 102208K, reserved 1138688K
  class space    used 13506K, committed 13888K, reserved 1048576K
}
Event: 248.996 GC heap after
{Heap after GC invocations=47 (full 0):
 garbage-first heap   total 215040K, used 107447K [0x0000000080000000, 0x0000000100000000)
  region size 1024K, 1 young (1024K), 1 survivors (1024K)
 Metaspace       used 101384K, committed 102208K, reserved 1138688K
  class space    used 13506K, committed 13888K, reserved 1048576K
}
Event: 250.509 GC heap before
{Heap before GC invocations=47 (full 0):
 garbage-first heap   total 215040K, used 166839K [0x0000000080000000, 0x0000000100000000)
  region size 1024K, 61 young (62464K), 1 survivors (1024K)
 Metaspace       used 108596K, committed 109376K, reserved 1146880K
  class space    used 14408K, committed 14784K, reserved 1048576K
}
Event: 250.519 GC heap after
{Heap after GC invocations=48 (full 0):
 garbage-first heap   total 258048K, used 110832K [0x0000000080000000, 0x0000000100000000)
  region size 1024K, 5 young (5120K), 5 survivors (5120K)
 Metaspace       used 108596K, committed 109376K, reserved 1146880K
  class space    used 14408K, committed 14784K, reserved 1048576K
}
Event: 254.293 GC heap before
{Heap before GC invocations=49 (full 0):
 garbage-first heap   total 258048K, used 200944K [0x0000000080000000, 0x0000000100000000)
  region size 1024K, 91 young (93184K), 5 survivors (5120K)
 Metaspace       used 111440K, committed 112256K, reserved 1146880K
  class space    used 14667K, committed 15104K, reserved 1048576K
}
Event: 254.316 GC heap after
{Heap after GC invocations=50 (full 0):
 garbage-first heap   total 258048K, used 123386K [0x0000000080000000, 0x0000000100000000)
  region size 1024K, 12 young (12288K), 12 survivors (12288K)
 Metaspace       used 111440K, committed 112256K, reserved 1146880K
  class space    used 14667K, committed 15104K, reserved 1048576K
}
Event: 254.335 GC heap before
{Heap before GC invocations=50 (full 0):
 garbage-first heap   total 258048K, used 124410K [0x0000000080000000, 0x0000000100000000)
  region size 1024K, 13 young (13312K), 12 survivors (12288K)
 Metaspace       used 111442K, committed 112256K, reserved 1146880K
  class space    used 14667K, committed 15104K, reserved 1048576K
}
Event: 254.384 GC heap after
{Heap after GC invocations=51 (full 0):
 garbage-first heap   total 258048K, used 116834K [0x0000000080000000, 0x0000000100000000)
  region size 1024K, 2 young (2048K), 2 survivors (2048K)
 Metaspace       used 111442K, committed 112256K, reserved 1146880K
  class space    used 14667K, committed 15104K, reserved 1048576K
}
Event: 256.447 GC heap before
{Heap before GC invocations=51 (full 0):
 garbage-first heap   total 258048K, used 186466K [0x0000000080000000, 0x0000000100000000)
  region size 1024K, 71 young (72704K), 2 survivors (2048K)
 Metaspace       used 112923K, committed 113792K, reserved 1155072K
  class space    used 14828K, committed 15296K, reserved 1048576K
}
Event: 256.458 GC heap after
{Heap after GC invocations=52 (full 0):
 garbage-first heap   total 258048K, used 120933K [0x0000000080000000, 0x0000000100000000)
  region size 1024K, 6 young (6144K), 6 survivors (6144K)
 Metaspace       used 112923K, committed 113792K, reserved 1155072K
  class space    used 14828K, committed 15296K, reserved 1048576K
}
Event: 258.219 GC heap before
{Heap before GC invocations=53 (full 0):
 garbage-first heap   total 258048K, used 204901K [0x0000000080000000, 0x0000000100000000)
  region size 1024K, 87 young (89088K), 6 survivors (6144K)
 Metaspace       used 125370K, committed 126208K, reserved 1163264K
  class space    used 16722K, committed 17152K, reserved 1048576K
}
Event: 258.243 GC heap after
{Heap after GC invocations=54 (full 0):
 garbage-first heap   total 258048K, used 129854K [0x0000000080000000, 0x0000000100000000)
  region size 1024K, 11 young (11264K), 11 survivors (11264K)
 Metaspace       used 125370K, committed 126208K, reserved 1163264K
  class space    used 16722K, committed 17152K, reserved 1048576K
}
Event: 258.260 GC heap before
{Heap before GC invocations=54 (full 0):
 garbage-first heap   total 258048K, used 130878K [0x0000000080000000, 0x0000000100000000)
  region size 1024K, 12 young (12288K), 11 survivors (11264K)
 Metaspace       used 125401K, committed 126208K, reserved 1163264K
  class space    used 16724K, committed 17152K, reserved 1048576K
}
Event: 258.298 GC heap after
{Heap after GC invocations=55 (full 0):
 garbage-first heap   total 258048K, used 126402K [0x0000000080000000, 0x0000000100000000)
  region size 1024K, 2 young (2048K), 2 survivors (2048K)
 Metaspace       used 125401K, committed 126208K, reserved 1163264K
  class space    used 16724K, committed 17152K, reserved 1048576K
}

Dll operation events (2 events):
Event: 0.019 Loaded shared library C:\Program Files\Android\Android Studio\jbr\bin\java.dll
Event: 0.570 Loaded shared library C:\Program Files\Android\Android Studio\jbr\bin\verify.dll

Deoptimization events (20 events):
Event: 259.019 Thread 0x00000251ba7651a0 DEOPT PACKING pc=0x000002519aa63199 sp=0x00000093f67fcd20
Event: 259.019 Thread 0x00000251ba7651a0 DEOPT UNPACKING pc=0x000002519ff1ace3 sp=0x00000093f67fc1b8 mode 0
Event: 259.035 Thread 0x00000251ba7651a0 Uncommon trap: trap_request=0xffffffde fr.pc=0x00000251a0a2bd88 relative=0x0000000000000c28
Event: 259.035 Thread 0x00000251ba7651a0 Uncommon trap: reason=class_check action=maybe_recompile pc=0x00000251a0a2bd88 method=java.util.HashMap.removeNode(ILjava/lang/Object;Ljava/lang/Object;ZZ)Ljava/util/HashMap$Node; @ 143 c2
Event: 259.035 Thread 0x00000251ba7651a0 DEOPT PACKING pc=0x00000251a0a2bd88 sp=0x00000093f67fc710
Event: 259.035 Thread 0x00000251ba7651a0 DEOPT UNPACKING pc=0x000002519ff1a1a3 sp=0x00000093f67fc6a8 mode 2
Event: 259.035 Thread 0x00000251ba7651a0 Uncommon trap: trap_request=0xffffffde fr.pc=0x00000251a0a2bd88 relative=0x0000000000000c28
Event: 259.035 Thread 0x00000251ba7651a0 Uncommon trap: reason=class_check action=maybe_recompile pc=0x00000251a0a2bd88 method=java.util.HashMap.removeNode(ILjava/lang/Object;Ljava/lang/Object;ZZ)Ljava/util/HashMap$Node; @ 143 c2
Event: 259.035 Thread 0x00000251ba7651a0 DEOPT PACKING pc=0x00000251a0a2bd88 sp=0x00000093f67fc710
Event: 259.035 Thread 0x00000251ba7651a0 DEOPT UNPACKING pc=0x000002519ff1a1a3 sp=0x00000093f67fc6a8 mode 2
Event: 259.096 Thread 0x00000251ba766e80 DEOPT PACKING pc=0x000002519ab09ec4 sp=0x00000093f66fc990
Event: 259.096 Thread 0x00000251ba766e80 DEOPT UNPACKING pc=0x000002519ff1ace3 sp=0x00000093f66fbe60 mode 0
Event: 259.096 Thread 0x00000251ba763e60 Uncommon trap: trap_request=0xffffffde fr.pc=0x00000251a0bb2de0 relative=0x0000000000000140
Event: 259.096 Thread 0x00000251ba763e60 Uncommon trap: reason=class_check action=maybe_recompile pc=0x00000251a0bb2de0 method=java.util.stream.AbstractPipeline.close()V @ 42 c2
Event: 259.096 Thread 0x00000251ba763e60 DEOPT PACKING pc=0x00000251a0bb2de0 sp=0x00000093f61fdfb0
Event: 259.096 Thread 0x00000251ba763e60 DEOPT UNPACKING pc=0x000002519ff1a1a3 sp=0x00000093f61fdf58 mode 2
Event: 259.096 Thread 0x00000251ba763e60 Uncommon trap: trap_request=0xffffffde fr.pc=0x00000251a0bb2de0 relative=0x0000000000000140
Event: 259.096 Thread 0x00000251ba763e60 Uncommon trap: reason=class_check action=maybe_recompile pc=0x00000251a0bb2de0 method=java.util.stream.AbstractPipeline.close()V @ 42 c2
Event: 259.096 Thread 0x00000251ba763e60 DEOPT PACKING pc=0x00000251a0bb2de0 sp=0x00000093f61fdec0
Event: 259.096 Thread 0x00000251ba763e60 DEOPT UNPACKING pc=0x000002519ff1a1a3 sp=0x00000093f61fde68 mode 2

Classes unloaded (3 events):
Event: 24.046 Thread 0x00000251aea33b60 Unloading class 0x0000000100c5cc00 'java/lang/invoke/LambdaForm$DMH+0x0000000100c5cc00'
Event: 24.046 Thread 0x00000251aea33b60 Unloading class 0x0000000100c5c800 'java/lang/invoke/LambdaForm$DMH+0x0000000100c5c800'
Event: 24.046 Thread 0x00000251aea33b60 Unloading class 0x0000000100c5c000 'java/lang/invoke/LambdaForm$DMH+0x0000000100c5c000'

Classes redefined (0 events):
No events

Internal exceptions (20 events):
Event: 257.990 Thread 0x00000251b7ba2d30 Exception <a 'java/lang/NoSuchMethodError'{0x000000008b5a1ca8}: 'long java.lang.invoke.DirectMethodHandle$Holder.invokeStatic(java.lang.Object, java.lang.Object)'> (0x000000008b5a1ca8) 
thrown [s\src\hotspot\share\interpreter\linkResolver.cpp, line 771]
Event: 258.053 Thread 0x00000251ba763e60 Exception <a 'java/lang/NoSuchMethodError'{0x000000008ac734a0}: 'int java.lang.invoke.DirectMethodHandle$Holder.invokeSpecial(java.lang.Object, java.lang.Object, java.lang.Object, int)'> (0x000000008ac734a0) 
thrown [s\src\hotspot\share\interpreter\linkResolver.cpp, line 771]
Event: 258.449 Thread 0x00000251ba763e60 Exception <a 'java/lang/NoSuchMethodError'{0x000000008f01bfb0}: 'java.lang.Object java.lang.invoke.DirectMethodHandle$Holder.newInvokeSpecial(java.lang.Object, java.lang.Object, int, java.lang.Object, java.lang.Object, java.lang.Object)'> (0x000000008f01bfb0) 
thrown [s\src\hotspot\share\interpreter\linkResolver.cpp, line 771]
Event: 258.450 Thread 0x00000251ba763e60 Exception <a 'java/lang/NoSuchMethodError'{0x000000008f023a28}: 'java.lang.Object java.lang.invoke.Invokers$Holder.linkToTargetMethod(java.lang.Object, int, java.lang.Object, java.lang.Object, java.lang.Object, java.lang.Object)'> (0x000000008f023a28) 
thrown [s\src\hotspot\share\interpreter\linkResolver.cpp, line 771]
Event: 258.451 Thread 0x00000251ba763e60 Exception <a 'java/lang/NoSuchMethodError'{0x000000008f07ccb0}: 'void java.lang.invoke.DirectMethodHandle$Holder.invokeSpecial(java.lang.Object, java.lang.Object, java.lang.Object, int, java.lang.Object, java.lang.Object, java.lang.Object, java.lang.Object)'> (0x000000008f07ccb0) 
thrown [s\src\hotspot\share\interpreter\linkResolver.cpp, line 771]
Event: 258.455 Thread 0x00000251ba763e60 Exception <a 'java/lang/NoSuchMethodError'{0x000000008f0a02e0}: 'void java.lang.invoke.DirectMethodHandle$Holder.invokeStatic(java.lang.Object, java.lang.Object, java.lang.Object, java.lang.Object, java.lang.Object, java.lang.Object, java.lang.Object, java.lang.Object)'> (0x000000008f0a02e0) 
thrown [s\src\hotspot\share\interpreter\linkResolver.cpp, line 771]
Event: 258.641 Thread 0x00000251b7ba2d30 Exception <a 'java/lang/IncompatibleClassChangeError'{0x000000008ea74240}: Found class java.lang.Object, but interface was expected> (0x000000008ea74240) 
thrown [s\src\hotspot\share\interpreter\linkResolver.cpp, line 838]
Event: 258.642 Thread 0x00000251ba763e60 Exception <a 'java/lang/IncompatibleClassChangeError'{0x000000008e8f4688}: Found class java.lang.Object, but interface was expected> (0x000000008e8f4688) 
thrown [s\src\hotspot\share\interpreter\linkResolver.cpp, line 838]
Event: 258.743 Thread 0x00000251b7ba2d30 Exception <a 'java/lang/NoSuchMethodError'{0x000000008e31e930}: 'void java.lang.invoke.DirectMethodHandle$Holder.invokeSpecial(java.lang.Object, java.lang.Object, int)'> (0x000000008e31e930) 
thrown [s\src\hotspot\share\interpreter\linkResolver.cpp, line 771]
Event: 258.743 Thread 0x00000251ba763e60 Exception <a 'java/lang/NoSuchMethodError'{0x000000008e37ca50}: 'void java.lang.invoke.DirectMethodHandle$Holder.invokeSpecial(java.lang.Object, java.lang.Object, int)'> (0x000000008e37ca50) 
thrown [s\src\hotspot\share\interpreter\linkResolver.cpp, line 771]
Event: 258.784 Thread 0x00000251b7ba2d30 Exception <a 'sun/nio/fs/WindowsException'{0x000000008e24f748}> (0x000000008e24f748) 
thrown [s\src\hotspot\share\prims\jni.cpp, line 517]
Event: 258.797 Thread 0x00000251ba763e60 Exception <a 'sun/nio/fs/WindowsException'{0x000000008e237ad8}> (0x000000008e237ad8) 
thrown [s\src\hotspot\share\prims\jni.cpp, line 517]
Event: 258.827 Thread 0x00000251ba763e60 Exception <a 'sun/nio/fs/WindowsException'{0x000000008e23d138}> (0x000000008e23d138) 
thrown [s\src\hotspot\share\prims\jni.cpp, line 517]
Event: 258.928 Thread 0x00000251b7ba2d30 Exception <a 'sun/nio/fs/WindowsException'{0x000000008e2a17a8}> (0x000000008e2a17a8) 
thrown [s\src\hotspot\share\prims\jni.cpp, line 517]
Event: 258.933 Thread 0x00000251ba763e60 Exception <a 'sun/nio/fs/WindowsException'{0x000000008dd538e8}> (0x000000008dd538e8) 
thrown [s\src\hotspot\share\prims\jni.cpp, line 517]
Event: 258.949 Thread 0x00000251b7ba2d30 Exception <a 'sun/nio/fs/WindowsException'{0x000000008e2a6dd0}> (0x000000008e2a6dd0) 
thrown [s\src\hotspot\share\prims\jni.cpp, line 517]
Event: 258.951 Thread 0x00000251ba763e60 Exception <a 'sun/nio/fs/WindowsException'{0x000000008dd594d8}> (0x000000008dd594d8) 
thrown [s\src\hotspot\share\prims\jni.cpp, line 517]
Event: 258.955 Thread 0x00000251b7ba2d30 Exception <a 'sun/nio/fs/WindowsException'{0x000000008e2af710}> (0x000000008e2af710) 
thrown [s\src\hotspot\share\prims\jni.cpp, line 517]
Event: 258.959 Thread 0x00000251ba763e60 Exception <a 'sun/nio/fs/WindowsException'{0x000000008dd60f30}> (0x000000008dd60f30) 
thrown [s\src\hotspot\share\prims\jni.cpp, line 517]
Event: 259.023 Thread 0x00000251ba763e60 Exception <a 'sun/nio/fs/WindowsException'{0x000000008d8fb170}> (0x000000008d8fb170) 
thrown [s\src\hotspot\share\prims\jni.cpp, line 517]

VM Operations (20 events):
Event: 258.370 Executing VM operation: HandshakeAllThreads
Event: 258.377 Executing VM operation: HandshakeAllThreads done
Event: 258.383 Executing VM operation: HandshakeAllThreads
Event: 258.383 Executing VM operation: HandshakeAllThreads done
Event: 258.548 Executing VM operation: ICBufferFull
Event: 258.579 Executing VM operation: ICBufferFull done
Event: 258.726 Executing VM operation: HandshakeAllThreads
Event: 258.728 Executing VM operation: HandshakeAllThreads done
Event: 258.773 Executing VM operation: HandshakeAllThreads
Event: 258.775 Executing VM operation: HandshakeAllThreads done
Event: 258.929 Executing VM operation: ICBufferFull
Event: 258.929 Executing VM operation: ICBufferFull done
Event: 258.953 Executing VM operation: HandshakeAllThreads
Event: 258.954 Executing VM operation: HandshakeAllThreads done
Event: 259.039 Executing VM operation: HandshakeAllThreads
Event: 259.040 Executing VM operation: HandshakeAllThreads done
Event: 259.040 Executing VM operation: HandshakeAllThreads
Event: 259.042 Executing VM operation: HandshakeAllThreads done
Event: 259.096 Executing VM operation: HandshakeAllThreads
Event: 259.099 Executing VM operation: HandshakeAllThreads done

Events (20 events):
Event: 258.770 loading class java/util/zip/Adler32 done
Event: 258.848 Thread 0x00000251ba762650 Thread exited: 0x00000251ba762650
Event: 259.069 Thread 0x00000251af42b600 flushing nmethod 0x000002519a5a7090
Event: 259.069 Thread 0x00000251af42b600 flushing nmethod 0x000002519a5a8010
Event: 259.069 Thread 0x00000251af42b600 flushing nmethod 0x000002519a5a8810
Event: 259.069 Thread 0x00000251af42b600 flushing nmethod 0x000002519a5aeb90
Event: 259.069 Thread 0x00000251af42b600 flushing nmethod 0x000002519a60d610
Event: 259.069 Thread 0x00000251af42b600 flushing nmethod 0x000002519a667910
Event: 259.070 Thread 0x00000251af42b600 flushing nmethod 0x000002519a69e790
Event: 259.070 Thread 0x00000251af42b600 flushing nmethod 0x000002519a6aa310
Event: 259.070 Thread 0x00000251af42b600 flushing nmethod 0x000002519a749f90
Event: 259.070 Thread 0x00000251af42b600 flushing nmethod 0x000002519a776310
Event: 259.099 Thread 0x00000251af42b600 flushing nmethod 0x00000251a04c0490
Event: 259.099 Thread 0x00000251af42b600 flushing nmethod 0x00000251a04f4f10
Event: 259.099 Thread 0x00000251af42b600 flushing nmethod 0x00000251a052c210
Event: 259.099 Thread 0x00000251af42b600 flushing nmethod 0x00000251a058b310
Event: 259.099 Thread 0x00000251af42b600 flushing nmethod 0x00000251a0604d90
Event: 259.100 Thread 0x00000251af42b600 flushing nmethod 0x00000251a0646210
Event: 259.100 Thread 0x00000251af42b600 flushing nmethod 0x00000251a0666710
Event: 259.100 Thread 0x00000251af42b600 flushing nmethod 0x00000251a06ddb90


Dynamic libraries:
0x00007ff7ec390000 - 0x00007ff7ec39a000 	C:\Program Files\Android\Android Studio\jbr\bin\java.exe
0x00007ffb43930000 - 0x00007ffb43b28000 	C:\WINDOWS\SYSTEM32\ntdll.dll
0x00007ffb42020000 - 0x00007ffb420dd000 	C:\WINDOWS\System32\KERNEL32.DLL
0x00007ffb41140000 - 0x00007ffb41436000 	C:\WINDOWS\System32\KERNELBASE.dll
0x00007ffb41530000 - 0x00007ffb41630000 	C:\WINDOWS\System32\ucrtbase.dll
0x00007ffb3ad80000 - 0x00007ffb3ad97000 	C:\Program Files\Android\Android Studio\jbr\bin\jli.dll
0x00007ffb42830000 - 0x00007ffb429ce000 	C:\WINDOWS\System32\USER32.dll
0x00007ffb41960000 - 0x00007ffb41982000 	C:\WINDOWS\System32\win32u.dll
0x00007ffb435b0000 - 0x00007ffb435dc000 	C:\WINDOWS\System32\GDI32.dll
0x00007ffb2eab0000 - 0x00007ffb2ed4a000 	C:\WINDOWS\WinSxS\amd64_microsoft.windows.common-controls_6595b64144ccf1df_6.0.19041.3636_none_60b6a03d71f818d5\COMCTL32.dll
0x00007ffb41840000 - 0x00007ffb4195a000 	C:\WINDOWS\System32\gdi32full.dll
0x00007ffb3e140000 - 0x00007ffb3e15b000 	C:\Program Files\Android\Android Studio\jbr\bin\VCRUNTIME140.dll
0x00007ffb41010000 - 0x00007ffb410ad000 	C:\WINDOWS\System32\msvcp_win.dll
0x00007ffb43820000 - 0x00007ffb438be000 	C:\WINDOWS\System32\msvcrt.dll
0x00007ffb433f0000 - 0x00007ffb43420000 	C:\WINDOWS\System32\IMM32.DLL
0x00007ffb3e130000 - 0x00007ffb3e13c000 	C:\Program Files\Android\Android Studio\jbr\bin\vcruntime140_1.dll
0x00007ffb0e870000 - 0x00007ffb0e8fd000 	C:\Program Files\Android\Android Studio\jbr\bin\msvcp140.dll
0x00007ffb07a20000 - 0x00007ffb0868e000 	C:\Program Files\Android\Android Studio\jbr\bin\server\jvm.dll
0x00007ffb435e0000 - 0x00007ffb4368f000 	C:\WINDOWS\System32\ADVAPI32.dll
0x00007ffb42b70000 - 0x00007ffb42c0c000 	C:\WINDOWS\System32\sechost.dll
0x00007ffb41ef0000 - 0x00007ffb42016000 	C:\WINDOWS\System32\RPCRT4.dll
0x00007ffb21b80000 - 0x00007ffb21ba7000 	C:\WINDOWS\SYSTEM32\WINMM.dll
0x00007ffb3e3e0000 - 0x00007ffb3e3e9000 	C:\WINDOWS\SYSTEM32\WSOCK32.dll
0x00007ffb429d0000 - 0x00007ffb42a3b000 	C:\WINDOWS\System32\WS2_32.dll
0x00007ffb327a0000 - 0x00007ffb327aa000 	C:\WINDOWS\SYSTEM32\VERSION.dll
0x00007ffb3f860000 - 0x00007ffb3f872000 	C:\WINDOWS\SYSTEM32\kernel.appcore.dll
0x00007ffb3e3d0000 - 0x00007ffb3e3da000 	C:\Program Files\Android\Android Studio\jbr\bin\jimage.dll
0x00007ffb3ee20000 - 0x00007ffb3f004000 	C:\WINDOWS\SYSTEM32\DBGHELP.DLL
0x00007ffb2a060000 - 0x00007ffb2a094000 	C:\WINDOWS\SYSTEM32\dbgcore.DLL
0x00007ffb410b0000 - 0x00007ffb41132000 	C:\WINDOWS\System32\bcryptPrimitives.dll
0x00007ffb3ae00000 - 0x00007ffb3ae25000 	C:\Program Files\Android\Android Studio\jbr\bin\java.dll
0x00007ffb3e2b0000 - 0x00007ffb3e2c8000 	C:\Program Files\Android\Android Studio\jbr\bin\zip.dll
0x00007ffb420e0000 - 0x00007ffb42824000 	C:\WINDOWS\System32\SHELL32.dll
0x00007ffb3f010000 - 0x00007ffb3f7ab000 	C:\WINDOWS\SYSTEM32\windows.storage.dll
0x00007ffb42c10000 - 0x00007ffb42f64000 	C:\WINDOWS\System32\combase.dll
0x00007ffb409e0000 - 0x00007ffb40a0d000 	C:\WINDOWS\SYSTEM32\Wldp.dll
0x00007ffb42ac0000 - 0x00007ffb42b6d000 	C:\WINDOWS\System32\SHCORE.dll
0x00007ffb43420000 - 0x00007ffb43475000 	C:\WINDOWS\System32\shlwapi.dll
0x00007ffb40f40000 - 0x00007ffb40f65000 	C:\WINDOWS\SYSTEM32\profapi.dll
0x00007ffb3c970000 - 0x00007ffb3c989000 	C:\Program Files\Android\Android Studio\jbr\bin\net.dll
0x00007ffb32590000 - 0x00007ffb3269a000 	C:\WINDOWS\SYSTEM32\WINHTTP.dll
0x00007ffb406e0000 - 0x00007ffb4074a000 	C:\WINDOWS\system32\mswsock.dll
0x00007ffb3c690000 - 0x00007ffb3c6a6000 	C:\Program Files\Android\Android Studio\jbr\bin\nio.dll
0x00007ffb3e010000 - 0x00007ffb3e020000 	C:\Program Files\Android\Android Studio\jbr\bin\verify.dll
0x00007ffb38d80000 - 0x00007ffb38da7000 	C:\Users\caot4\.gradle\native\68d5fa5c4cc2d200863cafc0d521ce42e7d3e7ee720ec0a83991735586a16f82\windows-amd64\native-platform.dll
0x00007ffb0e260000 - 0x00007ffb0e3a4000 	C:\Users\caot4\.gradle\native\e376f236ea51e6404a007f0833ffe2c6e607c4080706a723a18a27aeea778392\windows-amd64\native-platform-file-events.dll
0x00007ffb3cb80000 - 0x00007ffb3cb89000 	C:\Program Files\Android\Android Studio\jbr\bin\management.dll
0x00007ffb3cb60000 - 0x00007ffb3cb6b000 	C:\Program Files\Android\Android Studio\jbr\bin\management_ext.dll
0x00007ffb438e0000 - 0x00007ffb438e8000 	C:\WINDOWS\System32\PSAPI.DLL
0x00007ffb40940000 - 0x00007ffb40958000 	C:\WINDOWS\SYSTEM32\CRYPTSP.dll
0x00007ffb40010000 - 0x00007ffb40044000 	C:\WINDOWS\system32\rsaenh.dll
0x00007ffb41440000 - 0x00007ffb41467000 	C:\WINDOWS\System32\bcrypt.dll
0x00007ffb40f00000 - 0x00007ffb40f2e000 	C:\WINDOWS\SYSTEM32\USERENV.dll
0x00007ffb40930000 - 0x00007ffb4093c000 	C:\WINDOWS\SYSTEM32\CRYPTBASE.dll
0x00007ffb403d0000 - 0x00007ffb4040b000 	C:\WINDOWS\SYSTEM32\IPHLPAPI.DLL
0x00007ffb43480000 - 0x00007ffb43488000 	C:\WINDOWS\System32\NSI.dll
0x00007ffb35e40000 - 0x00007ffb35e57000 	C:\WINDOWS\SYSTEM32\dhcpcsvc6.DLL
0x00007ffb379c0000 - 0x00007ffb379dd000 	C:\WINDOWS\SYSTEM32\dhcpcsvc.DLL
0x00007ffb40410000 - 0x00007ffb404da000 	C:\WINDOWS\SYSTEM32\DNSAPI.dll
0x00007ffb3c760000 - 0x00007ffb3c767000 	C:\WINDOWS\system32\wshunix.dll
0x00007ffb40130000 - 0x00007ffb40163000 	C:\WINDOWS\SYSTEM32\ntmarta.dll

dbghelp: loaded successfully - version: 4.0.5 - missing functions: none
symbol engine: initialized successfully - sym options: 0x614 - pdb path: .;C:\Program Files\Android\Android Studio\jbr\bin;C:\WINDOWS\SYSTEM32;C:\WINDOWS\WinSxS\amd64_microsoft.windows.common-controls_6595b64144ccf1df_6.0.19041.3636_none_60b6a03d71f818d5;C:\Program Files\Android\Android Studio\jbr\bin\server;C:\Users\caot4\.gradle\native\68d5fa5c4cc2d200863cafc0d521ce42e7d3e7ee720ec0a83991735586a16f82\windows-amd64;C:\Users\caot4\.gradle\native\e376f236ea51e6404a007f0833ffe2c6e607c4080706a723a18a27aeea778392\windows-amd64

VM Arguments:
jvm_args: --add-opens=java.base/java.util=ALL-UNNAMED --add-opens=java.base/java.lang=ALL-UNNAMED --add-opens=java.base/java.lang.invoke=ALL-UNNAMED --add-opens=java.prefs/java.util.prefs=ALL-UNNAMED --add-opens=java.base/java.nio.charset=ALL-UNNAMED --add-opens=java.base/java.net=ALL-UNNAMED --add-opens=java.base/java.util.concurrent.atomic=ALL-UNNAMED -Xmx2048m -Dfile.encoding=UTF-8 -Duser.country=US -Duser.language=en -Duser.variant 
java_command: org.gradle.launcher.daemon.bootstrap.GradleDaemon 8.0
java_class_path (initial): C:\Users\caot4\.gradle\wrapper\dists\gradle-8.0-bin\ca5e32bp14vu59qr306oxotwh\gradle-8.0\lib\gradle-launcher-8.0.jar
Launcher Type: SUN_STANDARD

[Global flags]
     intx CICompilerCount                          = 3                                         {product} {ergonomic}
     uint ConcGCThreads                            = 1                                         {product} {ergonomic}
     uint G1ConcRefinementThreads                  = 4                                         {product} {ergonomic}
   size_t G1HeapRegionSize                         = 1048576                                   {product} {ergonomic}
    uintx GCDrainStackTargetSize                   = 64                                        {product} {ergonomic}
   size_t InitialHeapSize                          = 132120576                                 {product} {ergonomic}
   size_t MarkStackSize                            = 4194304                                   {product} {ergonomic}
   size_t MaxHeapSize                              = 2147483648                                {product} {command line}
   size_t MaxNewSize                               = 1287651328                                {product} {ergonomic}
   size_t MinHeapDeltaBytes                        = 1048576                                   {product} {ergonomic}
   size_t MinHeapSize                              = 8388608                                   {product} {ergonomic}
    uintx NonNMethodCodeHeapSize                   = 5832780                                {pd product} {ergonomic}
    uintx NonProfiledCodeHeapSize                  = 122912730                              {pd product} {ergonomic}
    uintx ProfiledCodeHeapSize                     = 122912730                              {pd product} {ergonomic}
    uintx ReservedCodeCacheSize                    = 251658240                              {pd product} {ergonomic}
     bool SegmentedCodeCache                       = true                                      {product} {ergonomic}
   size_t SoftMaxHeapSize                          = 2147483648                             {manageable} {ergonomic}
     bool UseCompressedClassPointers               = true                           {product lp64_product} {ergonomic}
     bool UseCompressedOops                        = true                           {product lp64_product} {ergonomic}
     bool UseG1GC                                  = true                                      {product} {ergonomic}
     bool UseLargePagesIndividualAllocation        = false                                  {pd product} {ergonomic}

Logging:
Log output configuration:
 #0: stdout all=warning uptime,level,tags
 #1: stderr all=off uptime,level,tags

Environment Variables:
PATH=C:\Program Files\Microsoft MPI\Bin\;C:\Program Files\Microsoft\jdk-11.0.16.101-hotspot\bin;C:\Program Files (x86)\NVIDIA Corporation\PhysX\Common;C:\WINDOWS\system32;C:\WINDOWS;C:\WINDOWS\System32\Wbem;C:\WINDOWS\System32\WindowsPowerShell\v1.0\;C:\WINDOWS\System32\OpenSSH\;C:\Program Files (x86)\dotnet\;C:\Program Files\Git\cmd;C:\Program Files\dotnet\;C:\Program Files\Azure Data Studio\bin;C:\Program Files (x86)\Microsoft SQL Server\160\Tools\Binn\;C:\Program Files\Microsoft SQL Server\160\Tools\Binn\;C:\Program Files\Microsoft SQL Server\Client SDK\ODBC\170\Tools\Binn\;C:\Program Files\Microsoft SQL Server\160\DTS\Binn\;C:\Program Files (x86)\Microsoft SQL Server\160\DTS\Binn\;C:\Program Files\Microsoft SQL Server\150\Tools\Binn\;C:\Program Files\dotnet;C:\Users\caot4\.dotnet\tools;C:\Users\caot4\.dnx\bin;C:\Users\caot4\AppData\Local\Microsoft\WindowsApps;C:\Program Files\Azure Data Studio\bin;C:\Users\caot4\.dotnet\tools;C:\Users\caot4\AppData\Local\Programs\Microsoft VS Code\bin;C:\Users\caot4\AppData\Local\GitHubDesktop\bin;;C:\Program Files\Azure Data Studio\bin
USERNAME=caot4
OS=Windows_NT
PROCESSOR_IDENTIFIER=Intel64 Family 6 Model 126 Stepping 5, GenuineIntel
TMP=C:\Users\caot4\AppData\Local\Temp
TEMP=C:\Users\caot4\AppData\Local\Temp


JNI global refs:
JNI global refs: 26, weak refs: 80

JNI global refs memory usage: 843, weak refs: 1473


---------------  S Y S T E M  ---------------

OS:
 Windows 10 , 64 bit Build 19041 (10.0.19041.3636)
OS uptime: 0 days 21:45 hours

CPU: total 4 (initial active 4) (2 cores per cpu, 2 threads per core) family 6 model 126 stepping 5 microcode 0xa0, cx8, cmov, fxsr, ht, mmx, 3dnowpref, sse, sse2, sse3, ssse3, sse4.1, sse4.2, popcnt, lzcnt, tsc, tscinvbit, avx, avx2, aes, erms, clmul, bmi1, bmi2, adx, avx512f, avx512dq, avx512cd, avx512bw, avx512vl, sha, fma, vzeroupper, avx512_vpopcntdq, avx512_vpclmulqdq, avx512_vaes, avx512_vnni, clflush, clflushopt, avx512_vbmi2, avx512_vbmi

Memory: 4k page, system-wide physical 7998M (309M free)
TotalPageFile size 12094M (AvailPageFile size 3M)
current process WorkingSet (physical memory assigned to process): 406M, peak: 464M
current process commit charge ("private bytes"): 608M, peak: 608M

vm_info: OpenJDK 64-Bit Server VM (17.0.6+0-b2043.56-10027231) for windows-amd64 JRE (17.0.6+0-b2043.56-10027231), built on Apr 28 2023 00:43:19 by "androidbuild" with MS VC++ 16.10 / 16.11 (VS2019)

END.
