#
# There is insufficient memory for the Java Runtime Environment to continue.
# Native memory allocation (mmap) failed to map 220200960 bytes for G1 virtual space
# Possible reasons:
#   The system is out of physical RAM or swap space
#   The process is running with CompressedOops enabled, and the Java Heap may be blocking the growth of the native heap
# Possible solutions:
#   Reduce memory load on the system
#   Increase physical memory or swap space
#   Check if swap backing store is full
#   Decrease Java heap size (-Xmx/-Xms)
#   Decrease number of Java threads
#   Decrease Java thread stack sizes (-Xss)
#   Set larger code cache with -XX:ReservedCodeCacheSize=
#   JVM is running with Unscaled Compressed Oops mode in which the Java heap is
#     placed in the first 4GB address space. The Java Heap base address is the
#     maximum limit for the native heap growth. Please use -XX:HeapBaseMinAddress
#     to set the Java Heap base and to place the Java Heap above 4GB virtual address.
# This output file may be truncated or incomplete.
#
#  Out of Memory Error (os_windows.cpp:3769), pid=10052, tid=9168
#
# JRE version: OpenJDK Runtime Environment (17.0.6) (build 17.0.6+0-b2043.56-10027231)
# Java VM: OpenJDK 64-Bit Server VM (17.0.6+0-b2043.56-10027231, mixed mode, tiered, compressed oops, compressed class ptrs, g1 gc, windows-amd64)
# No core dump will be written. Minidumps are not enabled by default on client versions of Windows
#

---------------  S U M M A R Y ------------

Command Line: --add-opens=java.base/java.util=ALL-UNNAMED --add-opens=java.base/java.lang=ALL-UNNAMED --add-opens=java.base/java.lang.invoke=ALL-UNNAMED --add-opens=java.prefs/java.util.prefs=ALL-UNNAMED --add-opens=java.base/java.nio.charset=ALL-UNNAMED --add-opens=java.base/java.net=ALL-UNNAMED --add-opens=java.base/java.util.concurrent.atomic=ALL-UNNAMED -Xmx2048m -Dfile.encoding=UTF-8 -Duser.country=US -Duser.language=en -Duser.variant org.gradle.launcher.daemon.bootstrap.GradleDaemon 8.0

Host: Intel(R) Core(TM) i3-1005G1 CPU @ 1.20GHz, 4 cores, 7G,  Windows 10 , 64 bit Build 19041 (10.0.19041.3636)
Time: Wed Nov 29 15:11:11 2023 SE Asia Standard Time elapsed time: 17.507042 seconds (0d 0h 0m 17s)

---------------  T H R E A D  ---------------

Current thread (0x0000022932fa8890):  VMThread "VM Thread" [stack: 0x000000e120a00000,0x000000e120b00000] [id=9168]

Stack: [0x000000e120a00000,0x000000e120b00000]
Native frames: (J=compiled Java code, j=interpreted, Vv=VM code, C=native code)
V  [jvm.dll+0x683c9a]
V  [jvm.dll+0x8427a4]
V  [jvm.dll+0x843f9e]
V  [jvm.dll+0x844603]
V  [jvm.dll+0x249b75]
V  [jvm.dll+0x680b69]
V  [jvm.dll+0x67505a]
V  [jvm.dll+0x309acb]
V  [jvm.dll+0x310f86]
V  [jvm.dll+0x3608ee]
V  [jvm.dll+0x360b1f]
V  [jvm.dll+0x2dfbf8]
V  [jvm.dll+0x2ddec4]
V  [jvm.dll+0x2dd4cc]
V  [jvm.dll+0x321f3b]
V  [jvm.dll+0x848ccb]
V  [jvm.dll+0x849a04]
V  [jvm.dll+0x849f1d]
V  [jvm.dll+0x84a2f4]
V  [jvm.dll+0x84a3c0]
V  [jvm.dll+0x7f274a]
V  [jvm.dll+0x682ad5]
C  [ucrtbase.dll+0x21bb2]
C  [KERNEL32.DLL+0x17344]
C  [ntdll.dll+0x526b1]

VM_Operation (0x000000e1263f27b0): G1CollectForAllocation, mode: safepoint, requested by thread 0x000002293775e580


---------------  P R O C E S S  ---------------

Threads class SMR info:
_java_thread_list=0x0000022936e8b280, length=92, elements={
0x00000229199e9d10, 0x0000022932fce620, 0x0000022932fd39d0, 0x0000022933909d00,
0x000002293390cad0, 0x0000022932fdc760, 0x0000022932fdf800, 0x00000229339294e0,
0x000002293392d140, 0x000002293392e220, 0x0000022933ab3b60, 0x0000022933ab8850,
0x000002293431e050, 0x0000022934d4a1a0, 0x0000022934bfdcf0, 0x0000022935051e30,
0x000002293503a480, 0x00000229367790e0, 0x0000022936762640, 0x000002293678a560,
0x000002293678d0b0, 0x00000229367896f0, 0x000002293678c710, 0x0000022936789bc0,
0x000002293678b3d0, 0x000002293678a090, 0x000002293678aa30, 0x000002293678af00,
0x000002293678c240, 0x000002293678cbe0, 0x000002293678b8a0, 0x000002293678bd70,
0x0000022936746090, 0x0000022936743540, 0x00000229367456f0, 0x0000022936743070,
0x0000022936743ee0, 0x00000229367443b0, 0x0000022936744880, 0x0000022936745220,
0x00000229394ef8d0, 0x00000229394ef400, 0x00000229394f2420, 0x00000229394efda0,
0x00000229394f15b0, 0x00000229394f0740, 0x00000229394f3c30, 0x00000229394f1f50,
0x00000229394f0270, 0x00000229394f45d0, 0x00000229394f0c10, 0x00000229394f10e0,
0x00000229394f3760, 0x00000229394f1a80, 0x00000229394ee590, 0x00000229394f3290,
0x00000229394f28f0, 0x00000229394f4aa0, 0x00000229394f2dc0, 0x00000229394f4100,
0x00000229394f4f70, 0x00000229394f5440, 0x00000229394ee0c0, 0x00000229394f5910,
0x00000229394eea60, 0x00000229394eef30, 0x000002293775d240, 0x000002293775b090,
0x000002293775dbe0, 0x0000022937760260, 0x0000022937761f40, 0x0000022937762410,
0x000002293775b560, 0x000002293775cd70, 0x00000229377615a0, 0x000002293775fd90,
0x0000022937760c00, 0x000002293775d710, 0x000002293775e0b0, 0x000002293775ba30,
0x00000229377610d0, 0x000002293775c3d0, 0x000002293775f8c0, 0x000002293775abc0,
0x000002293775e580, 0x000002293775ea50, 0x000002293775bf00, 0x0000022937f38b50,
0x0000022937f39020, 0x0000022937f32170, 0x0000022937f32fe0, 0x0000022937f36e70
}

Java Threads: ( => current thread )
  0x00000229199e9d10 JavaThread "main" [_thread_blocked, id=4048, stack(0x000000e120400000,0x000000e120500000)]
  0x0000022932fce620 JavaThread "Reference Handler" daemon [_thread_blocked, id=1688, stack(0x000000e120b00000,0x000000e120c00000)]
  0x0000022932fd39d0 JavaThread "Finalizer" daemon [_thread_blocked, id=8160, stack(0x000000e120c00000,0x000000e120d00000)]
  0x0000022933909d00 JavaThread "Signal Dispatcher" daemon [_thread_blocked, id=9260, stack(0x000000e120d00000,0x000000e120e00000)]
  0x000002293390cad0 JavaThread "Attach Listener" daemon [_thread_blocked, id=9724, stack(0x000000e120e00000,0x000000e120f00000)]
  0x0000022932fdc760 JavaThread "Service Thread" daemon [_thread_blocked, id=4472, stack(0x000000e120f00000,0x000000e121000000)]
  0x0000022932fdf800 JavaThread "Monitor Deflation Thread" daemon [_thread_blocked, id=1072, stack(0x000000e121000000,0x000000e121100000)]
  0x00000229339294e0 JavaThread "C2 CompilerThread0" daemon [_thread_in_native, id=5080, stack(0x000000e121100000,0x000000e121200000)]
  0x000002293392d140 JavaThread "C1 CompilerThread0" daemon [_thread_blocked, id=5324, stack(0x000000e121200000,0x000000e121300000)]
  0x000002293392e220 JavaThread "Sweeper thread" daemon [_thread_blocked, id=6932, stack(0x000000e121300000,0x000000e121400000)]
  0x0000022933ab3b60 JavaThread "Common-Cleaner" daemon [_thread_blocked, id=3124, stack(0x000000e121400000,0x000000e121500000)]
  0x0000022933ab8850 JavaThread "Notification Thread" daemon [_thread_blocked, id=9760, stack(0x000000e121500000,0x000000e121600000)]
  0x000002293431e050 JavaThread "Daemon health stats" [_thread_blocked, id=1504, stack(0x000000e121b00000,0x000000e121c00000)]
  0x0000022934d4a1a0 JavaThread "Incoming local TCP Connector on port 51130" [_thread_in_native, id=3844, stack(0x000000e121900000,0x000000e121a00000)]
  0x0000022934bfdcf0 JavaThread "Daemon periodic checks" [_thread_blocked, id=9880, stack(0x000000e121c00000,0x000000e121d00000)]
  0x0000022935051e30 JavaThread "Daemon" [_thread_blocked, id=8064, stack(0x000000e121d00000,0x000000e121e00000)]
  0x000002293503a480 JavaThread "Handler for socket connection from /127.0.0.1:51130 to /127.0.0.1:51131" [_thread_in_native, id=1900, stack(0x000000e121e00000,0x000000e121f00000)]
  0x00000229367790e0 JavaThread "Cancel handler" [_thread_blocked, id=1356, stack(0x000000e121f00000,0x000000e122000000)]
  0x0000022936762640 JavaThread "Daemon worker" [_thread_blocked, id=8976, stack(0x000000e122000000,0x000000e122100000)]
  0x000002293678a560 JavaThread "Asynchronous log dispatcher for DefaultDaemonConnection: socket connection from /127.0.0.1:51130 to /127.0.0.1:51131" [_thread_blocked, id=7320, stack(0x000000e122100000,0x000000e122200000)]
  0x000002293678d0b0 JavaThread "Stdin handler" [_thread_blocked, id=6240, stack(0x000000e122200000,0x000000e122300000)]
  0x00000229367896f0 JavaThread "Daemon client event forwarder" [_thread_blocked, id=2988, stack(0x000000e122300000,0x000000e122400000)]
  0x000002293678c710 JavaThread "Cache worker for journal cache (C:\Users\caot4\.gradle\caches\journal-1)" [_thread_blocked, id=2128, stack(0x000000e122400000,0x000000e122500000)]
  0x0000022936789bc0 JavaThread "File lock request listener" [_thread_in_native, id=7404, stack(0x000000e122500000,0x000000e122600000)]
  0x000002293678b3d0 JavaThread "Cache worker for file hash cache (C:\Users\caot4\.gradle\caches\8.0\fileHashes)" [_thread_blocked, id=7856, stack(0x000000e122600000,0x000000e122700000)]
  0x000002293678a090 JavaThread "File watcher server" daemon [_thread_blocked, id=7240, stack(0x000000e122700000,0x000000e122800000)]
  0x000002293678aa30 JavaThread "File watcher consumer" daemon [_thread_blocked, id=3344, stack(0x000000e122800000,0x000000e122900000)]
  0x000002293678af00 JavaThread "Cache worker for checksums cache (D:\FinalVersion\.gradle\8.0\checksums)" [_thread_blocked, id=2976, stack(0x000000e122900000,0x000000e122a00000)]
  0x000002293678c240 JavaThread "Cache worker for cache directory md-rule (C:\Users\caot4\.gradle\caches\8.0\md-rule)" [_thread_blocked, id=11016, stack(0x000000e122a00000,0x000000e122b00000)]
  0x000002293678cbe0 JavaThread "Cache worker for file content cache (C:\Users\caot4\.gradle\caches\8.0\fileContent)" [_thread_blocked, id=9312, stack(0x000000e122b00000,0x000000e122c00000)]
  0x000002293678b8a0 JavaThread "Cache worker for file hash cache (D:\FinalVersion\.gradle\8.0\fileHashes)" [_thread_blocked, id=3188, stack(0x000000e122c00000,0x000000e122d00000)]
  0x000002293678bd70 JavaThread "Cache worker for cache directory md-supplier (C:\Users\caot4\.gradle\caches\8.0\md-supplier)" [_thread_blocked, id=10828, stack(0x000000e122d00000,0x000000e122e00000)]
  0x0000022936746090 JavaThread "Cache worker for execution history cache (C:\Users\caot4\.gradle\caches\8.0\executionHistory)" [_thread_blocked, id=7968, stack(0x000000e122e00000,0x000000e122f00000)]
  0x0000022936743540 JavaThread "jar transforms" [_thread_blocked, id=6376, stack(0x000000e122f00000,0x000000e123000000)]
  0x00000229367456f0 JavaThread "jar transforms Thread 2" [_thread_blocked, id=10648, stack(0x000000e123000000,0x000000e123100000)]
  0x0000022936743070 JavaThread "Cache worker for kotlin-dsl (C:\Users\caot4\.gradle\caches\8.0\kotlin-dsl)" [_thread_blocked, id=7944, stack(0x000000e123300000,0x000000e123400000)]
  0x0000022936743ee0 JavaThread "jar transforms Thread 3" [_thread_blocked, id=8164, stack(0x000000e123400000,0x000000e123500000)]
  0x00000229367443b0 JavaThread "jar transforms Thread 4" [_thread_blocked, id=9400, stack(0x000000e123500000,0x000000e123600000)]
  0x0000022936744880 JavaThread "Cache worker for dependencies-accessors (D:\FinalVersion\.gradle\8.0\dependencies-accessors)" [_thread_blocked, id=5116, stack(0x000000e123600000,0x000000e123700000)]
  0x0000022936745220 JavaThread "Cache worker for Build Output Cleanup Cache (D:\FinalVersion\.gradle\buildOutputCleanup)" [_thread_blocked, id=6004, stack(0x000000e123700000,0x000000e123800000)]
  0x00000229394ef8d0 JavaThread "Unconstrained build operations" [_thread_blocked, id=7276, stack(0x000000e123800000,0x000000e123900000)]
  0x00000229394ef400 JavaThread "Unconstrained build operations Thread 2" [_thread_blocked, id=11260, stack(0x000000e123900000,0x000000e123a00000)]
  0x00000229394f2420 JavaThread "Unconstrained build operations Thread 3" [_thread_blocked, id=7684, stack(0x000000e123a00000,0x000000e123b00000)]
  0x00000229394efda0 JavaThread "Unconstrained build operations Thread 4" [_thread_blocked, id=5628, stack(0x000000e123b00000,0x000000e123c00000)]
  0x00000229394f15b0 JavaThread "Unconstrained build operations Thread 5" [_thread_blocked, id=6992, stack(0x000000e123c00000,0x000000e123d00000)]
  0x00000229394f0740 JavaThread "Unconstrained build operations Thread 6" [_thread_blocked, id=9816, stack(0x000000e123d00000,0x000000e123e00000)]
  0x00000229394f3c30 JavaThread "Unconstrained build operations Thread 7" [_thread_blocked, id=6164, stack(0x000000e123e00000,0x000000e123f00000)]
  0x00000229394f1f50 JavaThread "Unconstrained build operations Thread 8" [_thread_blocked, id=6188, stack(0x000000e123f00000,0x000000e124000000)]
  0x00000229394f0270 JavaThread "Unconstrained build operations Thread 9" [_thread_blocked, id=8476, stack(0x000000e124000000,0x000000e124100000)]
  0x00000229394f45d0 JavaThread "Unconstrained build operations Thread 10" [_thread_blocked, id=5256, stack(0x000000e124100000,0x000000e124200000)]
  0x00000229394f0c10 JavaThread "Unconstrained build operations Thread 11" [_thread_blocked, id=9572, stack(0x000000e124200000,0x000000e124300000)]
  0x00000229394f10e0 JavaThread "Unconstrained build operations Thread 12" [_thread_blocked, id=6060, stack(0x000000e124300000,0x000000e124400000)]
  0x00000229394f3760 JavaThread "Unconstrained build operations Thread 13" [_thread_blocked, id=6108, stack(0x000000e124400000,0x000000e124500000)]
  0x00000229394f1a80 JavaThread "Unconstrained build operations Thread 14" [_thread_blocked, id=10492, stack(0x000000e124500000,0x000000e124600000)]
  0x00000229394ee590 JavaThread "Unconstrained build operations Thread 15" [_thread_blocked, id=6216, stack(0x000000e124600000,0x000000e124700000)]
  0x00000229394f3290 JavaThread "Unconstrained build operations Thread 16" [_thread_blocked, id=6652, stack(0x000000e124700000,0x000000e124800000)]
  0x00000229394f28f0 JavaThread "Unconstrained build operations Thread 17" [_thread_blocked, id=2408, stack(0x000000e124800000,0x000000e124900000)]
  0x00000229394f4aa0 JavaThread "Unconstrained build operations Thread 18" [_thread_blocked, id=7556, stack(0x000000e124900000,0x000000e124a00000)]
  0x00000229394f2dc0 JavaThread "Unconstrained build operations Thread 19" [_thread_blocked, id=8820, stack(0x000000e124a00000,0x000000e124b00000)]
  0x00000229394f4100 JavaThread "Unconstrained build operations Thread 20" [_thread_blocked, id=8112, stack(0x000000e124b00000,0x000000e124c00000)]
  0x00000229394f4f70 JavaThread "Unconstrained build operations Thread 21" [_thread_blocked, id=11176, stack(0x000000e124c00000,0x000000e124d00000)]
  0x00000229394f5440 JavaThread "Unconstrained build operations Thread 22" [_thread_blocked, id=10156, stack(0x000000e124d00000,0x000000e124e00000)]
  0x00000229394ee0c0 JavaThread "Unconstrained build operations Thread 23" [_thread_blocked, id=6344, stack(0x000000e124e00000,0x000000e124f00000)]
  0x00000229394f5910 JavaThread "Unconstrained build operations Thread 24" [_thread_blocked, id=7708, stack(0x000000e124f00000,0x000000e125000000)]
  0x00000229394eea60 JavaThread "Unconstrained build operations Thread 25" [_thread_blocked, id=7564, stack(0x000000e125000000,0x000000e125100000)]
  0x00000229394eef30 JavaThread "Unconstrained build operations Thread 26" [_thread_blocked, id=8028, stack(0x000000e125100000,0x000000e125200000)]
  0x000002293775d240 JavaThread "Unconstrained build operations Thread 27" [_thread_blocked, id=5520, stack(0x000000e125200000,0x000000e125300000)]
  0x000002293775b090 JavaThread "Unconstrained build operations Thread 28" [_thread_blocked, id=4640, stack(0x000000e125300000,0x000000e125400000)]
  0x000002293775dbe0 JavaThread "Unconstrained build operations Thread 29" [_thread_blocked, id=1268, stack(0x000000e125400000,0x000000e125500000)]
  0x0000022937760260 JavaThread "Unconstrained build operations Thread 30" [_thread_blocked, id=10328, stack(0x000000e125500000,0x000000e125600000)]
  0x0000022937761f40 JavaThread "Unconstrained build operations Thread 31" [_thread_blocked, id=8652, stack(0x000000e125600000,0x000000e125700000)]
  0x0000022937762410 JavaThread "Unconstrained build operations Thread 32" [_thread_blocked, id=424, stack(0x000000e125700000,0x000000e125800000)]
  0x000002293775b560 JavaThread "Unconstrained build operations Thread 33" [_thread_blocked, id=9224, stack(0x000000e125800000,0x000000e125900000)]
  0x000002293775cd70 JavaThread "Unconstrained build operations Thread 34" [_thread_blocked, id=8196, stack(0x000000e125900000,0x000000e125a00000)]
  0x00000229377615a0 JavaThread "Unconstrained build operations Thread 35" [_thread_blocked, id=9532, stack(0x000000e125a00000,0x000000e125b00000)]
  0x000002293775fd90 JavaThread "Unconstrained build operations Thread 36" [_thread_blocked, id=8896, stack(0x000000e125b00000,0x000000e125c00000)]
  0x0000022937760c00 JavaThread "Unconstrained build operations Thread 37" [_thread_blocked, id=6820, stack(0x000000e125c00000,0x000000e125d00000)]
  0x000002293775d710 JavaThread "Unconstrained build operations Thread 38" [_thread_blocked, id=10772, stack(0x000000e125d00000,0x000000e125e00000)]
  0x000002293775e0b0 JavaThread "Unconstrained build operations Thread 39" [_thread_blocked, id=6380, stack(0x000000e125e00000,0x000000e125f00000)]
  0x000002293775ba30 JavaThread "Unconstrained build operations Thread 40" [_thread_blocked, id=9100, stack(0x000000e125f00000,0x000000e126000000)]
  0x00000229377610d0 JavaThread "build event listener" [_thread_blocked, id=3420, stack(0x000000e126000000,0x000000e126100000)]
  0x000002293775c3d0 JavaThread "Memory manager" [_thread_blocked, id=7716, stack(0x000000e126100000,0x000000e126200000)]
  0x000002293775f8c0 JavaThread "included builds" [_thread_blocked, id=10980, stack(0x000000e123200000,0x000000e123300000)]
  0x000002293775abc0 JavaThread "Execution worker" [_thread_blocked, id=10004, stack(0x000000e126200000,0x000000e126300000)]
  0x000002293775e580 JavaThread "Execution worker Thread 2" [_thread_blocked, id=6036, stack(0x000000e126300000,0x000000e126400000)]
  0x000002293775ea50 JavaThread "Execution worker Thread 3" [_thread_blocked, id=812, stack(0x000000e126400000,0x000000e126500000)]
  0x000002293775bf00 JavaThread "Cache worker for execution history cache (D:\FinalVersion\.gradle\8.0\executionHistory)" [_thread_blocked, id=7852, stack(0x000000e126500000,0x000000e126600000)]
  0x0000022937f38b50 JavaThread "Cache worker for Java compile cache (C:\Users\caot4\.gradle\caches\8.0\javaCompile)" [_thread_blocked, id=8644, stack(0x000000e126600000,0x000000e126700000)]
  0x0000022937f39020 JavaThread "Build operations" [_thread_blocked, id=10756, stack(0x000000e126700000,0x000000e126800000)]
  0x0000022937f32170 JavaThread "Build operations Thread 2" [_thread_blocked, id=7596, stack(0x000000e126800000,0x000000e126900000)]
  0x0000022937f32fe0 JavaThread "Build operations Thread 3" [_thread_blocked, id=9520, stack(0x000000e126900000,0x000000e126a00000)]
  0x0000022937f36e70 JavaThread "Build operations Thread 4" [_thread_blocked, id=1232, stack(0x000000e126a00000,0x000000e126b00000)]

Other Threads:
=>0x0000022932fa8890 VMThread "VM Thread" [stack: 0x000000e120a00000,0x000000e120b00000] [id=9168]
  0x0000022932fea870 WatcherThread [stack: 0x000000e121600000,0x000000e121700000] [id=9692]
  0x0000022919a48410 GCTaskThread "GC Thread#0" [stack: 0x000000e120500000,0x000000e120600000] [id=7820]
  0x0000022934321bb0 GCTaskThread "GC Thread#1" [stack: 0x000000e121700000,0x000000e121800000] [id=9680]
  0x0000022933cbc400 GCTaskThread "GC Thread#2" [stack: 0x000000e121800000,0x000000e121900000] [id=8616]
  0x000002293431f860 GCTaskThread "GC Thread#3" [stack: 0x000000e121a00000,0x000000e121b00000] [id=9264]
  0x0000022919a59260 ConcurrentGCThread "G1 Main Marker" [stack: 0x000000e120600000,0x000000e120700000] [id=6684]
  0x0000022919a59b80 ConcurrentGCThread "G1 Conc#0" [stack: 0x000000e120700000,0x000000e120800000] [id=7636]
  0x0000022932e040b0 ConcurrentGCThread "G1 Refine#0" [stack: 0x000000e120800000,0x000000e120900000] [id=3220]
  0x00000229366efda0 ConcurrentGCThread "G1 Refine#1" [stack: 0x000000e123100000,0x000000e123200000] [id=2644]
  0x0000022932e049e0 ConcurrentGCThread "G1 Service" [stack: 0x000000e120900000,0x000000e120a00000] [id=7844]

Threads with active compile tasks:
C2 CompilerThread0    17534 11658   !   4       com.sun.tools.javac.jvm.ClassReader::classSigToType (497 bytes)

VM state: at safepoint (normal execution)

VM Mutex/Monitor currently owned by a thread:  ([mutex/lock_event])
[0x00000229178cad40] Threads_lock - owner thread: 0x0000022932fa8890
[0x00000229178cba30] Heap_lock - owner thread: 0x000002293775e580

Heap address: 0x0000000080000000, size: 2048 MB, Compressed Oops mode: 32-bit

CDS archive(s) not mapped
Compressed class space mapped at: 0x0000000100000000-0x0000000140000000, reserved size: 1073741824
Narrow klass base: 0x0000000000000000, Narrow klass shift: 3, Narrow klass range: 0x140000000

GC Precious Log:
 CPUs: 4 total, 4 available
 Memory: 7998M
 Large Page Support: Disabled
 NUMA Support: Disabled
 Compressed Oops: Enabled (32-bit)
 Heap Region Size: 1M
 Heap Min Capacity: 8M
 Heap Initial Capacity: 126M
 Heap Max Capacity: 2G
 Pre-touch: Disabled
 Parallel Workers: 4
 Concurrent Workers: 1
 Concurrent Refinement Workers: 4
 Periodic GC: Disabled

Heap:
 garbage-first heap   total 165888K, used 100389K [0x0000000080000000, 0x0000000100000000)
  region size 1024K, 1 young (1024K), 1 survivors (1024K)
 Metaspace       used 100675K, committed 101376K, reserved 1138688K
  class space    used 13557K, committed 13888K, reserved 1048576K

Heap Regions: E=young(eden), S=young(survivor), O=old, HS=humongous(starts), HC=humongous(continues), CS=collection set, F=free, OA=open archive, CA=closed archive, TAMS=top-at-mark-start (previous, next)
|   0|0x0000000080000000, 0x0000000080100000, 0x0000000080100000|100%| O|  |TAMS 0x0000000080100000, 0x0000000080000000| Untracked 
|   1|0x0000000080100000, 0x0000000080200000, 0x0000000080200000|100%| O|  |TAMS 0x0000000080200000, 0x0000000080100000| Untracked 
|   2|0x0000000080200000, 0x0000000080300000, 0x0000000080300000|100%|HS|  |TAMS 0x0000000080300000, 0x0000000080200000| Complete 
|   3|0x0000000080300000, 0x0000000080400000, 0x0000000080400000|100%|HC|  |TAMS 0x0000000080400000, 0x0000000080300000| Complete 
|   4|0x0000000080400000, 0x0000000080500000, 0x0000000080500000|100%|HC|  |TAMS 0x0000000080500000, 0x0000000080400000| Complete 
|   5|0x0000000080500000, 0x0000000080600000, 0x0000000080600000|100%|HC|  |TAMS 0x0000000080600000, 0x0000000080500000| Complete 
|   6|0x0000000080600000, 0x0000000080700000, 0x0000000080700000|100%| O|  |TAMS 0x0000000080700000, 0x0000000080600000| Untracked 
|   7|0x0000000080700000, 0x0000000080800000, 0x0000000080800000|100%| O|  |TAMS 0x0000000080800000, 0x0000000080700000| Untracked 
|   8|0x0000000080800000, 0x0000000080900000, 0x0000000080900000|100%| O|  |TAMS 0x0000000080900000, 0x0000000080800000| Untracked 
|   9|0x0000000080900000, 0x0000000080a00000, 0x0000000080a00000|100%| O|  |TAMS 0x0000000080a00000, 0x0000000080900000| Untracked 
|  10|0x0000000080a00000, 0x0000000080b00000, 0x0000000080b00000|100%| O|  |TAMS 0x0000000080b00000, 0x0000000080a00000| Untracked 
|  11|0x0000000080b00000, 0x0000000080c00000, 0x0000000080c00000|100%| O|  |TAMS 0x0000000080c00000, 0x0000000080b00000| Untracked 
|  12|0x0000000080c00000, 0x0000000080d00000, 0x0000000080d00000|100%| O|  |TAMS 0x0000000080d00000, 0x0000000080c00000| Untracked 
|  13|0x0000000080d00000, 0x0000000080e00000, 0x0000000080e00000|100%| O|  |TAMS 0x0000000080e00000, 0x0000000080d00000| Untracked 
|  14|0x0000000080e00000, 0x0000000080f00000, 0x0000000080f00000|100%| O|  |TAMS 0x0000000080f00000, 0x0000000080e00000| Untracked 
|  15|0x0000000080f00000, 0x0000000081000000, 0x0000000081000000|100%| O|  |TAMS 0x0000000081000000, 0x0000000080f00000| Untracked 
|  16|0x0000000081000000, 0x0000000081100000, 0x0000000081100000|100%| O|  |TAMS 0x0000000081100000, 0x0000000081000000| Untracked 
|  17|0x0000000081100000, 0x0000000081200000, 0x0000000081200000|100%| O|  |TAMS 0x0000000081200000, 0x0000000081100000| Untracked 
|  18|0x0000000081200000, 0x0000000081300000, 0x0000000081300000|100%| O|  |TAMS 0x0000000081300000, 0x0000000081200000| Untracked 
|  19|0x0000000081300000, 0x0000000081400000, 0x0000000081400000|100%| O|  |TAMS 0x0000000081400000, 0x0000000081300000| Untracked 
|  20|0x0000000081400000, 0x0000000081500000, 0x0000000081500000|100%| O|  |TAMS 0x0000000081500000, 0x0000000081400000| Untracked 
|  21|0x0000000081500000, 0x0000000081600000, 0x0000000081600000|100%| O|  |TAMS 0x0000000081600000, 0x0000000081500000| Untracked 
|  22|0x0000000081600000, 0x0000000081700000, 0x0000000081700000|100%| O|  |TAMS 0x0000000081700000, 0x0000000081600000| Untracked 
|  23|0x0000000081700000, 0x0000000081800000, 0x0000000081800000|100%| O|  |TAMS 0x0000000081700000, 0x0000000081700000| Untracked 
|  24|0x0000000081800000, 0x0000000081900000, 0x0000000081900000|100%| O|  |TAMS 0x0000000081900000, 0x0000000081800000| Untracked 
|  25|0x0000000081900000, 0x0000000081a00000, 0x0000000081a00000|100%| O|  |TAMS 0x0000000081a00000, 0x0000000081900000| Untracked 
|  26|0x0000000081a00000, 0x0000000081b00000, 0x0000000081b00000|100%| O|  |TAMS 0x0000000081b00000, 0x0000000081a00000| Untracked 
|  27|0x0000000081b00000, 0x0000000081c00000, 0x0000000081c00000|100%| O|  |TAMS 0x0000000081c00000, 0x0000000081b00000| Untracked 
|  28|0x0000000081c00000, 0x0000000081d00000, 0x0000000081d00000|100%| O|  |TAMS 0x0000000081d00000, 0x0000000081c00000| Untracked 
|  29|0x0000000081d00000, 0x0000000081e00000, 0x0000000081e00000|100%| O|  |TAMS 0x0000000081e00000, 0x0000000081d00000| Untracked 
|  30|0x0000000081e00000, 0x0000000081f00000, 0x0000000081f00000|100%| O|  |TAMS 0x0000000081f00000, 0x0000000081e00000| Untracked 
|  31|0x0000000081f00000, 0x0000000082000000, 0x0000000082000000|100%|HS|  |TAMS 0x0000000082000000, 0x0000000081f00000| Complete 
|  32|0x0000000082000000, 0x0000000082100000, 0x0000000082100000|100%|HS|  |TAMS 0x0000000082100000, 0x0000000082000000| Complete 
|  33|0x0000000082100000, 0x0000000082200000, 0x0000000082200000|100%|HS|  |TAMS 0x0000000082200000, 0x0000000082100000| Complete 
|  34|0x0000000082200000, 0x0000000082300000, 0x0000000082300000|100%| O|  |TAMS 0x0000000082300000, 0x0000000082200000| Untracked 
|  35|0x0000000082300000, 0x0000000082400000, 0x0000000082400000|100%| O|  |TAMS 0x0000000082400000, 0x0000000082300000| Untracked 
|  36|0x0000000082400000, 0x0000000082500000, 0x0000000082500000|100%| O|  |TAMS 0x0000000082500000, 0x0000000082400000| Untracked 
|  37|0x0000000082500000, 0x0000000082600000, 0x0000000082600000|100%| O|  |TAMS 0x0000000082500000, 0x0000000082500000| Untracked 
|  38|0x0000000082600000, 0x0000000082700000, 0x0000000082700000|100%| O|  |TAMS 0x0000000082700000, 0x0000000082600000| Untracked 
|  39|0x0000000082700000, 0x0000000082800000, 0x0000000082800000|100%| O|  |TAMS 0x0000000082800000, 0x0000000082700000| Untracked 
|  40|0x0000000082800000, 0x0000000082900000, 0x0000000082900000|100%| O|  |TAMS 0x0000000082900000, 0x0000000082800000| Untracked 
|  41|0x0000000082900000, 0x0000000082a00000, 0x0000000082a00000|100%| O|  |TAMS 0x0000000082a00000, 0x0000000082900000| Untracked 
|  42|0x0000000082a00000, 0x0000000082b00000, 0x0000000082b00000|100%| O|  |TAMS 0x0000000082b00000, 0x0000000082a00000| Untracked 
|  43|0x0000000082b00000, 0x0000000082c00000, 0x0000000082c00000|100%| O|  |TAMS 0x0000000082c00000, 0x0000000082b00000| Untracked 
|  44|0x0000000082c00000, 0x0000000082d00000, 0x0000000082d00000|100%| O|  |TAMS 0x0000000082d00000, 0x0000000082c00000| Untracked 
|  45|0x0000000082d00000, 0x0000000082e00000, 0x0000000082e00000|100%| O|  |TAMS 0x0000000082e00000, 0x0000000082d00000| Untracked 
|  46|0x0000000082e00000, 0x0000000082f00000, 0x0000000082f00000|100%| O|  |TAMS 0x0000000082f00000, 0x0000000082e00000| Untracked 
|  47|0x0000000082f00000, 0x0000000083000000, 0x0000000083000000|100%| O|  |TAMS 0x0000000083000000, 0x0000000082f00000| Untracked 
|  48|0x0000000083000000, 0x0000000083100000, 0x0000000083100000|100%| O|  |TAMS 0x0000000083100000, 0x0000000083000000| Untracked 
|  49|0x0000000083100000, 0x0000000083200000, 0x0000000083200000|100%| O|  |TAMS 0x0000000083200000, 0x0000000083100000| Untracked 
|  50|0x0000000083200000, 0x0000000083300000, 0x0000000083300000|100%| O|  |TAMS 0x0000000083300000, 0x0000000083200000| Untracked 
|  51|0x0000000083300000, 0x0000000083400000, 0x0000000083400000|100%| O|  |TAMS 0x0000000083400000, 0x0000000083300000| Untracked 
|  52|0x0000000083400000, 0x0000000083500000, 0x0000000083500000|100%| O|  |TAMS 0x0000000083500000, 0x0000000083400000| Untracked 
|  53|0x0000000083500000, 0x0000000083600000, 0x0000000083600000|100%| O|  |TAMS 0x0000000083600000, 0x0000000083500000| Untracked 
|  54|0x0000000083600000, 0x0000000083700000, 0x0000000083700000|100%| O|  |TAMS 0x0000000083700000, 0x0000000083600000| Untracked 
|  55|0x0000000083700000, 0x0000000083800000, 0x0000000083800000|100%| O|  |TAMS 0x0000000083800000, 0x0000000083700000| Untracked 
|  56|0x0000000083800000, 0x0000000083900000, 0x0000000083900000|100%| O|  |TAMS 0x0000000083900000, 0x0000000083800000| Untracked 
|  57|0x0000000083900000, 0x0000000083a00000, 0x0000000083a00000|100%| O|  |TAMS 0x0000000083a00000, 0x0000000083900000| Untracked 
|  58|0x0000000083a00000, 0x0000000083b00000, 0x0000000083b00000|100%| O|  |TAMS 0x0000000083b00000, 0x0000000083a00000| Untracked 
|  59|0x0000000083b00000, 0x0000000083c00000, 0x0000000083c00000|100%| O|  |TAMS 0x0000000083c00000, 0x0000000083b00000| Untracked 
|  60|0x0000000083c00000, 0x0000000083d00000, 0x0000000083d00000|100%| O|  |TAMS 0x0000000083d00000, 0x0000000083c00000| Untracked 
|  61|0x0000000083d00000, 0x0000000083e00000, 0x0000000083e00000|100%| O|  |TAMS 0x0000000083e00000, 0x0000000083d00000| Untracked 
|  62|0x0000000083e00000, 0x0000000083f00000, 0x0000000083f00000|100%| O|  |TAMS 0x0000000083f00000, 0x0000000083e00000| Untracked 
|  63|0x0000000083f00000, 0x0000000084000000, 0x0000000084000000|100%| O|  |TAMS 0x0000000084000000, 0x0000000083f00000| Untracked 
|  64|0x0000000084000000, 0x0000000084100000, 0x0000000084100000|100%| O|  |TAMS 0x0000000084100000, 0x0000000084000000| Untracked 
|  65|0x0000000084100000, 0x0000000084200000, 0x0000000084200000|100%| O|  |TAMS 0x0000000084200000, 0x0000000084100000| Untracked 
|  66|0x0000000084200000, 0x0000000084300000, 0x0000000084300000|100%| O|  |TAMS 0x0000000084300000, 0x0000000084200000| Untracked 
|  67|0x0000000084300000, 0x0000000084400000, 0x0000000084400000|100%| O|  |TAMS 0x0000000084400000, 0x0000000084300000| Untracked 
|  68|0x0000000084400000, 0x0000000084500000, 0x0000000084500000|100%| O|  |TAMS 0x0000000084500000, 0x0000000084400000| Untracked 
|  69|0x0000000084500000, 0x0000000084600000, 0x0000000084600000|100%| O|  |TAMS 0x0000000084600000, 0x0000000084500000| Untracked 
|  70|0x0000000084600000, 0x0000000084700000, 0x0000000084700000|100%| O|  |TAMS 0x0000000084700000, 0x0000000084600000| Untracked 
|  71|0x0000000084700000, 0x0000000084800000, 0x0000000084800000|100%| O|  |TAMS 0x0000000084800000, 0x0000000084700000| Untracked 
|  72|0x0000000084800000, 0x0000000084900000, 0x0000000084900000|100%| O|  |TAMS 0x0000000084900000, 0x0000000084800000| Untracked 
|  73|0x0000000084900000, 0x0000000084900000, 0x0000000084a00000|  0%| F|  |TAMS 0x0000000084900000, 0x0000000084900000| Untracked 
|  74|0x0000000084a00000, 0x0000000084b00000, 0x0000000084b00000|100%| O|  |TAMS 0x0000000084b00000, 0x0000000084a00000| Untracked 
|  75|0x0000000084b00000, 0x0000000084c00000, 0x0000000084c00000|100%| O|  |TAMS 0x0000000084c00000, 0x0000000084b00000| Untracked 
|  76|0x0000000084c00000, 0x0000000084d00000, 0x0000000084d00000|100%| O|  |TAMS 0x0000000084d00000, 0x0000000084c00000| Untracked 
|  77|0x0000000084d00000, 0x0000000084e00000, 0x0000000084e00000|100%| O|  |TAMS 0x0000000084e00000, 0x0000000084d00000| Untracked 
|  78|0x0000000084e00000, 0x0000000084f00000, 0x0000000084f00000|100%| O|  |TAMS 0x0000000084f00000, 0x0000000084e00000| Untracked 
|  79|0x0000000084f00000, 0x0000000085000000, 0x0000000085000000|100%| O|  |TAMS 0x0000000085000000, 0x0000000084f00000| Untracked 
|  80|0x0000000085000000, 0x0000000085100000, 0x0000000085100000|100%| O|  |TAMS 0x0000000085100000, 0x0000000085000000| Untracked 
|  81|0x0000000085100000, 0x0000000085200000, 0x0000000085200000|100%| O|  |TAMS 0x0000000085200000, 0x0000000085100000| Untracked 
|  82|0x0000000085200000, 0x0000000085300000, 0x0000000085300000|100%| O|  |TAMS 0x0000000085300000, 0x0000000085200000| Untracked 
|  83|0x0000000085300000, 0x0000000085400000, 0x0000000085400000|100%| O|  |TAMS 0x0000000085378800, 0x0000000085300000| Untracked 
|  84|0x0000000085400000, 0x0000000085500000, 0x0000000085500000|100%|HS|  |TAMS 0x0000000085400000, 0x0000000085400000| Complete 
|  85|0x0000000085500000, 0x0000000085600000, 0x0000000085600000|100%|HC|  |TAMS 0x0000000085500000, 0x0000000085500000| Complete 
|  86|0x0000000085600000, 0x0000000085700000, 0x0000000085700000|100%| O|  |TAMS 0x0000000085600000, 0x0000000085600000| Untracked 
|  87|0x0000000085700000, 0x0000000085800000, 0x0000000085800000|100%| O|  |TAMS 0x0000000085700000, 0x0000000085700000| Untracked 
|  88|0x0000000085800000, 0x0000000085900000, 0x0000000085900000|100%| O|  |TAMS 0x0000000085800000, 0x0000000085800000| Untracked 
|  89|0x0000000085900000, 0x0000000085a00000, 0x0000000085a00000|100%| O|  |TAMS 0x0000000085900000, 0x0000000085900000| Untracked 
|  90|0x0000000085a00000, 0x0000000085b00000, 0x0000000085b00000|100%| O|  |TAMS 0x0000000085a00000, 0x0000000085a00000| Untracked 
|  91|0x0000000085b00000, 0x0000000085c00000, 0x0000000085c00000|100%| O|  |TAMS 0x0000000085b00000, 0x0000000085b00000| Untracked 
|  92|0x0000000085c00000, 0x0000000085d00000, 0x0000000085d00000|100%| O|  |TAMS 0x0000000085c00000, 0x0000000085c00000| Untracked 
|  93|0x0000000085d00000, 0x0000000085e00000, 0x0000000085e00000|100%| O|  |TAMS 0x0000000085d00000, 0x0000000085d00000| Untracked 
|  94|0x0000000085e00000, 0x0000000085f00000, 0x0000000085f00000|100%| O|  |TAMS 0x0000000085e00000, 0x0000000085e00000| Untracked 
|  95|0x0000000085f00000, 0x0000000086000000, 0x0000000086000000|100%| O|  |TAMS 0x0000000085f00000, 0x0000000085f00000| Untracked 
|  96|0x0000000086000000, 0x0000000086100000, 0x0000000086100000|100%| O|  |TAMS 0x0000000086000000, 0x0000000086000000| Untracked 
|  97|0x0000000086100000, 0x0000000086200000, 0x0000000086200000|100%| O|  |TAMS 0x0000000086100000, 0x0000000086100000| Untracked 
|  98|0x0000000086200000, 0x0000000086248000, 0x0000000086300000| 28%| O|  |TAMS 0x0000000086200000, 0x0000000086200000| Untracked 
|  99|0x0000000086300000, 0x0000000086300000, 0x0000000086400000|  0%| F|  |TAMS 0x0000000086300000, 0x0000000086300000| Untracked 
| 100|0x0000000086400000, 0x0000000086400000, 0x0000000086500000|  0%| F|  |TAMS 0x0000000086400000, 0x0000000086400000| Untracked 
| 101|0x0000000086500000, 0x0000000086500000, 0x0000000086600000|  0%| F|  |TAMS 0x0000000086500000, 0x0000000086500000| Untracked 
| 102|0x0000000086600000, 0x0000000086600000, 0x0000000086700000|  0%| F|  |TAMS 0x0000000086600000, 0x0000000086600000| Untracked 
| 103|0x0000000086700000, 0x0000000086700000, 0x0000000086800000|  0%| F|  |TAMS 0x0000000086700000, 0x0000000086700000| Untracked 
| 104|0x0000000086800000, 0x0000000086800000, 0x0000000086900000|  0%| F|  |TAMS 0x0000000086800000, 0x0000000086800000| Untracked 
| 105|0x0000000086900000, 0x0000000086900000, 0x0000000086a00000|  0%| F|  |TAMS 0x0000000086900000, 0x0000000086900000| Untracked 
| 106|0x0000000086a00000, 0x0000000086a00000, 0x0000000086b00000|  0%| F|  |TAMS 0x0000000086a00000, 0x0000000086a00000| Untracked 
| 107|0x0000000086b00000, 0x0000000086b00000, 0x0000000086c00000|  0%| F|  |TAMS 0x0000000086b00000, 0x0000000086b00000| Untracked 
| 108|0x0000000086c00000, 0x0000000086c00000, 0x0000000086d00000|  0%| F|  |TAMS 0x0000000086c00000, 0x0000000086c00000| Untracked 
| 109|0x0000000086d00000, 0x0000000086d00000, 0x0000000086e00000|  0%| F|  |TAMS 0x0000000086d00000, 0x0000000086d00000| Untracked 
| 110|0x0000000086e00000, 0x0000000086e00000, 0x0000000086f00000|  0%| F|  |TAMS 0x0000000086e00000, 0x0000000086e00000| Untracked 
| 111|0x0000000086f00000, 0x0000000086f00000, 0x0000000087000000|  0%| F|  |TAMS 0x0000000086f00000, 0x0000000086f00000| Untracked 
| 112|0x0000000087000000, 0x0000000087000000, 0x0000000087100000|  0%| F|  |TAMS 0x0000000087000000, 0x0000000087000000| Untracked 
| 113|0x0000000087100000, 0x0000000087100000, 0x0000000087200000|  0%| F|  |TAMS 0x0000000087100000, 0x0000000087100000| Untracked 
| 114|0x0000000087200000, 0x0000000087200000, 0x0000000087300000|  0%| F|  |TAMS 0x0000000087200000, 0x0000000087200000| Untracked 
| 115|0x0000000087300000, 0x0000000087300000, 0x0000000087400000|  0%| F|  |TAMS 0x0000000087300000, 0x0000000087300000| Untracked 
| 116|0x0000000087400000, 0x0000000087400000, 0x0000000087500000|  0%| F|  |TAMS 0x0000000087400000, 0x0000000087400000| Untracked 
| 117|0x0000000087500000, 0x0000000087500000, 0x0000000087600000|  0%| F|  |TAMS 0x0000000087500000, 0x0000000087500000| Untracked 
| 118|0x0000000087600000, 0x0000000087600000, 0x0000000087700000|  0%| F|  |TAMS 0x0000000087600000, 0x0000000087600000| Untracked 
| 119|0x0000000087700000, 0x0000000087700000, 0x0000000087800000|  0%| F|  |TAMS 0x0000000087700000, 0x0000000087700000| Untracked 
| 120|0x0000000087800000, 0x0000000087800000, 0x0000000087900000|  0%| F|  |TAMS 0x0000000087800000, 0x0000000087800000| Untracked 
| 121|0x0000000087900000, 0x0000000087900000, 0x0000000087a00000|  0%| F|  |TAMS 0x0000000087900000, 0x0000000087900000| Untracked 
| 122|0x0000000087a00000, 0x0000000087a00000, 0x0000000087b00000|  0%| F|  |TAMS 0x0000000087a00000, 0x0000000087a00000| Untracked 
| 123|0x0000000087b00000, 0x0000000087b00000, 0x0000000087c00000|  0%| F|  |TAMS 0x0000000087b00000, 0x0000000087b00000| Untracked 
| 124|0x0000000087c00000, 0x0000000087c00000, 0x0000000087d00000|  0%| F|  |TAMS 0x0000000087c00000, 0x0000000087c00000| Untracked 
| 125|0x0000000087d00000, 0x0000000087d00000, 0x0000000087e00000|  0%| F|  |TAMS 0x0000000087d00000, 0x0000000087d00000| Untracked 
| 126|0x0000000087e00000, 0x0000000087e00000, 0x0000000087f00000|  0%| F|  |TAMS 0x0000000087e00000, 0x0000000087e00000| Untracked 
| 127|0x0000000087f00000, 0x0000000087f00000, 0x0000000088000000|  0%| F|  |TAMS 0x0000000087f00000, 0x0000000087f00000| Untracked 
| 128|0x0000000088000000, 0x0000000088000000, 0x0000000088100000|  0%| F|  |TAMS 0x0000000088000000, 0x0000000088000000| Untracked 
| 129|0x0000000088100000, 0x0000000088100000, 0x0000000088200000|  0%| F|  |TAMS 0x0000000088100000, 0x0000000088100000| Untracked 
| 130|0x0000000088200000, 0x0000000088200000, 0x0000000088300000|  0%| F|  |TAMS 0x0000000088200000, 0x0000000088200000| Untracked 
| 131|0x0000000088300000, 0x0000000088300000, 0x0000000088400000|  0%| F|  |TAMS 0x0000000088300000, 0x0000000088300000| Untracked 
| 132|0x0000000088400000, 0x0000000088400000, 0x0000000088500000|  0%| F|  |TAMS 0x0000000088400000, 0x0000000088400000| Untracked 
| 133|0x0000000088500000, 0x0000000088500000, 0x0000000088600000|  0%| F|  |TAMS 0x0000000088500000, 0x0000000088500000| Untracked 
| 134|0x0000000088600000, 0x0000000088600000, 0x0000000088700000|  0%| F|  |TAMS 0x0000000088600000, 0x0000000088600000| Untracked 
| 135|0x0000000088700000, 0x0000000088700000, 0x0000000088800000|  0%| F|  |TAMS 0x0000000088700000, 0x0000000088700000| Untracked 
| 136|0x0000000088800000, 0x0000000088800000, 0x0000000088900000|  0%| F|  |TAMS 0x0000000088800000, 0x0000000088800000| Untracked 
| 137|0x0000000088900000, 0x0000000088900000, 0x0000000088a00000|  0%| F|  |TAMS 0x0000000088900000, 0x0000000088900000| Untracked 
| 138|0x0000000088a00000, 0x0000000088a00000, 0x0000000088b00000|  0%| F|  |TAMS 0x0000000088a00000, 0x0000000088a00000| Untracked 
| 139|0x0000000088b00000, 0x0000000088b00000, 0x0000000088c00000|  0%| F|  |TAMS 0x0000000088b00000, 0x0000000088b00000| Untracked 
| 140|0x0000000088c00000, 0x0000000088c00000, 0x0000000088d00000|  0%| F|  |TAMS 0x0000000088c00000, 0x0000000088c00000| Untracked 
| 141|0x0000000088d00000, 0x0000000088d00000, 0x0000000088e00000|  0%| F|  |TAMS 0x0000000088d00000, 0x0000000088d00000| Untracked 
| 142|0x0000000088e00000, 0x0000000088e00000, 0x0000000088f00000|  0%| F|  |TAMS 0x0000000088e00000, 0x0000000088e00000| Untracked 
| 143|0x0000000088f00000, 0x0000000088f00000, 0x0000000089000000|  0%| F|  |TAMS 0x0000000088f00000, 0x0000000088f00000| Untracked 
| 144|0x0000000089000000, 0x0000000089000000, 0x0000000089100000|  0%| F|  |TAMS 0x0000000089000000, 0x0000000089000000| Untracked 
| 145|0x0000000089100000, 0x0000000089100000, 0x0000000089200000|  0%| F|  |TAMS 0x0000000089100000, 0x0000000089100000| Untracked 
| 146|0x0000000089200000, 0x0000000089200000, 0x0000000089300000|  0%| F|  |TAMS 0x0000000089200000, 0x0000000089200000| Untracked 
| 147|0x0000000089300000, 0x0000000089300000, 0x0000000089400000|  0%| F|  |TAMS 0x0000000089300000, 0x0000000089300000| Untracked 
| 148|0x0000000089400000, 0x0000000089400000, 0x0000000089500000|  0%| F|  |TAMS 0x0000000089400000, 0x0000000089400000| Untracked 
| 149|0x0000000089500000, 0x0000000089500000, 0x0000000089600000|  0%| F|  |TAMS 0x0000000089500000, 0x0000000089500000| Untracked 
| 150|0x0000000089600000, 0x0000000089600000, 0x0000000089700000|  0%| F|  |TAMS 0x0000000089600000, 0x0000000089600000| Untracked 
| 151|0x0000000089700000, 0x0000000089700000, 0x0000000089800000|  0%| F|  |TAMS 0x0000000089700000, 0x0000000089700000| Untracked 
| 152|0x0000000089800000, 0x0000000089800000, 0x0000000089900000|  0%| F|  |TAMS 0x0000000089800000, 0x0000000089800000| Untracked 
| 153|0x0000000089900000, 0x0000000089900000, 0x0000000089a00000|  0%| F|  |TAMS 0x0000000089900000, 0x0000000089900000| Untracked 
| 154|0x0000000089a00000, 0x0000000089a00000, 0x0000000089b00000|  0%| F|  |TAMS 0x0000000089a00000, 0x0000000089a00000| Untracked 
| 155|0x0000000089b00000, 0x0000000089b00000, 0x0000000089c00000|  0%| F|  |TAMS 0x0000000089b00000, 0x0000000089b00000| Untracked 
| 156|0x0000000089c00000, 0x0000000089c00000, 0x0000000089d00000|  0%| F|  |TAMS 0x0000000089c00000, 0x0000000089c00000| Untracked 
| 157|0x0000000089d00000, 0x0000000089d00000, 0x0000000089e00000|  0%| F|  |TAMS 0x0000000089d00000, 0x0000000089d00000| Untracked 
| 158|0x0000000089e00000, 0x0000000089e00000, 0x0000000089f00000|  0%| F|  |TAMS 0x0000000089e00000, 0x0000000089e00000| Untracked 
| 159|0x0000000089f00000, 0x0000000089fc1680, 0x000000008a000000| 75%| S|CS|TAMS 0x0000000089f00000, 0x0000000089f00000| Complete 
| 160|0x000000008a000000, 0x000000008a000000, 0x000000008a100000|  0%| F|  |TAMS 0x000000008a000000, 0x000000008a000000| Untracked 
| 161|0x000000008a100000, 0x000000008a100000, 0x000000008a200000|  0%| F|  |TAMS 0x000000008a100000, 0x000000008a100000| Untracked 

Card table byte_map: [0x000002292c2c0000,0x000002292c6c0000] _byte_map_base: 0x000002292bec0000

Marking Bits (Prev, Next): (CMBitMap*) 0x0000022919a48970, (CMBitMap*) 0x0000022919a48930
 Prev Bits: [0x000002292eac0000, 0x0000022930ac0000)
 Next Bits: [0x000002292cac0000, 0x000002292eac0000)

Polling page: 0x00000229191c0000

Metaspace:

Usage:
  Non-class:     85.08 MB used.
      Class:     13.24 MB used.
       Both:     98.32 MB used.

Virtual space:
  Non-class space:       88.00 MB reserved,      85.44 MB ( 97%) committed,  11 nodes.
      Class space:        1.00 GB reserved,      13.56 MB (  1%) committed,  1 nodes.
             Both:        1.09 GB reserved,      99.00 MB (  9%) committed. 

Chunk freelists:
   Non-Class:  1.92 MB
       Class:  2.42 MB
        Both:  4.34 MB

MaxMetaspaceSize: unlimited
CompressedClassSpaceSize: 1.00 GB
Initial GC threshold: 21.00 MB
Current GC threshold: 163.06 MB
CDS: off
MetaspaceReclaimPolicy: balanced
 - commit_granule_bytes: 65536.
 - commit_granule_words: 8192.
 - virtual_space_node_default_size: 1048576.
 - enlarge_chunks_in_place: 1.
 - new_chunks_are_fully_committed: 0.
 - uncommit_free_chunks: 1.
 - use_allocation_guard: 0.
 - handle_deallocations: 1.


Internal statistics:

num_allocs_failed_limit: 6.
num_arena_births: 1006.
num_arena_deaths: 4.
num_vsnodes_births: 12.
num_vsnodes_deaths: 0.
num_space_committed: 1583.
num_space_uncommitted: 0.
num_chunks_returned_to_freelist: 11.
num_chunks_taken_from_freelist: 4684.
num_chunk_merges: 6.
num_chunk_splits: 3134.
num_chunks_enlarged: 2139.
num_purges: 2.
num_inconsistent_stats: 0.

CodeHeap 'non-profiled nmethods': size=120000Kb used=5374Kb max_used=5374Kb free=114625Kb
 bounds [0x0000022924990000, 0x0000022924ed0000, 0x000002292bec0000]
CodeHeap 'profiled nmethods': size=120000Kb used=20730Kb max_used=20730Kb free=99269Kb
 bounds [0x000002291cec0000, 0x000002291e300000, 0x00000229243f0000]
CodeHeap 'non-nmethods': size=5760Kb used=2410Kb max_used=2456Kb free=3350Kb
 bounds [0x00000229243f0000, 0x0000022924660000, 0x0000022924990000]
 total_blobs=11885 nmethods=10952 adapters=845
 compilation: enabled
              stopped_count=0, restarted_count=0
 full_count=0

Compilation events (20 events):
Event: 17.474 Thread 0x000002293392d140 11877       2       com.sun.tools.javac.code.Type::typeNoMetadata (19 bytes)
Event: 17.474 Thread 0x000002293392d140 nmethod 11877 0x000002291e2f8690 code [0x000002291e2f8820, 0x000002291e2f8938]
Event: 17.477 Thread 0x000002293392d140 11878       2       com.sun.tools.javac.util.List::map (83 bytes)
Event: 17.477 Thread 0x000002293392d140 nmethod 11878 0x000002291e2f8a10 code [0x000002291e2f8c00, 0x000002291e2f90b8]
Event: 17.478 Thread 0x000002293392d140 11879       2       com.sun.tools.javac.comp.Resolve::isStatic (39 bytes)
Event: 17.478 Thread 0x000002293392d140 nmethod 11879 0x000002291e2f9290 code [0x000002291e2f9420, 0x000002291e2f95b8]
Event: 17.478 Thread 0x000002293392d140 11880       2       com.sun.tools.javac.util.ListBuffer$1::next (39 bytes)
Event: 17.478 Thread 0x000002293392d140 nmethod 11880 0x000002291e2f9710 code [0x000002291e2f98c0, 0x000002291e2f9b38]
Event: 17.478 Thread 0x000002293392d140 11881       2       com.sun.tools.javac.code.Type$ClassType::isParameterized (16 bytes)
Event: 17.478 Thread 0x000002293392d140 nmethod 11881 0x000002291e2f9c90 code [0x000002291e2f9e20, 0x000002291e2f9f68]
Event: 17.480 Thread 0x000002293392d140 11882       2       com.sun.tools.javac.code.Types$TypeMapping::visit (12 bytes)
Event: 17.480 Thread 0x000002293392d140 nmethod 11882 0x000002291e2fa010 code [0x000002291e2fa1c0, 0x000002291e2fa418]
Event: 17.481 Thread 0x000002293392d140 11883       2       com.sun.tools.javac.jvm.ClassReader::readClass (670 bytes)
Event: 17.485 Thread 0x000002293392d140 nmethod 11883 0x000002291e2fa590 code [0x000002291e2faa40, 0x000002291e2fcc58]
Event: 17.485 Thread 0x000002293392d140 11884       2       com.sun.tools.javac.code.Type$MethodType::asMethodType (2 bytes)
Event: 17.485 Thread 0x000002293392d140 nmethod 11884 0x000002291e2fe310 code [0x000002291e2fe4a0, 0x000002291e2fe5b8]
Event: 17.485 Thread 0x000002293392d140 11886       2       com.sun.tools.javac.code.Lint::isEnabled (9 bytes)
Event: 17.485 Thread 0x000002293392d140 nmethod 11886 0x000002291e2fe690 code [0x000002291e2fe820, 0x000002291e2fe948]
Event: 17.485 Thread 0x000002293392d140 11885       1       com.sun.tools.javac.code.Type::isSuperBound (2 bytes)
Event: 17.485 Thread 0x000002293392d140 nmethod 11885 0x0000022924ecf310 code [0x0000022924ecf4a0, 0x0000022924ecf578]

GC Heap History (20 events):
Event: 12.463 GC heap after
{Heap after GC invocations=29 (full 0):
 garbage-first heap   total 128000K, used 61845K [0x0000000080000000, 0x0000000100000000)
  region size 1024K, 6 young (6144K), 6 survivors (6144K)
 Metaspace       used 83757K, committed 84352K, reserved 1122304K
  class space    used 11429K, committed 11712K, reserved 1048576K
}
Event: 13.045 GC heap before
{Heap before GC invocations=29 (full 0):
 garbage-first heap   total 128000K, used 102805K [0x0000000080000000, 0x0000000100000000)
  region size 1024K, 46 young (47104K), 6 survivors (6144K)
 Metaspace       used 87898K, committed 88512K, reserved 1130496K
  class space    used 11993K, committed 12288K, reserved 1048576K
}
Event: 13.060 GC heap after
{Heap after GC invocations=30 (full 0):
 garbage-first heap   total 128000K, used 65457K [0x0000000080000000, 0x0000000100000000)
  region size 1024K, 6 young (6144K), 6 survivors (6144K)
 Metaspace       used 87898K, committed 88512K, reserved 1130496K
  class space    used 11993K, committed 12288K, reserved 1048576K
}
Event: 13.338 GC heap before
{Heap before GC invocations=30 (full 0):
 garbage-first heap   total 128000K, used 103345K [0x0000000080000000, 0x0000000100000000)
  region size 1024K, 43 young (44032K), 6 survivors (6144K)
 Metaspace       used 88111K, committed 88768K, reserved 1130496K
  class space    used 12007K, committed 12352K, reserved 1048576K
}
Event: 13.352 GC heap after
{Heap after GC invocations=31 (full 0):
 garbage-first heap   total 128000K, used 72402K [0x0000000080000000, 0x0000000100000000)
  region size 1024K, 6 young (6144K), 6 survivors (6144K)
 Metaspace       used 88111K, committed 88768K, reserved 1130496K
  class space    used 12007K, committed 12352K, reserved 1048576K
}
Event: 14.002 GC heap before
{Heap before GC invocations=32 (full 0):
 garbage-first heap   total 133120K, used 103122K [0x0000000080000000, 0x0000000100000000)
  region size 1024K, 36 young (36864K), 6 survivors (6144K)
 Metaspace       used 89861K, committed 90432K, reserved 1130496K
  class space    used 12336K, committed 12608K, reserved 1048576K
}
Event: 14.018 GC heap after
{Heap after GC invocations=33 (full 0):
 garbage-first heap   total 133120K, used 76437K [0x0000000080000000, 0x0000000100000000)
  region size 1024K, 4 young (4096K), 4 survivors (4096K)
 Metaspace       used 89861K, committed 90432K, reserved 1130496K
  class space    used 12336K, committed 12608K, reserved 1048576K
}
Event: 14.043 GC heap before
{Heap before GC invocations=33 (full 0):
 garbage-first heap   total 133120K, used 78485K [0x0000000080000000, 0x0000000100000000)
  region size 1024K, 6 young (6144K), 4 survivors (4096K)
 Metaspace       used 89862K, committed 90432K, reserved 1130496K
  class space    used 12336K, committed 12608K, reserved 1048576K
}
Event: 14.051 GC heap after
{Heap after GC invocations=34 (full 0):
 garbage-first heap   total 159744K, used 77026K [0x0000000080000000, 0x0000000100000000)
  region size 1024K, 1 young (1024K), 1 survivors (1024K)
 Metaspace       used 89862K, committed 90432K, reserved 1130496K
  class space    used 12336K, committed 12608K, reserved 1048576K
}
Event: 15.109 GC heap before
{Heap before GC invocations=34 (full 0):
 garbage-first heap   total 159744K, used 126178K [0x0000000080000000, 0x0000000100000000)
  region size 1024K, 50 young (51200K), 1 survivors (1024K)
 Metaspace       used 90530K, committed 91200K, reserved 1130496K
  class space    used 12377K, committed 12672K, reserved 1048576K
}
Event: 15.123 GC heap after
{Heap after GC invocations=35 (full 0):
 garbage-first heap   total 159744K, used 81050K [0x0000000080000000, 0x0000000100000000)
  region size 1024K, 5 young (5120K), 5 survivors (5120K)
 Metaspace       used 90530K, committed 91200K, reserved 1130496K
  class space    used 12377K, committed 12672K, reserved 1048576K
}
Event: 15.930 GC heap before
{Heap before GC invocations=36 (full 0):
 garbage-first heap   total 159744K, used 127130K [0x0000000080000000, 0x0000000100000000)
  region size 1024K, 50 young (51200K), 5 survivors (5120K)
 Metaspace       used 92240K, committed 92864K, reserved 1130496K
  class space    used 12521K, committed 12800K, reserved 1048576K
}
Event: 15.947 GC heap after
{Heap after GC invocations=37 (full 0):
 garbage-first heap   total 159744K, used 85139K [0x0000000080000000, 0x0000000100000000)
  region size 1024K, 5 young (5120K), 5 survivors (5120K)
 Metaspace       used 92240K, committed 92864K, reserved 1130496K
  class space    used 12521K, committed 12800K, reserved 1048576K
}
Event: 15.965 GC heap before
{Heap before GC invocations=37 (full 0):
 garbage-first heap   total 159744K, used 87187K [0x0000000080000000, 0x0000000100000000)
  region size 1024K, 7 young (7168K), 5 survivors (5120K)
 Metaspace       used 92298K, committed 92992K, reserved 1130496K
  class space    used 12531K, committed 12864K, reserved 1048576K
}
Event: 15.978 GC heap after
{Heap after GC invocations=38 (full 0):
 garbage-first heap   total 159744K, used 84294K [0x0000000080000000, 0x0000000100000000)
  region size 1024K, 1 young (1024K), 1 survivors (1024K)
 Metaspace       used 92298K, committed 92992K, reserved 1130496K
  class space    used 12531K, committed 12864K, reserved 1048576K
}
Event: 16.741 GC heap before
{Heap before GC invocations=38 (full 0):
 garbage-first heap   total 159744K, used 127302K [0x0000000080000000, 0x0000000100000000)
  region size 1024K, 44 young (45056K), 1 survivors (1024K)
 Metaspace       used 98978K, committed 99648K, reserved 1138688K
  class space    used 13410K, committed 13696K, reserved 1048576K
}
Event: 16.749 GC heap after
{Heap after GC invocations=39 (full 0):
 garbage-first heap   total 159744K, used 88856K [0x0000000080000000, 0x0000000100000000)
  region size 1024K, 6 young (6144K), 6 survivors (6144K)
 Metaspace       used 98978K, committed 99648K, reserved 1138688K
  class space    used 13410K, committed 13696K, reserved 1048576K
}
Event: 17.425 GC heap before
{Heap before GC invocations=40 (full 0):
 garbage-first heap   total 165888K, used 130840K [0x0000000080000000, 0x0000000100000000)
  region size 1024K, 45 young (46080K), 6 survivors (6144K)
 Metaspace       used 100293K, committed 100992K, reserved 1138688K
  class space    used 13505K, committed 13824K, reserved 1048576K
}
Event: 17.439 GC heap after
{Heap after GC invocations=41 (full 0):
 garbage-first heap   total 165888K, used 99963K [0x0000000080000000, 0x0000000100000000)
  region size 1024K, 6 young (6144K), 6 survivors (6144K)
 Metaspace       used 100293K, committed 100992K, reserved 1138688K
  class space    used 13505K, committed 13824K, reserved 1048576K
}
Event: 17.493 GC heap before
{Heap before GC invocations=41 (full 0):
 garbage-first heap   total 165888K, used 100987K [0x0000000080000000, 0x0000000100000000)
  region size 1024K, 8 young (8192K), 6 survivors (6144K)
 Metaspace       used 100675K, committed 101376K, reserved 1138688K
  class space    used 13557K, committed 13888K, reserved 1048576K
}

Dll operation events (2 events):
Event: 0.023 Loaded shared library C:\Program Files\Android\Android Studio\jbr\bin\java.dll
Event: 0.432 Loaded shared library C:\Program Files\Android\Android Studio\jbr\bin\verify.dll

Deoptimization events (20 events):
Event: 17.148 Thread 0x000002293775e580 DEOPT PACKING pc=0x0000022924b009c0 sp=0x000000e1263f94f0
Event: 17.148 Thread 0x000002293775e580 DEOPT UNPACKING pc=0x000002292444a1a3 sp=0x000000e1263f9490 mode 2
Event: 17.148 Thread 0x000002293775e580 Uncommon trap: trap_request=0xffffffc6 fr.pc=0x0000022924b009c0 relative=0x0000000000000440
Event: 17.148 Thread 0x000002293775e580 Uncommon trap: reason=bimorphic_or_optimized_type_check action=maybe_recompile pc=0x0000022924b009c0 method=java.util.Spliterators$IteratorSpliterator.tryAdvance(Ljava/util/function/Consumer;)Z @ 50 c2
Event: 17.148 Thread 0x000002293775e580 DEOPT PACKING pc=0x0000022924b009c0 sp=0x000000e1263f94f0
Event: 17.148 Thread 0x000002293775e580 DEOPT UNPACKING pc=0x000002292444a1a3 sp=0x000000e1263f9490 mode 2
Event: 17.151 Thread 0x000002293775e580 Uncommon trap: trap_request=0xffffffc6 fr.pc=0x0000022924b009c0 relative=0x0000000000000440
Event: 17.151 Thread 0x000002293775e580 Uncommon trap: reason=bimorphic_or_optimized_type_check action=maybe_recompile pc=0x0000022924b009c0 method=java.util.Spliterators$IteratorSpliterator.tryAdvance(Ljava/util/function/Consumer;)Z @ 50 c2
Event: 17.151 Thread 0x000002293775e580 DEOPT PACKING pc=0x0000022924b009c0 sp=0x000000e1263f94f0
Event: 17.151 Thread 0x000002293775e580 DEOPT UNPACKING pc=0x000002292444a1a3 sp=0x000000e1263f9490 mode 2
Event: 17.151 Thread 0x000002293775e580 Uncommon trap: trap_request=0xffffffc6 fr.pc=0x0000022924b009c0 relative=0x0000000000000440
Event: 17.151 Thread 0x000002293775e580 Uncommon trap: reason=bimorphic_or_optimized_type_check action=maybe_recompile pc=0x0000022924b009c0 method=java.util.Spliterators$IteratorSpliterator.tryAdvance(Ljava/util/function/Consumer;)Z @ 50 c2
Event: 17.151 Thread 0x000002293775e580 DEOPT PACKING pc=0x0000022924b009c0 sp=0x000000e1263f94f0
Event: 17.151 Thread 0x000002293775e580 DEOPT UNPACKING pc=0x000002292444a1a3 sp=0x000000e1263f9490 mode 2
Event: 17.318 Thread 0x000002293775e580 Uncommon trap: trap_request=0xffffff45 fr.pc=0x0000022924ea7da8 relative=0x00000000000002a8
Event: 17.318 Thread 0x000002293775e580 Uncommon trap: reason=unstable_if action=reinterpret pc=0x0000022924ea7da8 method=com.sun.tools.javac.util.Convert.utf2chars([BI[CII)I @ 91 c2
Event: 17.318 Thread 0x000002293775e580 DEOPT PACKING pc=0x0000022924ea7da8 sp=0x000000e1263f8390
Event: 17.318 Thread 0x000002293775e580 DEOPT UNPACKING pc=0x000002292444a1a3 sp=0x000000e1263f82f0 mode 2
Event: 17.457 Thread 0x000002293775e580 DEOPT PACKING pc=0x000002291e29e244 sp=0x000000e1263f8fb0
Event: 17.457 Thread 0x000002293775e580 DEOPT UNPACKING pc=0x000002292444ace3 sp=0x000000e1263f8370 mode 0

Classes unloaded (2 events):
Event: 15.266 Thread 0x0000022932fa8890 Unloading class 0x0000000100c5c800 'java/lang/invoke/LambdaForm$DMH+0x0000000100c5c800'
Event: 15.266 Thread 0x0000022932fa8890 Unloading class 0x0000000100c5c400 'java/lang/invoke/LambdaForm$DMH+0x0000000100c5c400'

Classes redefined (0 events):
No events

Internal exceptions (20 events):
Event: 17.369 Thread 0x000002293775e580 Exception <a 'sun/nio/fs/WindowsException'{0x0000000087fbcbe8}> (0x0000000087fbcbe8) 
thrown [s\src\hotspot\share\prims\jni.cpp, line 517]
Event: 17.370 Thread 0x000002293775e580 Exception <a 'sun/nio/fs/WindowsException'{0x0000000087fcc1c0}> (0x0000000087fcc1c0) 
thrown [s\src\hotspot\share\prims\jni.cpp, line 517]
Event: 17.370 Thread 0x000002293775e580 Exception <a 'sun/nio/fs/WindowsException'{0x0000000087fcc500}> (0x0000000087fcc500) 
thrown [s\src\hotspot\share\prims\jni.cpp, line 517]
Event: 17.371 Thread 0x000002293775e580 Exception <a 'sun/nio/fs/WindowsException'{0x0000000087fe5548}> (0x0000000087fe5548) 
thrown [s\src\hotspot\share\prims\jni.cpp, line 517]
Event: 17.371 Thread 0x000002293775e580 Exception <a 'sun/nio/fs/WindowsException'{0x0000000087fe58c8}> (0x0000000087fe58c8) 
thrown [s\src\hotspot\share\prims\jni.cpp, line 517]
Event: 17.408 Thread 0x000002293775e580 Exception <a 'sun/nio/fs/WindowsException'{0x0000000087cb7c40}> (0x0000000087cb7c40) 
thrown [s\src\hotspot\share\prims\jni.cpp, line 517]
Event: 17.408 Thread 0x000002293775e580 Exception <a 'sun/nio/fs/WindowsException'{0x0000000087cb7f58}> (0x0000000087cb7f58) 
thrown [s\src\hotspot\share\prims\jni.cpp, line 517]
Event: 17.414 Thread 0x000002293775e580 Exception <a 'sun/nio/fs/WindowsException'{0x0000000087cdfb58}> (0x0000000087cdfb58) 
thrown [s\src\hotspot\share\prims\jni.cpp, line 517]
Event: 17.414 Thread 0x000002293775e580 Exception <a 'sun/nio/fs/WindowsException'{0x0000000087cdfe58}> (0x0000000087cdfe58) 
thrown [s\src\hotspot\share\prims\jni.cpp, line 517]
Event: 17.417 Thread 0x000002293775e580 Exception <a 'sun/nio/fs/WindowsException'{0x0000000087b2c480}> (0x0000000087b2c480) 
thrown [s\src\hotspot\share\prims\jni.cpp, line 517]
Event: 17.417 Thread 0x000002293775e580 Exception <a 'sun/nio/fs/WindowsException'{0x0000000087b2c740}> (0x0000000087b2c740) 
thrown [s\src\hotspot\share\prims\jni.cpp, line 517]
Event: 17.423 Thread 0x000002293775e580 Exception <a 'sun/nio/fs/WindowsException'{0x0000000087bd5998}> (0x0000000087bd5998) 
thrown [s\src\hotspot\share\prims\jni.cpp, line 517]
Event: 17.423 Thread 0x000002293775e580 Exception <a 'sun/nio/fs/WindowsException'{0x0000000087bd5c98}> (0x0000000087bd5c98) 
thrown [s\src\hotspot\share\prims\jni.cpp, line 517]
Event: 17.425 Thread 0x000002293775e580 Exception <a 'sun/nio/fs/WindowsException'{0x0000000087bf38b0}> (0x0000000087bf38b0) 
thrown [s\src\hotspot\share\prims\jni.cpp, line 517]
Event: 17.425 Thread 0x000002293775e580 Exception <a 'sun/nio/fs/WindowsException'{0x0000000087bf3b80}> (0x0000000087bf3b80) 
thrown [s\src\hotspot\share\prims\jni.cpp, line 517]
Event: 17.454 Thread 0x000002293775e580 Exception <a 'sun/nio/fs/WindowsException'{0x000000008a1d8db8}> (0x000000008a1d8db8) 
thrown [s\src\hotspot\share\prims\jni.cpp, line 517]
Event: 17.454 Thread 0x000002293775e580 Exception <a 'sun/nio/fs/WindowsException'{0x000000008a1d9080}> (0x000000008a1d9080) 
thrown [s\src\hotspot\share\prims\jni.cpp, line 517]
Event: 17.480 Thread 0x000002293775e580 Exception <a 'sun/nio/fs/WindowsException'{0x000000008a085d28}> (0x000000008a085d28) 
thrown [s\src\hotspot\share\prims\jni.cpp, line 517]
Event: 17.480 Thread 0x000002293775e580 Exception <a 'sun/nio/fs/WindowsException'{0x000000008a086018}> (0x000000008a086018) 
thrown [s\src\hotspot\share\prims\jni.cpp, line 517]
Event: 17.490 Thread 0x000002293775e580 Exception <a 'java/lang/NoSuchMethodError'{0x000000008a0cff68}: 'int java.lang.invoke.DirectMethodHandle$Holder.invokeVirtual(java.lang.Object, java.lang.Object, java.lang.Object, java.lang.Object)'> (0x000000008a0cff68) 
thrown [s\src\hotspot\share\interpreter\linkResolver.cpp, line 771]

VM Operations (20 events):
Event: 16.351 Executing VM operation: HandshakeAllThreads done
Event: 16.741 Executing VM operation: G1CollectForAllocation
Event: 16.749 Executing VM operation: G1CollectForAllocation done
Event: 16.900 Executing VM operation: G1Concurrent
Event: 16.908 Executing VM operation: G1Concurrent done
Event: 16.979 Executing VM operation: G1Concurrent
Event: 16.981 Executing VM operation: G1Concurrent done
Event: 17.402 Executing VM operation: ICBufferFull
Event: 17.402 Executing VM operation: ICBufferFull done
Event: 17.425 Executing VM operation: G1CollectForAllocation
Event: 17.439 Executing VM operation: G1CollectForAllocation done
Event: 17.457 Executing VM operation: HandshakeAllThreads
Event: 17.457 Executing VM operation: HandshakeAllThreads done
Event: 17.472 Executing VM operation: HandshakeAllThreads
Event: 17.472 Executing VM operation: HandshakeAllThreads done
Event: 17.474 Executing VM operation: HandshakeAllThreads
Event: 17.474 Executing VM operation: HandshakeAllThreads done
Event: 17.484 Executing VM operation: HandshakeAllThreads
Event: 17.484 Executing VM operation: HandshakeAllThreads done
Event: 17.493 Executing VM operation: G1CollectForAllocation

Events (20 events):
Event: 16.302 loading class java/util/JumboEnumSet$EnumSetIterator
Event: 16.303 loading class java/util/JumboEnumSet$EnumSetIterator done
Event: 16.309 loading class java/util/ResourceBundle$KeyElementReference
Event: 16.309 loading class java/util/ResourceBundle$CacheKeyReference
Event: 16.309 loading class java/util/ResourceBundle$CacheKeyReference done
Event: 16.309 loading class java/util/ResourceBundle$KeyElementReference done
Event: 16.309 loading class java/util/ResourceBundle$3
Event: 16.309 loading class java/util/ResourceBundle$3 done
Event: 16.314 loading class java/util/ResourceBundle$BundleReference
Event: 16.315 loading class java/util/ResourceBundle$BundleReference done
Event: 16.361 loading class java/util/ServiceLoader$ProviderSpliterator
Event: 16.361 loading class java/util/ServiceLoader$ProviderSpliterator done
Event: 16.476 loading class jdk/internal/access/foreign/MemorySegmentProxy
Event: 16.476 loading class jdk/internal/access/foreign/MemorySegmentProxy done
Event: 17.144 loading class java/util/ImmutableCollections$Access
Event: 17.144 loading class java/util/ImmutableCollections$Access done
Event: 17.144 loading class java/util/ImmutableCollections$Access$1
Event: 17.144 loading class jdk/internal/access/JavaUtilCollectionAccess
Event: 17.144 loading class jdk/internal/access/JavaUtilCollectionAccess done
Event: 17.144 loading class java/util/ImmutableCollections$Access$1 done


Dynamic libraries:
0x00007ff78d470000 - 0x00007ff78d47a000 	C:\Program Files\Android\Android Studio\jbr\bin\java.exe
0x00007ffeb2a30000 - 0x00007ffeb2c28000 	C:\WINDOWS\SYSTEM32\ntdll.dll
0x00007ffeb1f50000 - 0x00007ffeb200d000 	C:\WINDOWS\System32\KERNEL32.DLL
0x00007ffeb0610000 - 0x00007ffeb0906000 	C:\WINDOWS\System32\KERNELBASE.dll
0x00007ffeb0110000 - 0x00007ffeb0210000 	C:\WINDOWS\System32\ucrtbase.dll
0x00007ffea0730000 - 0x00007ffea0747000 	C:\Program Files\Android\Android Studio\jbr\bin\jli.dll
0x00007ffeb23f0000 - 0x00007ffeb258e000 	C:\WINDOWS\System32\USER32.dll
0x00007ffeb0550000 - 0x00007ffeb0572000 	C:\WINDOWS\System32\win32u.dll
0x00007ffeb2810000 - 0x00007ffeb283c000 	C:\WINDOWS\System32\GDI32.dll
0x00007ffeb02d0000 - 0x00007ffeb03ea000 	C:\WINDOWS\System32\gdi32full.dll
0x00007ffeb0910000 - 0x00007ffeb09ad000 	C:\WINDOWS\System32\msvcp_win.dll
0x00007ffea8340000 - 0x00007ffea835b000 	C:\Program Files\Android\Android Studio\jbr\bin\VCRUNTIME140.dll
0x00007ffe9b4a0000 - 0x00007ffe9b73a000 	C:\WINDOWS\WinSxS\amd64_microsoft.windows.common-controls_6595b64144ccf1df_6.0.19041.3636_none_60b6a03d71f818d5\COMCTL32.dll
0x00007ffeb2670000 - 0x00007ffeb270e000 	C:\WINDOWS\System32\msvcrt.dll
0x00007ffeb2640000 - 0x00007ffeb2670000 	C:\WINDOWS\System32\IMM32.DLL
0x00007ffea9d10000 - 0x00007ffea9d1c000 	C:\Program Files\Android\Android Studio\jbr\bin\vcruntime140_1.dll
0x00007ffea0850000 - 0x00007ffea08dd000 	C:\Program Files\Android\Android Studio\jbr\bin\msvcp140.dll
0x00007ffe78420000 - 0x00007ffe7908e000 	C:\Program Files\Android\Android Studio\jbr\bin\server\jvm.dll
0x00007ffeb2590000 - 0x00007ffeb263f000 	C:\WINDOWS\System32\ADVAPI32.dll
0x00007ffeb2770000 - 0x00007ffeb280c000 	C:\WINDOWS\System32\sechost.dll
0x00007ffeb19a0000 - 0x00007ffeb1ac6000 	C:\WINDOWS\System32\RPCRT4.dll
0x00007ffeabc50000 - 0x00007ffeabc59000 	C:\WINDOWS\SYSTEM32\WSOCK32.dll
0x00007ffe910e0000 - 0x00007ffe91107000 	C:\WINDOWS\SYSTEM32\WINMM.dll
0x00007ffeb2010000 - 0x00007ffeb207b000 	C:\WINDOWS\System32\WS2_32.dll
0x00007ffea5f60000 - 0x00007ffea5f6a000 	C:\WINDOWS\SYSTEM32\VERSION.dll
0x00007ffeae960000 - 0x00007ffeae972000 	C:\WINDOWS\SYSTEM32\kernel.appcore.dll
0x00007ffeab8c0000 - 0x00007ffeab8ca000 	C:\Program Files\Android\Android Studio\jbr\bin\jimage.dll
0x00007ffeadf20000 - 0x00007ffeae104000 	C:\WINDOWS\SYSTEM32\DBGHELP.DLL
0x00007ffe8faf0000 - 0x00007ffe8fb24000 	C:\WINDOWS\SYSTEM32\dbgcore.DLL
0x00007ffeb0580000 - 0x00007ffeb0602000 	C:\WINDOWS\System32\bcryptPrimitives.dll
0x00007ffeab7b0000 - 0x00007ffeab7d5000 	C:\Program Files\Android\Android Studio\jbr\bin\java.dll
0x00007ffea9d20000 - 0x00007ffea9d38000 	C:\Program Files\Android\Android Studio\jbr\bin\zip.dll
0x00007ffeb1070000 - 0x00007ffeb17b4000 	C:\WINDOWS\System32\SHELL32.dll
0x00007ffeae110000 - 0x00007ffeae8ab000 	C:\WINDOWS\SYSTEM32\windows.storage.dll
0x00007ffeb0d10000 - 0x00007ffeb1064000 	C:\WINDOWS\System32\combase.dll
0x00007ffeafa80000 - 0x00007ffeafaad000 	C:\WINDOWS\SYSTEM32\Wldp.dll
0x00007ffeb0a90000 - 0x00007ffeb0b3d000 	C:\WINDOWS\System32\SHCORE.dll
0x00007ffeb2710000 - 0x00007ffeb2765000 	C:\WINDOWS\System32\shlwapi.dll
0x00007ffeb0040000 - 0x00007ffeb0065000 	C:\WINDOWS\SYSTEM32\profapi.dll
0x00007ffea99a0000 - 0x00007ffea99b9000 	C:\Program Files\Android\Android Studio\jbr\bin\net.dll
0x00007ffe9f5f0000 - 0x00007ffe9f6fa000 	C:\WINDOWS\SYSTEM32\WINHTTP.dll
0x00007ffeaf7e0000 - 0x00007ffeaf84a000 	C:\WINDOWS\system32\mswsock.dll
0x00007ffea9870000 - 0x00007ffea9886000 	C:\Program Files\Android\Android Studio\jbr\bin\nio.dll
0x00007ffeaa070000 - 0x00007ffeaa080000 	C:\Program Files\Android\Android Studio\jbr\bin\verify.dll
0x00007ffe9eeb0000 - 0x00007ffe9eed7000 	C:\Users\caot4\.gradle\native\68d5fa5c4cc2d200863cafc0d521ce42e7d3e7ee720ec0a83991735586a16f82\windows-amd64\native-platform.dll
0x00007ffe743c0000 - 0x00007ffe74504000 	C:\Users\caot4\.gradle\native\e376f236ea51e6404a007f0833ffe2c6e607c4080706a723a18a27aeea778392\windows-amd64\native-platform-file-events.dll
0x00007ffea9e00000 - 0x00007ffea9e09000 	C:\Program Files\Android\Android Studio\jbr\bin\management.dll
0x00007ffea9990000 - 0x00007ffea999b000 	C:\Program Files\Android\Android Studio\jbr\bin\management_ext.dll
0x00007ffeb1990000 - 0x00007ffeb1998000 	C:\WINDOWS\System32\PSAPI.DLL
0x00007ffeaf9d0000 - 0x00007ffeaf9e8000 	C:\WINDOWS\SYSTEM32\CRYPTSP.dll
0x00007ffeaf110000 - 0x00007ffeaf144000 	C:\WINDOWS\system32\rsaenh.dll
0x00007ffeb0a60000 - 0x00007ffeb0a87000 	C:\WINDOWS\System32\bcrypt.dll
0x00007ffeaffc0000 - 0x00007ffeaffee000 	C:\WINDOWS\SYSTEM32\USERENV.dll
0x00007ffeaf9f0000 - 0x00007ffeaf9fc000 	C:\WINDOWS\SYSTEM32\CRYPTBASE.dll
0x00007ffeaf4d0000 - 0x00007ffeaf50b000 	C:\WINDOWS\SYSTEM32\IPHLPAPI.DLL
0x00007ffeb17c0000 - 0x00007ffeb17c8000 	C:\WINDOWS\System32\NSI.dll
0x00007ffea4b30000 - 0x00007ffea4b47000 	C:\WINDOWS\SYSTEM32\dhcpcsvc6.DLL
0x00007ffea5ed0000 - 0x00007ffea5eed000 	C:\WINDOWS\SYSTEM32\dhcpcsvc.DLL
0x00007ffeaf510000 - 0x00007ffeaf5da000 	C:\WINDOWS\SYSTEM32\DNSAPI.dll
0x00007ffea9860000 - 0x00007ffea9867000 	C:\WINDOWS\system32\wshunix.dll

dbghelp: loaded successfully - version: 4.0.5 - missing functions: none
symbol engine: initialized successfully - sym options: 0x614 - pdb path: .;C:\Program Files\Android\Android Studio\jbr\bin;C:\WINDOWS\SYSTEM32;C:\WINDOWS\WinSxS\amd64_microsoft.windows.common-controls_6595b64144ccf1df_6.0.19041.3636_none_60b6a03d71f818d5;C:\Program Files\Android\Android Studio\jbr\bin\server;C:\Users\caot4\.gradle\native\68d5fa5c4cc2d200863cafc0d521ce42e7d3e7ee720ec0a83991735586a16f82\windows-amd64;C:\Users\caot4\.gradle\native\e376f236ea51e6404a007f0833ffe2c6e607c4080706a723a18a27aeea778392\windows-amd64

VM Arguments:
jvm_args: --add-opens=java.base/java.util=ALL-UNNAMED --add-opens=java.base/java.lang=ALL-UNNAMED --add-opens=java.base/java.lang.invoke=ALL-UNNAMED --add-opens=java.prefs/java.util.prefs=ALL-UNNAMED --add-opens=java.base/java.nio.charset=ALL-UNNAMED --add-opens=java.base/java.net=ALL-UNNAMED --add-opens=java.base/java.util.concurrent.atomic=ALL-UNNAMED -Xmx2048m -Dfile.encoding=UTF-8 -Duser.country=US -Duser.language=en -Duser.variant 
java_command: org.gradle.launcher.daemon.bootstrap.GradleDaemon 8.0
java_class_path (initial): C:\Users\caot4\.gradle\wrapper\dists\gradle-8.0-bin\ca5e32bp14vu59qr306oxotwh\gradle-8.0\lib\gradle-launcher-8.0.jar
Launcher Type: SUN_STANDARD

[Global flags]
     intx CICompilerCount                          = 3                                         {product} {ergonomic}
     uint ConcGCThreads                            = 1                                         {product} {ergonomic}
     uint G1ConcRefinementThreads                  = 4                                         {product} {ergonomic}
   size_t G1HeapRegionSize                         = 1048576                                   {product} {ergonomic}
    uintx GCDrainStackTargetSize                   = 64                                        {product} {ergonomic}
   size_t InitialHeapSize                          = 132120576                                 {product} {ergonomic}
   size_t MarkStackSize                            = 4194304                                   {product} {ergonomic}
   size_t MaxHeapSize                              = 2147483648                                {product} {command line}
   size_t MaxNewSize                               = 1287651328                                {product} {ergonomic}
   size_t MinHeapDeltaBytes                        = 1048576                                   {product} {ergonomic}
   size_t MinHeapSize                              = 8388608                                   {product} {ergonomic}
    uintx NonNMethodCodeHeapSize                   = 5832780                                {pd product} {ergonomic}
    uintx NonProfiledCodeHeapSize                  = 122912730                              {pd product} {ergonomic}
    uintx ProfiledCodeHeapSize                     = 122912730                              {pd product} {ergonomic}
    uintx ReservedCodeCacheSize                    = 251658240                              {pd product} {ergonomic}
     bool SegmentedCodeCache                       = true                                      {product} {ergonomic}
   size_t SoftMaxHeapSize                          = 2147483648                             {manageable} {ergonomic}
     bool UseCompressedClassPointers               = true                           {product lp64_product} {ergonomic}
     bool UseCompressedOops                        = true                           {product lp64_product} {ergonomic}
     bool UseG1GC                                  = true                                      {product} {ergonomic}
     bool UseLargePagesIndividualAllocation        = false                                  {pd product} {ergonomic}

Logging:
Log output configuration:
 #0: stdout all=warning uptime,level,tags
 #1: stderr all=off uptime,level,tags

Environment Variables:
PATH=C:\Program Files\Microsoft MPI\Bin\;C:\Program Files\Microsoft\jdk-11.0.16.101-hotspot\bin;C:\Program Files (x86)\NVIDIA Corporation\PhysX\Common;C:\WINDOWS\system32;C:\WINDOWS;C:\WINDOWS\System32\Wbem;C:\WINDOWS\System32\WindowsPowerShell\v1.0\;C:\WINDOWS\System32\OpenSSH\;C:\Program Files (x86)\dotnet\;C:\Program Files\Git\cmd;C:\Program Files\dotnet\;C:\Program Files\Azure Data Studio\bin;C:\Program Files (x86)\Microsoft SQL Server\160\Tools\Binn\;C:\Program Files\Microsoft SQL Server\160\Tools\Binn\;C:\Program Files\Microsoft SQL Server\Client SDK\ODBC\170\Tools\Binn\;C:\Program Files\Microsoft SQL Server\160\DTS\Binn\;C:\Program Files (x86)\Microsoft SQL Server\160\DTS\Binn\;C:\Program Files\Microsoft SQL Server\150\Tools\Binn\;C:\Program Files\dotnet;C:\Users\caot4\.dotnet\tools;C:\Users\caot4\.dnx\bin;C:\Users\caot4\AppData\Local\Microsoft\WindowsApps;C:\Program Files\Azure Data Studio\bin;C:\Users\caot4\.dotnet\tools;C:\Users\caot4\AppData\Local\Programs\Microsoft VS Code\bin;C:\Users\caot4\AppData\Local\GitHubDesktop\bin;;C:\Program Files\Azure Data Studio\bin
USERNAME=caot4
OS=Windows_NT
PROCESSOR_IDENTIFIER=Intel64 Family 6 Model 126 Stepping 5, GenuineIntel
TMP=C:\Users\caot4\AppData\Local\Temp
TEMP=C:\Users\caot4\AppData\Local\Temp


JNI global refs:
JNI global refs: 26, weak refs: 26

JNI global refs memory usage: 843, weak refs: 841


---------------  S Y S T E M  ---------------

OS:
 Windows 10 , 64 bit Build 19041 (10.0.19041.3636)
OS uptime: 0 days 16:14 hours

CPU: total 4 (initial active 4) (2 cores per cpu, 2 threads per core) family 6 model 126 stepping 5 microcode 0xa0, cx8, cmov, fxsr, ht, mmx, 3dnowpref, sse, sse2, sse3, ssse3, sse4.1, sse4.2, popcnt, lzcnt, tsc, tscinvbit, avx, avx2, aes, erms, clmul, bmi1, bmi2, adx, avx512f, avx512dq, avx512cd, avx512bw, avx512vl, sha, fma, vzeroupper, avx512_vpopcntdq, avx512_vpclmulqdq, avx512_vaes, avx512_vnni, clflush, clflushopt, avx512_vbmi2, avx512_vbmi

Memory: 4k page, system-wide physical 7998M (150M free)
TotalPageFile size 12094M (AvailPageFile size 25M)
current process WorkingSet (physical memory assigned to process): 432M, peak: 434M
current process commit charge ("private bytes"): 455M, peak: 666M

vm_info: OpenJDK 64-Bit Server VM (17.0.6+0-b2043.56-10027231) for windows-amd64 JRE (17.0.6+0-b2043.56-10027231), built on Apr 28 2023 00:43:19 by "androidbuild" with MS VC++ 16.10 / 16.11 (VS2019)

END.
