#
# There is insufficient memory for the Java Runtime Environment to continue.
# Native memory allocation (malloc) failed to allocate 2143056 bytes for Chunk::new
# Possible reasons:
#   The system is out of physical RAM or swap space
#   The process is running with CompressedOops enabled, and the Java Heap may be blocking the growth of the native heap
# Possible solutions:
#   Reduce memory load on the system
#   Increase physical memory or swap space
#   Check if swap backing store is full
#   Decrease Java heap size (-Xmx/-Xms)
#   Decrease number of Java threads
#   Decrease Java thread stack sizes (-Xss)
#   Set larger code cache with -XX:ReservedCodeCacheSize=
#   JVM is running with Unscaled Compressed Oops mode in which the Java heap is
#     placed in the first 4GB address space. The Java Heap base address is the
#     maximum limit for the native heap growth. Please use -XX:HeapBaseMinAddress
#     to set the Java Heap base and to place the Java Heap above 4GB virtual address.
# This output file may be truncated or incomplete.
#
#  Out of Memory Error (arena.cpp:189), pid=10732, tid=6836
#
# JRE version: OpenJDK Runtime Environment (17.0.6) (build 17.0.6+0-b2043.56-10027231)
# Java VM: OpenJDK 64-Bit Server VM (17.0.6+0-b2043.56-10027231, mixed mode, tiered, compressed oops, compressed class ptrs, g1 gc, windows-amd64)
# No core dump will be written. Minidumps are not enabled by default on client versions of Windows
#

---------------  S U M M A R Y ------------

Command Line: --add-opens=java.base/java.util=ALL-UNNAMED --add-opens=java.base/java.lang=ALL-UNNAMED --add-opens=java.base/java.lang.invoke=ALL-UNNAMED --add-opens=java.prefs/java.util.prefs=ALL-UNNAMED --add-opens=java.base/java.nio.charset=ALL-UNNAMED --add-opens=java.base/java.net=ALL-UNNAMED --add-opens=java.base/java.util.concurrent.atomic=ALL-UNNAMED -Xmx2048m -Dfile.encoding=UTF-8 -Duser.country=US -Duser.language=en -Duser.variant org.gradle.launcher.daemon.bootstrap.GradleDaemon 8.0

Host: Intel(R) Core(TM) i3-1005G1 CPU @ 1.20GHz, 4 cores, 7G,  Windows 10 , 64 bit Build 19041 (10.0.19041.3636)
Time: Wed Nov 29 15:10:26 2023 SE Asia Standard Time elapsed time: 13.832741 seconds (0d 0h 0m 13s)

---------------  T H R E A D  ---------------

Current thread (0x0000025dfeee0dc0):  JavaThread "C2 CompilerThread0" daemon [_thread_in_native, id=6836, stack(0x000000e336c00000,0x000000e336d00000)]


Current CompileTask:
C2:  13832 4365       4       org.gradle.internal.service.DefaultServiceRegistry$OwnServices::getService (309 bytes)

Stack: [0x000000e336c00000,0x000000e336d00000]
Native frames: (J=compiled Java code, j=interpreted, Vv=VM code, C=native code)
V  [jvm.dll+0x683c9a]
V  [jvm.dll+0x8427a4]
V  [jvm.dll+0x843f9e]
V  [jvm.dll+0x844603]
V  [jvm.dll+0x249b75]
V  [jvm.dll+0xabcac]
V  [jvm.dll+0xac27c]
V  [jvm.dll+0x368802]
V  [jvm.dll+0x332f31]
V  [jvm.dll+0x3323da]
V  [jvm.dll+0x21c201]
V  [jvm.dll+0x21b621]
V  [jvm.dll+0x1a4fdd]
V  [jvm.dll+0x22b098]
V  [jvm.dll+0x229159]
V  [jvm.dll+0x7f81ec]
V  [jvm.dll+0x7f274a]
V  [jvm.dll+0x682ad5]
C  [ucrtbase.dll+0x21bb2]
C  [KERNEL32.DLL+0x17344]
C  [ntdll.dll+0x526b1]


---------------  P R O C E S S  ---------------

Threads class SMR info:
_java_thread_list=0x0000025d95a9d500, length=40, elements={
0x0000025df688cfb0, 0x0000025dfeea6070, 0x0000025dfeeab420, 0x0000025dfeee3a20,
0x0000025dfeee44e0, 0x0000025dfeedf170, 0x0000025dfeee01d0, 0x0000025dfeee0dc0,
0x0000025dff8327e0, 0x0000025dff834800, 0x0000025dff991040, 0x0000025dff991920,
0x0000025d93877bd0, 0x0000025d9574b740, 0x0000025d938d92c0, 0x0000025d94218310,
0x0000025d9463e970, 0x0000025d94261c70, 0x0000025d95623030, 0x0000025d9474e150,
0x0000025d9474ce10, 0x0000025d9474d7b0, 0x0000025d9474bfa0, 0x0000025d9474dc80,
0x0000025d9474d2e0, 0x0000025d9474efc0, 0x0000025d9474e620, 0x0000025d9474eaf0,
0x0000025d9474f490, 0x0000025d9474bad0, 0x0000025d9474c470, 0x0000025d9474c940,
0x0000025d93cb4470, 0x0000025d93cb4940, 0x0000025d93cba4b0, 0x0000025d93cb57b0,
0x0000025d93cb5c80, 0x0000025d93cb6fc0, 0x0000025d93cba980, 0x0000025d93cb7490
}

Java Threads: ( => current thread )
  0x0000025df688cfb0 JavaThread "main" [_thread_blocked, id=7852, stack(0x000000e335f00000,0x000000e336000000)]
  0x0000025dfeea6070 JavaThread "Reference Handler" daemon [_thread_blocked, id=2688, stack(0x000000e336600000,0x000000e336700000)]
  0x0000025dfeeab420 JavaThread "Finalizer" daemon [_thread_blocked, id=10220, stack(0x000000e336700000,0x000000e336800000)]
  0x0000025dfeee3a20 JavaThread "Signal Dispatcher" daemon [_thread_blocked, id=7884, stack(0x000000e336800000,0x000000e336900000)]
  0x0000025dfeee44e0 JavaThread "Attach Listener" daemon [_thread_blocked, id=10192, stack(0x000000e336900000,0x000000e336a00000)]
  0x0000025dfeedf170 JavaThread "Service Thread" daemon [_thread_blocked, id=1856, stack(0x000000e336a00000,0x000000e336b00000)]
  0x0000025dfeee01d0 JavaThread "Monitor Deflation Thread" daemon [_thread_blocked, id=3628, stack(0x000000e336b00000,0x000000e336c00000)]
=>0x0000025dfeee0dc0 JavaThread "C2 CompilerThread0" daemon [_thread_in_native, id=6836, stack(0x000000e336c00000,0x000000e336d00000)]
  0x0000025dff8327e0 JavaThread "C1 CompilerThread0" daemon [_thread_blocked, id=9384, stack(0x000000e336d00000,0x000000e336e00000)]
  0x0000025dff834800 JavaThread "Sweeper thread" daemon [_thread_blocked, id=6640, stack(0x000000e336e00000,0x000000e336f00000)]
  0x0000025dff991040 JavaThread "Common-Cleaner" daemon [_thread_blocked, id=9288, stack(0x000000e336f00000,0x000000e337000000)]
  0x0000025dff991920 JavaThread "Notification Thread" daemon [_thread_blocked, id=4936, stack(0x000000e337000000,0x000000e337100000)]
  0x0000025d93877bd0 JavaThread "Daemon health stats" [_thread_blocked, id=5440, stack(0x000000e337200000,0x000000e337300000)]
  0x0000025d9574b740 JavaThread "Incoming local TCP Connector on port 51087" [_thread_in_native, id=812, stack(0x000000e337600000,0x000000e337700000)]
  0x0000025d938d92c0 JavaThread "Daemon periodic checks" [_thread_blocked, id=7864, stack(0x000000e337700000,0x000000e337800000)]
  0x0000025d94218310 JavaThread "Daemon" [_thread_blocked, id=4184, stack(0x000000e337800000,0x000000e337900000)]
  0x0000025d9463e970 JavaThread "Handler for socket connection from /127.0.0.1:51087 to /127.0.0.1:51088" [_thread_in_native, id=10444, stack(0x000000e337900000,0x000000e337a00000)]
  0x0000025d94261c70 JavaThread "Cancel handler" [_thread_blocked, id=5632, stack(0x000000e337a00000,0x000000e337b00000)]
  0x0000025d95623030 JavaThread "Daemon worker" [_thread_in_vm, id=6976, stack(0x000000e337b00000,0x000000e337c00000)]
  0x0000025d9474e150 JavaThread "Asynchronous log dispatcher for DefaultDaemonConnection: socket connection from /127.0.0.1:51087 to /127.0.0.1:51088" [_thread_blocked, id=10696, stack(0x000000e337c00000,0x000000e337d00000)]
  0x0000025d9474ce10 JavaThread "Stdin handler" [_thread_blocked, id=2836, stack(0x000000e337d00000,0x000000e337e00000)]
  0x0000025d9474d7b0 JavaThread "Daemon client event forwarder" [_thread_blocked, id=8948, stack(0x000000e337e00000,0x000000e337f00000)]
  0x0000025d9474bfa0 JavaThread "Cache worker for journal cache (C:\Users\caot4\.gradle\caches\journal-1)" [_thread_blocked, id=11160, stack(0x000000e337f00000,0x000000e338000000)]
  0x0000025d9474dc80 JavaThread "File lock request listener" [_thread_in_native, id=7928, stack(0x000000e338000000,0x000000e338100000)]
  0x0000025d9474d2e0 JavaThread "Cache worker for file hash cache (C:\Users\caot4\.gradle\caches\8.0\fileHashes)" [_thread_blocked, id=1092, stack(0x000000e338100000,0x000000e338200000)]
  0x0000025d9474efc0 JavaThread "File watcher server" daemon [_thread_in_native, id=8644, stack(0x000000e338200000,0x000000e338300000)]
  0x0000025d9474e620 JavaThread "File watcher consumer" daemon [_thread_blocked, id=10756, stack(0x000000e338300000,0x000000e338400000)]
  0x0000025d9474eaf0 JavaThread "Cache worker for checksums cache (D:\FinalVersion\.gradle\8.0\checksums)" [_thread_blocked, id=7596, stack(0x000000e338400000,0x000000e338500000)]
  0x0000025d9474f490 JavaThread "Cache worker for cache directory md-rule (C:\Users\caot4\.gradle\caches\8.0\md-rule)" [_thread_blocked, id=9520, stack(0x000000e338500000,0x000000e338600000)]
  0x0000025d9474bad0 JavaThread "Cache worker for file content cache (C:\Users\caot4\.gradle\caches\8.0\fileContent)" [_thread_blocked, id=1232, stack(0x000000e338600000,0x000000e338700000)]
  0x0000025d9474c470 JavaThread "Cache worker for file hash cache (D:\FinalVersion\.gradle\8.0\fileHashes)" [_thread_blocked, id=9932, stack(0x000000e338700000,0x000000e338800000)]
  0x0000025d9474c940 JavaThread "Cache worker for cache directory md-supplier (C:\Users\caot4\.gradle\caches\8.0\md-supplier)" [_thread_blocked, id=8668, stack(0x000000e338800000,0x000000e338900000)]
  0x0000025d93cb4470 JavaThread "Cache worker for execution history cache (C:\Users\caot4\.gradle\caches\8.0\executionHistory)" [_thread_blocked, id=6372, stack(0x000000e338900000,0x000000e338a00000)]
  0x0000025d93cb4940 JavaThread "jar transforms" [_thread_blocked, id=4800, stack(0x000000e338a00000,0x000000e338b00000)]
  0x0000025d93cba4b0 JavaThread "jar transforms Thread 2" [_thread_blocked, id=5380, stack(0x000000e338c00000,0x000000e338d00000)]
  0x0000025d93cb57b0 JavaThread "Cache worker for kotlin-dsl (C:\Users\caot4\.gradle\caches\8.0\kotlin-dsl)" [_thread_blocked, id=5868, stack(0x000000e338d00000,0x000000e338e00000)]
  0x0000025d93cb5c80 JavaThread "jar transforms Thread 3" [_thread_blocked, id=10496, stack(0x000000e338e00000,0x000000e338f00000)]
  0x0000025d93cb6fc0 JavaThread "jar transforms Thread 4" [_thread_blocked, id=2404, stack(0x000000e338f00000,0x000000e339000000)]
  0x0000025d93cba980 JavaThread "Cache worker for dependencies-accessors (D:\FinalVersion\.gradle\8.0\dependencies-accessors)" [_thread_blocked, id=7672, stack(0x000000e339000000,0x000000e339100000)]
  0x0000025d93cb7490 JavaThread "Cache worker for Build Output Cleanup Cache (D:\FinalVersion\.gradle\buildOutputCleanup)" [_thread_blocked, id=8040, stack(0x000000e339100000,0x000000e339200000)]

Other Threads:
  0x0000025dfee4b730 VMThread "VM Thread" [stack: 0x000000e336500000,0x000000e336600000] [id=2672]
  0x0000025dff981060 WatcherThread [stack: 0x000000e337100000,0x000000e337200000] [id=3524]
  0x0000025df8947380 GCTaskThread "GC Thread#0" [stack: 0x000000e336000000,0x000000e336100000] [id=6864]
  0x0000025dffba99e0 GCTaskThread "GC Thread#1" [stack: 0x000000e337300000,0x000000e337400000] [id=6688]
  0x0000025d93744aa0 GCTaskThread "GC Thread#2" [stack: 0x000000e337400000,0x000000e337500000] [id=9360]
  0x0000025d938c9a40 GCTaskThread "GC Thread#3" [stack: 0x000000e337500000,0x000000e337600000] [id=8672]
  0x0000025df89581d0 ConcurrentGCThread "G1 Main Marker" [stack: 0x000000e336100000,0x000000e336200000] [id=4024]
  0x0000025df8958af0 ConcurrentGCThread "G1 Conc#0" [stack: 0x000000e336200000,0x000000e336300000] [id=7808]
  0x0000025df89b81c0 ConcurrentGCThread "G1 Refine#0" [stack: 0x000000e336300000,0x000000e336400000] [id=10068]
  0x0000025d93f6dc60 ConcurrentGCThread "G1 Refine#1" [stack: 0x000000e338b00000,0x000000e338c00000] [id=8260]
  0x0000025dfed00090 ConcurrentGCThread "G1 Service" [stack: 0x000000e336400000,0x000000e336500000] [id=7244]

Threads with active compile tasks:
C2 CompilerThread0    13879 4365       4       org.gradle.internal.service.DefaultServiceRegistry$OwnServices::getService (309 bytes)

VM state: not at safepoint (normal execution)

VM Mutex/Monitor currently owned by a thread: None

Heap address: 0x0000000080000000, size: 2048 MB, Compressed Oops mode: 32-bit

CDS archive(s) not mapped
Compressed class space mapped at: 0x0000000100000000-0x0000000140000000, reserved size: 1073741824
Narrow klass base: 0x0000000000000000, Narrow klass shift: 3, Narrow klass range: 0x140000000

GC Precious Log:
 CPUs: 4 total, 4 available
 Memory: 7998M
 Large Page Support: Disabled
 NUMA Support: Disabled
 Compressed Oops: Enabled (32-bit)
 Heap Region Size: 1M
 Heap Min Capacity: 8M
 Heap Initial Capacity: 126M
 Heap Max Capacity: 2G
 Pre-touch: Disabled
 Parallel Workers: 4
 Concurrent Workers: 1
 Concurrent Refinement Workers: 4
 Periodic GC: Disabled

Heap:
 garbage-first heap   total 78848K, used 52784K [0x0000000080000000, 0x0000000100000000)
  region size 1024K, 24 young (24576K), 3 survivors (3072K)
 Metaspace       used 51347K, committed 51776K, reserved 1097728K
  class space    used 6869K, committed 7040K, reserved 1048576K

Heap Regions: E=young(eden), S=young(survivor), O=old, HS=humongous(starts), HC=humongous(continues), CS=collection set, F=free, OA=open archive, CA=closed archive, TAMS=top-at-mark-start (previous, next)
|   0|0x0000000080000000, 0x0000000080100000, 0x0000000080100000|100%| O|  |TAMS 0x0000000080100000, 0x0000000080000000| Untracked 
|   1|0x0000000080100000, 0x0000000080200000, 0x0000000080200000|100%| O|  |TAMS 0x0000000080200000, 0x0000000080100000| Untracked 
|   2|0x0000000080200000, 0x0000000080300000, 0x0000000080300000|100%|HS|  |TAMS 0x0000000080300000, 0x0000000080200000| Complete 
|   3|0x0000000080300000, 0x0000000080400000, 0x0000000080400000|100%|HC|  |TAMS 0x0000000080400000, 0x0000000080300000| Complete 
|   4|0x0000000080400000, 0x0000000080500000, 0x0000000080500000|100%|HC|  |TAMS 0x0000000080500000, 0x0000000080400000| Complete 
|   5|0x0000000080500000, 0x0000000080600000, 0x0000000080600000|100%|HC|  |TAMS 0x0000000080600000, 0x0000000080500000| Complete 
|   6|0x0000000080600000, 0x0000000080700000, 0x0000000080700000|100%| O|  |TAMS 0x0000000080700000, 0x0000000080600000| Untracked 
|   7|0x0000000080700000, 0x0000000080800000, 0x0000000080800000|100%| O|  |TAMS 0x0000000080800000, 0x0000000080700000| Untracked 
|   8|0x0000000080800000, 0x0000000080900000, 0x0000000080900000|100%| O|  |TAMS 0x0000000080900000, 0x0000000080800000| Untracked 
|   9|0x0000000080900000, 0x0000000080a00000, 0x0000000080a00000|100%| O|  |TAMS 0x0000000080a00000, 0x0000000080900000| Untracked 
|  10|0x0000000080a00000, 0x0000000080b00000, 0x0000000080b00000|100%| O|  |TAMS 0x0000000080b00000, 0x0000000080a00000| Untracked 
|  11|0x0000000080b00000, 0x0000000080b63200, 0x0000000080c00000| 38%| O|  |TAMS 0x0000000080b63200, 0x0000000080b00000| Untracked 
|  12|0x0000000080c00000, 0x0000000080d00000, 0x0000000080d00000|100%| O|  |TAMS 0x0000000080d00000, 0x0000000080c00000| Untracked 
|  13|0x0000000080d00000, 0x0000000080e00000, 0x0000000080e00000|100%| O|  |TAMS 0x0000000080e00000, 0x0000000080d00000| Untracked 
|  14|0x0000000080e00000, 0x0000000080f00000, 0x0000000080f00000|100%| O|  |TAMS 0x0000000080f00000, 0x0000000080e00000| Untracked 
|  15|0x0000000080f00000, 0x0000000081000000, 0x0000000081000000|100%| O|  |TAMS 0x0000000081000000, 0x0000000080f00000| Untracked 
|  16|0x0000000081000000, 0x0000000081100000, 0x0000000081100000|100%| O|  |TAMS 0x0000000081100000, 0x0000000081000000| Untracked 
|  17|0x0000000081100000, 0x0000000081200000, 0x0000000081200000|100%| O|  |TAMS 0x0000000081200000, 0x0000000081100000| Untracked 
|  18|0x0000000081200000, 0x0000000081300000, 0x0000000081300000|100%| O|  |TAMS 0x0000000081300000, 0x0000000081200000| Untracked 
|  19|0x0000000081300000, 0x0000000081400000, 0x0000000081400000|100%| O|  |TAMS 0x0000000081400000, 0x0000000081300000| Untracked 
|  20|0x0000000081400000, 0x0000000081500000, 0x0000000081500000|100%| O|  |TAMS 0x0000000081436200, 0x0000000081400000| Untracked 
|  21|0x0000000081500000, 0x0000000081600000, 0x0000000081600000|100%| O|  |TAMS 0x0000000081500000, 0x0000000081500000| Untracked 
|  22|0x0000000081600000, 0x0000000081700000, 0x0000000081700000|100%| O|  |TAMS 0x0000000081600000, 0x0000000081600000| Untracked 
|  23|0x0000000081700000, 0x0000000081800000, 0x0000000081800000|100%| O|  |TAMS 0x0000000081700000, 0x0000000081700000| Untracked 
|  24|0x0000000081800000, 0x0000000081800000, 0x0000000081900000|  0%| F|  |TAMS 0x0000000081800000, 0x0000000081800000| Untracked 
|  25|0x0000000081900000, 0x0000000081a00000, 0x0000000081a00000|100%| O|  |TAMS 0x0000000081900000, 0x0000000081900000| Untracked 
|  26|0x0000000081a00000, 0x0000000081b00000, 0x0000000081b00000|100%| O|  |TAMS 0x0000000081a00000, 0x0000000081a00000| Untracked 
|  27|0x0000000081b00000, 0x0000000081c00000, 0x0000000081c00000|100%| O|  |TAMS 0x0000000081b00000, 0x0000000081b00000| Untracked 
|  28|0x0000000081c00000, 0x0000000081d00000, 0x0000000081d00000|100%| O|  |TAMS 0x0000000081c00000, 0x0000000081c00000| Untracked 
|  29|0x0000000081d00000, 0x0000000081e00000, 0x0000000081e00000|100%| O|  |TAMS 0x0000000081d00000, 0x0000000081d00000| Untracked 
|  30|0x0000000081e00000, 0x0000000081e48800, 0x0000000081f00000| 28%| O|  |TAMS 0x0000000081e00000, 0x0000000081e00000| Untracked 
|  31|0x0000000081f00000, 0x0000000081f00000, 0x0000000082000000|  0%| F|  |TAMS 0x0000000081f00000, 0x0000000081f00000| Untracked 
|  32|0x0000000082000000, 0x0000000082000000, 0x0000000082100000|  0%| F|  |TAMS 0x0000000082000000, 0x0000000082000000| Untracked 
|  33|0x0000000082100000, 0x0000000082100000, 0x0000000082200000|  0%| F|  |TAMS 0x0000000082100000, 0x0000000082100000| Untracked 
|  34|0x0000000082200000, 0x0000000082200000, 0x0000000082300000|  0%| F|  |TAMS 0x0000000082200000, 0x0000000082200000| Untracked 
|  35|0x0000000082300000, 0x0000000082300000, 0x0000000082400000|  0%| F|  |TAMS 0x0000000082300000, 0x0000000082300000| Untracked 
|  36|0x0000000082400000, 0x0000000082400000, 0x0000000082500000|  0%| F|  |TAMS 0x0000000082400000, 0x0000000082400000| Untracked 
|  37|0x0000000082500000, 0x0000000082500000, 0x0000000082600000|  0%| F|  |TAMS 0x0000000082500000, 0x0000000082500000| Untracked 
|  38|0x0000000082600000, 0x0000000082600000, 0x0000000082700000|  0%| F|  |TAMS 0x0000000082600000, 0x0000000082600000| Untracked 
|  39|0x0000000082700000, 0x0000000082700000, 0x0000000082800000|  0%| F|  |TAMS 0x0000000082700000, 0x0000000082700000| Untracked 
|  40|0x0000000082800000, 0x0000000082800000, 0x0000000082900000|  0%| F|  |TAMS 0x0000000082800000, 0x0000000082800000| Untracked 
|  41|0x0000000082900000, 0x0000000082900000, 0x0000000082a00000|  0%| F|  |TAMS 0x0000000082900000, 0x0000000082900000| Untracked 
|  42|0x0000000082a00000, 0x0000000082a00000, 0x0000000082b00000|  0%| F|  |TAMS 0x0000000082a00000, 0x0000000082a00000| Untracked 
|  43|0x0000000082b00000, 0x0000000082b00000, 0x0000000082c00000|  0%| F|  |TAMS 0x0000000082b00000, 0x0000000082b00000| Untracked 
|  44|0x0000000082c00000, 0x0000000082c00000, 0x0000000082d00000|  0%| F|  |TAMS 0x0000000082c00000, 0x0000000082c00000| Untracked 
|  45|0x0000000082d00000, 0x0000000082d00000, 0x0000000082e00000|  0%| F|  |TAMS 0x0000000082d00000, 0x0000000082d00000| Untracked 
|  46|0x0000000082e00000, 0x0000000082ee07a8, 0x0000000082f00000| 87%| S|CS|TAMS 0x0000000082e00000, 0x0000000082e00000| Complete 
|  47|0x0000000082f00000, 0x0000000083000000, 0x0000000083000000|100%| S|CS|TAMS 0x0000000082f00000, 0x0000000082f00000| Complete 
|  48|0x0000000083000000, 0x0000000083100000, 0x0000000083100000|100%| S|CS|TAMS 0x0000000083000000, 0x0000000083000000| Complete 
|  49|0x0000000083100000, 0x0000000083100000, 0x0000000083200000|  0%| F|  |TAMS 0x0000000083100000, 0x0000000083100000| Untracked 
|  50|0x0000000083200000, 0x0000000083200000, 0x0000000083300000|  0%| F|  |TAMS 0x0000000083200000, 0x0000000083200000| Untracked 
|  51|0x0000000083300000, 0x0000000083300000, 0x0000000083400000|  0%| F|  |TAMS 0x0000000083300000, 0x0000000083300000| Untracked 
|  52|0x0000000083400000, 0x0000000083400000, 0x0000000083500000|  0%| F|  |TAMS 0x0000000083400000, 0x0000000083400000| Untracked 
|  53|0x0000000083500000, 0x0000000083500000, 0x0000000083600000|  0%| F|  |TAMS 0x0000000083500000, 0x0000000083500000| Untracked 
|  54|0x0000000083600000, 0x0000000083600000, 0x0000000083700000|  0%| F|  |TAMS 0x0000000083600000, 0x0000000083600000| Untracked 
|  55|0x0000000083700000, 0x0000000083700000, 0x0000000083800000|  0%| F|  |TAMS 0x0000000083700000, 0x0000000083700000| Untracked 
|  56|0x0000000083800000, 0x0000000083900000, 0x0000000083900000|100%| E|  |TAMS 0x0000000083800000, 0x0000000083800000| Complete 
|  57|0x0000000083900000, 0x0000000083a00000, 0x0000000083a00000|100%| E|CS|TAMS 0x0000000083900000, 0x0000000083900000| Complete 
|  58|0x0000000083a00000, 0x0000000083b00000, 0x0000000083b00000|100%| E|CS|TAMS 0x0000000083a00000, 0x0000000083a00000| Complete 
|  59|0x0000000083b00000, 0x0000000083c00000, 0x0000000083c00000|100%| E|CS|TAMS 0x0000000083b00000, 0x0000000083b00000| Complete 
|  60|0x0000000083c00000, 0x0000000083d00000, 0x0000000083d00000|100%| E|CS|TAMS 0x0000000083c00000, 0x0000000083c00000| Complete 
|  61|0x0000000083d00000, 0x0000000083e00000, 0x0000000083e00000|100%| E|CS|TAMS 0x0000000083d00000, 0x0000000083d00000| Complete 
|  62|0x0000000083e00000, 0x0000000083f00000, 0x0000000083f00000|100%| E|CS|TAMS 0x0000000083e00000, 0x0000000083e00000| Complete 
|  63|0x0000000083f00000, 0x0000000084000000, 0x0000000084000000|100%| E|CS|TAMS 0x0000000083f00000, 0x0000000083f00000| Complete 
|  64|0x0000000084000000, 0x0000000084100000, 0x0000000084100000|100%| E|CS|TAMS 0x0000000084000000, 0x0000000084000000| Complete 
|  65|0x0000000084100000, 0x0000000084200000, 0x0000000084200000|100%| E|CS|TAMS 0x0000000084100000, 0x0000000084100000| Complete 
|  66|0x0000000084200000, 0x0000000084300000, 0x0000000084300000|100%| E|CS|TAMS 0x0000000084200000, 0x0000000084200000| Complete 
|  67|0x0000000084300000, 0x0000000084400000, 0x0000000084400000|100%| E|CS|TAMS 0x0000000084300000, 0x0000000084300000| Complete 
|  68|0x0000000084400000, 0x0000000084500000, 0x0000000084500000|100%| E|CS|TAMS 0x0000000084400000, 0x0000000084400000| Complete 
|  76|0x0000000084c00000, 0x0000000084d00000, 0x0000000084d00000|100%| E|CS|TAMS 0x0000000084c00000, 0x0000000084c00000| Complete 
|  77|0x0000000084d00000, 0x0000000084e00000, 0x0000000084e00000|100%| E|CS|TAMS 0x0000000084d00000, 0x0000000084d00000| Complete 
|  78|0x0000000084e00000, 0x0000000084f00000, 0x0000000084f00000|100%| E|CS|TAMS 0x0000000084e00000, 0x0000000084e00000| Complete 
|  79|0x0000000084f00000, 0x0000000085000000, 0x0000000085000000|100%| E|CS|TAMS 0x0000000084f00000, 0x0000000084f00000| Complete 
|  80|0x0000000085000000, 0x0000000085100000, 0x0000000085100000|100%| E|CS|TAMS 0x0000000085000000, 0x0000000085000000| Complete 
|  81|0x0000000085100000, 0x0000000085200000, 0x0000000085200000|100%| E|CS|TAMS 0x0000000085100000, 0x0000000085100000| Complete 
|  82|0x0000000085200000, 0x0000000085300000, 0x0000000085300000|100%| E|CS|TAMS 0x0000000085200000, 0x0000000085200000| Complete 
|  83|0x0000000085300000, 0x0000000085400000, 0x0000000085400000|100%| E|CS|TAMS 0x0000000085300000, 0x0000000085300000| Complete 

Card table byte_map: [0x0000025dfc1c0000,0x0000025dfc5c0000] _byte_map_base: 0x0000025dfbdc0000

Marking Bits (Prev, Next): (CMBitMap*) 0x0000025df89478a0, (CMBitMap*) 0x0000025df89478e0
 Prev Bits: [0x0000025dfc9c0000, 0x0000025dfe9c0000)
 Next Bits: [0x0000025d8f000000, 0x0000025d91000000)

Polling page: 0x0000025df68f0000

Metaspace:

Usage:
  Non-class:     43.45 MB used.
      Class:      6.71 MB used.
       Both:     50.16 MB used.

Virtual space:
  Non-class space:       48.00 MB reserved,      43.75 MB ( 91%) committed,  6 nodes.
      Class space:        1.00 GB reserved,       6.94 MB ( <1%) committed,  1 nodes.
             Both:        1.05 GB reserved,      50.69 MB (  5%) committed. 

Chunk freelists:
   Non-Class:  160.00 KB
       Class:  1.05 MB
        Both:  1.20 MB

MaxMetaspaceSize: unlimited
CompressedClassSpaceSize: 1.00 GB
Initial GC threshold: 21.00 MB
Current GC threshold: 58.88 MB
CDS: off
MetaspaceReclaimPolicy: balanced
 - commit_granule_bytes: 65536.
 - commit_granule_words: 8192.
 - virtual_space_node_default_size: 1048576.
 - enlarge_chunks_in_place: 1.
 - new_chunks_are_fully_committed: 0.
 - uncommit_free_chunks: 1.
 - use_allocation_guard: 0.
 - handle_deallocations: 1.


Internal statistics:

num_allocs_failed_limit: 6.
num_arena_births: 544.
num_arena_deaths: 0.
num_vsnodes_births: 7.
num_vsnodes_deaths: 0.
num_space_committed: 811.
num_space_uncommitted: 0.
num_chunks_returned_to_freelist: 6.
num_chunks_taken_from_freelist: 2162.
num_chunk_merges: 6.
num_chunk_splits: 1435.
num_chunks_enlarged: 996.
num_purges: 0.
num_inconsistent_stats: 0.

CodeHeap 'non-profiled nmethods': size=120000Kb used=2367Kb max_used=2367Kb free=117632Kb
 bounds [0x0000025d87ad0000, 0x0000025d87d40000, 0x0000025d8f000000]
CodeHeap 'profiled nmethods': size=120000Kb used=9013Kb max_used=9013Kb free=110986Kb
 bounds [0x0000025d80000000, 0x0000025d808d0000, 0x0000025d87530000]
CodeHeap 'non-nmethods': size=5760Kb used=2317Kb max_used=2343Kb free=3442Kb
 bounds [0x0000025d87530000, 0x0000025d877a0000, 0x0000025d87ad0000]
 total_blobs=5190 nmethods=4370 adapters=732
 compilation: enabled
              stopped_count=0, restarted_count=0
 full_count=0

Compilation events (20 events):
Event: 13.675 Thread 0x0000025dff8327e0 4363       3       java.lang.invoke.InnerClassLambdaMetafactory$ForwardingMethodGenerator::generate (272 bytes)
Event: 13.675 Thread 0x0000025dfeee0dc0 nmethod 4360% 0x0000025d87d1f090 code [0x0000025d87d1f240, 0x0000025d87d1faf8]
Event: 13.676 Thread 0x0000025dff8327e0 nmethod 4363 0x0000025d808c5310 code [0x0000025d808c56a0, 0x0000025d808c7228]
Event: 13.676 Thread 0x0000025dff8327e0 4364       3       java.lang.invoke.MethodHandles$Lookup::defineHiddenClass (69 bytes)
Event: 13.677 Thread 0x0000025dff8327e0 nmethod 4364 0x0000025d808c7a90 code [0x0000025d808c7d80, 0x0000025d808c8b18]
Event: 13.678 Thread 0x0000025dfeee0dc0 4365       4       org.gradle.internal.service.DefaultServiceRegistry$OwnServices::getService (309 bytes)
Event: 13.683 Thread 0x0000025dff8327e0 4367       3       java.net.URI::match (56 bytes)
Event: 13.683 Thread 0x0000025dff8327e0 nmethod 4367 0x0000025d808c9010 code [0x0000025d808c91c0, 0x0000025d808c94b8]
Event: 13.683 Thread 0x0000025dff8327e0 4368       3       com.google.common.collect.ImmutableList::asImmutableList (7 bytes)
Event: 13.683 Thread 0x0000025dff8327e0 nmethod 4368 0x0000025d808c9590 code [0x0000025d808c9720, 0x0000025d808c9848]
Event: 13.701 Thread 0x0000025dff8327e0 4369       3       com.google.common.cache.LocalCache::usesWriteQueue (5 bytes)
Event: 13.701 Thread 0x0000025dff8327e0 nmethod 4369 0x0000025d808c9910 code [0x0000025d808c9aa0, 0x0000025d808c9c98]
Event: 13.782 Thread 0x0000025dff8327e0 4370       3       java.lang.reflect.Constructor::checkCanSetAccessible (29 bytes)
Event: 13.782 Thread 0x0000025dff8327e0 nmethod 4370 0x0000025d808c9d90 code [0x0000025d808c9f60, 0x0000025d808ca218]
Event: 13.790 Thread 0x0000025dff8327e0 4371       3       java.net.URI$Parser::scan (76 bytes)
Event: 13.790 Thread 0x0000025dff8327e0 nmethod 4371 0x0000025d808ca390 code [0x0000025d808ca5c0, 0x0000025d808cae98]
Event: 13.790 Thread 0x0000025dff8327e0 4372       3       java.net.URI$Parser::scan (41 bytes)
Event: 13.791 Thread 0x0000025dff8327e0 nmethod 4372 0x0000025d808cb290 code [0x0000025d808cb4e0, 0x0000025d808cbe58]
Event: 13.815 Thread 0x0000025dff8327e0 4373       3       com.google.common.collect.CollectPreconditions::checkNonnegative (48 bytes)
Event: 13.816 Thread 0x0000025dff8327e0 nmethod 4373 0x0000025d808cc290 code [0x0000025d808cc500, 0x0000025d808cce08]

GC Heap History (20 events):
Event: 2.186 GC heap before
{Heap before GC invocations=2 (full 0):
 garbage-first heap   total 129024K, used 32994K [0x0000000080000000, 0x0000000100000000)
  region size 1024K, 25 young (25600K), 3 survivors (3072K)
 Metaspace       used 11242K, committed 11456K, reserved 1064960K
  class space    used 1162K, committed 1280K, reserved 1048576K
}
Event: 2.190 GC heap after
{Heap after GC invocations=3 (full 0):
 garbage-first heap   total 129024K, used 13483K [0x0000000080000000, 0x0000000100000000)
  region size 1024K, 3 young (3072K), 3 survivors (3072K)
 Metaspace       used 11242K, committed 11456K, reserved 1064960K
  class space    used 1162K, committed 1280K, reserved 1048576K
}
Event: 4.794 GC heap before
{Heap before GC invocations=3 (full 0):
 garbage-first heap   total 129024K, used 52395K [0x0000000080000000, 0x0000000100000000)
  region size 1024K, 42 young (43008K), 3 survivors (3072K)
 Metaspace       used 21245K, committed 21504K, reserved 1073152K
  class space    used 2570K, committed 2688K, reserved 1048576K
}
Event: 4.804 GC heap after
{Heap after GC invocations=4 (full 0):
 garbage-first heap   total 129024K, used 18256K [0x0000000080000000, 0x0000000100000000)
  region size 1024K, 8 young (8192K), 8 survivors (8192K)
 Metaspace       used 21245K, committed 21504K, reserved 1073152K
  class space    used 2570K, committed 2688K, reserved 1048576K
}
Event: 6.684 GC heap before
{Heap before GC invocations=5 (full 0):
 garbage-first heap   total 65536K, used 48976K [0x0000000080000000, 0x0000000100000000)
  region size 1024K, 38 young (38912K), 8 survivors (8192K)
 Metaspace       used 26029K, committed 26304K, reserved 1073152K
  class space    used 3401K, committed 3520K, reserved 1048576K
}
Event: 6.714 GC heap after
{Heap after GC invocations=6 (full 0):
 garbage-first heap   total 65536K, used 20325K [0x0000000080000000, 0x0000000100000000)
  region size 1024K, 3 young (3072K), 3 survivors (3072K)
 Metaspace       used 26029K, committed 26304K, reserved 1073152K
  class space    used 3401K, committed 3520K, reserved 1048576K
}
Event: 8.310 GC heap before
{Heap before GC invocations=6 (full 0):
 garbage-first heap   total 65536K, used 44901K [0x0000000080000000, 0x0000000100000000)
  region size 1024K, 27 young (27648K), 3 survivors (3072K)
 Metaspace       used 29876K, committed 30144K, reserved 1081344K
  class space    used 4039K, committed 4160K, reserved 1048576K
}
Event: 8.316 GC heap after
{Heap after GC invocations=7 (full 0):
 garbage-first heap   total 65536K, used 21513K [0x0000000080000000, 0x0000000100000000)
  region size 1024K, 4 young (4096K), 4 survivors (4096K)
 Metaspace       used 29876K, committed 30144K, reserved 1081344K
  class space    used 4039K, committed 4160K, reserved 1048576K
}
Event: 10.207 GC heap before
{Heap before GC invocations=7 (full 0):
 garbage-first heap   total 65536K, used 46089K [0x0000000080000000, 0x0000000100000000)
  region size 1024K, 29 young (29696K), 4 survivors (4096K)
 Metaspace       used 34026K, committed 34304K, reserved 1081344K
  class space    used 4682K, committed 4800K, reserved 1048576K
}
Event: 10.213 GC heap after
{Heap after GC invocations=8 (full 0):
 garbage-first heap   total 65536K, used 22894K [0x0000000080000000, 0x0000000100000000)
  region size 1024K, 3 young (3072K), 3 survivors (3072K)
 Metaspace       used 34026K, committed 34304K, reserved 1081344K
  class space    used 4682K, committed 4800K, reserved 1048576K
}
Event: 10.507 GC heap before
{Heap before GC invocations=8 (full 0):
 garbage-first heap   total 65536K, used 30062K [0x0000000080000000, 0x0000000100000000)
  region size 1024K, 11 young (11264K), 3 survivors (3072K)
 Metaspace       used 35624K, committed 35968K, reserved 1081344K
  class space    used 4873K, committed 5056K, reserved 1048576K
}
Event: 10.514 GC heap after
{Heap after GC invocations=9 (full 0):
 garbage-first heap   total 65536K, used 24198K [0x0000000080000000, 0x0000000100000000)
  region size 1024K, 3 young (3072K), 3 survivors (3072K)
 Metaspace       used 35624K, committed 35968K, reserved 1081344K
  class space    used 4873K, committed 5056K, reserved 1048576K
}
Event: 11.171 GC heap before
{Heap before GC invocations=10 (full 0):
 garbage-first heap   total 65536K, used 47750K [0x0000000080000000, 0x0000000100000000)
  region size 1024K, 27 young (27648K), 3 survivors (3072K)
 Metaspace       used 40491K, committed 40832K, reserved 1089536K
  class space    used 5355K, committed 5504K, reserved 1048576K
}
Event: 11.179 GC heap after
{Heap after GC invocations=11 (full 0):
 garbage-first heap   total 65536K, used 27492K [0x0000000080000000, 0x0000000100000000)
  region size 1024K, 4 young (4096K), 4 survivors (4096K)
 Metaspace       used 40491K, committed 40832K, reserved 1089536K
  class space    used 5355K, committed 5504K, reserved 1048576K
}
Event: 11.670 GC heap before
{Heap before GC invocations=11 (full 0):
 garbage-first heap   total 65536K, used 52068K [0x0000000080000000, 0x0000000100000000)
  region size 1024K, 25 young (25600K), 4 survivors (4096K)
 Metaspace       used 42865K, committed 43200K, reserved 1089536K
  class space    used 5609K, committed 5760K, reserved 1048576K
}
Event: 11.677 GC heap after
{Heap after GC invocations=12 (full 0):
 garbage-first heap   total 65536K, used 29398K [0x0000000080000000, 0x0000000100000000)
  region size 1024K, 3 young (3072K), 3 survivors (3072K)
 Metaspace       used 42865K, committed 43200K, reserved 1089536K
  class space    used 5609K, committed 5760K, reserved 1048576K
}
Event: 12.255 GC heap before
{Heap before GC invocations=12 (full 0):
 garbage-first heap   total 65536K, used 48854K [0x0000000080000000, 0x0000000100000000)
  region size 1024K, 22 young (22528K), 3 survivors (3072K)
 Metaspace       used 44628K, committed 45120K, reserved 1089536K
  class space    used 5772K, committed 6016K, reserved 1048576K
}
Event: 12.259 GC heap after
{Heap after GC invocations=13 (full 0):
 garbage-first heap   total 78848K, used 30622K [0x0000000080000000, 0x0000000100000000)
  region size 1024K, 2 young (2048K), 2 survivors (2048K)
 Metaspace       used 44628K, committed 45120K, reserved 1089536K
  class space    used 5772K, committed 6016K, reserved 1048576K
}
Event: 13.367 GC heap before
{Heap before GC invocations=13 (full 0):
 garbage-first heap   total 78848K, used 59294K [0x0000000080000000, 0x0000000100000000)
  region size 1024K, 30 young (30720K), 2 survivors (2048K)
 Metaspace       used 48367K, committed 48832K, reserved 1097728K
  class space    used 6404K, committed 6592K, reserved 1048576K
}
Event: 13.372 GC heap after
{Heap after GC invocations=14 (full 0):
 garbage-first heap   total 78848K, used 32304K [0x0000000080000000, 0x0000000100000000)
  region size 1024K, 3 young (3072K), 3 survivors (3072K)
 Metaspace       used 48367K, committed 48832K, reserved 1097728K
  class space    used 6404K, committed 6592K, reserved 1048576K
}

Dll operation events (2 events):
Event: 0.014 Loaded shared library C:\Program Files\Android\Android Studio\jbr\bin\java.dll
Event: 0.623 Loaded shared library C:\Program Files\Android\Android Studio\jbr\bin\verify.dll

Deoptimization events (20 events):
Event: 13.460 Thread 0x0000025d95623030 DEOPT PACKING pc=0x0000025d87c3ba68 sp=0x000000e337bf8b80
Event: 13.460 Thread 0x0000025d95623030 DEOPT UNPACKING pc=0x0000025d8758a1a3 sp=0x000000e337bf8b18 mode 2
Event: 13.505 Thread 0x0000025d95623030 Uncommon trap: trap_request=0xffffff45 fr.pc=0x0000025d87ca77a4 relative=0x0000000000001744
Event: 13.505 Thread 0x0000025d95623030 Uncommon trap: reason=unstable_if action=reinterpret pc=0x0000025d87ca77a4 method=java.util.concurrent.ConcurrentHashMap.computeIfAbsent(Ljava/lang/Object;Ljava/util/function/Function;)Ljava/lang/Object; @ 123 c2
Event: 13.505 Thread 0x0000025d95623030 DEOPT PACKING pc=0x0000025d87ca77a4 sp=0x000000e337bf9e60
Event: 13.505 Thread 0x0000025d95623030 DEOPT UNPACKING pc=0x0000025d8758a1a3 sp=0x000000e337bf9de0 mode 2
Event: 13.573 Thread 0x0000025d95623030 DEOPT PACKING pc=0x0000025d8066cc02 sp=0x000000e337bf9b10
Event: 13.573 Thread 0x0000025d95623030 DEOPT UNPACKING pc=0x0000025d8758ace3 sp=0x000000e337bf8ff0 mode 0
Event: 13.681 Thread 0x0000025d95623030 Uncommon trap: trap_request=0xffffff45 fr.pc=0x0000025d87b318f4 relative=0x00000000000001d4
Event: 13.681 Thread 0x0000025d95623030 Uncommon trap: reason=unstable_if action=reinterpret pc=0x0000025d87b318f4 method=java.net.URI$Parser.scan(IILjava/lang/String;)I @ 26 c2
Event: 13.681 Thread 0x0000025d95623030 DEOPT PACKING pc=0x0000025d87b318f4 sp=0x000000e337bf8300
Event: 13.681 Thread 0x0000025d95623030 DEOPT UNPACKING pc=0x0000025d8758a1a3 sp=0x000000e337bf8290 mode 2
Event: 13.681 Thread 0x0000025d95623030 Uncommon trap: trap_request=0xffffff45 fr.pc=0x0000025d87b29ab4 relative=0x0000000000000114
Event: 13.681 Thread 0x0000025d95623030 Uncommon trap: reason=unstable_if action=reinterpret pc=0x0000025d87b29ab4 method=java.net.URI.match(CJJ)Z @ 45 c2
Event: 13.681 Thread 0x0000025d95623030 DEOPT PACKING pc=0x0000025d87b29ab4 sp=0x000000e337bf8070
Event: 13.681 Thread 0x0000025d95623030 DEOPT UNPACKING pc=0x0000025d8758a1a3 sp=0x000000e337bf7fa8 mode 2
Event: 13.681 Thread 0x0000025d95623030 Uncommon trap: trap_request=0xffffff45 fr.pc=0x0000025d87af1f48 relative=0x0000000000000048
Event: 13.681 Thread 0x0000025d95623030 Uncommon trap: reason=unstable_if action=reinterpret pc=0x0000025d87af1f48 method=java.net.URI.match(CJJ)Z @ 19 c2
Event: 13.681 Thread 0x0000025d95623030 DEOPT PACKING pc=0x0000025d87af1f48 sp=0x000000e337bf8080
Event: 13.681 Thread 0x0000025d95623030 DEOPT UNPACKING pc=0x0000025d8758a1a3 sp=0x000000e337bf8030 mode 2

Classes unloaded (0 events):
No events

Classes redefined (0 events):
No events

Internal exceptions (20 events):
Event: 11.705 Thread 0x0000025d95623030 Exception <a 'java/lang/NoSuchMethodError'{0x000000008539c6b8}: 'java.lang.Object java.lang.invoke.DirectMethodHandle$Holder.invokeStatic(java.lang.Object, java.lang.Object, java.lang.Object, java.lang.Object, java.lang.Object, java.lang.Object, java.lang.Object, java.lang.Object, java.lang.Object, java.lang.Object, java.lang.Object, java.lang.Object, java.lang.Object, java.lang.Object, java.lang.Object, java.lang.Object, java.lang.Object)'> (0x000000008539c6b8) 
thrown [s\src\hotspot\share\interpreter\lin
Event: 11.714 Thread 0x0000025d95623030 Exception <a 'java/lang/NoSuchMethodError'{0x00000000853c50c0}: 'java.lang.Object java.lang.invoke.DirectMethodHandle$Holder.invokeStatic(java.lang.Object, java.lang.Object, java.lang.Object, java.lang.Object, java.lang.Object, java.lang.Object, java.lang.Object, java.lang.Object, java.lang.Object, java.lang.Object, java.lang.Object, java.lang.Object, java.lang.Object, java.lang.Object, java.lang.Object, java.lang.Object, java.lang.Object, java.lang.Object)'> (0x00000000853c50c0) 
thrown [s\src\hotspot\sha
Event: 11.717 Thread 0x0000025d95623030 Exception <a 'java/lang/NoSuchMethodError'{0x00000000853ed460}: 'java.lang.Object java.lang.invoke.DirectMethodHandle$Holder.invokeStatic(java.lang.Object, java.lang.Object, java.lang.Object, java.lang.Object, java.lang.Object, java.lang.Object, java.lang.Object, java.lang.Object, java.lang.Object, java.lang.Object, java.lang.Object, java.lang.Object, java.lang.Object, java.lang.Object, java.lang.Object, java.lang.Object, java.lang.Object, java.lang.Object, java.lang.Object)'> (0x00000000853ed460) 
thrown 
Event: 11.724 Thread 0x0000025d95623030 Exception <a 'java/lang/NoSuchMethodError'{0x0000000085216fb0}: 'java.lang.Object java.lang.invoke.DirectMethodHandle$Holder.invokeStatic(java.lang.Object, java.lang.Object, java.lang.Object, java.lang.Object, java.lang.Object, java.lang.Object, java.lang.Object, java.lang.Object, java.lang.Object, java.lang.Object, java.lang.Object, java.lang.Object, java.lang.Object, java.lang.Object, java.lang.Object, java.lang.Object, java.lang.Object, java.lang.Object, java.lang.Object, java.lang.Object)'> (0x00000000
Event: 11.735 Thread 0x0000025d95623030 Exception <a 'java/lang/NoSuchMethodError'{0x0000000085241670}: 'java.lang.Object java.lang.invoke.DirectMethodHandle$Holder.invokeStatic(java.lang.Object, java.lang.Object, java.lang.Object, java.lang.Object, java.lang.Object, java.lang.Object, java.lang.Object, java.lang.Object, java.lang.Object, java.lang.Object, java.lang.Object, java.lang.Object, java.lang.Object, java.lang.Object, java.lang.Object, java.lang.Object, java.lang.Object, java.lang.Object, java.lang.Object, java.lang.Object, java.lang.Obj
Event: 11.737 Thread 0x0000025d95623030 Exception <a 'java/lang/NoSuchMethodError'{0x000000008526e230}: 'java.lang.Object java.lang.invoke.DirectMethodHandle$Holder.invokeStatic(java.lang.Object, java.lang.Object, java.lang.Object, java.lang.Object, java.lang.Object, java.lang.Object, java.lang.Object, java.lang.Object, java.lang.Object, java.lang.Object, java.lang.Object, java.lang.Object, java.lang.Object, java.lang.Object, java.lang.Object, java.lang.Object, java.lang.Object, java.lang.Object, java.lang.Object, java.lang.Object, java.lang.Obj
Event: 11.739 Thread 0x0000025d95623030 Exception <a 'java/lang/NoSuchMethodError'{0x000000008529ad60}: 'java.lang.Object java.lang.invoke.DirectMethodHandle$Holder.invokeStatic(java.lang.Object, java.lang.Object, java.lang.Object, java.lang.Object, java.lang.Object, java.lang.Object, java.lang.Object, java.lang.Object, java.lang.Object, java.lang.Object, java.lang.Object, java.lang.Object, java.lang.Object, java.lang.Object, java.lang.Object, java.lang.Object, java.lang.Object, java.lang.Object, java.lang.Object, java.lang.Object, java.lang.Obj
Event: 11.742 Thread 0x0000025d95623030 Exception <a 'java/lang/NoSuchMethodError'{0x00000000852c9360}: 'java.lang.Object java.lang.invoke.DirectMethodHandle$Holder.invokeStatic(java.lang.Object, java.lang.Object, java.lang.Object, java.lang.Object, java.lang.Object, java.lang.Object, java.lang.Object, java.lang.Object, java.lang.Object, java.lang.Object, java.lang.Object, java.lang.Object, java.lang.Object, java.lang.Object, java.lang.Object, java.lang.Object, java.lang.Object, java.lang.Object, java.lang.Object, java.lang.Object, java.lang.Obj
Event: 11.959 Thread 0x0000025d95623030 Exception <a 'java/lang/IncompatibleClassChangeError'{0x00000000832f8868}: Found class java.lang.Object, but interface was expected> (0x00000000832f8868) 
thrown [s\src\hotspot\share\interpreter\linkResolver.cpp, line 838]
Event: 12.193 Thread 0x0000025d95623030 Exception <a 'java/lang/IncompatibleClassChangeError'{0x0000000082d781f0}: Found class java.lang.Object, but interface was expected> (0x0000000082d781f0) 
thrown [s\src\hotspot\share\interpreter\linkResolver.cpp, line 838]
Event: 12.280 Thread 0x0000025d95623030 Exception <a 'java/lang/NoSuchMethodError'{0x00000000853d2960}: 'int java.lang.invoke.DirectMethodHandle$Holder.invokeStaticInit(java.lang.Object, java.lang.Object, java.lang.Object, java.lang.Object, java.lang.Object)'> (0x00000000853d2960) 
thrown [s\src\hotspot\share\interpreter\linkResolver.cpp, line 771]
Event: 12.464 Thread 0x0000025d95623030 Implicit null exception at 0x0000025d87c5ba6c to 0x0000025d87c5bb14
Event: 12.654 Thread 0x0000025d95623030 Exception <a 'java/lang/NoSuchMethodError'{0x000000008402fe70}: 'void java.lang.invoke.DirectMethodHandle$Holder.invokeInterface(java.lang.Object, java.lang.Object)'> (0x000000008402fe70) 
thrown [s\src\hotspot\share\interpreter\linkResolver.cpp, line 771]
Event: 12.655 Thread 0x0000025d95623030 Exception <a 'java/lang/IncompatibleClassChangeError'{0x000000008403b1a0}: Found class java.lang.Object, but interface was expected> (0x000000008403b1a0) 
thrown [s\src\hotspot\share\interpreter\linkResolver.cpp, line 838]
Event: 12.687 Thread 0x0000025d95623030 Exception <a 'java/lang/NoSuchMethodError'{0x0000000083fbd140}: 'java.lang.Object java.lang.invoke.DirectMethodHandle$Holder.newInvokeSpecial(java.lang.Object, int, java.lang.Object)'> (0x0000000083fbd140) 
thrown [s\src\hotspot\share\interpreter\linkResolver.cpp, line 771]
Event: 13.275 Thread 0x0000025d9474d7b0 Exception <a 'java/lang/NoSuchMethodError'{0x0000000083306d48}: static Lorg/gradle/internal/build/event/types/DefaultOperationStartedProgressEvent;.<clinit>()V> (0x0000000083306d48) 
thrown [s\src\hotspot\share\prims\jni.cpp, line 1108]
Event: 13.275 Thread 0x0000025d9474d7b0 Exception <a 'java/lang/NoSuchMethodError'{0x00000000833083d0}: static Lorg/gradle/internal/build/event/types/AbstractProgressEvent;.<clinit>()V> (0x00000000833083d0) 
thrown [s\src\hotspot\share\prims\jni.cpp, line 1108]
Event: 13.277 Thread 0x0000025d9474d7b0 Exception <a 'java/lang/NoSuchMethodError'{0x0000000083319728}: static Lorg/gradle/internal/build/event/types/DefaultProjectConfigurationDescriptor;.<clinit>()V> (0x0000000083319728) 
thrown [s\src\hotspot\share\prims\jni.cpp, line 1108]
Event: 13.278 Thread 0x0000025d9474d7b0 Exception <a 'java/lang/NoSuchMethodError'{0x000000008331bc90}: static Lorg/gradle/internal/build/event/types/DefaultOperationDescriptor;.<clinit>()V> (0x000000008331bc90) 
thrown [s\src\hotspot\share\prims\jni.cpp, line 1108]
Event: 13.281 Thread 0x0000025d9474d7b0 Exception <a 'java/lang/NoSuchMethodError'{0x0000000083331c98}: static Lorg/gradle/internal/operations/OperationIdentifier;.<clinit>()V> (0x0000000083331c98) 
thrown [s\src\hotspot\share\prims\jni.cpp, line 1108]

VM Operations (20 events):
Event: 11.669 Executing VM operation: G1CollectForAllocation
Event: 11.677 Executing VM operation: G1CollectForAllocation done
Event: 11.962 Executing VM operation: HandshakeAllThreads
Event: 11.962 Executing VM operation: HandshakeAllThreads done
Event: 12.070 Executing VM operation: HandshakeAllThreads
Event: 12.070 Executing VM operation: HandshakeAllThreads done
Event: 12.210 Executing VM operation: HandshakeAllThreads
Event: 12.210 Executing VM operation: HandshakeAllThreads done
Event: 12.255 Executing VM operation: G1CollectForAllocation
Event: 12.259 Executing VM operation: G1CollectForAllocation done
Event: 12.408 Executing VM operation: HandshakeAllThreads
Event: 12.409 Executing VM operation: HandshakeAllThreads done
Event: 13.173 Executing VM operation: HandshakeAllThreads
Event: 13.173 Executing VM operation: HandshakeAllThreads done
Event: 13.220 Executing VM operation: HandshakeAllThreads
Event: 13.220 Executing VM operation: HandshakeAllThreads done
Event: 13.367 Executing VM operation: G1CollectForAllocation
Event: 13.372 Executing VM operation: G1CollectForAllocation done
Event: 13.813 Executing VM operation: HandshakeAllThreads
Event: 13.813 Executing VM operation: HandshakeAllThreads done

Events (20 events):
Event: 13.730 loading class javax/net/ssl/TrustManager
Event: 13.730 loading class javax/net/ssl/TrustManager done
Event: 13.731 loading class javax/net/ssl/X509TrustManager
Event: 13.731 loading class javax/net/ssl/X509TrustManager done
Event: 13.735 loading class javax/net/ssl/SSLPeerUnverifiedException
Event: 13.735 loading class javax/net/ssl/SSLException
Event: 13.735 loading class javax/net/ssl/SSLException done
Event: 13.735 loading class javax/net/ssl/SSLPeerUnverifiedException done
Event: 13.735 loading class javax/naming/NamingException
Event: 13.736 loading class javax/naming/NamingException done
Event: 13.736 loading class javax/naming/InvalidNameException
Event: 13.736 loading class javax/naming/InvalidNameException done
Event: 13.737 loading class java/security/cert/CertificateParsingException
Event: 13.737 loading class java/security/cert/CertificateException
Event: 13.737 loading class java/security/cert/CertificateException done
Event: 13.737 loading class java/security/cert/CertificateParsingException done
Event: 13.800 loading class java/util/concurrent/LinkedBlockingDeque$Itr
Event: 13.801 loading class java/util/concurrent/LinkedBlockingDeque$AbstractItr
Event: 13.802 loading class java/util/concurrent/LinkedBlockingDeque$AbstractItr done
Event: 13.802 loading class java/util/concurrent/LinkedBlockingDeque$Itr done


Dynamic libraries:
0x00007ff6344e0000 - 0x00007ff6344ea000 	C:\Program Files\Android\Android Studio\jbr\bin\java.exe
0x00007ffeb2a30000 - 0x00007ffeb2c28000 	C:\WINDOWS\SYSTEM32\ntdll.dll
0x00007ffeb1f50000 - 0x00007ffeb200d000 	C:\WINDOWS\System32\KERNEL32.DLL
0x00007ffeb0610000 - 0x00007ffeb0906000 	C:\WINDOWS\System32\KERNELBASE.dll
0x00007ffeb0110000 - 0x00007ffeb0210000 	C:\WINDOWS\System32\ucrtbase.dll
0x00007ffea0730000 - 0x00007ffea0747000 	C:\Program Files\Android\Android Studio\jbr\bin\jli.dll
0x00007ffeb23f0000 - 0x00007ffeb258e000 	C:\WINDOWS\System32\USER32.dll
0x00007ffeb0550000 - 0x00007ffeb0572000 	C:\WINDOWS\System32\win32u.dll
0x00007ffe9b4a0000 - 0x00007ffe9b73a000 	C:\WINDOWS\WinSxS\amd64_microsoft.windows.common-controls_6595b64144ccf1df_6.0.19041.3636_none_60b6a03d71f818d5\COMCTL32.dll
0x00007ffeb2670000 - 0x00007ffeb270e000 	C:\WINDOWS\System32\msvcrt.dll
0x00007ffeb2810000 - 0x00007ffeb283c000 	C:\WINDOWS\System32\GDI32.dll
0x00007ffe9b0d0000 - 0x00007ffe9b0eb000 	C:\Program Files\Android\Android Studio\jbr\bin\VCRUNTIME140.dll
0x00007ffeb02d0000 - 0x00007ffeb03ea000 	C:\WINDOWS\System32\gdi32full.dll
0x00007ffeb0910000 - 0x00007ffeb09ad000 	C:\WINDOWS\System32\msvcp_win.dll
0x00007ffeb2640000 - 0x00007ffeb2670000 	C:\WINDOWS\System32\IMM32.DLL
0x00007ffe9f800000 - 0x00007ffe9f80c000 	C:\Program Files\Android\Android Studio\jbr\bin\vcruntime140_1.dll
0x00007ffe702b0000 - 0x00007ffe7033d000 	C:\Program Files\Android\Android Studio\jbr\bin\msvcp140.dll
0x00007ffe78420000 - 0x00007ffe7908e000 	C:\Program Files\Android\Android Studio\jbr\bin\server\jvm.dll
0x00007ffeb2590000 - 0x00007ffeb263f000 	C:\WINDOWS\System32\ADVAPI32.dll
0x00007ffeb2770000 - 0x00007ffeb280c000 	C:\WINDOWS\System32\sechost.dll
0x00007ffeb19a0000 - 0x00007ffeb1ac6000 	C:\WINDOWS\System32\RPCRT4.dll
0x00007ffeabc50000 - 0x00007ffeabc59000 	C:\WINDOWS\SYSTEM32\WSOCK32.dll
0x00007ffeb2010000 - 0x00007ffeb207b000 	C:\WINDOWS\System32\WS2_32.dll
0x00007ffe910e0000 - 0x00007ffe91107000 	C:\WINDOWS\SYSTEM32\WINMM.dll
0x00007ffea5f60000 - 0x00007ffea5f6a000 	C:\WINDOWS\SYSTEM32\VERSION.dll
0x00007ffeae960000 - 0x00007ffeae972000 	C:\WINDOWS\SYSTEM32\kernel.appcore.dll
0x00007ffeab8c0000 - 0x00007ffeab8ca000 	C:\Program Files\Android\Android Studio\jbr\bin\jimage.dll
0x00007ffeadf20000 - 0x00007ffeae104000 	C:\WINDOWS\SYSTEM32\DBGHELP.DLL
0x00007ffe8faf0000 - 0x00007ffe8fb24000 	C:\WINDOWS\SYSTEM32\dbgcore.DLL
0x00007ffeb0580000 - 0x00007ffeb0602000 	C:\WINDOWS\System32\bcryptPrimitives.dll
0x00007ffeab7b0000 - 0x00007ffeab7d5000 	C:\Program Files\Android\Android Studio\jbr\bin\java.dll
0x00007ffea9d20000 - 0x00007ffea9d38000 	C:\Program Files\Android\Android Studio\jbr\bin\zip.dll
0x00007ffeb1070000 - 0x00007ffeb17b4000 	C:\WINDOWS\System32\SHELL32.dll
0x00007ffeae110000 - 0x00007ffeae8ab000 	C:\WINDOWS\SYSTEM32\windows.storage.dll
0x00007ffeb0d10000 - 0x00007ffeb1064000 	C:\WINDOWS\System32\combase.dll
0x00007ffeafa80000 - 0x00007ffeafaad000 	C:\WINDOWS\SYSTEM32\Wldp.dll
0x00007ffeb0a90000 - 0x00007ffeb0b3d000 	C:\WINDOWS\System32\SHCORE.dll
0x00007ffeb2710000 - 0x00007ffeb2765000 	C:\WINDOWS\System32\shlwapi.dll
0x00007ffeb0040000 - 0x00007ffeb0065000 	C:\WINDOWS\SYSTEM32\profapi.dll
0x00007ffea99a0000 - 0x00007ffea99b9000 	C:\Program Files\Android\Android Studio\jbr\bin\net.dll
0x00007ffe9f5f0000 - 0x00007ffe9f6fa000 	C:\WINDOWS\SYSTEM32\WINHTTP.dll
0x00007ffeaf7e0000 - 0x00007ffeaf84a000 	C:\WINDOWS\system32\mswsock.dll
0x00007ffea9870000 - 0x00007ffea9886000 	C:\Program Files\Android\Android Studio\jbr\bin\nio.dll
0x00007ffeaa070000 - 0x00007ffeaa080000 	C:\Program Files\Android\Android Studio\jbr\bin\verify.dll
0x00007ffe9eeb0000 - 0x00007ffe9eed7000 	C:\Users\caot4\.gradle\native\68d5fa5c4cc2d200863cafc0d521ce42e7d3e7ee720ec0a83991735586a16f82\windows-amd64\native-platform.dll
0x00007ffe6bdf0000 - 0x00007ffe6bf34000 	C:\Users\caot4\.gradle\native\e376f236ea51e6404a007f0833ffe2c6e607c4080706a723a18a27aeea778392\windows-amd64\native-platform-file-events.dll
0x00007ffea9e00000 - 0x00007ffea9e09000 	C:\Program Files\Android\Android Studio\jbr\bin\management.dll
0x00007ffea9990000 - 0x00007ffea999b000 	C:\Program Files\Android\Android Studio\jbr\bin\management_ext.dll
0x00007ffeb1990000 - 0x00007ffeb1998000 	C:\WINDOWS\System32\PSAPI.DLL
0x00007ffeaf9d0000 - 0x00007ffeaf9e8000 	C:\WINDOWS\SYSTEM32\CRYPTSP.dll
0x00007ffeaf110000 - 0x00007ffeaf144000 	C:\WINDOWS\system32\rsaenh.dll
0x00007ffeb0a60000 - 0x00007ffeb0a87000 	C:\WINDOWS\System32\bcrypt.dll
0x00007ffeaffc0000 - 0x00007ffeaffee000 	C:\WINDOWS\SYSTEM32\USERENV.dll
0x00007ffeaf9f0000 - 0x00007ffeaf9fc000 	C:\WINDOWS\SYSTEM32\CRYPTBASE.dll
0x00007ffeaf4d0000 - 0x00007ffeaf50b000 	C:\WINDOWS\SYSTEM32\IPHLPAPI.DLL
0x00007ffeb17c0000 - 0x00007ffeb17c8000 	C:\WINDOWS\System32\NSI.dll
0x00007ffea4b30000 - 0x00007ffea4b47000 	C:\WINDOWS\SYSTEM32\dhcpcsvc6.DLL
0x00007ffea5ed0000 - 0x00007ffea5eed000 	C:\WINDOWS\SYSTEM32\dhcpcsvc.DLL
0x00007ffeaf510000 - 0x00007ffeaf5da000 	C:\WINDOWS\SYSTEM32\DNSAPI.dll
0x00007ffea9860000 - 0x00007ffea9867000 	C:\WINDOWS\system32\wshunix.dll

dbghelp: loaded successfully - version: 4.0.5 - missing functions: none
symbol engine: initialized successfully - sym options: 0x614 - pdb path: .;C:\Program Files\Android\Android Studio\jbr\bin;C:\WINDOWS\SYSTEM32;C:\WINDOWS\WinSxS\amd64_microsoft.windows.common-controls_6595b64144ccf1df_6.0.19041.3636_none_60b6a03d71f818d5;C:\Program Files\Android\Android Studio\jbr\bin\server;C:\Users\caot4\.gradle\native\68d5fa5c4cc2d200863cafc0d521ce42e7d3e7ee720ec0a83991735586a16f82\windows-amd64;C:\Users\caot4\.gradle\native\e376f236ea51e6404a007f0833ffe2c6e607c4080706a723a18a27aeea778392\windows-amd64

VM Arguments:
jvm_args: --add-opens=java.base/java.util=ALL-UNNAMED --add-opens=java.base/java.lang=ALL-UNNAMED --add-opens=java.base/java.lang.invoke=ALL-UNNAMED --add-opens=java.prefs/java.util.prefs=ALL-UNNAMED --add-opens=java.base/java.nio.charset=ALL-UNNAMED --add-opens=java.base/java.net=ALL-UNNAMED --add-opens=java.base/java.util.concurrent.atomic=ALL-UNNAMED -Xmx2048m -Dfile.encoding=UTF-8 -Duser.country=US -Duser.language=en -Duser.variant 
java_command: org.gradle.launcher.daemon.bootstrap.GradleDaemon 8.0
java_class_path (initial): C:\Users\caot4\.gradle\wrapper\dists\gradle-8.0-bin\ca5e32bp14vu59qr306oxotwh\gradle-8.0\lib\gradle-launcher-8.0.jar
Launcher Type: SUN_STANDARD

[Global flags]
     intx CICompilerCount                          = 3                                         {product} {ergonomic}
     uint ConcGCThreads                            = 1                                         {product} {ergonomic}
     uint G1ConcRefinementThreads                  = 4                                         {product} {ergonomic}
   size_t G1HeapRegionSize                         = 1048576                                   {product} {ergonomic}
    uintx GCDrainStackTargetSize                   = 64                                        {product} {ergonomic}
   size_t InitialHeapSize                          = 132120576                                 {product} {ergonomic}
   size_t MarkStackSize                            = 4194304                                   {product} {ergonomic}
   size_t MaxHeapSize                              = 2147483648                                {product} {command line}
   size_t MaxNewSize                               = 1287651328                                {product} {ergonomic}
   size_t MinHeapDeltaBytes                        = 1048576                                   {product} {ergonomic}
   size_t MinHeapSize                              = 8388608                                   {product} {ergonomic}
    uintx NonNMethodCodeHeapSize                   = 5832780                                {pd product} {ergonomic}
    uintx NonProfiledCodeHeapSize                  = 122912730                              {pd product} {ergonomic}
    uintx ProfiledCodeHeapSize                     = 122912730                              {pd product} {ergonomic}
    uintx ReservedCodeCacheSize                    = 251658240                              {pd product} {ergonomic}
     bool SegmentedCodeCache                       = true                                      {product} {ergonomic}
   size_t SoftMaxHeapSize                          = 2147483648                             {manageable} {ergonomic}
     bool UseCompressedClassPointers               = true                           {product lp64_product} {ergonomic}
     bool UseCompressedOops                        = true                           {product lp64_product} {ergonomic}
     bool UseG1GC                                  = true                                      {product} {ergonomic}
     bool UseLargePagesIndividualAllocation        = false                                  {pd product} {ergonomic}

Logging:
Log output configuration:
 #0: stdout all=warning uptime,level,tags
 #1: stderr all=off uptime,level,tags

Environment Variables:
PATH=C:\Program Files\Microsoft MPI\Bin\;C:\Program Files\Microsoft\jdk-11.0.16.101-hotspot\bin;C:\Program Files (x86)\NVIDIA Corporation\PhysX\Common;C:\WINDOWS\system32;C:\WINDOWS;C:\WINDOWS\System32\Wbem;C:\WINDOWS\System32\WindowsPowerShell\v1.0\;C:\WINDOWS\System32\OpenSSH\;C:\Program Files (x86)\dotnet\;C:\Program Files\Git\cmd;C:\Program Files\dotnet\;C:\Program Files\Azure Data Studio\bin;C:\Program Files (x86)\Microsoft SQL Server\160\Tools\Binn\;C:\Program Files\Microsoft SQL Server\160\Tools\Binn\;C:\Program Files\Microsoft SQL Server\Client SDK\ODBC\170\Tools\Binn\;C:\Program Files\Microsoft SQL Server\160\DTS\Binn\;C:\Program Files (x86)\Microsoft SQL Server\160\DTS\Binn\;C:\Program Files\Microsoft SQL Server\150\Tools\Binn\;C:\Program Files\dotnet;C:\Users\caot4\.dotnet\tools;C:\Users\caot4\.dnx\bin;C:\Users\caot4\AppData\Local\Microsoft\WindowsApps;C:\Program Files\Azure Data Studio\bin;C:\Users\caot4\.dotnet\tools;C:\Users\caot4\AppData\Local\Programs\Microsoft VS Code\bin;C:\Users\caot4\AppData\Local\GitHubDesktop\bin;;C:\Program Files\Azure Data Studio\bin
USERNAME=caot4
OS=Windows_NT
PROCESSOR_IDENTIFIER=Intel64 Family 6 Model 126 Stepping 5, GenuineIntel
TMP=C:\Users\caot4\AppData\Local\Temp
TEMP=C:\Users\caot4\AppData\Local\Temp


JNI global refs:
JNI global refs: 25, weak refs: 0

JNI global refs memory usage: 843, weak refs: 841


---------------  S Y S T E M  ---------------

OS:
 Windows 10 , 64 bit Build 19041 (10.0.19041.3636)
OS uptime: 0 days 16:14 hours

CPU: total 4 (initial active 4) (2 cores per cpu, 2 threads per core) family 6 model 126 stepping 5 microcode 0xa0, cx8, cmov, fxsr, ht, mmx, 3dnowpref, sse, sse2, sse3, ssse3, sse4.1, sse4.2, popcnt, lzcnt, tsc, tscinvbit, avx, avx2, aes, erms, clmul, bmi1, bmi2, adx, avx512f, avx512dq, avx512cd, avx512bw, avx512vl, sha, fma, vzeroupper, avx512_vpopcntdq, avx512_vpclmulqdq, avx512_vaes, avx512_vnni, clflush, clflushopt, avx512_vbmi2, avx512_vbmi

Memory: 4k page, system-wide physical 7998M (191M free)
TotalPageFile size 12094M (AvailPageFile size 5M)
current process WorkingSet (physical memory assigned to process): 186M, peak: 186M
current process commit charge ("private bytes"): 250M, peak: 252M

vm_info: OpenJDK 64-Bit Server VM (17.0.6+0-b2043.56-10027231) for windows-amd64 JRE (17.0.6+0-b2043.56-10027231), built on Apr 28 2023 00:43:19 by "androidbuild" with MS VC++ 16.10 / 16.11 (VS2019)

END.
