#
# There is insufficient memory for the Java Runtime Environment to continue.
# Native memory allocation (malloc) failed to allocate 1033136 bytes for Chunk::new
# Possible reasons:
#   The system is out of physical RAM or swap space
#   The process is running with CompressedOops enabled, and the Java Heap may be blocking the growth of the native heap
# Possible solutions:
#   Reduce memory load on the system
#   Increase physical memory or swap space
#   Check if swap backing store is full
#   Decrease Java heap size (-Xmx/-Xms)
#   Decrease number of Java threads
#   Decrease Java thread stack sizes (-Xss)
#   Set larger code cache with -XX:ReservedCodeCacheSize=
#   JVM is running with Unscaled Compressed Oops mode in which the Java heap is
#     placed in the first 4GB address space. The Java Heap base address is the
#     maximum limit for the native heap growth. Please use -XX:HeapBaseMinAddress
#     to set the Java Heap base and to place the Java Heap above 4GB virtual address.
# This output file may be truncated or incomplete.
#
#  Out of Memory Error (arena.cpp:189), pid=7908, tid=1080
#
# JRE version: OpenJDK Runtime Environment (17.0.6) (build 17.0.6+0-b2043.56-10027231)
# Java VM: OpenJDK 64-Bit Server VM (17.0.6+0-b2043.56-10027231, mixed mode, tiered, compressed oops, compressed class ptrs, g1 gc, windows-amd64)
# No core dump will be written. Minidumps are not enabled by default on client versions of Windows
#

---------------  S U M M A R Y ------------

Command Line: --add-opens=java.base/java.util=ALL-UNNAMED --add-opens=java.base/java.lang=ALL-UNNAMED --add-opens=java.base/java.lang.invoke=ALL-UNNAMED --add-opens=java.prefs/java.util.prefs=ALL-UNNAMED --add-opens=java.base/java.nio.charset=ALL-UNNAMED --add-opens=java.base/java.net=ALL-UNNAMED --add-opens=java.base/java.util.concurrent.atomic=ALL-UNNAMED -Xmx2048m -Dfile.encoding=UTF-8 -Duser.country=US -Duser.language=en -Duser.variant org.gradle.launcher.daemon.bootstrap.GradleDaemon 8.0

Host: Intel(R) Core(TM) i3-1005G1 CPU @ 1.20GHz, 4 cores, 7G,  Windows 10 , 64 bit Build 19041 (10.0.19041.3636)
Time: Sat Nov 25 19:13:46 2023 SE Asia Standard Time elapsed time: 28.701072 seconds (0d 0h 0m 28s)

---------------  T H R E A D  ---------------

Current thread (0x0000021be8520a10):  JavaThread "C2 CompilerThread0" daemon [_thread_in_native, id=1080, stack(0x0000006c92e00000,0x0000006c92f00000)]


Current CompileTask:
C2:  28701 12877 %     4       com.android.tools.r8.ir.optimize.F::m @ 1773 (1823 bytes)

Stack: [0x0000006c92e00000,0x0000006c92f00000]
Native frames: (J=compiled Java code, j=interpreted, Vv=VM code, C=native code)
V  [jvm.dll+0x683c9a]
V  [jvm.dll+0x8427a4]
V  [jvm.dll+0x843f9e]
V  [jvm.dll+0x844603]
V  [jvm.dll+0x249b75]
V  [jvm.dll+0xabcac]
V  [jvm.dll+0xac27c]
V  [jvm.dll+0x2b0eef]
V  [jvm.dll+0x58a267]
V  [jvm.dll+0x2243b2]
V  [jvm.dll+0x22478f]
V  [jvm.dll+0x21e055]
V  [jvm.dll+0x21b51b]
V  [jvm.dll+0x1a4fdd]
V  [jvm.dll+0x22b098]
V  [jvm.dll+0x229159]
V  [jvm.dll+0x7f81ec]
V  [jvm.dll+0x7f274a]
V  [jvm.dll+0x682ad5]
C  [ucrtbase.dll+0x21bb2]
C  [KERNEL32.DLL+0x17344]
C  [ntdll.dll+0x526b1]


---------------  P R O C E S S  ---------------

Threads class SMR info:
_java_thread_list=0x0000021beb5913e0, length=92, elements={
0x0000021bce5e9e90, 0x0000021be7bce620, 0x0000021be7bd30f0, 0x0000021be8528af0,
0x0000021be85294b0, 0x0000021be8529d70, 0x0000021be852a630, 0x0000021be8520a10,
0x0000021be85237d0, 0x0000021be852efa0, 0x0000021be86a5020, 0x0000021be86a9910,
0x0000021be9bad870, 0x0000021be9fcbc80, 0x0000021bea063d10, 0x0000021be98250e0,
0x0000021be9825980, 0x0000021beb37ebf0, 0x0000021beb3dc920, 0x0000021beafe7d60,
0x0000021beafe9570, 0x0000021beafe6550, 0x0000021beafe8230, 0x0000021beafe73c0,
0x0000021beafe9a40, 0x0000021beafe6ef0, 0x0000021beafe7890, 0x0000021beafe6080,
0x0000021beafe8700, 0x0000021beafe8bd0, 0x0000021beafe90a0, 0x0000021beafe6a20,
0x0000021be87d1b50, 0x0000021be87d71f0, 0x0000021be87d3360, 0x0000021be87d0340,
0x0000021be87d3830, 0x0000021be87d5510, 0x0000021be87d5eb0, 0x0000021be87d41d0,
0x0000021be87d5040, 0x0000021be87d6850, 0x0000021be87d2020, 0x0000021be87d6d20,
0x0000021be87d0810, 0x0000021be87d46a0, 0x0000021be87d0ce0, 0x0000021be87d11b0,
0x0000021be87d1680, 0x0000021be87d24f0, 0x0000021be87d29c0, 0x0000021be889ce70,
0x0000021be889f9c0, 0x0000021be889a320, 0x0000021be889c000, 0x0000021be889fe90,
0x0000021be889d810, 0x0000021be88a0360, 0x0000021be889dce0, 0x0000021be88a0830,
0x0000021be889d340, 0x0000021be889c9a0, 0x0000021be8898fe0, 0x0000021be88994b0,
0x0000021be889e1b0, 0x0000021be889e680, 0x0000021be889eb50, 0x0000021be889f020,
0x0000021be889f4f0, 0x0000021be889c4d0, 0x0000021be8899980, 0x0000021be8899e50,
0x0000021be889a7f0, 0x0000021be889acc0, 0x0000021be889b190, 0x0000021be889b660,
0x0000021be889bb30, 0x0000021beda748b0, 0x0000021beda71d60, 0x0000021beda72230,
0x0000021beda73f10, 0x0000021beda71890, 0x0000021beda73a40, 0x0000021beda72700,
0x0000021beda743e0, 0x0000021beda72bd0, 0x0000021beda74d80, 0x0000021beda75bf0,
0x0000021beda760c0, 0x0000021beda76590, 0x0000021beda6ed40, 0x0000021beb5dd570
}

Java Threads: ( => current thread )
  0x0000021bce5e9e90 JavaThread "main" [_thread_blocked, id=7688, stack(0x0000006c92100000,0x0000006c92200000)]
  0x0000021be7bce620 JavaThread "Reference Handler" daemon [_thread_blocked, id=1476, stack(0x0000006c92800000,0x0000006c92900000)]
  0x0000021be7bd30f0 JavaThread "Finalizer" daemon [_thread_blocked, id=1280, stack(0x0000006c92900000,0x0000006c92a00000)]
  0x0000021be8528af0 JavaThread "Signal Dispatcher" daemon [_thread_blocked, id=1740, stack(0x0000006c92a00000,0x0000006c92b00000)]
  0x0000021be85294b0 JavaThread "Attach Listener" daemon [_thread_blocked, id=6636, stack(0x0000006c92b00000,0x0000006c92c00000)]
  0x0000021be8529d70 JavaThread "Service Thread" daemon [_thread_blocked, id=7060, stack(0x0000006c92c00000,0x0000006c92d00000)]
  0x0000021be852a630 JavaThread "Monitor Deflation Thread" daemon [_thread_blocked, id=4960, stack(0x0000006c92d00000,0x0000006c92e00000)]
=>0x0000021be8520a10 JavaThread "C2 CompilerThread0" daemon [_thread_in_native, id=1080, stack(0x0000006c92e00000,0x0000006c92f00000)]
  0x0000021be85237d0 JavaThread "C1 CompilerThread0" daemon [_thread_blocked, id=7108, stack(0x0000006c92f00000,0x0000006c93000000)]
  0x0000021be852efa0 JavaThread "Sweeper thread" daemon [_thread_blocked, id=5724, stack(0x0000006c93000000,0x0000006c93100000)]
  0x0000021be86a5020 JavaThread "Common-Cleaner" daemon [_thread_blocked, id=756, stack(0x0000006c93100000,0x0000006c93200000)]
  0x0000021be86a9910 JavaThread "Notification Thread" daemon [_thread_blocked, id=6672, stack(0x0000006c93200000,0x0000006c93300000)]
  0x0000021be9bad870 JavaThread "Daemon health stats" [_thread_blocked, id=7792, stack(0x0000006c93800000,0x0000006c93900000)]
  0x0000021be9fcbc80 JavaThread "Incoming local TCP Connector on port 58466" [_thread_in_native, id=6160, stack(0x0000006c93400000,0x0000006c93500000)]
  0x0000021bea063d10 JavaThread "Daemon periodic checks" [_thread_blocked, id=3828, stack(0x0000006c93900000,0x0000006c93a00000)]
  0x0000021be98250e0 JavaThread "Daemon" [_thread_blocked, id=1768, stack(0x0000006c93a00000,0x0000006c93b00000)]
  0x0000021be9825980 JavaThread "Handler for socket connection from /127.0.0.1:58466 to /127.0.0.1:58467" [_thread_in_native, id=1992, stack(0x0000006c93b00000,0x0000006c93c00000)]
  0x0000021beb37ebf0 JavaThread "Cancel handler" [_thread_blocked, id=6924, stack(0x0000006c93c00000,0x0000006c93d00000)]
  0x0000021beb3dc920 JavaThread "Daemon worker" [_thread_blocked, id=7220, stack(0x0000006c93d00000,0x0000006c93e00000)]
  0x0000021beafe7d60 JavaThread "Asynchronous log dispatcher for DefaultDaemonConnection: socket connection from /127.0.0.1:58466 to /127.0.0.1:58467" [_thread_blocked, id=4736, stack(0x0000006c93e00000,0x0000006c93f00000)]
  0x0000021beafe9570 JavaThread "Stdin handler" [_thread_blocked, id=9896, stack(0x0000006c93f00000,0x0000006c94000000)]
  0x0000021beafe6550 JavaThread "Daemon client event forwarder" [_thread_blocked, id=9076, stack(0x0000006c94000000,0x0000006c94100000)]
  0x0000021beafe8230 JavaThread "Cache worker for journal cache (C:\Users\caot4\.gradle\caches\journal-1)" [_thread_blocked, id=3380, stack(0x0000006c94100000,0x0000006c94200000)]
  0x0000021beafe73c0 JavaThread "File lock request listener" [_thread_in_native, id=3084, stack(0x0000006c94200000,0x0000006c94300000)]
  0x0000021beafe9a40 JavaThread "Cache worker for file hash cache (C:\Users\caot4\.gradle\caches\8.0\fileHashes)" [_thread_blocked, id=2136, stack(0x0000006c94300000,0x0000006c94400000)]
  0x0000021beafe6ef0 JavaThread "File watcher server" daemon [_thread_in_native, id=740, stack(0x0000006c94500000,0x0000006c94600000)]
  0x0000021beafe7890 JavaThread "File watcher consumer" daemon [_thread_blocked, id=6852, stack(0x0000006c94600000,0x0000006c94700000)]
  0x0000021beafe6080 JavaThread "Cache worker for checksums cache (D:\FinalVersion\.gradle\8.0\checksums)" [_thread_blocked, id=2204, stack(0x0000006c94400000,0x0000006c94500000)]
  0x0000021beafe8700 JavaThread "Cache worker for cache directory md-rule (C:\Users\caot4\.gradle\caches\8.0\md-rule)" [_thread_blocked, id=8900, stack(0x0000006c94700000,0x0000006c94800000)]
  0x0000021beafe8bd0 JavaThread "Cache worker for file content cache (C:\Users\caot4\.gradle\caches\8.0\fileContent)" [_thread_blocked, id=6112, stack(0x0000006c94800000,0x0000006c94900000)]
  0x0000021beafe90a0 JavaThread "Cache worker for file hash cache (D:\FinalVersion\.gradle\8.0\fileHashes)" [_thread_blocked, id=2200, stack(0x0000006c94900000,0x0000006c94a00000)]
  0x0000021beafe6a20 JavaThread "Cache worker for cache directory md-supplier (C:\Users\caot4\.gradle\caches\8.0\md-supplier)" [_thread_blocked, id=4764, stack(0x0000006c94a00000,0x0000006c94b00000)]
  0x0000021be87d1b50 JavaThread "Cache worker for execution history cache (C:\Users\caot4\.gradle\caches\8.0\executionHistory)" [_thread_blocked, id=3296, stack(0x0000006c94b00000,0x0000006c94c00000)]
  0x0000021be87d71f0 JavaThread "jar transforms" [_thread_blocked, id=4020, stack(0x0000006c94d00000,0x0000006c94e00000)]
  0x0000021be87d3360 JavaThread "jar transforms Thread 2" [_thread_blocked, id=828, stack(0x0000006c94e00000,0x0000006c94f00000)]
  0x0000021be87d0340 JavaThread "Cache worker for kotlin-dsl (C:\Users\caot4\.gradle\caches\8.0\kotlin-dsl)" [_thread_blocked, id=6356, stack(0x0000006c95000000,0x0000006c95100000)]
  0x0000021be87d3830 JavaThread "jar transforms Thread 3" [_thread_blocked, id=1000, stack(0x0000006c95100000,0x0000006c95200000)]
  0x0000021be87d5510 JavaThread "jar transforms Thread 4" [_thread_blocked, id=8684, stack(0x0000006c95200000,0x0000006c95300000)]
  0x0000021be87d5eb0 JavaThread "Cache worker for dependencies-accessors (D:\FinalVersion\.gradle\8.0\dependencies-accessors)" [_thread_blocked, id=8580, stack(0x0000006c95300000,0x0000006c95400000)]
  0x0000021be87d41d0 JavaThread "Cache worker for Build Output Cleanup Cache (D:\FinalVersion\.gradle\buildOutputCleanup)" [_thread_blocked, id=6004, stack(0x0000006c95400000,0x0000006c95500000)]
  0x0000021be87d5040 JavaThread "Unconstrained build operations" [_thread_blocked, id=2892, stack(0x0000006c95500000,0x0000006c95600000)]
  0x0000021be87d6850 JavaThread "Unconstrained build operations Thread 2" [_thread_blocked, id=5676, stack(0x0000006c95600000,0x0000006c95700000)]
  0x0000021be87d2020 JavaThread "Unconstrained build operations Thread 3" [_thread_blocked, id=9912, stack(0x0000006c95700000,0x0000006c95800000)]
  0x0000021be87d6d20 JavaThread "Unconstrained build operations Thread 4" [_thread_blocked, id=8388, stack(0x0000006c95800000,0x0000006c95900000)]
  0x0000021be87d0810 JavaThread "Unconstrained build operations Thread 5" [_thread_blocked, id=6512, stack(0x0000006c95900000,0x0000006c95a00000)]
  0x0000021be87d46a0 JavaThread "Unconstrained build operations Thread 6" [_thread_blocked, id=8280, stack(0x0000006c95a00000,0x0000006c95b00000)]
  0x0000021be87d0ce0 JavaThread "Unconstrained build operations Thread 7" [_thread_blocked, id=5768, stack(0x0000006c95b00000,0x0000006c95c00000)]
  0x0000021be87d11b0 JavaThread "Unconstrained build operations Thread 8" [_thread_blocked, id=9456, stack(0x0000006c95c00000,0x0000006c95d00000)]
  0x0000021be87d1680 JavaThread "Unconstrained build operations Thread 9" [_thread_blocked, id=856, stack(0x0000006c95d00000,0x0000006c95e00000)]
  0x0000021be87d24f0 JavaThread "Unconstrained build operations Thread 10" [_thread_blocked, id=1788, stack(0x0000006c95e00000,0x0000006c95f00000)]
  0x0000021be87d29c0 JavaThread "Unconstrained build operations Thread 11" [_thread_blocked, id=632, stack(0x0000006c95f00000,0x0000006c96000000)]
  0x0000021be889ce70 JavaThread "Unconstrained build operations Thread 12" [_thread_blocked, id=5484, stack(0x0000006c96000000,0x0000006c96100000)]
  0x0000021be889f9c0 JavaThread "Unconstrained build operations Thread 13" [_thread_blocked, id=8164, stack(0x0000006c96100000,0x0000006c96200000)]
  0x0000021be889a320 JavaThread "Unconstrained build operations Thread 14" [_thread_blocked, id=9028, stack(0x0000006c96200000,0x0000006c96300000)]
  0x0000021be889c000 JavaThread "Unconstrained build operations Thread 15" [_thread_blocked, id=9452, stack(0x0000006c96300000,0x0000006c96400000)]
  0x0000021be889fe90 JavaThread "Unconstrained build operations Thread 16" [_thread_blocked, id=3188, stack(0x0000006c96400000,0x0000006c96500000)]
  0x0000021be889d810 JavaThread "Unconstrained build operations Thread 17" [_thread_blocked, id=5520, stack(0x0000006c96500000,0x0000006c96600000)]
  0x0000021be88a0360 JavaThread "Unconstrained build operations Thread 18" [_thread_blocked, id=5564, stack(0x0000006c96600000,0x0000006c96700000)]
  0x0000021be889dce0 JavaThread "Unconstrained build operations Thread 19" [_thread_blocked, id=7376, stack(0x0000006c96700000,0x0000006c96800000)]
  0x0000021be88a0830 JavaThread "Unconstrained build operations Thread 20" [_thread_blocked, id=8124, stack(0x0000006c96800000,0x0000006c96900000)]
  0x0000021be889d340 JavaThread "Unconstrained build operations Thread 21" [_thread_blocked, id=6868, stack(0x0000006c96900000,0x0000006c96a00000)]
  0x0000021be889c9a0 JavaThread "Unconstrained build operations Thread 22" [_thread_blocked, id=4596, stack(0x0000006c96a00000,0x0000006c96b00000)]
  0x0000021be8898fe0 JavaThread "Unconstrained build operations Thread 23" [_thread_blocked, id=7100, stack(0x0000006c96b00000,0x0000006c96c00000)]
  0x0000021be88994b0 JavaThread "Unconstrained build operations Thread 24" [_thread_blocked, id=5204, stack(0x0000006c96c00000,0x0000006c96d00000)]
  0x0000021be889e1b0 JavaThread "Unconstrained build operations Thread 25" [_thread_blocked, id=5732, stack(0x0000006c96d00000,0x0000006c96e00000)]
  0x0000021be889e680 JavaThread "Unconstrained build operations Thread 26" [_thread_blocked, id=944, stack(0x0000006c96e00000,0x0000006c96f00000)]
  0x0000021be889eb50 JavaThread "Unconstrained build operations Thread 27" [_thread_blocked, id=3096, stack(0x0000006c96f00000,0x0000006c97000000)]
  0x0000021be889f020 JavaThread "Unconstrained build operations Thread 28" [_thread_blocked, id=9760, stack(0x0000006c97000000,0x0000006c97100000)]
  0x0000021be889f4f0 JavaThread "Unconstrained build operations Thread 29" [_thread_blocked, id=8484, stack(0x0000006c97100000,0x0000006c97200000)]
  0x0000021be889c4d0 JavaThread "Unconstrained build operations Thread 30" [_thread_blocked, id=9664, stack(0x0000006c97200000,0x0000006c97300000)]
  0x0000021be8899980 JavaThread "Unconstrained build operations Thread 31" [_thread_blocked, id=7236, stack(0x0000006c97300000,0x0000006c97400000)]
  0x0000021be8899e50 JavaThread "Unconstrained build operations Thread 32" [_thread_blocked, id=8160, stack(0x0000006c97400000,0x0000006c97500000)]
  0x0000021be889a7f0 JavaThread "Unconstrained build operations Thread 33" [_thread_blocked, id=8784, stack(0x0000006c97500000,0x0000006c97600000)]
  0x0000021be889acc0 JavaThread "Unconstrained build operations Thread 34" [_thread_blocked, id=6288, stack(0x0000006c97600000,0x0000006c97700000)]
  0x0000021be889b190 JavaThread "Unconstrained build operations Thread 35" [_thread_blocked, id=6952, stack(0x0000006c97700000,0x0000006c97800000)]
  0x0000021be889b660 JavaThread "Unconstrained build operations Thread 36" [_thread_blocked, id=6552, stack(0x0000006c97800000,0x0000006c97900000)]
  0x0000021be889bb30 JavaThread "Unconstrained build operations Thread 37" [_thread_blocked, id=7932, stack(0x0000006c97900000,0x0000006c97a00000)]
  0x0000021beda748b0 JavaThread "Unconstrained build operations Thread 38" [_thread_blocked, id=5944, stack(0x0000006c97a00000,0x0000006c97b00000)]
  0x0000021beda71d60 JavaThread "Unconstrained build operations Thread 39" [_thread_blocked, id=3416, stack(0x0000006c97b00000,0x0000006c97c00000)]
  0x0000021beda72230 JavaThread "Unconstrained build operations Thread 40" [_thread_blocked, id=5600, stack(0x0000006c97c00000,0x0000006c97d00000)]
  0x0000021beda73f10 JavaThread "build event listener" [_thread_blocked, id=8912, stack(0x0000006c97d00000,0x0000006c97e00000)]
  0x0000021beda71890 JavaThread "Memory manager" [_thread_blocked, id=8936, stack(0x0000006c97e00000,0x0000006c97f00000)]
  0x0000021beda73a40 JavaThread "included builds" [_thread_blocked, id=9056, stack(0x0000006c94c00000,0x0000006c94d00000)]
  0x0000021beda72700 JavaThread "Execution worker" [_thread_blocked, id=7432, stack(0x0000006c97f00000,0x0000006c98000000)]
  0x0000021beda743e0 JavaThread "Execution worker Thread 2" [_thread_blocked, id=3480, stack(0x0000006c98000000,0x0000006c98100000)]
  0x0000021beda72bd0 JavaThread "Execution worker Thread 3" [_thread_blocked, id=6664, stack(0x0000006c98100000,0x0000006c98200000)]
  0x0000021beda74d80 JavaThread "Cache worker for execution history cache (D:\FinalVersion\.gradle\8.0\executionHistory)" [_thread_blocked, id=3740, stack(0x0000006c98200000,0x0000006c98300000)]
  0x0000021beda75bf0 JavaThread "WorkerExecutor Queue" [_thread_in_vm, id=4228, stack(0x0000006c98300000,0x0000006c98400000)]
  0x0000021beda760c0 JavaThread "WorkerExecutor Queue Thread 2" [_thread_in_vm, id=9100, stack(0x0000006c98400000,0x0000006c98500000)]
  0x0000021beda76590 JavaThread "WorkerExecutor Queue Thread 3" [_thread_in_Java, id=3424, stack(0x0000006c98500000,0x0000006c98600000)]
  0x0000021beda6ed40 JavaThread "WorkerExecutor Queue Thread 4" [_thread_in_Java, id=1804, stack(0x0000006c98600000,0x0000006c98700000)]
  0x0000021beb5dd570 JavaThread "C2 CompilerThread1" daemon [_thread_in_native, id=3620, stack(0x0000006c98700000,0x0000006c98800000)]

Other Threads:
  0x0000021be7ba8770 VMThread "VM Thread" [stack: 0x0000006c92700000,0x0000006c92800000] [id=2944]
  0x0000021be86a9de0 WatcherThread [stack: 0x0000006c93300000,0x0000006c93400000] [id=9768]
  0x0000021bce648590 GCTaskThread "GC Thread#0" [stack: 0x0000006c92200000,0x0000006c92300000] [id=9712]
  0x0000021be8ffa640 GCTaskThread "GC Thread#1" [stack: 0x0000006c93500000,0x0000006c93600000] [id=8336]
  0x0000021be8af0ee0 GCTaskThread "GC Thread#2" [stack: 0x0000006c93600000,0x0000006c93700000] [id=2108]
  0x0000021be931c640 GCTaskThread "GC Thread#3" [stack: 0x0000006c93700000,0x0000006c93800000] [id=3240]
  0x0000021bce6593e0 ConcurrentGCThread "G1 Main Marker" [stack: 0x0000006c92300000,0x0000006c92400000] [id=924]
  0x0000021bce659d00 ConcurrentGCThread "G1 Conc#0" [stack: 0x0000006c92400000,0x0000006c92500000] [id=9344]
  0x0000021bce6bde30 ConcurrentGCThread "G1 Refine#0" [stack: 0x0000006c92500000,0x0000006c92600000] [id=7404]
  0x0000021beaf82ec0 ConcurrentGCThread "G1 Refine#1" [stack: 0x0000006c94f00000,0x0000006c95000000] [id=1652]
  0x0000021bce6be760 ConcurrentGCThread "G1 Service" [stack: 0x0000006c92600000,0x0000006c92700000] [id=7556]

Threads with active compile tasks:
C2 CompilerThread0    28778 12877 %     4       com.android.tools.r8.ir.optimize.F::m @ 1773 (1823 bytes)
C2 CompilerThread1    28778 13066       4       java.util.LinkedHashSet::<init> (10 bytes)

VM state: not at safepoint (normal execution)

VM Mutex/Monitor currently owned by a thread: None

Heap address: 0x0000000080000000, size: 2048 MB, Compressed Oops mode: 32-bit

CDS archive(s) not mapped
Compressed class space mapped at: 0x0000000100000000-0x0000000140000000, reserved size: 1073741824
Narrow klass base: 0x0000000000000000, Narrow klass shift: 3, Narrow klass range: 0x140000000

GC Precious Log:
 CPUs: 4 total, 4 available
 Memory: 7998M
 Large Page Support: Disabled
 NUMA Support: Disabled
 Compressed Oops: Enabled (32-bit)
 Heap Region Size: 1M
 Heap Min Capacity: 8M
 Heap Initial Capacity: 126M
 Heap Max Capacity: 2G
 Pre-touch: Disabled
 Parallel Workers: 4
 Concurrent Workers: 1
 Concurrent Refinement Workers: 4
 Periodic GC: Disabled

Heap:
 garbage-first heap   total 303104K, used 219602K [0x0000000080000000, 0x0000000100000000)
  region size 1024K, 132 young (135168K), 1 survivors (1024K)
 Metaspace       used 105622K, committed 106240K, reserved 1146880K
  class space    used 14433K, committed 14720K, reserved 1048576K

Heap Regions: E=young(eden), S=young(survivor), O=old, HS=humongous(starts), HC=humongous(continues), CS=collection set, F=free, OA=open archive, CA=closed archive, TAMS=top-at-mark-start (previous, next)
|   0|0x0000000080000000, 0x0000000080100000, 0x0000000080100000|100%| O|  |TAMS 0x0000000080100000, 0x0000000080000000| Untracked 
|   1|0x0000000080100000, 0x0000000080200000, 0x0000000080200000|100%| O|  |TAMS 0x0000000080200000, 0x0000000080100000| Untracked 
|   2|0x0000000080200000, 0x0000000080300000, 0x0000000080300000|100%|HS|  |TAMS 0x0000000080300000, 0x0000000080200000| Complete 
|   3|0x0000000080300000, 0x0000000080400000, 0x0000000080400000|100%|HC|  |TAMS 0x0000000080400000, 0x0000000080300000| Complete 
|   4|0x0000000080400000, 0x0000000080500000, 0x0000000080500000|100%|HC|  |TAMS 0x0000000080500000, 0x0000000080400000| Complete 
|   5|0x0000000080500000, 0x0000000080600000, 0x0000000080600000|100%|HC|  |TAMS 0x0000000080600000, 0x0000000080500000| Complete 
|   6|0x0000000080600000, 0x0000000080700000, 0x0000000080700000|100%| O|  |TAMS 0x0000000080700000, 0x0000000080600000| Untracked 
|   7|0x0000000080700000, 0x0000000080800000, 0x0000000080800000|100%| O|  |TAMS 0x0000000080800000, 0x0000000080700000| Untracked 
|   8|0x0000000080800000, 0x0000000080900000, 0x0000000080900000|100%| O|  |TAMS 0x0000000080900000, 0x0000000080800000| Untracked 
|   9|0x0000000080900000, 0x0000000080a00000, 0x0000000080a00000|100%| O|  |TAMS 0x0000000080a00000, 0x0000000080900000| Untracked 
|  10|0x0000000080a00000, 0x0000000080b00000, 0x0000000080b00000|100%| O|  |TAMS 0x0000000080b00000, 0x0000000080a00000| Untracked 
|  11|0x0000000080b00000, 0x0000000080c00000, 0x0000000080c00000|100%| O|  |TAMS 0x0000000080c00000, 0x0000000080b00000| Untracked 
|  12|0x0000000080c00000, 0x0000000080d00000, 0x0000000080d00000|100%| O|  |TAMS 0x0000000080d00000, 0x0000000080c00000| Untracked 
|  13|0x0000000080d00000, 0x0000000080e00000, 0x0000000080e00000|100%| O|  |TAMS 0x0000000080e00000, 0x0000000080d00000| Untracked 
|  14|0x0000000080e00000, 0x0000000080f00000, 0x0000000080f00000|100%| O|  |TAMS 0x0000000080f00000, 0x0000000080e00000| Untracked 
|  15|0x0000000080f00000, 0x0000000081000000, 0x0000000081000000|100%| O|  |TAMS 0x0000000081000000, 0x0000000080f00000| Untracked 
|  16|0x0000000081000000, 0x0000000081100000, 0x0000000081100000|100%| O|  |TAMS 0x0000000081100000, 0x0000000081000000| Untracked 
|  17|0x0000000081100000, 0x0000000081200000, 0x0000000081200000|100%| O|  |TAMS 0x0000000081200000, 0x0000000081100000| Untracked 
|  18|0x0000000081200000, 0x0000000081300000, 0x0000000081300000|100%| O|  |TAMS 0x0000000081300000, 0x0000000081200000| Untracked 
|  19|0x0000000081300000, 0x0000000081400000, 0x0000000081400000|100%| O|  |TAMS 0x0000000081400000, 0x0000000081300000| Untracked 
|  20|0x0000000081400000, 0x0000000081500000, 0x0000000081500000|100%| O|  |TAMS 0x0000000081500000, 0x0000000081400000| Untracked 
|  21|0x0000000081500000, 0x0000000081600000, 0x0000000081600000|100%| O|  |TAMS 0x0000000081600000, 0x0000000081500000| Untracked 
|  22|0x0000000081600000, 0x0000000081700000, 0x0000000081700000|100%| O|  |TAMS 0x0000000081700000, 0x0000000081600000| Untracked 
|  23|0x0000000081700000, 0x0000000081800000, 0x0000000081800000|100%| O|  |TAMS 0x0000000081800000, 0x0000000081700000| Untracked 
|  24|0x0000000081800000, 0x0000000081900000, 0x0000000081900000|100%| O|  |TAMS 0x0000000081900000, 0x0000000081800000| Untracked 
|  25|0x0000000081900000, 0x0000000081a00000, 0x0000000081a00000|100%| O|  |TAMS 0x0000000081a00000, 0x0000000081900000| Untracked 
|  26|0x0000000081a00000, 0x0000000081b00000, 0x0000000081b00000|100%| O|  |TAMS 0x0000000081b00000, 0x0000000081a00000| Untracked 
|  27|0x0000000081b00000, 0x0000000081c00000, 0x0000000081c00000|100%| O|  |TAMS 0x0000000081c00000, 0x0000000081b00000| Untracked 
|  28|0x0000000081c00000, 0x0000000081d00000, 0x0000000081d00000|100%| O|  |TAMS 0x0000000081d00000, 0x0000000081c00000| Untracked 
|  29|0x0000000081d00000, 0x0000000081e00000, 0x0000000081e00000|100%| O|  |TAMS 0x0000000081e00000, 0x0000000081d00000| Untracked 
|  30|0x0000000081e00000, 0x0000000081f00000, 0x0000000081f00000|100%| O|  |TAMS 0x0000000081f00000, 0x0000000081e00000| Untracked 
|  31|0x0000000081f00000, 0x0000000082000000, 0x0000000082000000|100%|HS|  |TAMS 0x0000000082000000, 0x0000000081f00000| Complete 
|  32|0x0000000082000000, 0x0000000082100000, 0x0000000082100000|100%|HS|  |TAMS 0x0000000082100000, 0x0000000082000000| Complete 
|  33|0x0000000082100000, 0x0000000082200000, 0x0000000082200000|100%|HS|  |TAMS 0x0000000082200000, 0x0000000082100000| Complete 
|  34|0x0000000082200000, 0x0000000082300000, 0x0000000082300000|100%| O|  |TAMS 0x0000000082300000, 0x0000000082200000| Untracked 
|  35|0x0000000082300000, 0x0000000082400000, 0x0000000082400000|100%| O|  |TAMS 0x0000000082400000, 0x0000000082300000| Untracked 
|  36|0x0000000082400000, 0x0000000082500000, 0x0000000082500000|100%| O|  |TAMS 0x0000000082500000, 0x0000000082400000| Untracked 
|  37|0x0000000082500000, 0x0000000082600000, 0x0000000082600000|100%| O|  |TAMS 0x0000000082600000, 0x0000000082500000| Untracked 
|  38|0x0000000082600000, 0x0000000082700000, 0x0000000082700000|100%|HS|  |TAMS 0x0000000082600000, 0x0000000082600000| Complete 
|  39|0x0000000082700000, 0x0000000082800000, 0x0000000082800000|100%| O|  |TAMS 0x0000000082800000, 0x0000000082700000| Untracked 
|  40|0x0000000082800000, 0x0000000082900000, 0x0000000082900000|100%| O|  |TAMS 0x0000000082900000, 0x0000000082800000| Untracked 
|  41|0x0000000082900000, 0x0000000082a00000, 0x0000000082a00000|100%| O|  |TAMS 0x0000000082a00000, 0x0000000082900000| Untracked 
|  42|0x0000000082a00000, 0x0000000082b00000, 0x0000000082b00000|100%| O|  |TAMS 0x0000000082b00000, 0x0000000082a00000| Untracked 
|  43|0x0000000082b00000, 0x0000000082c00000, 0x0000000082c00000|100%| O|  |TAMS 0x0000000082c00000, 0x0000000082b00000| Untracked 
|  44|0x0000000082c00000, 0x0000000082d00000, 0x0000000082d00000|100%| O|  |TAMS 0x0000000082d00000, 0x0000000082c00000| Untracked 
|  45|0x0000000082d00000, 0x0000000082e00000, 0x0000000082e00000|100%| O|  |TAMS 0x0000000082e00000, 0x0000000082d00000| Untracked 
|  46|0x0000000082e00000, 0x0000000082f00000, 0x0000000082f00000|100%| O|  |TAMS 0x0000000082f00000, 0x0000000082e00000| Untracked 
|  47|0x0000000082f00000, 0x0000000083000000, 0x0000000083000000|100%| O|  |TAMS 0x0000000083000000, 0x0000000082f00000| Untracked 
|  48|0x0000000083000000, 0x0000000083100000, 0x0000000083100000|100%| O|  |TAMS 0x0000000083100000, 0x0000000083000000| Untracked 
|  49|0x0000000083100000, 0x0000000083200000, 0x0000000083200000|100%| O|  |TAMS 0x0000000083200000, 0x0000000083100000| Untracked 
|  50|0x0000000083200000, 0x0000000083300000, 0x0000000083300000|100%| O|  |TAMS 0x0000000083300000, 0x0000000083200000| Untracked 
|  51|0x0000000083300000, 0x0000000083400000, 0x0000000083400000|100%| O|  |TAMS 0x0000000083400000, 0x0000000083300000| Untracked 
|  52|0x0000000083400000, 0x0000000083500000, 0x0000000083500000|100%| O|  |TAMS 0x0000000083500000, 0x0000000083400000| Untracked 
|  53|0x0000000083500000, 0x0000000083600000, 0x0000000083600000|100%| O|  |TAMS 0x0000000083600000, 0x0000000083500000| Untracked 
|  54|0x0000000083600000, 0x0000000083700000, 0x0000000083700000|100%| O|  |TAMS 0x0000000083700000, 0x0000000083600000| Untracked 
|  55|0x0000000083700000, 0x0000000083800000, 0x0000000083800000|100%| O|  |TAMS 0x0000000083800000, 0x0000000083700000| Untracked 
|  56|0x0000000083800000, 0x0000000083900000, 0x0000000083900000|100%| O|  |TAMS 0x0000000083900000, 0x0000000083800000| Untracked 
|  57|0x0000000083900000, 0x0000000083a00000, 0x0000000083a00000|100%| O|  |TAMS 0x0000000083a00000, 0x0000000083900000| Untracked 
|  58|0x0000000083a00000, 0x0000000083b00000, 0x0000000083b00000|100%| O|  |TAMS 0x0000000083b00000, 0x0000000083a00000| Untracked 
|  59|0x0000000083b00000, 0x0000000083c00000, 0x0000000083c00000|100%| O|  |TAMS 0x0000000083c00000, 0x0000000083b00000| Untracked 
|  60|0x0000000083c00000, 0x0000000083d00000, 0x0000000083d00000|100%| O|  |TAMS 0x0000000083d00000, 0x0000000083c00000| Untracked 
|  61|0x0000000083d00000, 0x0000000083e00000, 0x0000000083e00000|100%| O|  |TAMS 0x0000000083e00000, 0x0000000083d00000| Untracked 
|  62|0x0000000083e00000, 0x0000000083f00000, 0x0000000083f00000|100%| O|  |TAMS 0x0000000083f00000, 0x0000000083e00000| Untracked 
|  63|0x0000000083f00000, 0x0000000084000000, 0x0000000084000000|100%| O|  |TAMS 0x0000000084000000, 0x0000000083f00000| Untracked 
|  64|0x0000000084000000, 0x0000000084100000, 0x0000000084100000|100%| O|  |TAMS 0x0000000084100000, 0x0000000084000000| Untracked 
|  65|0x0000000084100000, 0x0000000084200000, 0x0000000084200000|100%| O|  |TAMS 0x0000000084200000, 0x0000000084100000| Untracked 
|  66|0x0000000084200000, 0x0000000084300000, 0x0000000084300000|100%| O|  |TAMS 0x0000000084300000, 0x0000000084200000| Untracked 
|  67|0x0000000084300000, 0x0000000084400000, 0x0000000084400000|100%| O|  |TAMS 0x0000000084400000, 0x0000000084300000| Untracked 
|  68|0x0000000084400000, 0x0000000084500000, 0x0000000084500000|100%| O|  |TAMS 0x0000000084500000, 0x0000000084400000| Untracked 
|  69|0x0000000084500000, 0x0000000084600000, 0x0000000084600000|100%| O|  |TAMS 0x0000000084600000, 0x0000000084500000| Untracked 
|  70|0x0000000084600000, 0x0000000084700000, 0x0000000084700000|100%| O|  |TAMS 0x0000000084691400, 0x0000000084600000| Untracked 
|  71|0x0000000084700000, 0x0000000084800000, 0x0000000084800000|100%| O|  |TAMS 0x0000000084700000, 0x0000000084700000| Untracked 
|  72|0x0000000084800000, 0x0000000084900000, 0x0000000084900000|100%| O|  |TAMS 0x0000000084800000, 0x0000000084800000| Untracked 
|  73|0x0000000084900000, 0x0000000084a00000, 0x0000000084a00000|100%| O|  |TAMS 0x0000000084900000, 0x0000000084900000| Untracked 
|  74|0x0000000084a00000, 0x0000000084b00000, 0x0000000084b00000|100%| O|  |TAMS 0x0000000084a00000, 0x0000000084a00000| Untracked 
|  75|0x0000000084b00000, 0x0000000084c00000, 0x0000000084c00000|100%| O|  |TAMS 0x0000000084b00000, 0x0000000084b00000| Untracked 
|  76|0x0000000084c00000, 0x0000000084d00000, 0x0000000084d00000|100%| O|  |TAMS 0x0000000084c00000, 0x0000000084c00000| Untracked 
|  77|0x0000000084d00000, 0x0000000084e00000, 0x0000000084e00000|100%| O|  |TAMS 0x0000000084d00000, 0x0000000084d00000| Untracked 
|  78|0x0000000084e00000, 0x0000000084f00000, 0x0000000084f00000|100%| O|  |TAMS 0x0000000084e00000, 0x0000000084e00000| Untracked 
|  79|0x0000000084f00000, 0x0000000085000000, 0x0000000085000000|100%| O|  |TAMS 0x0000000084f00000, 0x0000000084f00000| Untracked 
|  80|0x0000000085000000, 0x0000000085100000, 0x0000000085100000|100%| O|  |TAMS 0x0000000085000000, 0x0000000085000000| Untracked 
|  81|0x0000000085100000, 0x0000000085200000, 0x0000000085200000|100%| O|  |TAMS 0x0000000085100000, 0x0000000085100000| Untracked 
|  82|0x0000000085200000, 0x00000000852c1e00, 0x0000000085300000| 75%| O|  |TAMS 0x0000000085200000, 0x0000000085200000| Untracked 
|  83|0x0000000085300000, 0x0000000085400000, 0x0000000085400000|100%|HS|  |TAMS 0x0000000085300000, 0x0000000085300000| Complete 
|  84|0x0000000085400000, 0x0000000085500000, 0x0000000085500000|100%|HS|  |TAMS 0x0000000085400000, 0x0000000085400000| Complete 
|  85|0x0000000085500000, 0x0000000085500000, 0x0000000085600000|  0%| F|  |TAMS 0x0000000085500000, 0x0000000085500000| Untracked 
|  86|0x0000000085600000, 0x0000000085600000, 0x0000000085700000|  0%| F|  |TAMS 0x0000000085600000, 0x0000000085600000| Untracked 
|  87|0x0000000085700000, 0x0000000085700000, 0x0000000085800000|  0%| F|  |TAMS 0x0000000085700000, 0x0000000085700000| Untracked 
|  88|0x0000000085800000, 0x0000000085800000, 0x0000000085900000|  0%| F|  |TAMS 0x0000000085800000, 0x0000000085800000| Untracked 
|  89|0x0000000085900000, 0x0000000085900000, 0x0000000085a00000|  0%| F|  |TAMS 0x0000000085900000, 0x0000000085900000| Untracked 
|  90|0x0000000085a00000, 0x0000000085a00000, 0x0000000085b00000|  0%| F|  |TAMS 0x0000000085a00000, 0x0000000085a00000| Untracked 
|  91|0x0000000085b00000, 0x0000000085b00000, 0x0000000085c00000|  0%| F|  |TAMS 0x0000000085b00000, 0x0000000085b00000| Untracked 
|  92|0x0000000085c00000, 0x0000000085c00000, 0x0000000085d00000|  0%| F|  |TAMS 0x0000000085c00000, 0x0000000085c00000| Untracked 
|  93|0x0000000085d00000, 0x0000000085d00000, 0x0000000085e00000|  0%| F|  |TAMS 0x0000000085d00000, 0x0000000085d00000| Untracked 
|  94|0x0000000085e00000, 0x0000000085e00000, 0x0000000085f00000|  0%| F|  |TAMS 0x0000000085e00000, 0x0000000085e00000| Untracked 
|  95|0x0000000085f00000, 0x0000000085f00000, 0x0000000086000000|  0%| F|  |TAMS 0x0000000085f00000, 0x0000000085f00000| Untracked 
|  96|0x0000000086000000, 0x0000000086000000, 0x0000000086100000|  0%| F|  |TAMS 0x0000000086000000, 0x0000000086000000| Untracked 
|  97|0x0000000086100000, 0x0000000086100000, 0x0000000086200000|  0%| F|  |TAMS 0x0000000086100000, 0x0000000086100000| Untracked 
|  98|0x0000000086200000, 0x0000000086200000, 0x0000000086300000|  0%| F|  |TAMS 0x0000000086200000, 0x0000000086200000| Untracked 
|  99|0x0000000086300000, 0x0000000086300000, 0x0000000086400000|  0%| F|  |TAMS 0x0000000086300000, 0x0000000086300000| Untracked 
| 100|0x0000000086400000, 0x0000000086400000, 0x0000000086500000|  0%| F|  |TAMS 0x0000000086400000, 0x0000000086400000| Untracked 
| 101|0x0000000086500000, 0x0000000086500000, 0x0000000086600000|  0%| F|  |TAMS 0x0000000086500000, 0x0000000086500000| Untracked 
| 102|0x0000000086600000, 0x0000000086600000, 0x0000000086700000|  0%| F|  |TAMS 0x0000000086600000, 0x0000000086600000| Untracked 
| 103|0x0000000086700000, 0x0000000086700000, 0x0000000086800000|  0%| F|  |TAMS 0x0000000086700000, 0x0000000086700000| Untracked 
| 104|0x0000000086800000, 0x0000000086800000, 0x0000000086900000|  0%| F|  |TAMS 0x0000000086800000, 0x0000000086800000| Untracked 
| 105|0x0000000086900000, 0x0000000086900000, 0x0000000086a00000|  0%| F|  |TAMS 0x0000000086900000, 0x0000000086900000| Untracked 
| 106|0x0000000086a00000, 0x0000000086a00000, 0x0000000086b00000|  0%| F|  |TAMS 0x0000000086a00000, 0x0000000086a00000| Untracked 
| 107|0x0000000086b00000, 0x0000000086b00000, 0x0000000086c00000|  0%| F|  |TAMS 0x0000000086b00000, 0x0000000086b00000| Untracked 
| 108|0x0000000086c00000, 0x0000000086c00000, 0x0000000086d00000|  0%| F|  |TAMS 0x0000000086c00000, 0x0000000086c00000| Untracked 
| 109|0x0000000086d00000, 0x0000000086d00000, 0x0000000086e00000|  0%| F|  |TAMS 0x0000000086d00000, 0x0000000086d00000| Untracked 
| 110|0x0000000086e00000, 0x0000000086e00000, 0x0000000086f00000|  0%| F|  |TAMS 0x0000000086e00000, 0x0000000086e00000| Untracked 
| 111|0x0000000086f00000, 0x0000000086f00000, 0x0000000087000000|  0%| F|  |TAMS 0x0000000086f00000, 0x0000000086f00000| Untracked 
| 112|0x0000000087000000, 0x0000000087000000, 0x0000000087100000|  0%| F|  |TAMS 0x0000000087000000, 0x0000000087000000| Untracked 
| 113|0x0000000087100000, 0x0000000087100000, 0x0000000087200000|  0%| F|  |TAMS 0x0000000087100000, 0x0000000087100000| Untracked 
| 114|0x0000000087200000, 0x0000000087200000, 0x0000000087300000|  0%| F|  |TAMS 0x0000000087200000, 0x0000000087200000| Untracked 
| 115|0x0000000087300000, 0x0000000087300000, 0x0000000087400000|  0%| F|  |TAMS 0x0000000087300000, 0x0000000087300000| Untracked 
| 116|0x0000000087400000, 0x0000000087400000, 0x0000000087500000|  0%| F|  |TAMS 0x0000000087400000, 0x0000000087400000| Untracked 
| 117|0x0000000087500000, 0x0000000087500000, 0x0000000087600000|  0%| F|  |TAMS 0x0000000087500000, 0x0000000087500000| Untracked 
| 118|0x0000000087600000, 0x0000000087600000, 0x0000000087700000|  0%| F|  |TAMS 0x0000000087600000, 0x0000000087600000| Untracked 
| 119|0x0000000087700000, 0x0000000087700000, 0x0000000087800000|  0%| F|  |TAMS 0x0000000087700000, 0x0000000087700000| Untracked 
| 120|0x0000000087800000, 0x0000000087800000, 0x0000000087900000|  0%| F|  |TAMS 0x0000000087800000, 0x0000000087800000| Untracked 
| 121|0x0000000087900000, 0x0000000087900000, 0x0000000087a00000|  0%| F|  |TAMS 0x0000000087900000, 0x0000000087900000| Untracked 
| 122|0x0000000087a00000, 0x0000000087a00000, 0x0000000087b00000|  0%| F|  |TAMS 0x0000000087a00000, 0x0000000087a00000| Untracked 
| 123|0x0000000087b00000, 0x0000000087b00000, 0x0000000087c00000|  0%| F|  |TAMS 0x0000000087b00000, 0x0000000087b00000| Untracked 
| 124|0x0000000087c00000, 0x0000000087c00000, 0x0000000087d00000|  0%| F|  |TAMS 0x0000000087c00000, 0x0000000087c00000| Untracked 
| 125|0x0000000087d00000, 0x0000000087d00000, 0x0000000087e00000|  0%| F|  |TAMS 0x0000000087d00000, 0x0000000087d00000| Untracked 
| 126|0x0000000087e00000, 0x0000000087e00000, 0x0000000087f00000|  0%| F|  |TAMS 0x0000000087e00000, 0x0000000087e00000| Untracked 
| 127|0x0000000087f00000, 0x0000000087f00000, 0x0000000088000000|  0%| F|  |TAMS 0x0000000087f00000, 0x0000000087f00000| Untracked 
| 128|0x0000000088000000, 0x0000000088000000, 0x0000000088100000|  0%| F|  |TAMS 0x0000000088000000, 0x0000000088000000| Untracked 
| 129|0x0000000088100000, 0x0000000088100000, 0x0000000088200000|  0%| F|  |TAMS 0x0000000088100000, 0x0000000088100000| Untracked 
| 130|0x0000000088200000, 0x0000000088200000, 0x0000000088300000|  0%| F|  |TAMS 0x0000000088200000, 0x0000000088200000| Untracked 
| 131|0x0000000088300000, 0x0000000088300000, 0x0000000088400000|  0%| F|  |TAMS 0x0000000088300000, 0x0000000088300000| Untracked 
| 132|0x0000000088400000, 0x0000000088400000, 0x0000000088500000|  0%| F|  |TAMS 0x0000000088400000, 0x0000000088400000| Untracked 
| 133|0x0000000088500000, 0x0000000088500000, 0x0000000088600000|  0%| F|  |TAMS 0x0000000088500000, 0x0000000088500000| Untracked 
| 134|0x0000000088600000, 0x0000000088600000, 0x0000000088700000|  0%| F|  |TAMS 0x0000000088600000, 0x0000000088600000| Untracked 
| 135|0x0000000088700000, 0x0000000088700000, 0x0000000088800000|  0%| F|  |TAMS 0x0000000088700000, 0x0000000088700000| Untracked 
| 136|0x0000000088800000, 0x0000000088800000, 0x0000000088900000|  0%| F|  |TAMS 0x0000000088800000, 0x0000000088800000| Untracked 
| 137|0x0000000088900000, 0x0000000088900000, 0x0000000088a00000|  0%| F|  |TAMS 0x0000000088900000, 0x0000000088900000| Untracked 
| 138|0x0000000088a00000, 0x0000000088a00000, 0x0000000088b00000|  0%| F|  |TAMS 0x0000000088a00000, 0x0000000088a00000| Untracked 
| 139|0x0000000088b00000, 0x0000000088b00000, 0x0000000088c00000|  0%| F|  |TAMS 0x0000000088b00000, 0x0000000088b00000| Untracked 
| 140|0x0000000088c00000, 0x0000000088c00000, 0x0000000088d00000|  0%| F|  |TAMS 0x0000000088c00000, 0x0000000088c00000| Untracked 
| 141|0x0000000088d00000, 0x0000000088d00000, 0x0000000088e00000|  0%| F|  |TAMS 0x0000000088d00000, 0x0000000088d00000| Untracked 
| 142|0x0000000088e00000, 0x0000000088e00000, 0x0000000088f00000|  0%| F|  |TAMS 0x0000000088e00000, 0x0000000088e00000| Untracked 
| 143|0x0000000088f00000, 0x0000000088f00000, 0x0000000089000000|  0%| F|  |TAMS 0x0000000088f00000, 0x0000000088f00000| Untracked 
| 144|0x0000000089000000, 0x00000000890b2c00, 0x0000000089100000| 69%| S|CS|TAMS 0x0000000089000000, 0x0000000089000000| Complete 
| 145|0x0000000089100000, 0x0000000089100000, 0x0000000089200000|  0%| F|  |TAMS 0x0000000089100000, 0x0000000089100000| Untracked 
| 146|0x0000000089200000, 0x0000000089200000, 0x0000000089300000|  0%| F|  |TAMS 0x0000000089200000, 0x0000000089200000| Untracked 
| 147|0x0000000089300000, 0x0000000089300000, 0x0000000089400000|  0%| F|  |TAMS 0x0000000089300000, 0x0000000089300000| Untracked 
| 148|0x0000000089400000, 0x0000000089400000, 0x0000000089500000|  0%| F|  |TAMS 0x0000000089400000, 0x0000000089400000| Untracked 
| 149|0x0000000089500000, 0x0000000089500000, 0x0000000089600000|  0%| F|  |TAMS 0x0000000089500000, 0x0000000089500000| Untracked 
| 150|0x0000000089600000, 0x0000000089600000, 0x0000000089700000|  0%| F|  |TAMS 0x0000000089600000, 0x0000000089600000| Untracked 
| 151|0x0000000089700000, 0x0000000089700000, 0x0000000089800000|  0%| F|  |TAMS 0x0000000089700000, 0x0000000089700000| Untracked 
| 152|0x0000000089800000, 0x0000000089800000, 0x0000000089900000|  0%| F|  |TAMS 0x0000000089800000, 0x0000000089800000| Untracked 
| 153|0x0000000089900000, 0x0000000089900000, 0x0000000089a00000|  0%| F|  |TAMS 0x0000000089900000, 0x0000000089900000| Untracked 
| 154|0x0000000089a00000, 0x0000000089a00000, 0x0000000089b00000|  0%| F|  |TAMS 0x0000000089a00000, 0x0000000089a00000| Untracked 
| 155|0x0000000089b00000, 0x0000000089b00000, 0x0000000089c00000|  0%| F|  |TAMS 0x0000000089b00000, 0x0000000089b00000| Untracked 
| 156|0x0000000089c00000, 0x0000000089c00000, 0x0000000089d00000|  0%| F|  |TAMS 0x0000000089c00000, 0x0000000089c00000| Untracked 
| 157|0x0000000089d00000, 0x0000000089d00000, 0x0000000089e00000|  0%| F|  |TAMS 0x0000000089d00000, 0x0000000089d00000| Untracked 
| 158|0x0000000089e00000, 0x0000000089e00000, 0x0000000089f00000|  0%| F|  |TAMS 0x0000000089e00000, 0x0000000089e00000| Untracked 
| 159|0x0000000089f00000, 0x0000000089f00000, 0x000000008a000000|  0%| F|  |TAMS 0x0000000089f00000, 0x0000000089f00000| Untracked 
| 160|0x000000008a000000, 0x000000008a000000, 0x000000008a100000|  0%| F|  |TAMS 0x000000008a000000, 0x000000008a000000| Untracked 
| 161|0x000000008a100000, 0x000000008a100000, 0x000000008a200000|  0%| F|  |TAMS 0x000000008a100000, 0x000000008a100000| Untracked 
| 162|0x000000008a200000, 0x000000008a200000, 0x000000008a300000|  0%| F|  |TAMS 0x000000008a200000, 0x000000008a200000| Untracked 
| 163|0x000000008a300000, 0x000000008a300000, 0x000000008a400000|  0%| F|  |TAMS 0x000000008a300000, 0x000000008a300000| Untracked 
| 164|0x000000008a400000, 0x000000008a400000, 0x000000008a500000|  0%| F|  |TAMS 0x000000008a400000, 0x000000008a400000| Untracked 
| 165|0x000000008a500000, 0x000000008a5c3e68, 0x000000008a600000| 76%| E|  |TAMS 0x000000008a500000, 0x000000008a500000| Complete 
| 166|0x000000008a600000, 0x000000008a700000, 0x000000008a700000|100%| E|CS|TAMS 0x000000008a600000, 0x000000008a600000| Complete 
| 167|0x000000008a700000, 0x000000008a800000, 0x000000008a800000|100%| E|CS|TAMS 0x000000008a700000, 0x000000008a700000| Complete 
| 168|0x000000008a800000, 0x000000008a900000, 0x000000008a900000|100%| E|CS|TAMS 0x000000008a800000, 0x000000008a800000| Complete 
| 169|0x000000008a900000, 0x000000008aa00000, 0x000000008aa00000|100%| E|CS|TAMS 0x000000008a900000, 0x000000008a900000| Complete 
| 170|0x000000008aa00000, 0x000000008ab00000, 0x000000008ab00000|100%| E|CS|TAMS 0x000000008aa00000, 0x000000008aa00000| Complete 
| 171|0x000000008ab00000, 0x000000008ac00000, 0x000000008ac00000|100%| E|CS|TAMS 0x000000008ab00000, 0x000000008ab00000| Complete 
| 172|0x000000008ac00000, 0x000000008ad00000, 0x000000008ad00000|100%| E|CS|TAMS 0x000000008ac00000, 0x000000008ac00000| Complete 
| 173|0x000000008ad00000, 0x000000008ae00000, 0x000000008ae00000|100%| E|CS|TAMS 0x000000008ad00000, 0x000000008ad00000| Complete 
| 174|0x000000008ae00000, 0x000000008af00000, 0x000000008af00000|100%| E|CS|TAMS 0x000000008ae00000, 0x000000008ae00000| Complete 
| 175|0x000000008af00000, 0x000000008b000000, 0x000000008b000000|100%| E|CS|TAMS 0x000000008af00000, 0x000000008af00000| Complete 
| 176|0x000000008b000000, 0x000000008b100000, 0x000000008b100000|100%| E|CS|TAMS 0x000000008b000000, 0x000000008b000000| Complete 
| 177|0x000000008b100000, 0x000000008b200000, 0x000000008b200000|100%| E|CS|TAMS 0x000000008b100000, 0x000000008b100000| Complete 
| 178|0x000000008b200000, 0x000000008b300000, 0x000000008b300000|100%| E|CS|TAMS 0x000000008b200000, 0x000000008b200000| Complete 
| 179|0x000000008b300000, 0x000000008b400000, 0x000000008b400000|100%| E|CS|TAMS 0x000000008b300000, 0x000000008b300000| Complete 
| 180|0x000000008b400000, 0x000000008b500000, 0x000000008b500000|100%| E|CS|TAMS 0x000000008b400000, 0x000000008b400000| Complete 
| 181|0x000000008b500000, 0x000000008b600000, 0x000000008b600000|100%| E|CS|TAMS 0x000000008b500000, 0x000000008b500000| Complete 
| 182|0x000000008b600000, 0x000000008b700000, 0x000000008b700000|100%| E|CS|TAMS 0x000000008b600000, 0x000000008b600000| Complete 
| 183|0x000000008b700000, 0x000000008b800000, 0x000000008b800000|100%| E|CS|TAMS 0x000000008b700000, 0x000000008b700000| Complete 
| 184|0x000000008b800000, 0x000000008b900000, 0x000000008b900000|100%| E|CS|TAMS 0x000000008b800000, 0x000000008b800000| Complete 
| 185|0x000000008b900000, 0x000000008ba00000, 0x000000008ba00000|100%| E|CS|TAMS 0x000000008b900000, 0x000000008b900000| Complete 
| 186|0x000000008ba00000, 0x000000008bb00000, 0x000000008bb00000|100%| E|  |TAMS 0x000000008ba00000, 0x000000008ba00000| Complete 
| 187|0x000000008bb00000, 0x000000008bc00000, 0x000000008bc00000|100%| E|CS|TAMS 0x000000008bb00000, 0x000000008bb00000| Complete 
| 188|0x000000008bc00000, 0x000000008bd00000, 0x000000008bd00000|100%| E|CS|TAMS 0x000000008bc00000, 0x000000008bc00000| Complete 
| 189|0x000000008bd00000, 0x000000008be00000, 0x000000008be00000|100%| E|CS|TAMS 0x000000008bd00000, 0x000000008bd00000| Complete 
| 190|0x000000008be00000, 0x000000008bf00000, 0x000000008bf00000|100%| E|CS|TAMS 0x000000008be00000, 0x000000008be00000| Complete 
| 191|0x000000008bf00000, 0x000000008c000000, 0x000000008c000000|100%| E|CS|TAMS 0x000000008bf00000, 0x000000008bf00000| Complete 
| 192|0x000000008c000000, 0x000000008c100000, 0x000000008c100000|100%| E|CS|TAMS 0x000000008c000000, 0x000000008c000000| Complete 
| 193|0x000000008c100000, 0x000000008c200000, 0x000000008c200000|100%| E|CS|TAMS 0x000000008c100000, 0x000000008c100000| Complete 
| 194|0x000000008c200000, 0x000000008c300000, 0x000000008c300000|100%| E|CS|TAMS 0x000000008c200000, 0x000000008c200000| Complete 
| 195|0x000000008c300000, 0x000000008c400000, 0x000000008c400000|100%| E|CS|TAMS 0x000000008c300000, 0x000000008c300000| Complete 
| 196|0x000000008c400000, 0x000000008c500000, 0x000000008c500000|100%| E|CS|TAMS 0x000000008c400000, 0x000000008c400000| Complete 
| 197|0x000000008c500000, 0x000000008c600000, 0x000000008c600000|100%| E|CS|TAMS 0x000000008c500000, 0x000000008c500000| Complete 
| 198|0x000000008c600000, 0x000000008c700000, 0x000000008c700000|100%| E|CS|TAMS 0x000000008c600000, 0x000000008c600000| Complete 
| 199|0x000000008c700000, 0x000000008c800000, 0x000000008c800000|100%| E|CS|TAMS 0x000000008c700000, 0x000000008c700000| Complete 
| 200|0x000000008c800000, 0x000000008c900000, 0x000000008c900000|100%| E|CS|TAMS 0x000000008c800000, 0x000000008c800000| Complete 
| 201|0x000000008c900000, 0x000000008ca00000, 0x000000008ca00000|100%| E|CS|TAMS 0x000000008c900000, 0x000000008c900000| Complete 
| 202|0x000000008ca00000, 0x000000008cb00000, 0x000000008cb00000|100%| E|CS|TAMS 0x000000008ca00000, 0x000000008ca00000| Complete 
| 203|0x000000008cb00000, 0x000000008cc00000, 0x000000008cc00000|100%| E|CS|TAMS 0x000000008cb00000, 0x000000008cb00000| Complete 
| 204|0x000000008cc00000, 0x000000008cd00000, 0x000000008cd00000|100%| E|CS|TAMS 0x000000008cc00000, 0x000000008cc00000| Complete 
| 205|0x000000008cd00000, 0x000000008ce00000, 0x000000008ce00000|100%| E|CS|TAMS 0x000000008cd00000, 0x000000008cd00000| Complete 
| 206|0x000000008ce00000, 0x000000008cf00000, 0x000000008cf00000|100%| E|CS|TAMS 0x000000008ce00000, 0x000000008ce00000| Complete 
| 207|0x000000008cf00000, 0x000000008d000000, 0x000000008d000000|100%| E|CS|TAMS 0x000000008cf00000, 0x000000008cf00000| Complete 
| 208|0x000000008d000000, 0x000000008d100000, 0x000000008d100000|100%| E|CS|TAMS 0x000000008d000000, 0x000000008d000000| Complete 
| 209|0x000000008d100000, 0x000000008d200000, 0x000000008d200000|100%| E|CS|TAMS 0x000000008d100000, 0x000000008d100000| Complete 
| 210|0x000000008d200000, 0x000000008d300000, 0x000000008d300000|100%| E|CS|TAMS 0x000000008d200000, 0x000000008d200000| Complete 
| 211|0x000000008d300000, 0x000000008d400000, 0x000000008d400000|100%| E|CS|TAMS 0x000000008d300000, 0x000000008d300000| Complete 
| 212|0x000000008d400000, 0x000000008d500000, 0x000000008d500000|100%| E|CS|TAMS 0x000000008d400000, 0x000000008d400000| Complete 
| 213|0x000000008d500000, 0x000000008d600000, 0x000000008d600000|100%| E|CS|TAMS 0x000000008d500000, 0x000000008d500000| Complete 
| 214|0x000000008d600000, 0x000000008d700000, 0x000000008d700000|100%| E|CS|TAMS 0x000000008d600000, 0x000000008d600000| Complete 
| 215|0x000000008d700000, 0x000000008d800000, 0x000000008d800000|100%| E|CS|TAMS 0x000000008d700000, 0x000000008d700000| Complete 
| 216|0x000000008d800000, 0x000000008d900000, 0x000000008d900000|100%| E|CS|TAMS 0x000000008d800000, 0x000000008d800000| Complete 
| 217|0x000000008d900000, 0x000000008da00000, 0x000000008da00000|100%| E|CS|TAMS 0x000000008d900000, 0x000000008d900000| Complete 
| 218|0x000000008da00000, 0x000000008db00000, 0x000000008db00000|100%| E|CS|TAMS 0x000000008da00000, 0x000000008da00000| Complete 
| 219|0x000000008db00000, 0x000000008dc00000, 0x000000008dc00000|100%| E|CS|TAMS 0x000000008db00000, 0x000000008db00000| Complete 
| 220|0x000000008dc00000, 0x000000008dd00000, 0x000000008dd00000|100%| E|CS|TAMS 0x000000008dc00000, 0x000000008dc00000| Complete 
| 221|0x000000008dd00000, 0x000000008de00000, 0x000000008de00000|100%| E|CS|TAMS 0x000000008dd00000, 0x000000008dd00000| Complete 
| 222|0x000000008de00000, 0x000000008df00000, 0x000000008df00000|100%| E|CS|TAMS 0x000000008de00000, 0x000000008de00000| Complete 
| 223|0x000000008df00000, 0x000000008e000000, 0x000000008e000000|100%| E|CS|TAMS 0x000000008df00000, 0x000000008df00000| Complete 
| 224|0x000000008e000000, 0x000000008e100000, 0x000000008e100000|100%| E|CS|TAMS 0x000000008e000000, 0x000000008e000000| Complete 
| 225|0x000000008e100000, 0x000000008e200000, 0x000000008e200000|100%| E|CS|TAMS 0x000000008e100000, 0x000000008e100000| Complete 
| 226|0x000000008e200000, 0x000000008e300000, 0x000000008e300000|100%| E|CS|TAMS 0x000000008e200000, 0x000000008e200000| Complete 
| 227|0x000000008e300000, 0x000000008e400000, 0x000000008e400000|100%| E|CS|TAMS 0x000000008e300000, 0x000000008e300000| Complete 
| 228|0x000000008e400000, 0x000000008e500000, 0x000000008e500000|100%| E|CS|TAMS 0x000000008e400000, 0x000000008e400000| Complete 
| 229|0x000000008e500000, 0x000000008e600000, 0x000000008e600000|100%| E|CS|TAMS 0x000000008e500000, 0x000000008e500000| Complete 
| 230|0x000000008e600000, 0x000000008e700000, 0x000000008e700000|100%| E|CS|TAMS 0x000000008e600000, 0x000000008e600000| Complete 
| 231|0x000000008e700000, 0x000000008e800000, 0x000000008e800000|100%| E|CS|TAMS 0x000000008e700000, 0x000000008e700000| Complete 
| 232|0x000000008e800000, 0x000000008e900000, 0x000000008e900000|100%| E|CS|TAMS 0x000000008e800000, 0x000000008e800000| Complete 
| 233|0x000000008e900000, 0x000000008ea00000, 0x000000008ea00000|100%| E|CS|TAMS 0x000000008e900000, 0x000000008e900000| Complete 
| 234|0x000000008ea00000, 0x000000008eb00000, 0x000000008eb00000|100%| E|CS|TAMS 0x000000008ea00000, 0x000000008ea00000| Complete 
| 235|0x000000008eb00000, 0x000000008ec00000, 0x000000008ec00000|100%| E|CS|TAMS 0x000000008eb00000, 0x000000008eb00000| Complete 
| 236|0x000000008ec00000, 0x000000008ed00000, 0x000000008ed00000|100%| E|CS|TAMS 0x000000008ec00000, 0x000000008ec00000| Complete 
| 237|0x000000008ed00000, 0x000000008ee00000, 0x000000008ee00000|100%| E|CS|TAMS 0x000000008ed00000, 0x000000008ed00000| Complete 
| 238|0x000000008ee00000, 0x000000008ef00000, 0x000000008ef00000|100%| E|CS|TAMS 0x000000008ee00000, 0x000000008ee00000| Complete 
| 239|0x000000008ef00000, 0x000000008f000000, 0x000000008f000000|100%| E|CS|TAMS 0x000000008ef00000, 0x000000008ef00000| Complete 
| 240|0x000000008f000000, 0x000000008f100000, 0x000000008f100000|100%| E|CS|TAMS 0x000000008f000000, 0x000000008f000000| Complete 
| 241|0x000000008f100000, 0x000000008f200000, 0x000000008f200000|100%| E|CS|TAMS 0x000000008f100000, 0x000000008f100000| Complete 
| 242|0x000000008f200000, 0x000000008f300000, 0x000000008f300000|100%| E|CS|TAMS 0x000000008f200000, 0x000000008f200000| Complete 
| 243|0x000000008f300000, 0x000000008f400000, 0x000000008f400000|100%| E|CS|TAMS 0x000000008f300000, 0x000000008f300000| Complete 
| 244|0x000000008f400000, 0x000000008f500000, 0x000000008f500000|100%| E|CS|TAMS 0x000000008f400000, 0x000000008f400000| Complete 
| 245|0x000000008f500000, 0x000000008f600000, 0x000000008f600000|100%| E|CS|TAMS 0x000000008f500000, 0x000000008f500000| Complete 
| 246|0x000000008f600000, 0x000000008f700000, 0x000000008f700000|100%| E|CS|TAMS 0x000000008f600000, 0x000000008f600000| Complete 
| 247|0x000000008f700000, 0x000000008f800000, 0x000000008f800000|100%| E|CS|TAMS 0x000000008f700000, 0x000000008f700000| Complete 
| 248|0x000000008f800000, 0x000000008f900000, 0x000000008f900000|100%| E|CS|TAMS 0x000000008f800000, 0x000000008f800000| Complete 
| 249|0x000000008f900000, 0x000000008fa00000, 0x000000008fa00000|100%| E|CS|TAMS 0x000000008f900000, 0x000000008f900000| Complete 
| 250|0x000000008fa00000, 0x000000008fb00000, 0x000000008fb00000|100%| E|CS|TAMS 0x000000008fa00000, 0x000000008fa00000| Complete 
| 251|0x000000008fb00000, 0x000000008fc00000, 0x000000008fc00000|100%| E|CS|TAMS 0x000000008fb00000, 0x000000008fb00000| Complete 
| 252|0x000000008fc00000, 0x000000008fd00000, 0x000000008fd00000|100%| E|CS|TAMS 0x000000008fc00000, 0x000000008fc00000| Complete 
| 253|0x000000008fd00000, 0x000000008fe00000, 0x000000008fe00000|100%| E|CS|TAMS 0x000000008fd00000, 0x000000008fd00000| Complete 
| 254|0x000000008fe00000, 0x000000008ff00000, 0x000000008ff00000|100%| E|CS|TAMS 0x000000008fe00000, 0x000000008fe00000| Complete 
| 255|0x000000008ff00000, 0x0000000090000000, 0x0000000090000000|100%| E|CS|TAMS 0x000000008ff00000, 0x000000008ff00000| Complete 
| 256|0x0000000090000000, 0x0000000090100000, 0x0000000090100000|100%| E|CS|TAMS 0x0000000090000000, 0x0000000090000000| Complete 
| 257|0x0000000090100000, 0x0000000090200000, 0x0000000090200000|100%| E|CS|TAMS 0x0000000090100000, 0x0000000090100000| Complete 
| 258|0x0000000090200000, 0x0000000090300000, 0x0000000090300000|100%| E|CS|TAMS 0x0000000090200000, 0x0000000090200000| Complete 
| 259|0x0000000090300000, 0x0000000090400000, 0x0000000090400000|100%| E|CS|TAMS 0x0000000090300000, 0x0000000090300000| Complete 
| 260|0x0000000090400000, 0x0000000090500000, 0x0000000090500000|100%| E|CS|TAMS 0x0000000090400000, 0x0000000090400000| Complete 
| 261|0x0000000090500000, 0x0000000090600000, 0x0000000090600000|100%| E|CS|TAMS 0x0000000090500000, 0x0000000090500000| Complete 
| 262|0x0000000090600000, 0x0000000090700000, 0x0000000090700000|100%| E|CS|TAMS 0x0000000090600000, 0x0000000090600000| Complete 
| 263|0x0000000090700000, 0x0000000090800000, 0x0000000090800000|100%| E|CS|TAMS 0x0000000090700000, 0x0000000090700000| Complete 
| 264|0x0000000090800000, 0x0000000090900000, 0x0000000090900000|100%| E|CS|TAMS 0x0000000090800000, 0x0000000090800000| Complete 
| 265|0x0000000090900000, 0x0000000090a00000, 0x0000000090a00000|100%| E|CS|TAMS 0x0000000090900000, 0x0000000090900000| Complete 
| 266|0x0000000090a00000, 0x0000000090b00000, 0x0000000090b00000|100%| E|CS|TAMS 0x0000000090a00000, 0x0000000090a00000| Complete 
| 267|0x0000000090b00000, 0x0000000090c00000, 0x0000000090c00000|100%| E|CS|TAMS 0x0000000090b00000, 0x0000000090b00000| Complete 
| 268|0x0000000090c00000, 0x0000000090d00000, 0x0000000090d00000|100%| E|CS|TAMS 0x0000000090c00000, 0x0000000090c00000| Complete 
| 269|0x0000000090d00000, 0x0000000090e00000, 0x0000000090e00000|100%| E|CS|TAMS 0x0000000090d00000, 0x0000000090d00000| Complete 
| 270|0x0000000090e00000, 0x0000000090f00000, 0x0000000090f00000|100%| E|CS|TAMS 0x0000000090e00000, 0x0000000090e00000| Complete 
| 271|0x0000000090f00000, 0x0000000091000000, 0x0000000091000000|100%| E|CS|TAMS 0x0000000090f00000, 0x0000000090f00000| Complete 
| 272|0x0000000091000000, 0x0000000091100000, 0x0000000091100000|100%| E|CS|TAMS 0x0000000091000000, 0x0000000091000000| Complete 
| 273|0x0000000091100000, 0x0000000091200000, 0x0000000091200000|100%| E|CS|TAMS 0x0000000091100000, 0x0000000091100000| Complete 
| 274|0x0000000091200000, 0x0000000091300000, 0x0000000091300000|100%| E|CS|TAMS 0x0000000091200000, 0x0000000091200000| Complete 
| 275|0x0000000091300000, 0x0000000091400000, 0x0000000091400000|100%| E|CS|TAMS 0x0000000091300000, 0x0000000091300000| Complete 
| 276|0x0000000091400000, 0x0000000091500000, 0x0000000091500000|100%| E|CS|TAMS 0x0000000091400000, 0x0000000091400000| Complete 
| 277|0x0000000091500000, 0x0000000091600000, 0x0000000091600000|100%| E|CS|TAMS 0x0000000091500000, 0x0000000091500000| Complete 
| 278|0x0000000091600000, 0x0000000091700000, 0x0000000091700000|100%| E|CS|TAMS 0x0000000091600000, 0x0000000091600000| Complete 
| 279|0x0000000091700000, 0x0000000091800000, 0x0000000091800000|100%| E|CS|TAMS 0x0000000091700000, 0x0000000091700000| Complete 
| 280|0x0000000091800000, 0x0000000091900000, 0x0000000091900000|100%| E|CS|TAMS 0x0000000091800000, 0x0000000091800000| Complete 
| 281|0x0000000091900000, 0x0000000091a00000, 0x0000000091a00000|100%| E|CS|TAMS 0x0000000091900000, 0x0000000091900000| Complete 
| 282|0x0000000091a00000, 0x0000000091b00000, 0x0000000091b00000|100%| E|CS|TAMS 0x0000000091a00000, 0x0000000091a00000| Complete 
| 283|0x0000000091b00000, 0x0000000091c00000, 0x0000000091c00000|100%| E|CS|TAMS 0x0000000091b00000, 0x0000000091b00000| Complete 
| 284|0x0000000091c00000, 0x0000000091d00000, 0x0000000091d00000|100%| E|CS|TAMS 0x0000000091c00000, 0x0000000091c00000| Complete 
| 285|0x0000000091d00000, 0x0000000091e00000, 0x0000000091e00000|100%| E|CS|TAMS 0x0000000091d00000, 0x0000000091d00000| Complete 
| 286|0x0000000091e00000, 0x0000000091f00000, 0x0000000091f00000|100%| E|CS|TAMS 0x0000000091e00000, 0x0000000091e00000| Complete 
| 287|0x0000000091f00000, 0x0000000092000000, 0x0000000092000000|100%| E|CS|TAMS 0x0000000091f00000, 0x0000000091f00000| Complete 
| 288|0x0000000092000000, 0x0000000092100000, 0x0000000092100000|100%| E|CS|TAMS 0x0000000092000000, 0x0000000092000000| Complete 
| 289|0x0000000092100000, 0x0000000092200000, 0x0000000092200000|100%| E|CS|TAMS 0x0000000092100000, 0x0000000092100000| Complete 
| 290|0x0000000092200000, 0x0000000092300000, 0x0000000092300000|100%| E|CS|TAMS 0x0000000092200000, 0x0000000092200000| Complete 
| 291|0x0000000092300000, 0x0000000092400000, 0x0000000092400000|100%| E|CS|TAMS 0x0000000092300000, 0x0000000092300000| Complete 
| 292|0x0000000092400000, 0x0000000092500000, 0x0000000092500000|100%| E|CS|TAMS 0x0000000092400000, 0x0000000092400000| Complete 
| 293|0x0000000092500000, 0x0000000092600000, 0x0000000092600000|100%| E|CS|TAMS 0x0000000092500000, 0x0000000092500000| Complete 
| 294|0x0000000092600000, 0x0000000092700000, 0x0000000092700000|100%| E|CS|TAMS 0x0000000092600000, 0x0000000092600000| Complete 
| 295|0x0000000092700000, 0x0000000092800000, 0x0000000092800000|100%| E|CS|TAMS 0x0000000092700000, 0x0000000092700000| Complete 

Card table byte_map: [0x0000021be0ec0000,0x0000021be12c0000] _byte_map_base: 0x0000021be0ac0000

Marking Bits (Prev, Next): (CMBitMap*) 0x0000021bce648ab0, (CMBitMap*) 0x0000021bce648af0
 Prev Bits: [0x0000021be16c0000, 0x0000021be36c0000)
 Next Bits: [0x0000021be36c0000, 0x0000021be56c0000)

Polling page: 0x0000021bcc350000

Metaspace:

Usage:
  Non-class:     89.06 MB used.
      Class:     14.10 MB used.
       Both:    103.15 MB used.

Virtual space:
  Non-class space:       96.00 MB reserved,      89.38 MB ( 93%) committed,  12 nodes.
      Class space:        1.00 GB reserved,      14.38 MB (  1%) committed,  1 nodes.
             Both:        1.09 GB reserved,     103.75 MB (  9%) committed. 

Chunk freelists:
   Non-Class:  1.94 MB
       Class:  1.56 MB
        Both:  3.50 MB

MaxMetaspaceSize: unlimited
CompressedClassSpaceSize: 1.00 GB
Initial GC threshold: 21.00 MB
Current GC threshold: 148.69 MB
CDS: off
MetaspaceReclaimPolicy: balanced
 - commit_granule_bytes: 65536.
 - commit_granule_words: 8192.
 - virtual_space_node_default_size: 1048576.
 - enlarge_chunks_in_place: 1.
 - new_chunks_are_fully_committed: 0.
 - uncommit_free_chunks: 1.
 - use_allocation_guard: 0.
 - handle_deallocations: 1.


Internal statistics:

num_allocs_failed_limit: 6.
num_arena_births: 1068.
num_arena_deaths: 0.
num_vsnodes_births: 13.
num_vsnodes_deaths: 0.
num_space_committed: 1659.
num_space_uncommitted: 0.
num_chunks_returned_to_freelist: 6.
num_chunks_taken_from_freelist: 4945.
num_chunk_merges: 3.
num_chunk_splits: 3337.
num_chunks_enlarged: 2332.
num_purges: 0.
num_inconsistent_stats: 0.

CodeHeap 'non-profiled nmethods': size=120000Kb used=5699Kb max_used=5699Kb free=114300Kb
 bounds [0x0000021bd9590000, 0x0000021bd9b30000, 0x0000021be0ac0000]
CodeHeap 'profiled nmethods': size=120000Kb used=23116Kb max_used=23116Kb free=96883Kb
 bounds [0x0000021bd1ac0000, 0x0000021bd3160000, 0x0000021bd8ff0000]
CodeHeap 'non-nmethods': size=5760Kb used=2421Kb max_used=2458Kb free=3338Kb
 bounds [0x0000021bd8ff0000, 0x0000021bd9260000, 0x0000021bd9590000]
 total_blobs=12426 nmethods=11479 adapters=859
 compilation: enabled
              stopped_count=0, restarted_count=0
 full_count=0

Compilation events (20 events):
Event: 28.675 Thread 0x0000021be85237d0 nmethod 12976 0x0000021bd3109490 code [0x0000021bd3109660, 0x0000021bd3109888]
Event: 28.679 Thread 0x0000021be85237d0 12977       1       com.android.tools.r8.internal.Nh::K1 (2 bytes)
Event: 28.679 Thread 0x0000021be85237d0 nmethod 12977 0x0000021bd9b15910 code [0x0000021bd9b15aa0, 0x0000021bd9b15b78]
Event: 28.679 Thread 0x0000021be85237d0 12978       2       com.android.tools.r8.graph.W0::a (65 bytes)
Event: 28.679 Thread 0x0000021be85237d0 nmethod 12978 0x0000021bd3109a90 code [0x0000021bd3109c40, 0x0000021bd3109db8]
Event: 28.679 Thread 0x0000021be85237d0 12979       2       com.android.tools.r8.graph.i3::<init> (5 bytes)
Event: 28.679 Thread 0x0000021be85237d0 nmethod 12979 0x0000021bd3109e90 code [0x0000021bd310a020, 0x0000021bd310a118]
Event: 28.679 Thread 0x0000021be85237d0 12982       2       com.android.tools.r8.internal.TW::G0 (2 bytes)
Event: 28.679 Thread 0x0000021be85237d0 nmethod 12982 0x0000021bd310a190 code [0x0000021bd310a320, 0x0000021bd310a438]
Event: 28.679 Thread 0x0000021be85237d0 12981       2       com.android.tools.r8.graph.i3::a (83 bytes)
Event: 28.680 Thread 0x0000021be85237d0 nmethod 12981 0x0000021bd310a510 code [0x0000021bd310a6e0, 0x0000021bd310a9d8]
Event: 28.680 Thread 0x0000021be85237d0 12983       2       com.android.tools.r8.internal.pr::<init> (7 bytes)
Event: 28.680 Thread 0x0000021be85237d0 nmethod 12983 0x0000021bd310ab90 code [0x0000021bd310ad20, 0x0000021bd310ae48]
Event: 28.680 Thread 0x0000021be85237d0 12987       2       com.android.tools.r8.internal.b20::a (170 bytes)
Event: 28.681 Thread 0x0000021be85237d0 nmethod 12987 0x0000021bd310af10 code [0x0000021bd310b180, 0x0000021bd310bbb8]
Event: 28.681 Thread 0x0000021be85237d0 12991       2       com.android.tools.r8.internal.N5::a (262 bytes)
Event: 28.682 Thread 0x0000021be85237d0 nmethod 12991 0x0000021bd310c090 code [0x0000021bd310c380, 0x0000021bd310cd08]
Event: 28.682 Thread 0x0000021be85237d0 12993       2       java.util.ArrayDeque$DeqIterator::<init> (34 bytes)
Event: 28.683 Thread 0x0000021be85237d0 nmethod 12993 0x0000021bd310d510 code [0x0000021bd310d6a0, 0x0000021bd310d838]
Event: 28.683 Thread 0x0000021be85237d0 12996       2       com.android.tools.r8.ir.optimize.H::a (452 bytes)

GC Heap History (20 events):
Event: 15.819 GC heap before
{Heap before GC invocations=28 (full 0):
 garbage-first heap   total 125952K, used 93749K [0x0000000080000000, 0x0000000100000000)
  region size 1024K, 42 young (43008K), 4 survivors (4096K)
 Metaspace       used 74331K, committed 74944K, reserved 1114112K
  class space    used 9871K, committed 10176K, reserved 1048576K
}
Event: 15.830 GC heap after
{Heap after GC invocations=29 (full 0):
 garbage-first heap   total 125952K, used 56866K [0x0000000080000000, 0x0000000100000000)
  region size 1024K, 5 young (5120K), 5 survivors (5120K)
 Metaspace       used 74331K, committed 74944K, reserved 1114112K
  class space    used 9871K, committed 10176K, reserved 1048576K
}
Event: 16.742 GC heap before
{Heap before GC invocations=29 (full 0):
 garbage-first heap   total 125952K, used 95778K [0x0000000080000000, 0x0000000100000000)
  region size 1024K, 43 young (44032K), 5 survivors (5120K)
 Metaspace       used 78995K, committed 79616K, reserved 1122304K
  class space    used 10708K, committed 11008K, reserved 1048576K
}
Event: 16.755 GC heap after
{Heap after GC invocations=30 (full 0):
 garbage-first heap   total 125952K, used 58771K [0x0000000080000000, 0x0000000100000000)
  region size 1024K, 3 young (3072K), 3 survivors (3072K)
 Metaspace       used 78995K, committed 79616K, reserved 1122304K
  class space    used 10708K, committed 11008K, reserved 1048576K
}
Event: 17.683 GC heap before
{Heap before GC invocations=30 (full 0):
 garbage-first heap   total 125952K, used 96659K [0x0000000080000000, 0x0000000100000000)
  region size 1024K, 40 young (40960K), 3 survivors (3072K)
 Metaspace       used 82766K, committed 83392K, reserved 1122304K
  class space    used 11263K, committed 11584K, reserved 1048576K
}
Event: 17.696 GC heap after
{Heap after GC invocations=31 (full 0):
 garbage-first heap   total 125952K, used 61478K [0x0000000080000000, 0x0000000100000000)
  region size 1024K, 5 young (5120K), 5 survivors (5120K)
 Metaspace       used 82766K, committed 83392K, reserved 1122304K
  class space    used 11263K, committed 11584K, reserved 1048576K
}
Event: 18.597 GC heap before
{Heap before GC invocations=32 (full 0):
 garbage-first heap   total 125952K, used 99366K [0x0000000080000000, 0x0000000100000000)
  region size 1024K, 42 young (43008K), 5 survivors (5120K)
 Metaspace       used 87300K, committed 87936K, reserved 1130496K
  class space    used 11917K, committed 12224K, reserved 1048576K
}
Event: 18.608 GC heap after
{Heap after GC invocations=33 (full 0):
 garbage-first heap   total 125952K, used 64651K [0x0000000080000000, 0x0000000100000000)
  region size 1024K, 6 young (6144K), 6 survivors (6144K)
 Metaspace       used 87300K, committed 87936K, reserved 1130496K
  class space    used 11917K, committed 12224K, reserved 1048576K
}
Event: 18.624 GC heap before
{Heap before GC invocations=33 (full 0):
 garbage-first heap   total 125952K, used 65675K [0x0000000080000000, 0x0000000100000000)
  region size 1024K, 7 young (7168K), 6 survivors (6144K)
 Metaspace       used 87336K, committed 87936K, reserved 1130496K
  class space    used 11922K, committed 12224K, reserved 1048576K
}
Event: 18.632 GC heap after
{Heap after GC invocations=34 (full 0):
 garbage-first heap   total 151552K, used 64996K [0x0000000080000000, 0x0000000100000000)
  region size 1024K, 1 young (1024K), 1 survivors (1024K)
 Metaspace       used 87336K, committed 87936K, reserved 1130496K
  class space    used 11922K, committed 12224K, reserved 1048576K
}
Event: 19.466 GC heap before
{Heap before GC invocations=34 (full 0):
 garbage-first heap   total 151552K, used 119268K [0x0000000080000000, 0x0000000100000000)
  region size 1024K, 54 young (55296K), 1 survivors (1024K)
 Metaspace       used 88870K, committed 89472K, reserved 1130496K
  class space    used 12152K, committed 12480K, reserved 1048576K
}
Event: 19.477 GC heap after
{Heap after GC invocations=35 (full 0):
 garbage-first heap   total 151552K, used 72148K [0x0000000080000000, 0x0000000100000000)
  region size 1024K, 7 young (7168K), 7 survivors (7168K)
 Metaspace       used 88870K, committed 89472K, reserved 1130496K
  class space    used 12152K, committed 12480K, reserved 1048576K
}
Event: 20.659 GC heap before
{Heap before GC invocations=35 (full 0):
 garbage-first heap   total 151552K, used 116180K [0x0000000080000000, 0x0000000100000000)
  region size 1024K, 51 young (52224K), 7 survivors (7168K)
 Metaspace       used 90059K, committed 90752K, reserved 1130496K
  class space    used 12324K, committed 12672K, reserved 1048576K
}
Event: 20.674 GC heap after
{Heap after GC invocations=36 (full 0):
 garbage-first heap   total 151552K, used 77667K [0x0000000080000000, 0x0000000100000000)
  region size 1024K, 6 young (6144K), 6 survivors (6144K)
 Metaspace       used 90059K, committed 90752K, reserved 1130496K
  class space    used 12324K, committed 12672K, reserved 1048576K
}
Event: 21.452 GC heap before
{Heap before GC invocations=36 (full 0):
 garbage-first heap   total 151552K, used 118627K [0x0000000080000000, 0x0000000100000000)
  region size 1024K, 47 young (48128K), 6 survivors (6144K)
 Metaspace       used 90713K, committed 91328K, reserved 1130496K
  class space    used 12375K, committed 12672K, reserved 1048576K
}
Event: 21.463 GC heap after
{Heap after GC invocations=37 (full 0):
 garbage-first heap   total 151552K, used 81234K [0x0000000080000000, 0x0000000100000000)
  region size 1024K, 5 young (5120K), 5 survivors (5120K)
 Metaspace       used 90713K, committed 91328K, reserved 1130496K
  class space    used 12375K, committed 12672K, reserved 1048576K
}
Event: 22.456 GC heap before
{Heap before GC invocations=38 (full 0):
 garbage-first heap   total 151552K, used 120146K [0x0000000080000000, 0x0000000100000000)
  region size 1024K, 44 young (45056K), 5 survivors (5120K)
 Metaspace       used 91175K, committed 91840K, reserved 1130496K
  class space    used 12410K, committed 12736K, reserved 1048576K
}
Event: 22.465 GC heap after
{Heap after GC invocations=39 (full 0):
 garbage-first heap   total 151552K, used 84260K [0x0000000080000000, 0x0000000100000000)
  region size 1024K, 4 young (4096K), 4 survivors (4096K)
 Metaspace       used 91175K, committed 91840K, reserved 1130496K
  class space    used 12410K, committed 12736K, reserved 1048576K
}
Event: 22.500 GC heap before
{Heap before GC invocations=39 (full 0):
 garbage-first heap   total 151552K, used 86308K [0x0000000080000000, 0x0000000100000000)
  region size 1024K, 7 young (7168K), 4 survivors (4096K)
 Metaspace       used 91175K, committed 91840K, reserved 1130496K
  class space    used 12410K, committed 12736K, reserved 1048576K
}
Event: 22.508 GC heap after
{Heap after GC invocations=40 (full 0):
 garbage-first heap   total 303104K, used 84434K [0x0000000080000000, 0x0000000100000000)
  region size 1024K, 1 young (1024K), 1 survivors (1024K)
 Metaspace       used 91175K, committed 91840K, reserved 1130496K
  class space    used 12410K, committed 12736K, reserved 1048576K
}

Dll operation events (2 events):
Event: 0.031 Loaded shared library C:\Program Files\Android\Android Studio\jbr\bin\java.dll
Event: 0.676 Loaded shared library C:\Program Files\Android\Android Studio\jbr\bin\verify.dll

Deoptimization events (20 events):
Event: 28.551 Thread 0x0000021beda760c0 DEOPT PACKING pc=0x0000021bd9a5a110 sp=0x0000006c984fc8d0
Event: 28.551 Thread 0x0000021beda760c0 DEOPT UNPACKING pc=0x0000021bd904a1a3 sp=0x0000006c984fc808 mode 2
Event: 28.551 Thread 0x0000021beda760c0 Uncommon trap: trap_request=0xffffffc6 fr.pc=0x0000021bd9a5a110 relative=0x0000000000000cb0
Event: 28.551 Thread 0x0000021beda760c0 Uncommon trap: reason=bimorphic_or_optimized_type_check action=maybe_recompile pc=0x0000021bd9a5a110 method=java.util.function.Predicate.lambda$or$2(Ljava/util/function/Predicate;Ljava/lang/Object;)Z @ 2 c2
Event: 28.551 Thread 0x0000021beda760c0 DEOPT PACKING pc=0x0000021bd9a5a110 sp=0x0000006c984fc8d0
Event: 28.551 Thread 0x0000021beda760c0 DEOPT UNPACKING pc=0x0000021bd904a1a3 sp=0x0000006c984fc808 mode 2
Event: 28.551 Thread 0x0000021beda760c0 Uncommon trap: trap_request=0xffffffc6 fr.pc=0x0000021bd9a5a110 relative=0x0000000000000cb0
Event: 28.551 Thread 0x0000021beda760c0 Uncommon trap: reason=bimorphic_or_optimized_type_check action=maybe_recompile pc=0x0000021bd9a5a110 method=java.util.function.Predicate.lambda$or$2(Ljava/util/function/Predicate;Ljava/lang/Object;)Z @ 2 c2
Event: 28.551 Thread 0x0000021beda760c0 DEOPT PACKING pc=0x0000021bd9a5a110 sp=0x0000006c984fc8d0
Event: 28.551 Thread 0x0000021beda760c0 DEOPT UNPACKING pc=0x0000021bd904a1a3 sp=0x0000006c984fc808 mode 2
Event: 28.557 Thread 0x0000021beda76590 DEOPT PACKING pc=0x0000021bd30b1594 sp=0x0000006c985fc690
Event: 28.558 Thread 0x0000021beda76590 DEOPT UNPACKING pc=0x0000021bd904ace3 sp=0x0000006c985fbde8 mode 0
Event: 28.601 Thread 0x0000021beda760c0 Uncommon trap: trap_request=0xffffff45 fr.pc=0x0000021bd9850298 relative=0x0000000000001198
Event: 28.601 Thread 0x0000021beda760c0 Uncommon trap: reason=unstable_if action=reinterpret pc=0x0000021bd9850298 method=java.util.HashMap.computeIfAbsent(Ljava/lang/Object;Ljava/util/function/Function;)Ljava/lang/Object; @ 145 c2
Event: 28.601 Thread 0x0000021beda760c0 DEOPT PACKING pc=0x0000021bd9850298 sp=0x0000006c984fc8a0
Event: 28.601 Thread 0x0000021beda760c0 DEOPT UNPACKING pc=0x0000021bd904a1a3 sp=0x0000006c984fc870 mode 2
Event: 28.607 Thread 0x0000021beda75bf0 DEOPT PACKING pc=0x0000021bd2fa46b4 sp=0x0000006c983fbf80
Event: 28.607 Thread 0x0000021beda75bf0 DEOPT UNPACKING pc=0x0000021bd904ace3 sp=0x0000006c983fb450 mode 0
Event: 28.623 Thread 0x0000021beda6ed40 DEOPT PACKING pc=0x0000021bd30e3864 sp=0x0000006c986fcac0
Event: 28.623 Thread 0x0000021beda6ed40 DEOPT UNPACKING pc=0x0000021bd904ace3 sp=0x0000006c986fbf68 mode 0

Classes unloaded (0 events):
No events

Classes redefined (0 events):
No events

Internal exceptions (20 events):
Event: 26.389 Thread 0x0000021beda760c0 Exception <a 'java/lang/NoSuchMethodError'{0x000000008cd70d08}: 'java.lang.Object java.lang.invoke.DirectMethodHandle$Holder.invokeStatic(java.lang.Object, int, java.lang.Object, java.lang.Object)'> (0x000000008cd70d08) 
thrown [s\src\hotspot\share\interpreter\linkResolver.cpp, line 771]
Event: 26.389 Thread 0x0000021beda75bf0 Exception <a 'java/lang/NoSuchMethodError'{0x000000008cd4cd38}: 'java.lang.Object java.lang.invoke.DirectMethodHandle$Holder.invokeStatic(java.lang.Object, int, java.lang.Object, java.lang.Object)'> (0x000000008cd4cd38) 
thrown [s\src\hotspot\share\interpreter\linkResolver.cpp, line 771]
Event: 26.389 Thread 0x0000021beda6ed40 Exception <a 'java/lang/NoSuchMethodError'{0x000000008cd85c98}: 'java.lang.Object java.lang.invoke.DirectMethodHandle$Holder.invokeStatic(java.lang.Object, int, java.lang.Object, java.lang.Object)'> (0x000000008cd85c98) 
thrown [s\src\hotspot\share\interpreter\linkResolver.cpp, line 771]
Event: 26.389 Thread 0x0000021beda76590 Exception <a 'java/lang/NoSuchMethodError'{0x000000008cd765c8}: 'java.lang.Object java.lang.invoke.DirectMethodHandle$Holder.invokeStatic(java.lang.Object, int, java.lang.Object, java.lang.Object)'> (0x000000008cd765c8) 
thrown [s\src\hotspot\share\interpreter\linkResolver.cpp, line 771]
Event: 26.392 Thread 0x0000021beda75bf0 Exception <a 'java/lang/NoSuchMethodError'{0x000000008cde5e68}: 'java.lang.Object java.lang.invoke.DirectMethodHandle$Holder.invokeStatic(java.lang.Object, java.lang.Object, int, java.lang.Object, java.lang.Object)'> (0x000000008cde5e68) 
thrown [s\src\hotspot\share\interpreter\linkResolver.cpp, line 771]
Event: 26.392 Thread 0x0000021beda76590 Exception <a 'java/lang/NoSuchMethodError'{0x000000008cdcc6f8}: 'java.lang.Object java.lang.invoke.DirectMethodHandle$Holder.invokeStatic(java.lang.Object, java.lang.Object, int, java.lang.Object, java.lang.Object)'> (0x000000008cdcc6f8) 
thrown [s\src\hotspot\share\interpreter\linkResolver.cpp, line 771]
Event: 26.392 Thread 0x0000021beda760c0 Exception <a 'java/lang/NoSuchMethodError'{0x000000008cdd8730}: 'java.lang.Object java.lang.invoke.DirectMethodHandle$Holder.invokeStatic(java.lang.Object, java.lang.Object, int, java.lang.Object, java.lang.Object)'> (0x000000008cdd8730) 
thrown [s\src\hotspot\share\interpreter\linkResolver.cpp, line 771]
Event: 26.392 Thread 0x0000021beda6ed40 Exception <a 'java/lang/NoSuchMethodError'{0x000000008cdbae90}: 'java.lang.Object java.lang.invoke.DirectMethodHandle$Holder.invokeStatic(java.lang.Object, java.lang.Object, int, java.lang.Object, java.lang.Object)'> (0x000000008cdbae90) 
thrown [s\src\hotspot\share\interpreter\linkResolver.cpp, line 771]
Event: 26.673 Thread 0x0000021beda6ed40 Exception <a 'java/lang/IncompatibleClassChangeError'{0x000000008bfc42e0}: Found class java.lang.Object, but interface was expected> (0x000000008bfc42e0) 
thrown [s\src\hotspot\share\interpreter\linkResolver.cpp, line 838]
Event: 26.673 Thread 0x0000021beda760c0 Exception <a 'java/lang/IncompatibleClassChangeError'{0x000000008bf7e208}: Found class java.lang.Object, but interface was expected> (0x000000008bf7e208) 
thrown [s\src\hotspot\share\interpreter\linkResolver.cpp, line 838]
Event: 26.673 Thread 0x0000021beda75bf0 Exception <a 'java/lang/IncompatibleClassChangeError'{0x000000008bfc6948}: Found class java.lang.Object, but interface was expected> (0x000000008bfc6948) 
thrown [s\src\hotspot\share\interpreter\linkResolver.cpp, line 838]
Event: 26.673 Thread 0x0000021beda76590 Exception <a 'java/lang/IncompatibleClassChangeError'{0x000000008c1eddf8}: Found class java.lang.Object, but interface was expected> (0x000000008c1eddf8) 
thrown [s\src\hotspot\share\interpreter\linkResolver.cpp, line 838]
Event: 26.674 Thread 0x0000021beda6ed40 Exception <a 'java/lang/IncompatibleClassChangeError'{0x000000008bfdd278}: Found class java.lang.Object, but interface was expected> (0x000000008bfdd278) 
thrown [s\src\hotspot\share\interpreter\linkResolver.cpp, line 838]
Event: 26.674 Thread 0x0000021beda76590 Exception <a 'java/lang/IncompatibleClassChangeError'{0x000000008c1f2530}: Found class java.lang.Object, but interface was expected> (0x000000008c1f2530) 
thrown [s\src\hotspot\share\interpreter\linkResolver.cpp, line 838]
Event: 26.822 Thread 0x0000021beda760c0 Exception <a 'java/lang/NoSuchMethodError'{0x000000008bc98208}: 'void java.lang.invoke.DirectMethodHandle$Holder.invokeSpecial(java.lang.Object, java.lang.Object, int, java.lang.Object)'> (0x000000008bc98208) 
thrown [s\src\hotspot\share\interpreter\linkResolver.cpp, line 771]
Event: 27.010 Thread 0x0000021beda75bf0 Exception <a 'java/lang/NoSuchMethodError'{0x000000008b9c5d80}: 'int java.lang.invoke.DirectMethodHandle$Holder.invokeSpecial(java.lang.Object, java.lang.Object, java.lang.Object, int, java.lang.Object)'> (0x000000008b9c5d80) 
thrown [s\src\hotspot\share\interpreter\linkResolver.cpp, line 771]
Event: 27.012 Thread 0x0000021beda6ed40 Exception <a 'java/lang/NoSuchMethodError'{0x000000008b9c2db8}: 'int java.lang.invoke.DirectMethodHandle$Holder.invokeSpecial(java.lang.Object, java.lang.Object, java.lang.Object, int, java.lang.Object)'> (0x000000008b9c2db8) 
thrown [s\src\hotspot\share\interpreter\linkResolver.cpp, line 771]
Event: 27.128 Thread 0x0000021beda760c0 Exception <a 'java/lang/NoSuchMethodError'{0x000000008b7e8500}: 'int java.lang.invoke.DirectMethodHandle$Holder.invokeSpecial(java.lang.Object, java.lang.Object, java.lang.Object, int)'> (0x000000008b7e8500) 
thrown [s\src\hotspot\share\interpreter\linkResolver.cpp, line 771]
Event: 27.498 Thread 0x0000021beda760c0 Exception <a 'java/lang/NoSuchMethodError'{0x000000008b54a198}: 'long java.lang.invoke.DirectMethodHandle$Holder.invokeStatic(java.lang.Object, java.lang.Object)'> (0x000000008b54a198) 
thrown [s\src\hotspot\share\interpreter\linkResolver.cpp, line 771]
Event: 28.543 Thread 0x0000021beda760c0 Implicit null exception at 0x0000021bd9b0bbe5 to 0x0000021bd9b0bde4

VM Operations (20 events):
Event: 27.508 Executing VM operation: HandshakeAllThreads
Event: 27.530 Executing VM operation: HandshakeAllThreads done
Event: 27.560 Executing VM operation: HandshakeAllThreads
Event: 27.560 Executing VM operation: HandshakeAllThreads done
Event: 27.745 Executing VM operation: ICBufferFull
Event: 27.811 Executing VM operation: ICBufferFull done
Event: 27.811 Executing VM operation: HandshakeAllThreads
Event: 27.812 Executing VM operation: HandshakeAllThreads done
Event: 27.822 Executing VM operation: HandshakeAllThreads
Event: 27.844 Executing VM operation: HandshakeAllThreads done
Event: 28.411 Executing VM operation: ICBufferFull
Event: 28.457 Executing VM operation: ICBufferFull done
Event: 28.538 Executing VM operation: HandshakeAllThreads
Event: 28.540 Executing VM operation: HandshakeAllThreads done
Event: 28.556 Executing VM operation: HandshakeAllThreads
Event: 28.562 Executing VM operation: HandshakeAllThreads done
Event: 28.563 Executing VM operation: HandshakeAllThreads
Event: 28.593 Executing VM operation: HandshakeAllThreads done
Event: 28.612 Executing VM operation: HandshakeAllThreads
Event: 28.612 Executing VM operation: HandshakeAllThreads done

Events (20 events):
Event: 24.687 loading class java/lang/reflect/GenericSignatureFormatError
Event: 24.688 loading class java/lang/reflect/GenericSignatureFormatError done
Event: 25.268 loading class java/util/concurrent/ConcurrentLinkedQueue$Itr
Event: 25.270 loading class java/util/concurrent/ConcurrentLinkedQueue$Itr done
Event: 25.842 Thread 0x0000021beda6fbb0 Thread exited: 0x0000021beda6fbb0
Event: 26.156 Thread 0x0000021be852efa0 flushing nmethod 0x0000021bd2ad8010
Event: 27.002 loading class java/util/IdentityHashMap$ValueIterator
Event: 27.003 loading class java/util/IdentityHashMap$ValueIterator done
Event: 27.151 loading class java/util/SortedSet$1
Event: 27.152 loading class java/util/SortedSet$1 done
Event: 27.267 loading class java/util/stream/SliceOps
Event: 27.337 loading class java/util/stream/SliceOps done
Event: 27.338 loading class java/util/stream/SliceOps$1
Event: 27.345 loading class java/util/stream/SliceOps$1 done
Event: 27.348 loading class java/util/stream/SliceOps$1$1
Event: 27.348 loading class java/util/stream/SliceOps$1$1 done
Event: 28.633 loading class java/util/AbstractList$SubList
Event: 28.635 loading class java/util/AbstractList$SubList done
Event: 28.635 loading class java/util/AbstractList$SubList$1
Event: 28.636 loading class java/util/AbstractList$SubList$1 done


Dynamic libraries:
0x00007ff7ec390000 - 0x00007ff7ec39a000 	C:\Program Files\Android\Android Studio\jbr\bin\java.exe
0x00007ffb43930000 - 0x00007ffb43b28000 	C:\WINDOWS\SYSTEM32\ntdll.dll
0x00007ffb42020000 - 0x00007ffb420dd000 	C:\WINDOWS\System32\KERNEL32.DLL
0x00007ffb41140000 - 0x00007ffb41436000 	C:\WINDOWS\System32\KERNELBASE.dll
0x00007ffb41530000 - 0x00007ffb41630000 	C:\WINDOWS\System32\ucrtbase.dll
0x00007ffb3ad80000 - 0x00007ffb3ad97000 	C:\Program Files\Android\Android Studio\jbr\bin\jli.dll
0x00007ffb42830000 - 0x00007ffb429ce000 	C:\WINDOWS\System32\USER32.dll
0x00007ffb41960000 - 0x00007ffb41982000 	C:\WINDOWS\System32\win32u.dll
0x00007ffb435b0000 - 0x00007ffb435dc000 	C:\WINDOWS\System32\GDI32.dll
0x00007ffb41840000 - 0x00007ffb4195a000 	C:\WINDOWS\System32\gdi32full.dll
0x00007ffb41010000 - 0x00007ffb410ad000 	C:\WINDOWS\System32\msvcp_win.dll
0x00007ffb3e140000 - 0x00007ffb3e15b000 	C:\Program Files\Android\Android Studio\jbr\bin\VCRUNTIME140.dll
0x00007ffb2eab0000 - 0x00007ffb2ed4a000 	C:\WINDOWS\WinSxS\amd64_microsoft.windows.common-controls_6595b64144ccf1df_6.0.19041.3636_none_60b6a03d71f818d5\COMCTL32.dll
0x00007ffb43820000 - 0x00007ffb438be000 	C:\WINDOWS\System32\msvcrt.dll
0x00007ffb433f0000 - 0x00007ffb43420000 	C:\WINDOWS\System32\IMM32.DLL
0x00007ffb3e130000 - 0x00007ffb3e13c000 	C:\Program Files\Android\Android Studio\jbr\bin\vcruntime140_1.dll
0x00007ffb0e870000 - 0x00007ffb0e8fd000 	C:\Program Files\Android\Android Studio\jbr\bin\msvcp140.dll
0x00007ffb07a20000 - 0x00007ffb0868e000 	C:\Program Files\Android\Android Studio\jbr\bin\server\jvm.dll
0x00007ffb435e0000 - 0x00007ffb4368f000 	C:\WINDOWS\System32\ADVAPI32.dll
0x00007ffb42b70000 - 0x00007ffb42c0c000 	C:\WINDOWS\System32\sechost.dll
0x00007ffb41ef0000 - 0x00007ffb42016000 	C:\WINDOWS\System32\RPCRT4.dll
0x00007ffb3e3e0000 - 0x00007ffb3e3e9000 	C:\WINDOWS\SYSTEM32\WSOCK32.dll
0x00007ffb429d0000 - 0x00007ffb42a3b000 	C:\WINDOWS\System32\WS2_32.dll
0x00007ffb21b80000 - 0x00007ffb21ba7000 	C:\WINDOWS\SYSTEM32\WINMM.dll
0x00007ffb327a0000 - 0x00007ffb327aa000 	C:\WINDOWS\SYSTEM32\VERSION.dll
0x00007ffb3f860000 - 0x00007ffb3f872000 	C:\WINDOWS\SYSTEM32\kernel.appcore.dll
0x00007ffb3e3d0000 - 0x00007ffb3e3da000 	C:\Program Files\Android\Android Studio\jbr\bin\jimage.dll
0x00007ffb3ee20000 - 0x00007ffb3f004000 	C:\WINDOWS\SYSTEM32\DBGHELP.DLL
0x00007ffb2a060000 - 0x00007ffb2a094000 	C:\WINDOWS\SYSTEM32\dbgcore.DLL
0x00007ffb410b0000 - 0x00007ffb41132000 	C:\WINDOWS\System32\bcryptPrimitives.dll
0x00007ffb3ae00000 - 0x00007ffb3ae25000 	C:\Program Files\Android\Android Studio\jbr\bin\java.dll
0x00007ffb3e2b0000 - 0x00007ffb3e2c8000 	C:\Program Files\Android\Android Studio\jbr\bin\zip.dll
0x00007ffb420e0000 - 0x00007ffb42824000 	C:\WINDOWS\System32\SHELL32.dll
0x00007ffb3f010000 - 0x00007ffb3f7ab000 	C:\WINDOWS\SYSTEM32\windows.storage.dll
0x00007ffb42c10000 - 0x00007ffb42f64000 	C:\WINDOWS\System32\combase.dll
0x00007ffb409e0000 - 0x00007ffb40a0d000 	C:\WINDOWS\SYSTEM32\Wldp.dll
0x00007ffb42ac0000 - 0x00007ffb42b6d000 	C:\WINDOWS\System32\SHCORE.dll
0x00007ffb43420000 - 0x00007ffb43475000 	C:\WINDOWS\System32\shlwapi.dll
0x00007ffb40f40000 - 0x00007ffb40f65000 	C:\WINDOWS\SYSTEM32\profapi.dll
0x00007ffb3c970000 - 0x00007ffb3c989000 	C:\Program Files\Android\Android Studio\jbr\bin\net.dll
0x00007ffb32590000 - 0x00007ffb3269a000 	C:\WINDOWS\SYSTEM32\WINHTTP.dll
0x00007ffb406e0000 - 0x00007ffb4074a000 	C:\WINDOWS\system32\mswsock.dll
0x00007ffb3c690000 - 0x00007ffb3c6a6000 	C:\Program Files\Android\Android Studio\jbr\bin\nio.dll
0x00007ffb3e010000 - 0x00007ffb3e020000 	C:\Program Files\Android\Android Studio\jbr\bin\verify.dll
0x00007ffb38d80000 - 0x00007ffb38da7000 	C:\Users\caot4\.gradle\native\68d5fa5c4cc2d200863cafc0d521ce42e7d3e7ee720ec0a83991735586a16f82\windows-amd64\native-platform.dll
0x00007ffb0e260000 - 0x00007ffb0e3a4000 	C:\Users\caot4\.gradle\native\e376f236ea51e6404a007f0833ffe2c6e607c4080706a723a18a27aeea778392\windows-amd64\native-platform-file-events.dll
0x00007ffb3cb80000 - 0x00007ffb3cb89000 	C:\Program Files\Android\Android Studio\jbr\bin\management.dll
0x00007ffb3cb60000 - 0x00007ffb3cb6b000 	C:\Program Files\Android\Android Studio\jbr\bin\management_ext.dll
0x00007ffb438e0000 - 0x00007ffb438e8000 	C:\WINDOWS\System32\PSAPI.DLL
0x00007ffb40940000 - 0x00007ffb40958000 	C:\WINDOWS\SYSTEM32\CRYPTSP.dll
0x00007ffb40010000 - 0x00007ffb40044000 	C:\WINDOWS\system32\rsaenh.dll
0x00007ffb41440000 - 0x00007ffb41467000 	C:\WINDOWS\System32\bcrypt.dll
0x00007ffb40f00000 - 0x00007ffb40f2e000 	C:\WINDOWS\SYSTEM32\USERENV.dll
0x00007ffb40930000 - 0x00007ffb4093c000 	C:\WINDOWS\SYSTEM32\CRYPTBASE.dll
0x00007ffb403d0000 - 0x00007ffb4040b000 	C:\WINDOWS\SYSTEM32\IPHLPAPI.DLL
0x00007ffb43480000 - 0x00007ffb43488000 	C:\WINDOWS\System32\NSI.dll
0x00007ffb35e40000 - 0x00007ffb35e57000 	C:\WINDOWS\SYSTEM32\dhcpcsvc6.DLL
0x00007ffb379c0000 - 0x00007ffb379dd000 	C:\WINDOWS\SYSTEM32\dhcpcsvc.DLL
0x00007ffb40410000 - 0x00007ffb404da000 	C:\WINDOWS\SYSTEM32\DNSAPI.dll
0x00007ffb3c760000 - 0x00007ffb3c767000 	C:\WINDOWS\system32\wshunix.dll

dbghelp: loaded successfully - version: 4.0.5 - missing functions: none
symbol engine: initialized successfully - sym options: 0x614 - pdb path: .;C:\Program Files\Android\Android Studio\jbr\bin;C:\WINDOWS\SYSTEM32;C:\WINDOWS\WinSxS\amd64_microsoft.windows.common-controls_6595b64144ccf1df_6.0.19041.3636_none_60b6a03d71f818d5;C:\Program Files\Android\Android Studio\jbr\bin\server;C:\Users\caot4\.gradle\native\68d5fa5c4cc2d200863cafc0d521ce42e7d3e7ee720ec0a83991735586a16f82\windows-amd64;C:\Users\caot4\.gradle\native\e376f236ea51e6404a007f0833ffe2c6e607c4080706a723a18a27aeea778392\windows-amd64

VM Arguments:
jvm_args: --add-opens=java.base/java.util=ALL-UNNAMED --add-opens=java.base/java.lang=ALL-UNNAMED --add-opens=java.base/java.lang.invoke=ALL-UNNAMED --add-opens=java.prefs/java.util.prefs=ALL-UNNAMED --add-opens=java.base/java.nio.charset=ALL-UNNAMED --add-opens=java.base/java.net=ALL-UNNAMED --add-opens=java.base/java.util.concurrent.atomic=ALL-UNNAMED -Xmx2048m -Dfile.encoding=UTF-8 -Duser.country=US -Duser.language=en -Duser.variant 
java_command: org.gradle.launcher.daemon.bootstrap.GradleDaemon 8.0
java_class_path (initial): C:\Users\caot4\.gradle\wrapper\dists\gradle-8.0-bin\ca5e32bp14vu59qr306oxotwh\gradle-8.0\lib\gradle-launcher-8.0.jar
Launcher Type: SUN_STANDARD

[Global flags]
     intx CICompilerCount                          = 3                                         {product} {ergonomic}
     uint ConcGCThreads                            = 1                                         {product} {ergonomic}
     uint G1ConcRefinementThreads                  = 4                                         {product} {ergonomic}
   size_t G1HeapRegionSize                         = 1048576                                   {product} {ergonomic}
    uintx GCDrainStackTargetSize                   = 64                                        {product} {ergonomic}
   size_t InitialHeapSize                          = 132120576                                 {product} {ergonomic}
   size_t MarkStackSize                            = 4194304                                   {product} {ergonomic}
   size_t MaxHeapSize                              = 2147483648                                {product} {command line}
   size_t MaxNewSize                               = 1287651328                                {product} {ergonomic}
   size_t MinHeapDeltaBytes                        = 1048576                                   {product} {ergonomic}
   size_t MinHeapSize                              = 8388608                                   {product} {ergonomic}
    uintx NonNMethodCodeHeapSize                   = 5832780                                {pd product} {ergonomic}
    uintx NonProfiledCodeHeapSize                  = 122912730                              {pd product} {ergonomic}
    uintx ProfiledCodeHeapSize                     = 122912730                              {pd product} {ergonomic}
    uintx ReservedCodeCacheSize                    = 251658240                              {pd product} {ergonomic}
     bool SegmentedCodeCache                       = true                                      {product} {ergonomic}
   size_t SoftMaxHeapSize                          = 2147483648                             {manageable} {ergonomic}
     bool UseCompressedClassPointers               = true                           {product lp64_product} {ergonomic}
     bool UseCompressedOops                        = true                           {product lp64_product} {ergonomic}
     bool UseG1GC                                  = true                                      {product} {ergonomic}
     bool UseLargePagesIndividualAllocation        = false                                  {pd product} {ergonomic}

Logging:
Log output configuration:
 #0: stdout all=warning uptime,level,tags
 #1: stderr all=off uptime,level,tags

Environment Variables:
PATH=C:\Program Files\Microsoft MPI\Bin\;C:\Program Files\Microsoft\jdk-11.0.16.101-hotspot\bin;C:\Program Files (x86)\NVIDIA Corporation\PhysX\Common;C:\WINDOWS\system32;C:\WINDOWS;C:\WINDOWS\System32\Wbem;C:\WINDOWS\System32\WindowsPowerShell\v1.0\;C:\WINDOWS\System32\OpenSSH\;C:\Program Files (x86)\dotnet\;C:\Program Files\Git\cmd;C:\Program Files\dotnet\;C:\Program Files\Azure Data Studio\bin;C:\Program Files (x86)\Microsoft SQL Server\160\Tools\Binn\;C:\Program Files\Microsoft SQL Server\160\Tools\Binn\;C:\Program Files\Microsoft SQL Server\Client SDK\ODBC\170\Tools\Binn\;C:\Program Files\Microsoft SQL Server\160\DTS\Binn\;C:\Program Files (x86)\Microsoft SQL Server\160\DTS\Binn\;C:\Program Files\Microsoft SQL Server\150\Tools\Binn\;C:\Program Files\dotnet;C:\Users\caot4\.dotnet\tools;C:\Users\caot4\.dnx\bin;C:\Users\caot4\AppData\Local\Microsoft\WindowsApps;C:\Program Files\Azure Data Studio\bin;C:\Users\caot4\.dotnet\tools;C:\Users\caot4\AppData\Local\Programs\Microsoft VS Code\bin;C:\Users\caot4\AppData\Local\GitHubDesktop\bin;;C:\Program Files\Azure Data Studio\bin
USERNAME=caot4
OS=Windows_NT
PROCESSOR_IDENTIFIER=Intel64 Family 6 Model 126 Stepping 5, GenuineIntel
TMP=C:\Users\caot4\AppData\Local\Temp
TEMP=C:\Users\caot4\AppData\Local\Temp


JNI global refs:
JNI global refs: 27, weak refs: 2

JNI global refs memory usage: 843, weak refs: 841


---------------  S Y S T E M  ---------------

OS:
 Windows 10 , 64 bit Build 19041 (10.0.19041.3636)
OS uptime: 0 days 21:45 hours

CPU: total 4 (initial active 4) (2 cores per cpu, 2 threads per core) family 6 model 126 stepping 5 microcode 0xa0, cx8, cmov, fxsr, ht, mmx, 3dnowpref, sse, sse2, sse3, ssse3, sse4.1, sse4.2, popcnt, lzcnt, tsc, tscinvbit, avx, avx2, aes, erms, clmul, bmi1, bmi2, adx, avx512f, avx512dq, avx512cd, avx512bw, avx512vl, sha, fma, vzeroupper, avx512_vpopcntdq, avx512_vpclmulqdq, avx512_vaes, avx512_vnni, clflush, clflushopt, avx512_vbmi2, avx512_vbmi

Memory: 4k page, system-wide physical 7998M (431M free)
TotalPageFile size 12094M (AvailPageFile size 3M)
current process WorkingSet (physical memory assigned to process): 413M, peak: 415M
current process commit charge ("private bytes"): 582M, peak: 583M

vm_info: OpenJDK 64-Bit Server VM (17.0.6+0-b2043.56-10027231) for windows-amd64 JRE (17.0.6+0-b2043.56-10027231), built on Apr 28 2023 00:43:19 by "androidbuild" with MS VC++ 16.10 / 16.11 (VS2019)

END.
