#
# There is insufficient memory for the Java Runtime Environment to continue.
# Native memory allocation (mmap) failed to map 196083712 bytes for G1 virtual space
# Possible reasons:
#   The system is out of physical RAM or swap space
#   The process is running with CompressedOops enabled, and the Java Heap may be blocking the growth of the native heap
# Possible solutions:
#   Reduce memory load on the system
#   Increase physical memory or swap space
#   Check if swap backing store is full
#   Decrease Java heap size (-Xmx/-Xms)
#   Decrease number of Java threads
#   Decrease Java thread stack sizes (-Xss)
#   Set larger code cache with -XX:ReservedCodeCacheSize=
#   JVM is running with Unscaled Compressed Oops mode in which the Java heap is
#     placed in the first 4GB address space. The Java Heap base address is the
#     maximum limit for the native heap growth. Please use -XX:HeapBaseMinAddress
#     to set the Java Heap base and to place the Java Heap above 4GB virtual address.
# This output file may be truncated or incomplete.
#
#  Out of Memory Error (os_windows.cpp:3769), pid=8944, tid=4836
#
# JRE version: OpenJDK Runtime Environment (17.0.6) (build 17.0.6+0-b2043.56-10027231)
# Java VM: OpenJDK 64-Bit Server VM (17.0.6+0-b2043.56-10027231, mixed mode, tiered, compressed oops, compressed class ptrs, g1 gc, windows-amd64)
# No core dump will be written. Minidumps are not enabled by default on client versions of Windows
#

---------------  S U M M A R Y ------------

Command Line: --add-opens=java.base/java.util=ALL-UNNAMED --add-opens=java.base/java.lang=ALL-UNNAMED --add-opens=java.base/java.lang.invoke=ALL-UNNAMED --add-opens=java.prefs/java.util.prefs=ALL-UNNAMED --add-opens=java.base/java.nio.charset=ALL-UNNAMED --add-opens=java.base/java.net=ALL-UNNAMED --add-opens=java.base/java.util.concurrent.atomic=ALL-UNNAMED -Xmx2048m -Dfile.encoding=UTF-8 -Duser.country=US -Duser.language=en -Duser.variant org.gradle.launcher.daemon.bootstrap.GradleDaemon 8.0

Host: Intel(R) Core(TM) i3-1005G1 CPU @ 1.20GHz, 4 cores, 7G,  Windows 10 , 64 bit Build 19041 (10.0.19041.3636)
Time: Sat Nov 25 19:08:02 2023 SE Asia Standard Time elapsed time: 36.161966 seconds (0d 0h 0m 36s)

---------------  T H R E A D  ---------------

Current thread (0x0000025e7fd8a460):  VMThread "VM Thread" [stack: 0x000000e021400000,0x000000e021500000] [id=4836]

Stack: [0x000000e021400000,0x000000e021500000]
Native frames: (J=compiled Java code, j=interpreted, Vv=VM code, C=native code)
V  [jvm.dll+0x683c9a]
V  [jvm.dll+0x8427a4]
V  [jvm.dll+0x843f9e]
V  [jvm.dll+0x844603]
V  [jvm.dll+0x249b75]
V  [jvm.dll+0x680b69]
V  [jvm.dll+0x67505a]
V  [jvm.dll+0x309acb]
V  [jvm.dll+0x310f86]
V  [jvm.dll+0x3608ee]
V  [jvm.dll+0x360b1f]
V  [jvm.dll+0x2dfbf8]
V  [jvm.dll+0x2ddec4]
V  [jvm.dll+0x2dd4cc]
V  [jvm.dll+0x321f3b]
V  [jvm.dll+0x848ccb]
V  [jvm.dll+0x849a04]
V  [jvm.dll+0x849f1d]
V  [jvm.dll+0x84a2f4]
V  [jvm.dll+0x84a3c0]
V  [jvm.dll+0x7f274a]
V  [jvm.dll+0x682ad5]
C  [ucrtbase.dll+0x21bb2]
C  [KERNEL32.DLL+0x17344]
C  [ntdll.dll+0x526b1]

VM_Operation (0x000000e026df7ab0): G1CollectForAllocation, mode: safepoint, requested by thread 0x0000025e1540c3e0


---------------  P R O C E S S  ---------------

Threads class SMR info:
_java_thread_list=0x0000025e126d3580, length=97, elements={
0x0000025e7368dfd0, 0x0000025e7fdae620, 0x0000025e7fdb30f0, 0x0000025e7fdca8c0,
0x0000025e7fdcd590, 0x0000025e7fdce5f0, 0x0000025e7fdc4ba0, 0x0000025e7fdc8c90,
0x0000025e0f82f7c0, 0x0000025e0f8390a0, 0x0000025e0f99a890, 0x0000025e0f99f180,
0x0000025e1072f120, 0x0000025e10d852b0, 0x0000025e11267120, 0x0000025e12bc8450,
0x0000025e11d06040, 0x0000025e0f8389e0, 0x0000025e12653010, 0x0000025e10e86bf0,
0x0000025e10e870c0, 0x0000025e10e85d80, 0x0000025e10e87a60, 0x0000025e10e853e0,
0x0000025e10e86720, 0x0000025e10e86250, 0x0000025e10e87590, 0x0000025e10e84a40,
0x0000025e10e84f10, 0x0000025e10e858b0, 0x0000025e13a3a520, 0x0000025e13a3a9f0,
0x0000025e13a391e0, 0x0000025e13a37030, 0x0000025e13a38d10, 0x0000025e13a37500,
0x0000025e13a38840, 0x0000025e1346b360, 0x0000025e1346a4f0, 0x0000025e13467e70,
0x0000025e1346a9c0, 0x0000025e13468ce0, 0x0000025e13466190, 0x0000025e13466660,
0x0000025e1346d9e0, 0x0000025e13468340, 0x0000025e1346ae90, 0x0000025e1346bd00,
0x0000025e134691b0, 0x0000025e13466b30, 0x0000025e1346c1d0, 0x0000025e1346d040,
0x0000025e1346cb70, 0x0000025e13467000, 0x0000025e134674d0, 0x0000025e134679a0,
0x0000025e13469680, 0x0000025e13469b50, 0x0000025e1346a020, 0x0000025e15874730,
0x0000025e15876410, 0x0000025e158738c0, 0x0000025e15876db0, 0x0000025e15877c20,
0x0000025e158780f0, 0x0000025e15873d90, 0x0000025e15874c00, 0x0000025e15874260,
0x0000025e1587a770, 0x0000025e158750d0, 0x0000025e15875a70, 0x0000025e158768e0,
0x0000025e158755a0, 0x0000025e15878a90, 0x0000025e15875f40, 0x0000025e15877280,
0x0000025e15877750, 0x0000025e158785c0, 0x0000025e1587a2a0, 0x0000025e158733f0,
0x0000025e15879900, 0x0000025e15879dd0, 0x0000025e17c1d540, 0x0000025e17c1b390,
0x0000025e1540c3e0, 0x0000025e1540b570, 0x0000025e15409d60, 0x0000025e15407210,
0x0000025e1540a700, 0x0000025e15405060, 0x0000025e15408ef0, 0x0000025e154093c0,
0x0000025e15409890, 0x0000025e15405a00, 0x0000025e1540bf10, 0x0000025e1540c8b0,
0x0000025e15405530
}

Java Threads: ( => current thread )
  0x0000025e7368dfd0 JavaThread "main" [_thread_blocked, id=5248, stack(0x000000e020e00000,0x000000e020f00000)]
  0x0000025e7fdae620 JavaThread "Reference Handler" daemon [_thread_blocked, id=3336, stack(0x000000e021500000,0x000000e021600000)]
  0x0000025e7fdb30f0 JavaThread "Finalizer" daemon [_thread_blocked, id=6852, stack(0x000000e021600000,0x000000e021700000)]
  0x0000025e7fdca8c0 JavaThread "Signal Dispatcher" daemon [_thread_blocked, id=8812, stack(0x000000e021700000,0x000000e021800000)]
  0x0000025e7fdcd590 JavaThread "Attach Listener" daemon [_thread_blocked, id=9212, stack(0x000000e021800000,0x000000e021900000)]
  0x0000025e7fdce5f0 JavaThread "Service Thread" daemon [_thread_blocked, id=5176, stack(0x000000e021900000,0x000000e021a00000)]
  0x0000025e7fdc4ba0 JavaThread "Monitor Deflation Thread" daemon [_thread_blocked, id=9960, stack(0x000000e021a00000,0x000000e021b00000)]
  0x0000025e7fdc8c90 JavaThread "C2 CompilerThread0" daemon [_thread_in_native, id=2940, stack(0x000000e021b00000,0x000000e021c00000)]
  0x0000025e0f82f7c0 JavaThread "C1 CompilerThread0" daemon [_thread_blocked, id=6936, stack(0x000000e021c00000,0x000000e021d00000)]
  0x0000025e0f8390a0 JavaThread "Sweeper thread" daemon [_thread_blocked, id=9056, stack(0x000000e021d00000,0x000000e021e00000)]
  0x0000025e0f99a890 JavaThread "Common-Cleaner" daemon [_thread_blocked, id=7396, stack(0x000000e021e00000,0x000000e021f00000)]
  0x0000025e0f99f180 JavaThread "Notification Thread" daemon [_thread_blocked, id=7376, stack(0x000000e021f00000,0x000000e022000000)]
  0x0000025e1072f120 JavaThread "Daemon health stats" [_thread_blocked, id=1556, stack(0x000000e022500000,0x000000e022600000)]
  0x0000025e10d852b0 JavaThread "Incoming local TCP Connector on port 58380" [_thread_in_native, id=4164, stack(0x000000e022400000,0x000000e022500000)]
  0x0000025e11267120 JavaThread "Daemon periodic checks" [_thread_blocked, id=7384, stack(0x000000e022600000,0x000000e022700000)]
  0x0000025e12bc8450 JavaThread "Daemon" [_thread_blocked, id=828, stack(0x000000e022700000,0x000000e022800000)]
  0x0000025e11d06040 JavaThread "Handler for socket connection from /127.0.0.1:58380 to /127.0.0.1:58381" [_thread_in_native, id=2296, stack(0x000000e022800000,0x000000e022900000)]
  0x0000025e0f8389e0 JavaThread "Cancel handler" [_thread_blocked, id=7748, stack(0x000000e022900000,0x000000e022a00000)]
  0x0000025e12653010 JavaThread "Daemon worker" [_thread_blocked, id=6968, stack(0x000000e022a00000,0x000000e022b00000)]
  0x0000025e10e86bf0 JavaThread "Asynchronous log dispatcher for DefaultDaemonConnection: socket connection from /127.0.0.1:58380 to /127.0.0.1:58381" [_thread_blocked, id=6252, stack(0x000000e022b00000,0x000000e022c00000)]
  0x0000025e10e870c0 JavaThread "Stdin handler" [_thread_blocked, id=5664, stack(0x000000e022c00000,0x000000e022d00000)]
  0x0000025e10e85d80 JavaThread "Daemon client event forwarder" [_thread_blocked, id=6212, stack(0x000000e022d00000,0x000000e022e00000)]
  0x0000025e10e87a60 JavaThread "Cache worker for journal cache (C:\Users\caot4\.gradle\caches\journal-1)" [_thread_blocked, id=3720, stack(0x000000e022e00000,0x000000e022f00000)]
  0x0000025e10e853e0 JavaThread "File lock request listener" [_thread_in_native, id=5484, stack(0x000000e022f00000,0x000000e023000000)]
  0x0000025e10e86720 JavaThread "Cache worker for file hash cache (C:\Users\caot4\.gradle\caches\8.0\fileHashes)" [_thread_blocked, id=7176, stack(0x000000e023000000,0x000000e023100000)]
  0x0000025e10e86250 JavaThread "File watcher server" daemon [_thread_blocked, id=8968, stack(0x000000e023200000,0x000000e023300000)]
  0x0000025e10e87590 JavaThread "File watcher consumer" daemon [_thread_blocked, id=6868, stack(0x000000e023300000,0x000000e023400000)]
  0x0000025e10e84a40 JavaThread "Cache worker for checksums cache (D:\FinalVersion\.gradle\8.0\checksums)" [_thread_blocked, id=9208, stack(0x000000e023400000,0x000000e023500000)]
  0x0000025e10e84f10 JavaThread "Cache worker for cache directory md-rule (C:\Users\caot4\.gradle\caches\8.0\md-rule)" [_thread_blocked, id=4596, stack(0x000000e023500000,0x000000e023600000)]
  0x0000025e10e858b0 JavaThread "Cache worker for file content cache (C:\Users\caot4\.gradle\caches\8.0\fileContent)" [_thread_blocked, id=5564, stack(0x000000e023600000,0x000000e023700000)]
  0x0000025e13a3a520 JavaThread "Cache worker for file hash cache (D:\FinalVersion\.gradle\8.0\fileHashes)" [_thread_blocked, id=3112, stack(0x000000e023700000,0x000000e023800000)]
  0x0000025e13a3a9f0 JavaThread "Cache worker for cache directory md-supplier (C:\Users\caot4\.gradle\caches\8.0\md-supplier)" [_thread_blocked, id=9868, stack(0x000000e023800000,0x000000e023900000)]
  0x0000025e13a391e0 JavaThread "Cache worker for execution history cache (C:\Users\caot4\.gradle\caches\8.0\executionHistory)" [_thread_blocked, id=9304, stack(0x000000e023900000,0x000000e023a00000)]
  0x0000025e13a37030 JavaThread "jar transforms" [_thread_blocked, id=8768, stack(0x000000e023a00000,0x000000e023b00000)]
  0x0000025e13a38d10 JavaThread "jar transforms Thread 2" [_thread_blocked, id=856, stack(0x000000e023b00000,0x000000e023c00000)]
  0x0000025e13a37500 JavaThread "Cache worker for kotlin-dsl (C:\Users\caot4\.gradle\caches\8.0\kotlin-dsl)" [_thread_blocked, id=5528, stack(0x000000e023c00000,0x000000e023d00000)]
  0x0000025e13a38840 JavaThread "jar transforms Thread 3" [_thread_blocked, id=3480, stack(0x000000e023d00000,0x000000e023e00000)]
  0x0000025e1346b360 JavaThread "jar transforms Thread 4" [_thread_blocked, id=2212, stack(0x000000e023e00000,0x000000e023f00000)]
  0x0000025e1346a4f0 JavaThread "Cache worker for dependencies-accessors (D:\FinalVersion\.gradle\8.0\dependencies-accessors)" [_thread_blocked, id=9452, stack(0x000000e023f00000,0x000000e024000000)]
  0x0000025e13467e70 JavaThread "Cache worker for Build Output Cleanup Cache (D:\FinalVersion\.gradle\buildOutputCleanup)" [_thread_blocked, id=9028, stack(0x000000e023100000,0x000000e023200000)]
  0x0000025e1346a9c0 JavaThread "Unconstrained build operations" [_thread_blocked, id=8280, stack(0x000000e024100000,0x000000e024200000)]
  0x0000025e13468ce0 JavaThread "Unconstrained build operations Thread 2" [_thread_blocked, id=7100, stack(0x000000e024200000,0x000000e024300000)]
  0x0000025e13466190 JavaThread "Unconstrained build operations Thread 3" [_thread_blocked, id=7916, stack(0x000000e024300000,0x000000e024400000)]
  0x0000025e13466660 JavaThread "Unconstrained build operations Thread 4" [_thread_blocked, id=6056, stack(0x000000e024400000,0x000000e024500000)]
  0x0000025e1346d9e0 JavaThread "Unconstrained build operations Thread 5" [_thread_blocked, id=5660, stack(0x000000e024500000,0x000000e024600000)]
  0x0000025e13468340 JavaThread "Unconstrained build operations Thread 6" [_thread_blocked, id=8124, stack(0x000000e024600000,0x000000e024700000)]
  0x0000025e1346ae90 JavaThread "Unconstrained build operations Thread 7" [_thread_blocked, id=3788, stack(0x000000e024700000,0x000000e024800000)]
  0x0000025e1346bd00 JavaThread "Unconstrained build operations Thread 8" [_thread_blocked, id=6108, stack(0x000000e024800000,0x000000e024900000)]
  0x0000025e134691b0 JavaThread "Unconstrained build operations Thread 9" [_thread_blocked, id=7700, stack(0x000000e024900000,0x000000e024a00000)]
  0x0000025e13466b30 JavaThread "Unconstrained build operations Thread 10" [_thread_blocked, id=8140, stack(0x000000e024a00000,0x000000e024b00000)]
  0x0000025e1346c1d0 JavaThread "Unconstrained build operations Thread 11" [_thread_blocked, id=3272, stack(0x000000e024b00000,0x000000e024c00000)]
  0x0000025e1346d040 JavaThread "Unconstrained build operations Thread 12" [_thread_blocked, id=3912, stack(0x000000e024c00000,0x000000e024d00000)]
  0x0000025e1346cb70 JavaThread "Unconstrained build operations Thread 13" [_thread_blocked, id=264, stack(0x000000e024d00000,0x000000e024e00000)]
  0x0000025e13467000 JavaThread "Unconstrained build operations Thread 14" [_thread_blocked, id=7048, stack(0x000000e024e00000,0x000000e024f00000)]
  0x0000025e134674d0 JavaThread "Unconstrained build operations Thread 15" [_thread_blocked, id=9664, stack(0x000000e024f00000,0x000000e025000000)]
  0x0000025e134679a0 JavaThread "Unconstrained build operations Thread 16" [_thread_blocked, id=5072, stack(0x000000e025000000,0x000000e025100000)]
  0x0000025e13469680 JavaThread "Unconstrained build operations Thread 17" [_thread_blocked, id=7816, stack(0x000000e025100000,0x000000e025200000)]
  0x0000025e13469b50 JavaThread "Unconstrained build operations Thread 18" [_thread_blocked, id=7432, stack(0x000000e025200000,0x000000e025300000)]
  0x0000025e1346a020 JavaThread "Unconstrained build operations Thread 19" [_thread_blocked, id=3740, stack(0x000000e025300000,0x000000e025400000)]
  0x0000025e15874730 JavaThread "Unconstrained build operations Thread 20" [_thread_blocked, id=9536, stack(0x000000e025400000,0x000000e025500000)]
  0x0000025e15876410 JavaThread "Unconstrained build operations Thread 21" [_thread_blocked, id=10024, stack(0x000000e025500000,0x000000e025600000)]
  0x0000025e158738c0 JavaThread "Unconstrained build operations Thread 22" [_thread_blocked, id=944, stack(0x000000e025600000,0x000000e025700000)]
  0x0000025e15876db0 JavaThread "Unconstrained build operations Thread 23" [_thread_blocked, id=6288, stack(0x000000e025700000,0x000000e025800000)]
  0x0000025e15877c20 JavaThread "Unconstrained build operations Thread 24" [_thread_blocked, id=3668, stack(0x000000e025800000,0x000000e025900000)]
  0x0000025e158780f0 JavaThread "Unconstrained build operations Thread 25" [_thread_blocked, id=8784, stack(0x000000e025900000,0x000000e025a00000)]
  0x0000025e15873d90 JavaThread "Unconstrained build operations Thread 26" [_thread_blocked, id=2588, stack(0x000000e025a00000,0x000000e025b00000)]
  0x0000025e15874c00 JavaThread "Unconstrained build operations Thread 27" [_thread_blocked, id=8116, stack(0x000000e025b00000,0x000000e025c00000)]
  0x0000025e15874260 JavaThread "Unconstrained build operations Thread 28" [_thread_blocked, id=5944, stack(0x000000e025c00000,0x000000e025d00000)]
  0x0000025e1587a770 JavaThread "Unconstrained build operations Thread 29" [_thread_blocked, id=3476, stack(0x000000e025d00000,0x000000e025e00000)]
  0x0000025e158750d0 JavaThread "Unconstrained build operations Thread 30" [_thread_blocked, id=8500, stack(0x000000e025e00000,0x000000e025f00000)]
  0x0000025e15875a70 JavaThread "Unconstrained build operations Thread 31" [_thread_blocked, id=9060, stack(0x000000e025f00000,0x000000e026000000)]
  0x0000025e158768e0 JavaThread "Unconstrained build operations Thread 32" [_thread_blocked, id=7944, stack(0x000000e026000000,0x000000e026100000)]
  0x0000025e158755a0 JavaThread "Unconstrained build operations Thread 33" [_thread_blocked, id=7872, stack(0x000000e026100000,0x000000e026200000)]
  0x0000025e15878a90 JavaThread "Unconstrained build operations Thread 34" [_thread_blocked, id=8368, stack(0x000000e026200000,0x000000e026300000)]
  0x0000025e15875f40 JavaThread "Unconstrained build operations Thread 35" [_thread_blocked, id=4200, stack(0x000000e026300000,0x000000e026400000)]
  0x0000025e15877280 JavaThread "Unconstrained build operations Thread 36" [_thread_blocked, id=7224, stack(0x000000e026400000,0x000000e026500000)]
  0x0000025e15877750 JavaThread "Unconstrained build operations Thread 37" [_thread_blocked, id=6952, stack(0x000000e026500000,0x000000e026600000)]
  0x0000025e158785c0 JavaThread "Unconstrained build operations Thread 38" [_thread_blocked, id=2760, stack(0x000000e026600000,0x000000e026700000)]
  0x0000025e1587a2a0 JavaThread "Unconstrained build operations Thread 39" [_thread_blocked, id=3180, stack(0x000000e026700000,0x000000e026800000)]
  0x0000025e158733f0 JavaThread "Unconstrained build operations Thread 40" [_thread_blocked, id=2508, stack(0x000000e026800000,0x000000e026900000)]
  0x0000025e15879900 JavaThread "build event listener" [_thread_blocked, id=2484, stack(0x000000e026900000,0x000000e026a00000)]
  0x0000025e15879dd0 JavaThread "Memory manager" [_thread_blocked, id=7780, stack(0x000000e026a00000,0x000000e026b00000)]
  0x0000025e17c1d540 JavaThread "included builds" [_thread_blocked, id=8844, stack(0x000000e026b00000,0x000000e026c00000)]
  0x0000025e17c1b390 JavaThread "Execution worker" [_thread_blocked, id=6812, stack(0x000000e026c00000,0x000000e026d00000)]
  0x0000025e1540c3e0 JavaThread "Execution worker Thread 2" [_thread_blocked, id=6076, stack(0x000000e026d00000,0x000000e026e00000)]
  0x0000025e1540b570 JavaThread "Execution worker Thread 3" [_thread_blocked, id=7228, stack(0x000000e026e00000,0x000000e026f00000)]
  0x0000025e15409d60 JavaThread "Cache worker for execution history cache (D:\FinalVersion\.gradle\8.0\executionHistory)" [_thread_blocked, id=7308, stack(0x000000e026f00000,0x000000e027000000)]
  0x0000025e15407210 JavaThread "WorkerExecutor Queue" [_thread_blocked, id=7332, stack(0x000000e027000000,0x000000e027100000)]
  0x0000025e1540a700 JavaThread "WorkerExecutor Queue Thread 2" [_thread_blocked, id=8612, stack(0x000000e027100000,0x000000e027200000)]
  0x0000025e15405060 JavaThread "pool-3-thread-1" [_thread_blocked, id=4392, stack(0x000000e027200000,0x000000e027300000)]
  0x0000025e15408ef0 JavaThread "stderr" [_thread_in_native, id=2812, stack(0x000000e027300000,0x000000e027400000)]
  0x0000025e154093c0 JavaThread "stdout" [_thread_in_native, id=1720, stack(0x000000e027400000,0x000000e027500000)]
  0x0000025e15409890 JavaThread "Cache worker for Java compile cache (C:\Users\caot4\.gradle\caches\8.0\javaCompile)" [_thread_blocked, id=728, stack(0x000000e024000000,0x000000e024100000)]
  0x0000025e15405a00 JavaThread "Build operations" [_thread_blocked, id=8152, stack(0x000000e027500000,0x000000e027600000)]
  0x0000025e1540bf10 JavaThread "Build operations Thread 2" [_thread_blocked, id=10028, stack(0x000000e027600000,0x000000e027700000)]
  0x0000025e1540c8b0 JavaThread "Build operations Thread 3" [_thread_blocked, id=10228, stack(0x000000e027700000,0x000000e027800000)]
  0x0000025e15405530 JavaThread "Build operations Thread 4" [_thread_blocked, id=7128, stack(0x000000e027800000,0x000000e027900000)]

Other Threads:
=>0x0000025e7fd8a460 VMThread "VM Thread" [stack: 0x000000e021400000,0x000000e021500000] [id=4836]
  0x0000025e0f9a0660 WatcherThread [stack: 0x000000e022000000,0x000000e022100000] [id=4424]
  0x0000025e758286e0 GCTaskThread "GC Thread#0" [stack: 0x000000e020f00000,0x000000e021000000] [id=8188]
  0x0000025e0fd3c560 GCTaskThread "GC Thread#1" [stack: 0x000000e022200000,0x000000e022300000] [id=10188]
  0x0000025e100d3020 GCTaskThread "GC Thread#2" [stack: 0x000000e022300000,0x000000e022400000] [id=9912]
  0x0000025e10379460 GCTaskThread "GC Thread#3" [stack: 0x000000e022100000,0x000000e022200000] [id=1892]
  0x0000025e75839530 ConcurrentGCThread "G1 Main Marker" [stack: 0x000000e021000000,0x000000e021100000] [id=8108]
  0x0000025e75839e50 ConcurrentGCThread "G1 Conc#0" [stack: 0x000000e021100000,0x000000e021200000] [id=9944]
  0x0000025e7589df80 ConcurrentGCThread "G1 Refine#0" [stack: 0x000000e021200000,0x000000e021300000] [id=5876]
  0x0000025e189df590 ConcurrentGCThread "G1 Refine#1" [stack: 0x000000e027a00000,0x000000e027b00000] [id=3348]
  0x0000025e189e09b0 ConcurrentGCThread "G1 Refine#2" [stack: 0x000000e027b00000,0x000000e027c00000] [id=9852]
  0x0000025e189dfe30 ConcurrentGCThread "G1 Refine#3" [stack: 0x000000e027c00000,0x000000e027d00000] [id=1356]
  0x0000025e7589e8b0 ConcurrentGCThread "G1 Service" [stack: 0x000000e021300000,0x000000e021400000] [id=1332]

Threads with active compile tasks:
C2 CompilerThread0    36205 14734       4       com.sun.tools.javac.code.Types::union (134 bytes)

VM state: at safepoint (normal execution)

VM Mutex/Monitor currently owned by a thread:  ([mutex/lock_event])
[0x0000025e7368a480] Threads_lock - owner thread: 0x0000025e7fd8a460
[0x0000025e7368b7a0] Heap_lock - owner thread: 0x0000025e1540c3e0

Heap address: 0x0000000080000000, size: 2048 MB, Compressed Oops mode: 32-bit

CDS archive(s) not mapped
Compressed class space mapped at: 0x0000000100000000-0x0000000140000000, reserved size: 1073741824
Narrow klass base: 0x0000000000000000, Narrow klass shift: 3, Narrow klass range: 0x140000000

GC Precious Log:
 CPUs: 4 total, 4 available
 Memory: 7998M
 Large Page Support: Disabled
 NUMA Support: Disabled
 Compressed Oops: Enabled (32-bit)
 Heap Region Size: 1M
 Heap Min Capacity: 8M
 Heap Initial Capacity: 126M
 Heap Max Capacity: 2G
 Pre-touch: Disabled
 Parallel Workers: 4
 Concurrent Workers: 1
 Concurrent Refinement Workers: 4
 Periodic GC: Disabled

Heap:
 garbage-first heap   total 191488K, used 112089K [0x0000000080000000, 0x0000000100000000)
  region size 1024K, 2 young (2048K), 2 survivors (2048K)
 Metaspace       used 107572K, committed 108352K, reserved 1146880K
  class space    used 14337K, committed 14720K, reserved 1048576K

Heap Regions: E=young(eden), S=young(survivor), O=old, HS=humongous(starts), HC=humongous(continues), CS=collection set, F=free, OA=open archive, CA=closed archive, TAMS=top-at-mark-start (previous, next)
|   0|0x0000000080000000, 0x0000000080100000, 0x0000000080100000|100%| O|  |TAMS 0x0000000080100000, 0x0000000080000000| Untracked 
|   1|0x0000000080100000, 0x0000000080200000, 0x0000000080200000|100%| O|  |TAMS 0x0000000080200000, 0x0000000080100000| Untracked 
|   2|0x0000000080200000, 0x0000000080300000, 0x0000000080300000|100%|HS|  |TAMS 0x0000000080300000, 0x0000000080200000| Complete 
|   3|0x0000000080300000, 0x0000000080400000, 0x0000000080400000|100%|HC|  |TAMS 0x0000000080400000, 0x0000000080300000| Complete 
|   4|0x0000000080400000, 0x0000000080500000, 0x0000000080500000|100%|HC|  |TAMS 0x0000000080500000, 0x0000000080400000| Complete 
|   5|0x0000000080500000, 0x0000000080600000, 0x0000000080600000|100%|HC|  |TAMS 0x0000000080600000, 0x0000000080500000| Complete 
|   6|0x0000000080600000, 0x0000000080700000, 0x0000000080700000|100%| O|  |TAMS 0x0000000080700000, 0x0000000080600000| Untracked 
|   7|0x0000000080700000, 0x0000000080800000, 0x0000000080800000|100%| O|  |TAMS 0x0000000080800000, 0x0000000080700000| Untracked 
|   8|0x0000000080800000, 0x0000000080900000, 0x0000000080900000|100%| O|  |TAMS 0x0000000080900000, 0x0000000080800000| Untracked 
|   9|0x0000000080900000, 0x0000000080a00000, 0x0000000080a00000|100%| O|  |TAMS 0x0000000080a00000, 0x0000000080900000| Untracked 
|  10|0x0000000080a00000, 0x0000000080b00000, 0x0000000080b00000|100%| O|  |TAMS 0x0000000080b00000, 0x0000000080a00000| Untracked 
|  11|0x0000000080b00000, 0x0000000080c00000, 0x0000000080c00000|100%| O|  |TAMS 0x0000000080c00000, 0x0000000080b00000| Untracked 
|  12|0x0000000080c00000, 0x0000000080d00000, 0x0000000080d00000|100%| O|  |TAMS 0x0000000080d00000, 0x0000000080c00000| Untracked 
|  13|0x0000000080d00000, 0x0000000080e00000, 0x0000000080e00000|100%| O|  |TAMS 0x0000000080e00000, 0x0000000080d00000| Untracked 
|  14|0x0000000080e00000, 0x0000000080f00000, 0x0000000080f00000|100%| O|  |TAMS 0x0000000080f00000, 0x0000000080e00000| Untracked 
|  15|0x0000000080f00000, 0x0000000081000000, 0x0000000081000000|100%| O|  |TAMS 0x0000000081000000, 0x0000000080f00000| Untracked 
|  16|0x0000000081000000, 0x0000000081100000, 0x0000000081100000|100%| O|  |TAMS 0x0000000081100000, 0x0000000081000000| Untracked 
|  17|0x0000000081100000, 0x0000000081200000, 0x0000000081200000|100%| O|  |TAMS 0x0000000081200000, 0x0000000081100000| Untracked 
|  18|0x0000000081200000, 0x0000000081300000, 0x0000000081300000|100%| O|  |TAMS 0x0000000081300000, 0x0000000081200000| Untracked 
|  19|0x0000000081300000, 0x0000000081400000, 0x0000000081400000|100%| O|  |TAMS 0x0000000081400000, 0x0000000081300000| Untracked 
|  20|0x0000000081400000, 0x0000000081500000, 0x0000000081500000|100%| O|  |TAMS 0x0000000081500000, 0x0000000081400000| Untracked 
|  21|0x0000000081500000, 0x0000000081600000, 0x0000000081600000|100%| O|  |TAMS 0x0000000081600000, 0x0000000081500000| Untracked 
|  22|0x0000000081600000, 0x0000000081700000, 0x0000000081700000|100%| O|  |TAMS 0x0000000081700000, 0x0000000081600000| Untracked 
|  23|0x0000000081700000, 0x0000000081800000, 0x0000000081800000|100%| O|  |TAMS 0x0000000081800000, 0x0000000081700000| Untracked 
|  24|0x0000000081800000, 0x0000000081900000, 0x0000000081900000|100%| O|  |TAMS 0x0000000081900000, 0x0000000081800000| Untracked 
|  25|0x0000000081900000, 0x0000000081a00000, 0x0000000081a00000|100%| O|  |TAMS 0x0000000081a00000, 0x0000000081900000| Untracked 
|  26|0x0000000081a00000, 0x0000000081b00000, 0x0000000081b00000|100%| O|  |TAMS 0x0000000081b00000, 0x0000000081a00000| Untracked 
|  27|0x0000000081b00000, 0x0000000081c00000, 0x0000000081c00000|100%| O|  |TAMS 0x0000000081c00000, 0x0000000081b00000| Untracked 
|  28|0x0000000081c00000, 0x0000000081d00000, 0x0000000081d00000|100%| O|  |TAMS 0x0000000081d00000, 0x0000000081c00000| Untracked 
|  29|0x0000000081d00000, 0x0000000081e00000, 0x0000000081e00000|100%| O|  |TAMS 0x0000000081e00000, 0x0000000081d00000| Untracked 
|  30|0x0000000081e00000, 0x0000000081f00000, 0x0000000081f00000|100%| O|  |TAMS 0x0000000081f00000, 0x0000000081e00000| Untracked 
|  31|0x0000000081f00000, 0x0000000082000000, 0x0000000082000000|100%| O|  |TAMS 0x0000000082000000, 0x0000000081f00000| Untracked 
|  32|0x0000000082000000, 0x0000000082100000, 0x0000000082100000|100%| O|  |TAMS 0x0000000082100000, 0x0000000082000000| Untracked 
|  33|0x0000000082100000, 0x0000000082200000, 0x0000000082200000|100%| O|  |TAMS 0x0000000082200000, 0x0000000082100000| Untracked 
|  34|0x0000000082200000, 0x0000000082300000, 0x0000000082300000|100%|HS|  |TAMS 0x0000000082300000, 0x0000000082200000| Complete 
|  35|0x0000000082300000, 0x0000000082400000, 0x0000000082400000|100%|HS|  |TAMS 0x0000000082400000, 0x0000000082300000| Complete 
|  36|0x0000000082400000, 0x0000000082500000, 0x0000000082500000|100%|HS|  |TAMS 0x0000000082500000, 0x0000000082400000| Complete 
|  37|0x0000000082500000, 0x0000000082600000, 0x0000000082600000|100%| O|  |TAMS 0x0000000082500000, 0x0000000082500000| Untracked 
|  38|0x0000000082600000, 0x0000000082700000, 0x0000000082700000|100%| O|  |TAMS 0x0000000082700000, 0x0000000082600000| Untracked 
|  39|0x0000000082700000, 0x0000000082800000, 0x0000000082800000|100%| O|  |TAMS 0x0000000082800000, 0x0000000082700000| Untracked 
|  40|0x0000000082800000, 0x0000000082900000, 0x0000000082900000|100%| O|  |TAMS 0x0000000082900000, 0x0000000082800000| Untracked 
|  41|0x0000000082900000, 0x0000000082a00000, 0x0000000082a00000|100%| O|  |TAMS 0x0000000082a00000, 0x0000000082900000| Untracked 
|  42|0x0000000082a00000, 0x0000000082b00000, 0x0000000082b00000|100%| O|  |TAMS 0x0000000082b00000, 0x0000000082a00000| Untracked 
|  43|0x0000000082b00000, 0x0000000082c00000, 0x0000000082c00000|100%| O|  |TAMS 0x0000000082c00000, 0x0000000082b00000| Untracked 
|  44|0x0000000082c00000, 0x0000000082d00000, 0x0000000082d00000|100%| O|  |TAMS 0x0000000082d00000, 0x0000000082c00000| Untracked 
|  45|0x0000000082d00000, 0x0000000082e00000, 0x0000000082e00000|100%| O|  |TAMS 0x0000000082e00000, 0x0000000082d00000| Untracked 
|  46|0x0000000082e00000, 0x0000000082f00000, 0x0000000082f00000|100%| O|  |TAMS 0x0000000082f00000, 0x0000000082e00000| Untracked 
|  47|0x0000000082f00000, 0x0000000083000000, 0x0000000083000000|100%| O|  |TAMS 0x0000000083000000, 0x0000000082f00000| Untracked 
|  48|0x0000000083000000, 0x0000000083100000, 0x0000000083100000|100%| O|  |TAMS 0x0000000083100000, 0x0000000083000000| Untracked 
|  49|0x0000000083100000, 0x0000000083200000, 0x0000000083200000|100%| O|  |TAMS 0x0000000083200000, 0x0000000083100000| Untracked 
|  50|0x0000000083200000, 0x0000000083300000, 0x0000000083300000|100%| O|  |TAMS 0x0000000083300000, 0x0000000083200000| Untracked 
|  51|0x0000000083300000, 0x0000000083400000, 0x0000000083400000|100%| O|  |TAMS 0x0000000083400000, 0x0000000083300000| Untracked 
|  52|0x0000000083400000, 0x0000000083500000, 0x0000000083500000|100%| O|  |TAMS 0x0000000083500000, 0x0000000083400000| Untracked 
|  53|0x0000000083500000, 0x0000000083600000, 0x0000000083600000|100%| O|  |TAMS 0x0000000083600000, 0x0000000083500000| Untracked 
|  54|0x0000000083600000, 0x0000000083600000, 0x0000000083700000|  0%| F|  |TAMS 0x0000000083600000, 0x0000000083600000| Untracked 
|  55|0x0000000083700000, 0x0000000083800000, 0x0000000083800000|100%| O|  |TAMS 0x0000000083800000, 0x0000000083700000| Untracked 
|  56|0x0000000083800000, 0x0000000083900000, 0x0000000083900000|100%| O|  |TAMS 0x0000000083900000, 0x0000000083800000| Untracked 
|  57|0x0000000083900000, 0x0000000083a00000, 0x0000000083a00000|100%| O|  |TAMS 0x0000000083a00000, 0x0000000083900000| Untracked 
|  58|0x0000000083a00000, 0x0000000083b00000, 0x0000000083b00000|100%| O|  |TAMS 0x0000000083b00000, 0x0000000083a00000| Untracked 
|  59|0x0000000083b00000, 0x0000000083c00000, 0x0000000083c00000|100%| O|  |TAMS 0x0000000083c00000, 0x0000000083b00000| Untracked 
|  60|0x0000000083c00000, 0x0000000083d00000, 0x0000000083d00000|100%| O|  |TAMS 0x0000000083d00000, 0x0000000083c00000| Untracked 
|  61|0x0000000083d00000, 0x0000000083e00000, 0x0000000083e00000|100%| O|  |TAMS 0x0000000083e00000, 0x0000000083d00000| Untracked 
|  62|0x0000000083e00000, 0x0000000083f00000, 0x0000000083f00000|100%| O|  |TAMS 0x0000000083f00000, 0x0000000083e00000| Untracked 
|  63|0x0000000083f00000, 0x0000000084000000, 0x0000000084000000|100%| O|  |TAMS 0x0000000084000000, 0x0000000083f00000| Untracked 
|  64|0x0000000084000000, 0x0000000084100000, 0x0000000084100000|100%| O|  |TAMS 0x0000000084100000, 0x0000000084000000| Untracked 
|  65|0x0000000084100000, 0x0000000084200000, 0x0000000084200000|100%| O|  |TAMS 0x0000000084200000, 0x0000000084100000| Untracked 
|  66|0x0000000084200000, 0x0000000084300000, 0x0000000084300000|100%| O|  |TAMS 0x0000000084300000, 0x0000000084200000| Untracked 
|  67|0x0000000084300000, 0x0000000084400000, 0x0000000084400000|100%| O|  |TAMS 0x0000000084400000, 0x0000000084300000| Untracked 
|  68|0x0000000084400000, 0x0000000084500000, 0x0000000084500000|100%| O|  |TAMS 0x0000000084500000, 0x0000000084400000| Untracked 
|  69|0x0000000084500000, 0x0000000084600000, 0x0000000084600000|100%| O|  |TAMS 0x0000000084600000, 0x0000000084500000| Untracked 
|  70|0x0000000084600000, 0x0000000084700000, 0x0000000084700000|100%| O|  |TAMS 0x0000000084700000, 0x0000000084600000| Untracked 
|  71|0x0000000084700000, 0x0000000084800000, 0x0000000084800000|100%| O|  |TAMS 0x0000000084800000, 0x0000000084700000| Untracked 
|  72|0x0000000084800000, 0x0000000084900000, 0x0000000084900000|100%| O|  |TAMS 0x0000000084900000, 0x0000000084800000| Untracked 
|  73|0x0000000084900000, 0x0000000084900000, 0x0000000084a00000|  0%| F|  |TAMS 0x0000000084900000, 0x0000000084900000| Untracked 
|  74|0x0000000084a00000, 0x0000000084b00000, 0x0000000084b00000|100%| O|  |TAMS 0x0000000084b00000, 0x0000000084a00000| Untracked 
|  75|0x0000000084b00000, 0x0000000084c00000, 0x0000000084c00000|100%| O|  |TAMS 0x0000000084c00000, 0x0000000084b00000| Untracked 
|  76|0x0000000084c00000, 0x0000000084d00000, 0x0000000084d00000|100%| O|  |TAMS 0x0000000084d00000, 0x0000000084c00000| Untracked 
|  77|0x0000000084d00000, 0x0000000084e00000, 0x0000000084e00000|100%| O|  |TAMS 0x0000000084e00000, 0x0000000084d00000| Untracked 
|  78|0x0000000084e00000, 0x0000000084f00000, 0x0000000084f00000|100%| O|  |TAMS 0x0000000084f00000, 0x0000000084e00000| Untracked 
|  79|0x0000000084f00000, 0x0000000085000000, 0x0000000085000000|100%| O|  |TAMS 0x0000000085000000, 0x0000000084f00000| Untracked 
|  80|0x0000000085000000, 0x0000000085100000, 0x0000000085100000|100%| O|  |TAMS 0x0000000085100000, 0x0000000085000000| Untracked 
|  81|0x0000000085100000, 0x0000000085200000, 0x0000000085200000|100%| O|  |TAMS 0x0000000085200000, 0x0000000085100000| Untracked 
|  82|0x0000000085200000, 0x0000000085300000, 0x0000000085300000|100%| O|  |TAMS 0x0000000085300000, 0x0000000085200000| Untracked 
|  83|0x0000000085300000, 0x0000000085400000, 0x0000000085400000|100%| O|  |TAMS 0x0000000085400000, 0x0000000085300000| Untracked 
|  84|0x0000000085400000, 0x0000000085500000, 0x0000000085500000|100%| O|  |TAMS 0x0000000085500000, 0x0000000085400000| Untracked 
|  85|0x0000000085500000, 0x0000000085600000, 0x0000000085600000|100%| O|  |TAMS 0x0000000085600000, 0x0000000085500000| Untracked 
|  86|0x0000000085600000, 0x0000000085700000, 0x0000000085700000|100%| O|  |TAMS 0x0000000085700000, 0x0000000085600000| Untracked 
|  87|0x0000000085700000, 0x0000000085800000, 0x0000000085800000|100%| O|  |TAMS 0x0000000085800000, 0x0000000085700000| Untracked 
|  88|0x0000000085800000, 0x0000000085900000, 0x0000000085900000|100%| O|  |TAMS 0x0000000085900000, 0x0000000085800000| Untracked 
|  89|0x0000000085900000, 0x0000000085a00000, 0x0000000085a00000|100%| O|  |TAMS 0x0000000085a00000, 0x0000000085900000| Untracked 
|  90|0x0000000085a00000, 0x0000000085b00000, 0x0000000085b00000|100%| O|  |TAMS 0x0000000085a91200, 0x0000000085a00000| Untracked 
|  91|0x0000000085b00000, 0x0000000085c00000, 0x0000000085c00000|100%| O|  |TAMS 0x0000000085b00000, 0x0000000085b00000| Untracked 
|  92|0x0000000085c00000, 0x0000000085d00000, 0x0000000085d00000|100%| O|  |TAMS 0x0000000085c00000, 0x0000000085c00000| Untracked 
|  93|0x0000000085d00000, 0x0000000085e00000, 0x0000000085e00000|100%| O|  |TAMS 0x0000000085d00000, 0x0000000085d00000| Untracked 
|  94|0x0000000085e00000, 0x0000000085f00000, 0x0000000085f00000|100%| O|  |TAMS 0x0000000085e00000, 0x0000000085e00000| Untracked 
|  95|0x0000000085f00000, 0x0000000086000000, 0x0000000086000000|100%|HS|  |TAMS 0x0000000085f00000, 0x0000000085f00000| Complete 
|  96|0x0000000086000000, 0x0000000086100000, 0x0000000086100000|100%|HC|  |TAMS 0x0000000086000000, 0x0000000086000000| Complete 
|  97|0x0000000086100000, 0x0000000086200000, 0x0000000086200000|100%| O|  |TAMS 0x0000000086100000, 0x0000000086100000| Untracked 
|  98|0x0000000086200000, 0x0000000086300000, 0x0000000086300000|100%| O|  |TAMS 0x0000000086200000, 0x0000000086200000| Untracked 
|  99|0x0000000086300000, 0x0000000086400000, 0x0000000086400000|100%| O|  |TAMS 0x0000000086300000, 0x0000000086300000| Untracked 
| 100|0x0000000086400000, 0x0000000086500000, 0x0000000086500000|100%| O|  |TAMS 0x0000000086400000, 0x0000000086400000| Untracked 
| 101|0x0000000086500000, 0x0000000086600000, 0x0000000086600000|100%| O|  |TAMS 0x0000000086500000, 0x0000000086500000| Untracked 
| 102|0x0000000086600000, 0x0000000086700000, 0x0000000086700000|100%| O|  |TAMS 0x0000000086600000, 0x0000000086600000| Untracked 
| 103|0x0000000086700000, 0x0000000086800000, 0x0000000086800000|100%| O|  |TAMS 0x0000000086700000, 0x0000000086700000| Untracked 
| 104|0x0000000086800000, 0x0000000086900000, 0x0000000086900000|100%| O|  |TAMS 0x0000000086800000, 0x0000000086800000| Untracked 
| 105|0x0000000086900000, 0x0000000086a00000, 0x0000000086a00000|100%| O|  |TAMS 0x0000000086900000, 0x0000000086900000| Untracked 
| 106|0x0000000086a00000, 0x0000000086b00000, 0x0000000086b00000|100%| O|  |TAMS 0x0000000086a00000, 0x0000000086a00000| Untracked 
| 107|0x0000000086b00000, 0x0000000086c00000, 0x0000000086c00000|100%| O|  |TAMS 0x0000000086b00000, 0x0000000086b00000| Untracked 
| 108|0x0000000086c00000, 0x0000000086d00000, 0x0000000086d00000|100%| O|  |TAMS 0x0000000086c00000, 0x0000000086c00000| Untracked 
| 109|0x0000000086d00000, 0x0000000086dd3a00, 0x0000000086e00000| 82%| O|  |TAMS 0x0000000086d00000, 0x0000000086d00000| Untracked 
| 110|0x0000000086e00000, 0x0000000086e00000, 0x0000000086f00000|  0%| F|  |TAMS 0x0000000086e00000, 0x0000000086e00000| Untracked 
| 111|0x0000000086f00000, 0x0000000086f00000, 0x0000000087000000|  0%| F|  |TAMS 0x0000000086f00000, 0x0000000086f00000| Untracked 
| 112|0x0000000087000000, 0x0000000087000000, 0x0000000087100000|  0%| F|  |TAMS 0x0000000087000000, 0x0000000087000000| Untracked 
| 113|0x0000000087100000, 0x0000000087100000, 0x0000000087200000|  0%| F|  |TAMS 0x0000000087100000, 0x0000000087100000| Untracked 
| 114|0x0000000087200000, 0x0000000087200000, 0x0000000087300000|  0%| F|  |TAMS 0x0000000087200000, 0x0000000087200000| Untracked 
| 115|0x0000000087300000, 0x0000000087300000, 0x0000000087400000|  0%| F|  |TAMS 0x0000000087300000, 0x0000000087300000| Untracked 
| 116|0x0000000087400000, 0x0000000087400000, 0x0000000087500000|  0%| F|  |TAMS 0x0000000087400000, 0x0000000087400000| Untracked 
| 117|0x0000000087500000, 0x0000000087500000, 0x0000000087600000|  0%| F|  |TAMS 0x0000000087500000, 0x0000000087500000| Untracked 
| 118|0x0000000087600000, 0x0000000087600000, 0x0000000087700000|  0%| F|  |TAMS 0x0000000087600000, 0x0000000087600000| Untracked 
| 119|0x0000000087700000, 0x0000000087700000, 0x0000000087800000|  0%| F|  |TAMS 0x0000000087700000, 0x0000000087700000| Untracked 
| 120|0x0000000087800000, 0x0000000087800000, 0x0000000087900000|  0%| F|  |TAMS 0x0000000087800000, 0x0000000087800000| Untracked 
| 121|0x0000000087900000, 0x0000000087900000, 0x0000000087a00000|  0%| F|  |TAMS 0x0000000087900000, 0x0000000087900000| Untracked 
| 122|0x0000000087a00000, 0x0000000087a00000, 0x0000000087b00000|  0%| F|  |TAMS 0x0000000087a00000, 0x0000000087a00000| Untracked 
| 123|0x0000000087b00000, 0x0000000087b00000, 0x0000000087c00000|  0%| F|  |TAMS 0x0000000087b00000, 0x0000000087b00000| Untracked 
| 124|0x0000000087c00000, 0x0000000087c00000, 0x0000000087d00000|  0%| F|  |TAMS 0x0000000087c00000, 0x0000000087c00000| Untracked 
| 125|0x0000000087d00000, 0x0000000087d00000, 0x0000000087e00000|  0%| F|  |TAMS 0x0000000087d00000, 0x0000000087d00000| Untracked 
| 126|0x0000000087e00000, 0x0000000087e00000, 0x0000000087f00000|  0%| F|  |TAMS 0x0000000087e00000, 0x0000000087e00000| Untracked 
| 127|0x0000000087f00000, 0x0000000087f00000, 0x0000000088000000|  0%| F|  |TAMS 0x0000000087f00000, 0x0000000087f00000| Untracked 
| 128|0x0000000088000000, 0x0000000088000000, 0x0000000088100000|  0%| F|  |TAMS 0x0000000088000000, 0x0000000088000000| Untracked 
| 129|0x0000000088100000, 0x0000000088100000, 0x0000000088200000|  0%| F|  |TAMS 0x0000000088100000, 0x0000000088100000| Untracked 
| 130|0x0000000088200000, 0x0000000088200000, 0x0000000088300000|  0%| F|  |TAMS 0x0000000088200000, 0x0000000088200000| Untracked 
| 131|0x0000000088300000, 0x0000000088300000, 0x0000000088400000|  0%| F|  |TAMS 0x0000000088300000, 0x0000000088300000| Untracked 
| 132|0x0000000088400000, 0x0000000088400000, 0x0000000088500000|  0%| F|  |TAMS 0x0000000088400000, 0x0000000088400000| Untracked 
| 133|0x0000000088500000, 0x0000000088500000, 0x0000000088600000|  0%| F|  |TAMS 0x0000000088500000, 0x0000000088500000| Untracked 
| 134|0x0000000088600000, 0x0000000088600000, 0x0000000088700000|  0%| F|  |TAMS 0x0000000088600000, 0x0000000088600000| Untracked 
| 135|0x0000000088700000, 0x0000000088700000, 0x0000000088800000|  0%| F|  |TAMS 0x0000000088700000, 0x0000000088700000| Untracked 
| 136|0x0000000088800000, 0x0000000088800000, 0x0000000088900000|  0%| F|  |TAMS 0x0000000088800000, 0x0000000088800000| Untracked 
| 137|0x0000000088900000, 0x0000000088900000, 0x0000000088a00000|  0%| F|  |TAMS 0x0000000088900000, 0x0000000088900000| Untracked 
| 138|0x0000000088a00000, 0x0000000088a00000, 0x0000000088b00000|  0%| F|  |TAMS 0x0000000088a00000, 0x0000000088a00000| Untracked 
| 139|0x0000000088b00000, 0x0000000088b00000, 0x0000000088c00000|  0%| F|  |TAMS 0x0000000088b00000, 0x0000000088b00000| Untracked 
| 140|0x0000000088c00000, 0x0000000088c00000, 0x0000000088d00000|  0%| F|  |TAMS 0x0000000088c00000, 0x0000000088c00000| Untracked 
| 141|0x0000000088d00000, 0x0000000088d00000, 0x0000000088e00000|  0%| F|  |TAMS 0x0000000088d00000, 0x0000000088d00000| Untracked 
| 142|0x0000000088e00000, 0x0000000088e00000, 0x0000000088f00000|  0%| F|  |TAMS 0x0000000088e00000, 0x0000000088e00000| Untracked 
| 143|0x0000000088f00000, 0x0000000088fa2dc8, 0x0000000089000000| 63%| S|CS|TAMS 0x0000000088f00000, 0x0000000088f00000| Complete 
| 144|0x0000000089000000, 0x0000000089100000, 0x0000000089100000|100%| S|CS|TAMS 0x0000000089000000, 0x0000000089000000| Complete 
| 145|0x0000000089100000, 0x0000000089100000, 0x0000000089200000|  0%| F|  |TAMS 0x0000000089100000, 0x0000000089100000| Untracked 
| 146|0x0000000089200000, 0x0000000089200000, 0x0000000089300000|  0%| F|  |TAMS 0x0000000089200000, 0x0000000089200000| Untracked 
| 147|0x0000000089300000, 0x0000000089300000, 0x0000000089400000|  0%| F|  |TAMS 0x0000000089300000, 0x0000000089300000| Untracked 
| 148|0x0000000089400000, 0x0000000089400000, 0x0000000089500000|  0%| F|  |TAMS 0x0000000089400000, 0x0000000089400000| Untracked 
| 149|0x0000000089500000, 0x0000000089500000, 0x0000000089600000|  0%| F|  |TAMS 0x0000000089500000, 0x0000000089500000| Untracked 
| 150|0x0000000089600000, 0x0000000089600000, 0x0000000089700000|  0%| F|  |TAMS 0x0000000089600000, 0x0000000089600000| Untracked 
| 151|0x0000000089700000, 0x0000000089700000, 0x0000000089800000|  0%| F|  |TAMS 0x0000000089700000, 0x0000000089700000| Untracked 
| 152|0x0000000089800000, 0x0000000089800000, 0x0000000089900000|  0%| F|  |TAMS 0x0000000089800000, 0x0000000089800000| Untracked 
| 153|0x0000000089900000, 0x0000000089900000, 0x0000000089a00000|  0%| F|  |TAMS 0x0000000089900000, 0x0000000089900000| Untracked 
| 154|0x0000000089a00000, 0x0000000089a00000, 0x0000000089b00000|  0%| F|  |TAMS 0x0000000089a00000, 0x0000000089a00000| Untracked 
| 155|0x0000000089b00000, 0x0000000089b00000, 0x0000000089c00000|  0%| F|  |TAMS 0x0000000089b00000, 0x0000000089b00000| Untracked 
| 156|0x0000000089c00000, 0x0000000089c00000, 0x0000000089d00000|  0%| F|  |TAMS 0x0000000089c00000, 0x0000000089c00000| Untracked 
| 157|0x0000000089d00000, 0x0000000089d00000, 0x0000000089e00000|  0%| F|  |TAMS 0x0000000089d00000, 0x0000000089d00000| Untracked 
| 158|0x0000000089e00000, 0x0000000089e00000, 0x0000000089f00000|  0%| F|  |TAMS 0x0000000089e00000, 0x0000000089e00000| Untracked 
| 159|0x0000000089f00000, 0x0000000089f00000, 0x000000008a000000|  0%| F|  |TAMS 0x0000000089f00000, 0x0000000089f00000| Untracked 
| 160|0x000000008a000000, 0x000000008a000000, 0x000000008a100000|  0%| F|  |TAMS 0x000000008a000000, 0x000000008a000000| Untracked 
| 161|0x000000008a100000, 0x000000008a100000, 0x000000008a200000|  0%| F|  |TAMS 0x000000008a100000, 0x000000008a100000| Untracked 
| 162|0x000000008a200000, 0x000000008a200000, 0x000000008a300000|  0%| F|  |TAMS 0x000000008a200000, 0x000000008a200000| Untracked 
| 163|0x000000008a300000, 0x000000008a300000, 0x000000008a400000|  0%| F|  |TAMS 0x000000008a300000, 0x000000008a300000| Untracked 
| 164|0x000000008a400000, 0x000000008a400000, 0x000000008a500000|  0%| F|  |TAMS 0x000000008a400000, 0x000000008a400000| Untracked 
| 165|0x000000008a500000, 0x000000008a500000, 0x000000008a600000|  0%| F|  |TAMS 0x000000008a500000, 0x000000008a500000| Untracked 
| 166|0x000000008a600000, 0x000000008a600000, 0x000000008a700000|  0%| F|  |TAMS 0x000000008a600000, 0x000000008a600000| Untracked 
| 167|0x000000008a700000, 0x000000008a700000, 0x000000008a800000|  0%| F|  |TAMS 0x000000008a700000, 0x000000008a700000| Untracked 
| 168|0x000000008a800000, 0x000000008a800000, 0x000000008a900000|  0%| F|  |TAMS 0x000000008a800000, 0x000000008a800000| Untracked 
| 169|0x000000008a900000, 0x000000008a900000, 0x000000008aa00000|  0%| F|  |TAMS 0x000000008a900000, 0x000000008a900000| Untracked 
| 170|0x000000008aa00000, 0x000000008aa00000, 0x000000008ab00000|  0%| F|  |TAMS 0x000000008aa00000, 0x000000008aa00000| Untracked 
| 171|0x000000008ab00000, 0x000000008ab00000, 0x000000008ac00000|  0%| F|  |TAMS 0x000000008ab00000, 0x000000008ab00000| Untracked 
| 172|0x000000008ac00000, 0x000000008ac00000, 0x000000008ad00000|  0%| F|  |TAMS 0x000000008ac00000, 0x000000008ac00000| Untracked 
| 173|0x000000008ad00000, 0x000000008ad00000, 0x000000008ae00000|  0%| F|  |TAMS 0x000000008ad00000, 0x000000008ad00000| Untracked 
| 174|0x000000008ae00000, 0x000000008ae00000, 0x000000008af00000|  0%| F|  |TAMS 0x000000008ae00000, 0x000000008ae00000| Untracked 
| 175|0x000000008af00000, 0x000000008af00000, 0x000000008b000000|  0%| F|  |TAMS 0x000000008af00000, 0x000000008af00000| Untracked 
| 176|0x000000008b000000, 0x000000008b000000, 0x000000008b100000|  0%| F|  |TAMS 0x000000008b000000, 0x000000008b000000| Untracked 
| 177|0x000000008b100000, 0x000000008b100000, 0x000000008b200000|  0%| F|  |TAMS 0x000000008b100000, 0x000000008b100000| Untracked 
| 178|0x000000008b200000, 0x000000008b200000, 0x000000008b300000|  0%| F|  |TAMS 0x000000008b200000, 0x000000008b200000| Untracked 
| 179|0x000000008b300000, 0x000000008b300000, 0x000000008b400000|  0%| F|  |TAMS 0x000000008b300000, 0x000000008b300000| Untracked 
| 180|0x000000008b400000, 0x000000008b400000, 0x000000008b500000|  0%| F|  |TAMS 0x000000008b400000, 0x000000008b400000| Untracked 
| 181|0x000000008b500000, 0x000000008b500000, 0x000000008b600000|  0%| F|  |TAMS 0x000000008b500000, 0x000000008b500000| Untracked 
| 182|0x000000008b600000, 0x000000008b600000, 0x000000008b700000|  0%| F|  |TAMS 0x000000008b600000, 0x000000008b600000| Untracked 
| 183|0x000000008b700000, 0x000000008b700000, 0x000000008b800000|  0%| F|  |TAMS 0x000000008b700000, 0x000000008b700000| Untracked 
| 184|0x000000008b800000, 0x000000008b800000, 0x000000008b900000|  0%| F|  |TAMS 0x000000008b800000, 0x000000008b800000| Untracked 
| 185|0x000000008b900000, 0x000000008b900000, 0x000000008ba00000|  0%| F|  |TAMS 0x000000008b900000, 0x000000008b900000| Untracked 
| 186|0x000000008ba00000, 0x000000008ba00000, 0x000000008bb00000|  0%| F|  |TAMS 0x000000008ba00000, 0x000000008ba00000| Untracked 

Card table byte_map: [0x0000025e790a0000,0x0000025e794a0000] _byte_map_base: 0x0000025e78ca0000

Marking Bits (Prev, Next): (CMBitMap*) 0x0000025e75828c40, (CMBitMap*) 0x0000025e75828c00
 Prev Bits: [0x0000025e7b8a0000, 0x0000025e7d8a0000)
 Next Bits: [0x0000025e798a0000, 0x0000025e7b8a0000)

Polling page: 0x0000025e737a0000

Metaspace:

Usage:
  Non-class:     91.05 MB used.
      Class:     14.00 MB used.
       Both:    105.05 MB used.

Virtual space:
  Non-class space:       96.00 MB reserved,      91.44 MB ( 95%) committed,  12 nodes.
      Class space:        1.00 GB reserved,      14.38 MB (  1%) committed,  1 nodes.
             Both:        1.09 GB reserved,     105.81 MB (  9%) committed. 

Chunk freelists:
   Non-Class:  160.00 KB
       Class:  1.66 MB
        Both:  1.81 MB

MaxMetaspaceSize: unlimited
CompressedClassSpaceSize: 1.00 GB
Initial GC threshold: 21.00 MB
Current GC threshold: 172.12 MB
CDS: off
MetaspaceReclaimPolicy: balanced
 - commit_granule_bytes: 65536.
 - commit_granule_words: 8192.
 - virtual_space_node_default_size: 1048576.
 - enlarge_chunks_in_place: 1.
 - new_chunks_are_fully_committed: 0.
 - uncommit_free_chunks: 1.
 - use_allocation_guard: 0.
 - handle_deallocations: 1.


Internal statistics:

num_allocs_failed_limit: 6.
num_arena_births: 1066.
num_arena_deaths: 4.
num_vsnodes_births: 13.
num_vsnodes_deaths: 0.
num_space_committed: 1692.
num_space_uncommitted: 0.
num_chunks_returned_to_freelist: 12.
num_chunks_taken_from_freelist: 5068.
num_chunk_merges: 8.
num_chunk_splits: 3391.
num_chunks_enlarged: 2302.
num_purges: 2.
num_inconsistent_stats: 0.

CodeHeap 'non-profiled nmethods': size=120000Kb used=7392Kb max_used=7657Kb free=112607Kb
 bounds [0x0000025e07ad0000, 0x0000025e08270000, 0x0000025e0f000000]
CodeHeap 'profiled nmethods': size=120000Kb used=24309Kb max_used=24365Kb free=95690Kb
 bounds [0x0000025e00000000, 0x0000025e017d0000, 0x0000025e07530000]
CodeHeap 'non-nmethods': size=5760Kb used=2420Kb max_used=2478Kb free=3340Kb
 bounds [0x0000025e07530000, 0x0000025e077b0000, 0x0000025e07ad0000]
 total_blobs=13457 nmethods=12512 adapters=855
 compilation: enabled
              stopped_count=0, restarted_count=0
 full_count=0

Compilation events (20 events):
Event: 36.126 Thread 0x0000025e0f82f7c0 14912       2       com.sun.tools.javac.code.Symbol::isSealed (19 bytes)
Event: 36.126 Thread 0x0000025e0f82f7c0 nmethod 14912 0x0000025e01656310 code [0x0000025e016564a0, 0x0000025e016565d8]
Event: 36.130 Thread 0x0000025e0f82f7c0 14913 %     3       com.sun.tools.javac.util.Iterators$CompoundIterator::update @ 0 (56 bytes)
Event: 36.131 Thread 0x0000025e0f82f7c0 nmethod 14913% 0x0000025e01655810 code [0x0000025e01655a20, 0x0000025e01656138]
Event: 36.131 Thread 0x0000025e0f82f7c0 14914       3       com.sun.tools.javac.util.Iterators$CompoundIterator::update (56 bytes)
Event: 36.131 Thread 0x0000025e0f82f7c0 nmethod 14914 0x0000025e01654d90 code [0x0000025e01654f80, 0x0000025e01655658]
Event: 36.134 Thread 0x0000025e0f82f7c0 14915       2       com.sun.tools.javac.comp.Infer$CheckBounds::checkBound (43 bytes)
Event: 36.134 Thread 0x0000025e0f82f7c0 nmethod 14915 0x0000025e01654790 code [0x0000025e01654960, 0x0000025e01654bc8]
Event: 36.135 Thread 0x0000025e0f82f7c0 14916       2       com.sun.tools.javac.code.Symbol$ClassSymbol::getSuperclass (60 bytes)
Event: 36.135 Thread 0x0000025e0f82f7c0 nmethod 14916 0x0000025e01654090 code [0x0000025e01654260, 0x0000025e01654588]
Event: 36.135 Thread 0x0000025e0f82f7c0 14917       2       com.sun.tools.javac.code.Types$18::visitClassType (10 bytes)
Event: 36.136 Thread 0x0000025e0f82f7c0 nmethod 14917 0x0000025e01653d10 code [0x0000025e01653ea0, 0x0000025e01653fe8]
Event: 36.136 Thread 0x0000025e0f82f7c0 14918       2       com.sun.tools.javac.code.Types$18::visitClassType (43 bytes)
Event: 36.136 Thread 0x0000025e0f82f7c0 nmethod 14918 0x0000025e01653610 code [0x0000025e01653800, 0x0000025e01653b08]
Event: 36.139 Thread 0x0000025e0f82f7c0 14919       2       com.sun.tools.javac.comp.DeferredAttr$RecoveryDeferredTypeMap::visitType (7 bytes)
Event: 36.139 Thread 0x0000025e0f82f7c0 nmethod 14919 0x0000025e01652f90 code [0x0000025e01653160, 0x0000025e01653428]
Event: 36.139 Thread 0x0000025e0f82f7c0 14920 %     3       com.sun.tools.javac.comp.Resolve::findMethod @ 138 (428 bytes)
Event: 36.144 Thread 0x0000025e0f82f7c0 nmethod 14920% 0x0000025e0164d290 code [0x0000025e0164d860, 0x0000025e016518f8]
Event: 36.144 Thread 0x0000025e0f82f7c0 14921       2       com.sun.tools.javac.tree.JCTree$JCParens::getTag (4 bytes)
Event: 36.144 Thread 0x0000025e0f82f7c0 nmethod 14921 0x0000025e0164cf10 code [0x0000025e0164d0a0, 0x0000025e0164d1b8]

GC Heap History (20 events):
Event: 24.220 GC heap after
{Heap after GC invocations=44 (full 0):
 garbage-first heap   total 135168K, used 78804K [0x0000000080000000, 0x0000000100000000)
  region size 1024K, 1 young (1024K), 1 survivors (1024K)
 Metaspace       used 90173K, committed 90816K, reserved 1130496K
  class space    used 12331K, committed 12672K, reserved 1048576K
}
Event: 24.604 GC heap before
{Heap before GC invocations=44 (full 0):
 garbage-first heap   total 135168K, used 94164K [0x0000000080000000, 0x0000000100000000)
  region size 1024K, 18 young (18432K), 1 survivors (1024K)
 Metaspace       used 90644K, committed 91328K, reserved 1130496K
  class space    used 12406K, committed 12736K, reserved 1048576K
}
Event: 24.610 GC heap after
{Heap after GC invocations=45 (full 0):
 garbage-first heap   total 176128K, used 80128K [0x0000000080000000, 0x0000000100000000)
  region size 1024K, 3 young (3072K), 3 survivors (3072K)
 Metaspace       used 90644K, committed 91328K, reserved 1130496K
  class space    used 12406K, committed 12736K, reserved 1048576K
}
Event: 26.029 GC heap before
{Heap before GC invocations=45 (full 0):
 garbage-first heap   total 176128K, used 133376K [0x0000000080000000, 0x0000000100000000)
  region size 1024K, 55 young (56320K), 3 survivors (3072K)
 Metaspace       used 94277K, committed 94976K, reserved 1138688K
  class space    used 12780K, committed 13120K, reserved 1048576K
}
Event: 26.041 GC heap after
{Heap after GC invocations=46 (full 0):
 garbage-first heap   total 176128K, used 83053K [0x0000000080000000, 0x0000000100000000)
  region size 1024K, 6 young (6144K), 6 survivors (6144K)
 Metaspace       used 94277K, committed 94976K, reserved 1138688K
  class space    used 12780K, committed 13120K, reserved 1048576K
}
Event: 27.160 GC heap before
{Heap before GC invocations=46 (full 0):
 garbage-first heap   total 176128K, used 137325K [0x0000000080000000, 0x0000000100000000)
  region size 1024K, 60 young (61440K), 6 survivors (6144K)
 Metaspace       used 95332K, committed 95936K, reserved 1138688K
  class space    used 12900K, committed 13184K, reserved 1048576K
}
Event: 27.173 GC heap after
{Heap after GC invocations=47 (full 0):
 garbage-first heap   total 176128K, used 87384K [0x0000000080000000, 0x0000000100000000)
  region size 1024K, 8 young (8192K), 8 survivors (8192K)
 Metaspace       used 95332K, committed 95936K, reserved 1138688K
  class space    used 12900K, committed 13184K, reserved 1048576K
}
Event: 31.396 GC heap before
{Heap before GC invocations=48 (full 0):
 garbage-first heap   total 176128K, used 139608K [0x0000000080000000, 0x0000000100000000)
  region size 1024K, 60 young (61440K), 8 survivors (8192K)
 Metaspace       used 96495K, committed 97152K, reserved 1138688K
  class space    used 13034K, committed 13376K, reserved 1048576K
}
Event: 31.424 GC heap after
{Heap after GC invocations=49 (full 0):
 garbage-first heap   total 176128K, used 92456K [0x0000000080000000, 0x0000000100000000)
  region size 1024K, 6 young (6144K), 6 survivors (6144K)
 Metaspace       used 96495K, committed 97152K, reserved 1138688K
  class space    used 13034K, committed 13376K, reserved 1048576K
}
Event: 31.496 GC heap before
{Heap before GC invocations=49 (full 0):
 garbage-first heap   total 176128K, used 93480K [0x0000000080000000, 0x0000000100000000)
  region size 1024K, 8 young (8192K), 6 survivors (6144K)
 Metaspace       used 96543K, committed 97216K, reserved 1138688K
  class space    used 13040K, committed 13376K, reserved 1048576K
}
Event: 31.510 GC heap after
{Heap after GC invocations=50 (full 0):
 garbage-first heap   total 176128K, used 92740K [0x0000000080000000, 0x0000000100000000)
  region size 1024K, 1 young (1024K), 1 survivors (1024K)
 Metaspace       used 96543K, committed 97216K, reserved 1138688K
  class space    used 13040K, committed 13376K, reserved 1048576K
}
Event: 33.203 GC heap before
{Heap before GC invocations=50 (full 0):
 garbage-first heap   total 176128K, used 140868K [0x0000000080000000, 0x0000000100000000)
  region size 1024K, 49 young (50176K), 1 survivors (1024K)
 Metaspace       used 98223K, committed 98944K, reserved 1138688K
  class space    used 13255K, committed 13632K, reserved 1048576K
}
Event: 33.211 GC heap after
{Heap after GC invocations=51 (full 0):
 garbage-first heap   total 176128K, used 97053K [0x0000000080000000, 0x0000000100000000)
  region size 1024K, 6 young (6144K), 6 survivors (6144K)
 Metaspace       used 98223K, committed 98944K, reserved 1138688K
  class space    used 13255K, committed 13632K, reserved 1048576K
}
Event: 33.975 GC heap before
{Heap before GC invocations=51 (full 0):
 garbage-first heap   total 176128K, used 127773K [0x0000000080000000, 0x0000000100000000)
  region size 1024K, 38 young (38912K), 6 survivors (6144K)
 Metaspace       used 104909K, committed 105600K, reserved 1146880K
  class space    used 14082K, committed 14400K, reserved 1048576K
}
Event: 33.988 GC heap after
{Heap after GC invocations=52 (full 0):
 garbage-first heap   total 176128K, used 100376K [0x0000000080000000, 0x0000000100000000)
  region size 1024K, 4 young (4096K), 4 survivors (4096K)
 Metaspace       used 104909K, committed 105600K, reserved 1146880K
  class space    used 14082K, committed 14400K, reserved 1048576K
}
Event: 35.228 GC heap before
{Heap before GC invocations=53 (full 0):
 garbage-first heap   total 191488K, used 144408K [0x0000000080000000, 0x0000000100000000)
  region size 1024K, 46 young (47104K), 4 survivors (4096K)
 Metaspace       used 106946K, committed 107648K, reserved 1146880K
  class space    used 14311K, committed 14656K, reserved 1048576K
}
Event: 35.251 GC heap after
{Heap after GC invocations=54 (full 0):
 garbage-first heap   total 191488K, used 111193K [0x0000000080000000, 0x0000000100000000)
  region size 1024K, 6 young (6144K), 6 survivors (6144K)
 Metaspace       used 106946K, committed 107648K, reserved 1146880K
  class space    used 14311K, committed 14656K, reserved 1048576K
}
Event: 35.333 GC heap before
{Heap before GC invocations=54 (full 0):
 garbage-first heap   total 191488K, used 114265K [0x0000000080000000, 0x0000000100000000)
  region size 1024K, 9 young (9216K), 6 survivors (6144K)
 Metaspace       used 107097K, committed 107840K, reserved 1146880K
  class space    used 14322K, committed 14720K, reserved 1048576K
}
Event: 35.354 GC heap after
{Heap after GC invocations=55 (full 0):
 garbage-first heap   total 191488K, used 111381K [0x0000000080000000, 0x0000000100000000)
  region size 1024K, 1 young (1024K), 1 survivors (1024K)
 Metaspace       used 107097K, committed 107840K, reserved 1146880K
  class space    used 14322K, committed 14720K, reserved 1048576K
}
Event: 36.150 GC heap before
{Heap before GC invocations=55 (full 0):
 garbage-first heap   total 191488K, used 153365K [0x0000000080000000, 0x0000000100000000)
  region size 1024K, 42 young (43008K), 1 survivors (1024K)
 Metaspace       used 107572K, committed 108352K, reserved 1146880K
  class space    used 14337K, committed 14720K, reserved 1048576K
}

Dll operation events (2 events):
Event: 0.020 Loaded shared library C:\Program Files\Android\Android Studio\jbr\bin\java.dll
Event: 1.700 Loaded shared library C:\Program Files\Android\Android Studio\jbr\bin\verify.dll

Deoptimization events (20 events):
Event: 35.392 Thread 0x0000025e1540c3e0 Uncommon trap: trap_request=0xffffff45 fr.pc=0x0000025e08226078 relative=0x0000000000000158
Event: 35.392 Thread 0x0000025e1540c3e0 Uncommon trap: reason=unstable_if action=reinterpret pc=0x0000025e08226078 method=com.sun.tools.javac.util.IntHashTable.lookup(Ljava/lang/Object;)I @ 73 c2
Event: 35.392 Thread 0x0000025e1540c3e0 DEOPT PACKING pc=0x0000025e08226078 sp=0x000000e026df8840
Event: 35.392 Thread 0x0000025e1540c3e0 DEOPT UNPACKING pc=0x0000025e0758a1a3 sp=0x000000e026df87b8 mode 2
Event: 35.434 Thread 0x0000025e1540c3e0 Uncommon trap: trap_request=0xffffff3d fr.pc=0x0000025e080346a0 relative=0x00000000000004e0
Event: 35.434 Thread 0x0000025e1540c3e0 Uncommon trap: reason=unstable_fused_if action=reinterpret pc=0x0000025e080346a0 method=com.sun.tools.javac.util.Convert.chars2utf([CI[BII)I @ 28 c2
Event: 35.434 Thread 0x0000025e1540c3e0 DEOPT PACKING pc=0x0000025e080346a0 sp=0x000000e026df8970
Event: 35.434 Thread 0x0000025e1540c3e0 DEOPT UNPACKING pc=0x0000025e0758a1a3 sp=0x000000e026df87e8 mode 2
Event: 35.460 Thread 0x0000025e1540c3e0 Uncommon trap: trap_request=0xffffff3d fr.pc=0x0000025e07ccf420 relative=0x0000000000000380
Event: 35.460 Thread 0x0000025e1540c3e0 Uncommon trap: reason=unstable_fused_if action=reinterpret pc=0x0000025e07ccf420 method=com.sun.tools.javac.util.Convert.chars2utf([CI[BII)I @ 28 c2
Event: 35.460 Thread 0x0000025e1540c3e0 DEOPT PACKING pc=0x0000025e07ccf420 sp=0x000000e026df88d0
Event: 35.460 Thread 0x0000025e1540c3e0 DEOPT UNPACKING pc=0x0000025e0758a1a3 sp=0x000000e026df87d8 mode 2
Event: 35.558 Thread 0x0000025e1540c3e0 Uncommon trap: trap_request=0xffffff3d fr.pc=0x0000025e08226d14 relative=0x0000000000000214
Event: 35.558 Thread 0x0000025e1540c3e0 Uncommon trap: reason=unstable_fused_if action=reinterpret pc=0x0000025e08226d14 method=com.sun.tools.javac.util.Convert.chars2utf([CI[BII)I @ 28 c2
Event: 35.558 Thread 0x0000025e1540c3e0 DEOPT PACKING pc=0x0000025e08226d14 sp=0x000000e026df8880
Event: 35.558 Thread 0x0000025e1540c3e0 DEOPT UNPACKING pc=0x0000025e0758a1a3 sp=0x000000e026df87e0 mode 2
Event: 35.795 Thread 0x0000025e1540c3e0 DEOPT PACKING pc=0x0000025e00795d11 sp=0x000000e026df9510
Event: 35.795 Thread 0x0000025e1540c3e0 DEOPT UNPACKING pc=0x0000025e0758ace3 sp=0x000000e026df8988 mode 0
Event: 36.131 Thread 0x0000025e1540c3e0 DEOPT PACKING pc=0x0000025e00a11353 sp=0x000000e026df93d0
Event: 36.131 Thread 0x0000025e1540c3e0 DEOPT UNPACKING pc=0x0000025e0758ace3 sp=0x000000e026df8878 mode 0

Classes unloaded (2 events):
Event: 27.369 Thread 0x0000025e7fd8a460 Unloading class 0x0000000100c58c00 'java/lang/invoke/LambdaForm$DMH+0x0000000100c58c00'
Event: 27.369 Thread 0x0000025e7fd8a460 Unloading class 0x0000000100c58800 'java/lang/invoke/LambdaForm$DMH+0x0000000100c58800'

Classes redefined (0 events):
No events

Internal exceptions (20 events):
Event: 35.887 Thread 0x0000025e1540c3e0 Exception <a 'sun/nio/fs/WindowsException'{0x0000000089e1d670}> (0x0000000089e1d670) 
thrown [s\src\hotspot\share\prims\jni.cpp, line 517]
Event: 35.936 Thread 0x0000025e1540c3e0 Exception <a 'sun/nio/fs/WindowsException'{0x0000000089ba1c38}> (0x0000000089ba1c38) 
thrown [s\src\hotspot\share\prims\jni.cpp, line 517]
Event: 35.941 Thread 0x0000025e1540c3e0 Exception <a 'sun/nio/fs/WindowsException'{0x0000000089ba9c68}> (0x0000000089ba9c68) 
thrown [s\src\hotspot\share\prims\jni.cpp, line 517]
Event: 35.949 Thread 0x0000025e1540c3e0 Exception <a 'sun/nio/fs/WindowsException'{0x0000000089bb1560}> (0x0000000089bb1560) 
thrown [s\src\hotspot\share\prims\jni.cpp, line 517]
Event: 35.952 Thread 0x0000025e1540c3e0 Exception <a 'sun/nio/fs/WindowsException'{0x0000000089bb6628}> (0x0000000089bb6628) 
thrown [s\src\hotspot\share\prims\jni.cpp, line 517]
Event: 35.961 Thread 0x0000025e1540c3e0 Exception <a 'sun/nio/fs/WindowsException'{0x0000000089bc50d0}> (0x0000000089bc50d0) 
thrown [s\src\hotspot\share\prims\jni.cpp, line 517]
Event: 35.996 Thread 0x0000025e1540c3e0 Exception <a 'sun/nio/fs/WindowsException'{0x000000008973da90}> (0x000000008973da90) 
thrown [s\src\hotspot\share\prims\jni.cpp, line 517]
Event: 36.003 Thread 0x0000025e1540c3e0 Exception <a 'sun/nio/fs/WindowsException'{0x00000000897466b0}> (0x00000000897466b0) 
thrown [s\src\hotspot\share\prims\jni.cpp, line 517]
Event: 36.006 Thread 0x0000025e1540c3e0 Exception <a 'sun/nio/fs/WindowsException'{0x000000008974c360}> (0x000000008974c360) 
thrown [s\src\hotspot\share\prims\jni.cpp, line 517]
Event: 36.008 Thread 0x0000025e1540c3e0 Exception <a 'sun/nio/fs/WindowsException'{0x0000000089751218}> (0x0000000089751218) 
thrown [s\src\hotspot\share\prims\jni.cpp, line 517]
Event: 36.015 Thread 0x0000025e1540c3e0 Exception <a 'sun/nio/fs/WindowsException'{0x000000008975dfc0}> (0x000000008975dfc0) 
thrown [s\src\hotspot\share\prims\jni.cpp, line 517]
Event: 36.061 Thread 0x0000025e1540c3e0 Exception <a 'sun/nio/fs/WindowsException'{0x0000000089459f50}> (0x0000000089459f50) 
thrown [s\src\hotspot\share\prims\jni.cpp, line 517]
Event: 36.068 Thread 0x0000025e1540c3e0 Exception <a 'sun/nio/fs/WindowsException'{0x0000000089461160}> (0x0000000089461160) 
thrown [s\src\hotspot\share\prims\jni.cpp, line 517]
Event: 36.071 Thread 0x0000025e1540c3e0 Exception <a 'sun/nio/fs/WindowsException'{0x00000000894660e8}> (0x00000000894660e8) 
thrown [s\src\hotspot\share\prims\jni.cpp, line 517]
Event: 36.075 Thread 0x0000025e1540c3e0 Exception <a 'sun/nio/fs/WindowsException'{0x000000008946b6c0}> (0x000000008946b6c0) 
thrown [s\src\hotspot\share\prims\jni.cpp, line 517]
Event: 36.079 Thread 0x0000025e1540c3e0 Exception <a 'sun/nio/fs/WindowsException'{0x0000000089476480}> (0x0000000089476480) 
thrown [s\src\hotspot\share\prims\jni.cpp, line 517]
Event: 36.107 Thread 0x0000025e1540c3e0 Exception <a 'sun/nio/fs/WindowsException'{0x000000008912b430}> (0x000000008912b430) 
thrown [s\src\hotspot\share\prims\jni.cpp, line 517]
Event: 36.109 Thread 0x0000025e1540c3e0 Exception <a 'sun/nio/fs/WindowsException'{0x00000000891315a8}> (0x00000000891315a8) 
thrown [s\src\hotspot\share\prims\jni.cpp, line 517]
Event: 36.115 Thread 0x0000025e1540c3e0 Exception <a 'sun/nio/fs/WindowsException'{0x0000000089136300}> (0x0000000089136300) 
thrown [s\src\hotspot\share\prims\jni.cpp, line 517]
Event: 36.121 Thread 0x0000025e1540c3e0 Exception <a 'sun/nio/fs/WindowsException'{0x000000008913e468}> (0x000000008913e468) 
thrown [s\src\hotspot\share\prims\jni.cpp, line 517]

VM Operations (20 events):
Event: 35.209 Executing VM operation: ICBufferFull done
Event: 35.228 Executing VM operation: G1CollectForAllocation
Event: 35.252 Executing VM operation: G1CollectForAllocation done
Event: 35.282 Executing VM operation: ICBufferFull
Event: 35.282 Executing VM operation: ICBufferFull done
Event: 35.290 Executing VM operation: HandshakeAllThreads
Event: 35.290 Executing VM operation: HandshakeAllThreads done
Event: 35.292 Executing VM operation: HandshakeAllThreads
Event: 35.292 Executing VM operation: HandshakeAllThreads done
Event: 35.333 Executing VM operation: G1CollectForAllocation
Event: 35.354 Executing VM operation: G1CollectForAllocation done
Event: 35.580 Executing VM operation: ICBufferFull
Event: 35.580 Executing VM operation: ICBufferFull done
Event: 35.633 Executing VM operation: HandshakeAllThreads
Event: 35.633 Executing VM operation: HandshakeAllThreads done
Event: 35.682 Executing VM operation: ICBufferFull
Event: 35.682 Executing VM operation: ICBufferFull done
Event: 35.840 Executing VM operation: ICBufferFull
Event: 35.841 Executing VM operation: ICBufferFull done
Event: 36.149 Executing VM operation: G1CollectForAllocation

Events (20 events):
Event: 35.655 Thread 0x0000025e0f8390a0 flushing nmethod 0x0000025e01631a10
Event: 35.655 Thread 0x0000025e0f8390a0 flushing nmethod 0x0000025e01632310
Event: 35.655 Thread 0x0000025e0f8390a0 flushing nmethod 0x0000025e01632890
Event: 35.655 Thread 0x0000025e0f8390a0 flushing nmethod 0x0000025e01638990
Event: 35.655 Thread 0x0000025e0f8390a0 flushing nmethod 0x0000025e01639410
Event: 35.655 Thread 0x0000025e0f8390a0 flushing nmethod 0x0000025e01639d90
Event: 35.655 Thread 0x0000025e0f8390a0 flushing nmethod 0x0000025e0163a790
Event: 35.655 Thread 0x0000025e0f8390a0 flushing nmethod 0x0000025e0163b090
Event: 35.655 Thread 0x0000025e0f8390a0 flushing nmethod 0x0000025e0163b410
Event: 35.655 Thread 0x0000025e0f8390a0 flushing nmethod 0x0000025e0163b790
Event: 35.655 Thread 0x0000025e0f8390a0 flushing nmethod 0x0000025e0163ca10
Event: 35.655 Thread 0x0000025e0f8390a0 flushing nmethod 0x0000025e0163cd90
Event: 35.655 Thread 0x0000025e0f8390a0 flushing nmethod 0x0000025e0163d890
Event: 35.655 Thread 0x0000025e0f8390a0 flushing nmethod 0x0000025e01640290
Event: 35.655 Thread 0x0000025e0f8390a0 flushing nmethod 0x0000025e01657590
Event: 35.655 Thread 0x0000025e0f8390a0 flushing nmethod 0x0000025e01657c10
Event: 35.655 Thread 0x0000025e0f8390a0 flushing nmethod 0x0000025e0165fc10
Event: 35.655 Thread 0x0000025e0f8390a0 flushing nmethod 0x0000025e01669e10
Event: 35.655 Thread 0x0000025e0f8390a0 flushing nmethod 0x0000025e01697810
Event: 35.655 Thread 0x0000025e0f8390a0 flushing nmethod 0x0000025e016ec310


Dynamic libraries:
0x00007ff6f2370000 - 0x00007ff6f237a000 	C:\Program Files\Android\Android Studio\jbr\bin\java.exe
0x00007ffb43930000 - 0x00007ffb43b28000 	C:\WINDOWS\SYSTEM32\ntdll.dll
0x00007ffb42020000 - 0x00007ffb420dd000 	C:\WINDOWS\System32\KERNEL32.DLL
0x00007ffb41140000 - 0x00007ffb41436000 	C:\WINDOWS\System32\KERNELBASE.dll
0x00007ffb41530000 - 0x00007ffb41630000 	C:\WINDOWS\System32\ucrtbase.dll
0x00007ffb3e140000 - 0x00007ffb3e15b000 	C:\Program Files\Android\Android Studio\jbr\bin\VCRUNTIME140.dll
0x00007ffb3ad80000 - 0x00007ffb3ad97000 	C:\Program Files\Android\Android Studio\jbr\bin\jli.dll
0x00007ffb42830000 - 0x00007ffb429ce000 	C:\WINDOWS\System32\USER32.dll
0x00007ffb41960000 - 0x00007ffb41982000 	C:\WINDOWS\System32\win32u.dll
0x00007ffb435b0000 - 0x00007ffb435dc000 	C:\WINDOWS\System32\GDI32.dll
0x00007ffb41840000 - 0x00007ffb4195a000 	C:\WINDOWS\System32\gdi32full.dll
0x00007ffb41010000 - 0x00007ffb410ad000 	C:\WINDOWS\System32\msvcp_win.dll
0x00007ffb2eab0000 - 0x00007ffb2ed4a000 	C:\WINDOWS\WinSxS\amd64_microsoft.windows.common-controls_6595b64144ccf1df_6.0.19041.3636_none_60b6a03d71f818d5\COMCTL32.dll
0x00007ffb43820000 - 0x00007ffb438be000 	C:\WINDOWS\System32\msvcrt.dll
0x00007ffb433f0000 - 0x00007ffb43420000 	C:\WINDOWS\System32\IMM32.DLL
0x00007ffb3e130000 - 0x00007ffb3e13c000 	C:\Program Files\Android\Android Studio\jbr\bin\vcruntime140_1.dll
0x00007ffb0e870000 - 0x00007ffb0e8fd000 	C:\Program Files\Android\Android Studio\jbr\bin\msvcp140.dll
0x00007ffb07a20000 - 0x00007ffb0868e000 	C:\Program Files\Android\Android Studio\jbr\bin\server\jvm.dll
0x00007ffb435e0000 - 0x00007ffb4368f000 	C:\WINDOWS\System32\ADVAPI32.dll
0x00007ffb42b70000 - 0x00007ffb42c0c000 	C:\WINDOWS\System32\sechost.dll
0x00007ffb41ef0000 - 0x00007ffb42016000 	C:\WINDOWS\System32\RPCRT4.dll
0x00007ffb3e3e0000 - 0x00007ffb3e3e9000 	C:\WINDOWS\SYSTEM32\WSOCK32.dll
0x00007ffb429d0000 - 0x00007ffb42a3b000 	C:\WINDOWS\System32\WS2_32.dll
0x00007ffb21b80000 - 0x00007ffb21ba7000 	C:\WINDOWS\SYSTEM32\WINMM.dll
0x00007ffb327a0000 - 0x00007ffb327aa000 	C:\WINDOWS\SYSTEM32\VERSION.dll
0x00007ffb3f860000 - 0x00007ffb3f872000 	C:\WINDOWS\SYSTEM32\kernel.appcore.dll
0x00007ffb3e3d0000 - 0x00007ffb3e3da000 	C:\Program Files\Android\Android Studio\jbr\bin\jimage.dll
0x00007ffb3ee20000 - 0x00007ffb3f004000 	C:\WINDOWS\SYSTEM32\DBGHELP.DLL
0x00007ffb2a060000 - 0x00007ffb2a094000 	C:\WINDOWS\SYSTEM32\dbgcore.DLL
0x00007ffb410b0000 - 0x00007ffb41132000 	C:\WINDOWS\System32\bcryptPrimitives.dll
0x00007ffb3ae00000 - 0x00007ffb3ae25000 	C:\Program Files\Android\Android Studio\jbr\bin\java.dll
0x00007ffb3e2b0000 - 0x00007ffb3e2c8000 	C:\Program Files\Android\Android Studio\jbr\bin\zip.dll
0x00007ffb420e0000 - 0x00007ffb42824000 	C:\WINDOWS\System32\SHELL32.dll
0x00007ffb3f010000 - 0x00007ffb3f7ab000 	C:\WINDOWS\SYSTEM32\windows.storage.dll
0x00007ffb42c10000 - 0x00007ffb42f64000 	C:\WINDOWS\System32\combase.dll
0x00007ffb409e0000 - 0x00007ffb40a0d000 	C:\WINDOWS\SYSTEM32\Wldp.dll
0x00007ffb42ac0000 - 0x00007ffb42b6d000 	C:\WINDOWS\System32\SHCORE.dll
0x00007ffb43420000 - 0x00007ffb43475000 	C:\WINDOWS\System32\shlwapi.dll
0x00007ffb40f40000 - 0x00007ffb40f65000 	C:\WINDOWS\SYSTEM32\profapi.dll
0x00007ffb3c970000 - 0x00007ffb3c989000 	C:\Program Files\Android\Android Studio\jbr\bin\net.dll
0x00007ffb32590000 - 0x00007ffb3269a000 	C:\WINDOWS\SYSTEM32\WINHTTP.dll
0x00007ffb406e0000 - 0x00007ffb4074a000 	C:\WINDOWS\system32\mswsock.dll
0x00007ffb3c690000 - 0x00007ffb3c6a6000 	C:\Program Files\Android\Android Studio\jbr\bin\nio.dll
0x00007ffb3e010000 - 0x00007ffb3e020000 	C:\Program Files\Android\Android Studio\jbr\bin\verify.dll
0x00007ffb38d80000 - 0x00007ffb38da7000 	C:\Users\caot4\.gradle\native\68d5fa5c4cc2d200863cafc0d521ce42e7d3e7ee720ec0a83991735586a16f82\windows-amd64\native-platform.dll
0x00007ffb0e260000 - 0x00007ffb0e3a4000 	C:\Users\caot4\.gradle\native\e376f236ea51e6404a007f0833ffe2c6e607c4080706a723a18a27aeea778392\windows-amd64\native-platform-file-events.dll
0x00007ffb3cb80000 - 0x00007ffb3cb89000 	C:\Program Files\Android\Android Studio\jbr\bin\management.dll
0x00007ffb3cb60000 - 0x00007ffb3cb6b000 	C:\Program Files\Android\Android Studio\jbr\bin\management_ext.dll
0x00007ffb438e0000 - 0x00007ffb438e8000 	C:\WINDOWS\System32\PSAPI.DLL
0x00007ffb40940000 - 0x00007ffb40958000 	C:\WINDOWS\SYSTEM32\CRYPTSP.dll
0x00007ffb40010000 - 0x00007ffb40044000 	C:\WINDOWS\system32\rsaenh.dll
0x00007ffb41440000 - 0x00007ffb41467000 	C:\WINDOWS\System32\bcrypt.dll
0x00007ffb40f00000 - 0x00007ffb40f2e000 	C:\WINDOWS\SYSTEM32\USERENV.dll
0x00007ffb40930000 - 0x00007ffb4093c000 	C:\WINDOWS\SYSTEM32\CRYPTBASE.dll
0x00007ffb403d0000 - 0x00007ffb4040b000 	C:\WINDOWS\SYSTEM32\IPHLPAPI.DLL
0x00007ffb43480000 - 0x00007ffb43488000 	C:\WINDOWS\System32\NSI.dll
0x00007ffb35e40000 - 0x00007ffb35e57000 	C:\WINDOWS\SYSTEM32\dhcpcsvc6.DLL
0x00007ffb379c0000 - 0x00007ffb379dd000 	C:\WINDOWS\SYSTEM32\dhcpcsvc.DLL
0x00007ffb40410000 - 0x00007ffb404da000 	C:\WINDOWS\SYSTEM32\DNSAPI.dll
0x00007ffb3c760000 - 0x00007ffb3c767000 	C:\WINDOWS\system32\wshunix.dll

dbghelp: loaded successfully - version: 4.0.5 - missing functions: none
symbol engine: initialized successfully - sym options: 0x614 - pdb path: .;C:\Program Files\Android\Android Studio\jbr\bin;C:\WINDOWS\SYSTEM32;C:\WINDOWS\WinSxS\amd64_microsoft.windows.common-controls_6595b64144ccf1df_6.0.19041.3636_none_60b6a03d71f818d5;C:\Program Files\Android\Android Studio\jbr\bin\server;C:\Users\caot4\.gradle\native\68d5fa5c4cc2d200863cafc0d521ce42e7d3e7ee720ec0a83991735586a16f82\windows-amd64;C:\Users\caot4\.gradle\native\e376f236ea51e6404a007f0833ffe2c6e607c4080706a723a18a27aeea778392\windows-amd64

VM Arguments:
jvm_args: --add-opens=java.base/java.util=ALL-UNNAMED --add-opens=java.base/java.lang=ALL-UNNAMED --add-opens=java.base/java.lang.invoke=ALL-UNNAMED --add-opens=java.prefs/java.util.prefs=ALL-UNNAMED --add-opens=java.base/java.nio.charset=ALL-UNNAMED --add-opens=java.base/java.net=ALL-UNNAMED --add-opens=java.base/java.util.concurrent.atomic=ALL-UNNAMED -Xmx2048m -Dfile.encoding=UTF-8 -Duser.country=US -Duser.language=en -Duser.variant 
java_command: org.gradle.launcher.daemon.bootstrap.GradleDaemon 8.0
java_class_path (initial): C:\Users\caot4\.gradle\wrapper\dists\gradle-8.0-bin\ca5e32bp14vu59qr306oxotwh\gradle-8.0\lib\gradle-launcher-8.0.jar
Launcher Type: SUN_STANDARD

[Global flags]
     intx CICompilerCount                          = 3                                         {product} {ergonomic}
     uint ConcGCThreads                            = 1                                         {product} {ergonomic}
     uint G1ConcRefinementThreads                  = 4                                         {product} {ergonomic}
   size_t G1HeapRegionSize                         = 1048576                                   {product} {ergonomic}
    uintx GCDrainStackTargetSize                   = 64                                        {product} {ergonomic}
   size_t InitialHeapSize                          = 132120576                                 {product} {ergonomic}
   size_t MarkStackSize                            = 4194304                                   {product} {ergonomic}
   size_t MaxHeapSize                              = 2147483648                                {product} {command line}
   size_t MaxNewSize                               = 1287651328                                {product} {ergonomic}
   size_t MinHeapDeltaBytes                        = 1048576                                   {product} {ergonomic}
   size_t MinHeapSize                              = 8388608                                   {product} {ergonomic}
    uintx NonNMethodCodeHeapSize                   = 5832780                                {pd product} {ergonomic}
    uintx NonProfiledCodeHeapSize                  = 122912730                              {pd product} {ergonomic}
    uintx ProfiledCodeHeapSize                     = 122912730                              {pd product} {ergonomic}
    uintx ReservedCodeCacheSize                    = 251658240                              {pd product} {ergonomic}
     bool SegmentedCodeCache                       = true                                      {product} {ergonomic}
   size_t SoftMaxHeapSize                          = 2147483648                             {manageable} {ergonomic}
     bool UseCompressedClassPointers               = true                           {product lp64_product} {ergonomic}
     bool UseCompressedOops                        = true                           {product lp64_product} {ergonomic}
     bool UseG1GC                                  = true                                      {product} {ergonomic}
     bool UseLargePagesIndividualAllocation        = false                                  {pd product} {ergonomic}

Logging:
Log output configuration:
 #0: stdout all=warning uptime,level,tags
 #1: stderr all=off uptime,level,tags

Environment Variables:
PATH=C:\Program Files\Microsoft MPI\Bin\;C:\Program Files\Microsoft\jdk-11.0.16.101-hotspot\bin;C:\Program Files (x86)\NVIDIA Corporation\PhysX\Common;C:\WINDOWS\system32;C:\WINDOWS;C:\WINDOWS\System32\Wbem;C:\WINDOWS\System32\WindowsPowerShell\v1.0\;C:\WINDOWS\System32\OpenSSH\;C:\Program Files (x86)\dotnet\;C:\Program Files\Git\cmd;C:\Program Files\dotnet\;C:\Program Files\Azure Data Studio\bin;C:\Program Files (x86)\Microsoft SQL Server\160\Tools\Binn\;C:\Program Files\Microsoft SQL Server\160\Tools\Binn\;C:\Program Files\Microsoft SQL Server\Client SDK\ODBC\170\Tools\Binn\;C:\Program Files\Microsoft SQL Server\160\DTS\Binn\;C:\Program Files (x86)\Microsoft SQL Server\160\DTS\Binn\;C:\Program Files\Microsoft SQL Server\150\Tools\Binn\;C:\Program Files\dotnet;C:\Users\caot4\.dotnet\tools;C:\Users\caot4\.dnx\bin;C:\Users\caot4\AppData\Local\Microsoft\WindowsApps;C:\Program Files\Azure Data Studio\bin;C:\Users\caot4\.dotnet\tools;C:\Users\caot4\AppData\Local\Programs\Microsoft VS Code\bin;C:\Users\caot4\AppData\Local\GitHubDesktop\bin;;C:\Program Files\Azure Data Studio\bin
USERNAME=caot4
OS=Windows_NT
PROCESSOR_IDENTIFIER=Intel64 Family 6 Model 126 Stepping 5, GenuineIntel
TMP=C:\Users\caot4\AppData\Local\Temp
TEMP=C:\Users\caot4\AppData\Local\Temp


JNI global refs:
JNI global refs: 26, weak refs: 28

JNI global refs memory usage: 843, weak refs: 841


---------------  S Y S T E M  ---------------

OS:
 Windows 10 , 64 bit Build 19041 (10.0.19041.3636)
OS uptime: 0 days 21:40 hours

CPU: total 4 (initial active 4) (2 cores per cpu, 2 threads per core) family 6 model 126 stepping 5 microcode 0xa0, cx8, cmov, fxsr, ht, mmx, 3dnowpref, sse, sse2, sse3, ssse3, sse4.1, sse4.2, popcnt, lzcnt, tsc, tscinvbit, avx, avx2, aes, erms, clmul, bmi1, bmi2, adx, avx512f, avx512dq, avx512cd, avx512bw, avx512vl, sha, fma, vzeroupper, avx512_vpopcntdq, avx512_vpclmulqdq, avx512_vaes, avx512_vnni, clflush, clflushopt, avx512_vbmi2, avx512_vbmi

Memory: 4k page, system-wide physical 7998M (337M free)
TotalPageFile size 12094M (AvailPageFile size 66M)
current process WorkingSet (physical memory assigned to process): 395M, peak: 402M
current process commit charge ("private bytes"): 488M, peak: 672M

vm_info: OpenJDK 64-Bit Server VM (17.0.6+0-b2043.56-10027231) for windows-amd64 JRE (17.0.6+0-b2043.56-10027231), built on Apr 28 2023 00:43:19 by "androidbuild" with MS VC++ 16.10 / 16.11 (VS2019)

END.
