#
# There is insufficient memory for the Java Runtime Environment to continue.
# Native memory allocation (mmap) failed to map 56623104 bytes for G1 virtual space
# Possible reasons:
#   The system is out of physical RAM or swap space
#   The process is running with CompressedOops enabled, and the Java Heap may be blocking the growth of the native heap
# Possible solutions:
#   Reduce memory load on the system
#   Increase physical memory or swap space
#   Check if swap backing store is full
#   Decrease Java heap size (-Xmx/-Xms)
#   Decrease number of Java threads
#   Decrease Java thread stack sizes (-Xss)
#   Set larger code cache with -XX:ReservedCodeCacheSize=
#   JVM is running with Unscaled Compressed Oops mode in which the Java heap is
#     placed in the first 4GB address space. The Java Heap base address is the
#     maximum limit for the native heap growth. Please use -XX:HeapBaseMinAddress
#     to set the Java Heap base and to place the Java Heap above 4GB virtual address.
# This output file may be truncated or incomplete.
#
#  Out of Memory Error (os_windows.cpp:3769), pid=3656, tid=5968
#
# JRE version: OpenJDK Runtime Environment (17.0.6) (build 17.0.6+0-b2043.56-10027231)
# Java VM: OpenJDK 64-Bit Server VM (17.0.6+0-b2043.56-10027231, mixed mode, tiered, compressed oops, compressed class ptrs, g1 gc, windows-amd64)
# No core dump will be written. Minidumps are not enabled by default on client versions of Windows
#

---------------  S U M M A R Y ------------

Command Line: --add-opens=java.base/java.util=ALL-UNNAMED --add-opens=java.base/java.lang=ALL-UNNAMED --add-opens=java.base/java.lang.invoke=ALL-UNNAMED --add-opens=java.prefs/java.util.prefs=ALL-UNNAMED --add-opens=java.base/java.nio.charset=ALL-UNNAMED --add-opens=java.base/java.net=ALL-UNNAMED --add-opens=java.base/java.util.concurrent.atomic=ALL-UNNAMED -Xmx2048m -Dfile.encoding=UTF-8 -Duser.country=US -Duser.language=en -Duser.variant org.gradle.launcher.daemon.bootstrap.GradleDaemon 8.0

Host: Intel(R) Core(TM) i3-1005G1 CPU @ 1.20GHz, 4 cores, 7G,  Windows 10 , 64 bit Build 19041 (10.0.19041.3636)
Time: Sat Nov 25 19:07:22 2023 SE Asia Standard Time elapsed time: 716.957211 seconds (0d 0h 11m 56s)

---------------  T H R E A D  ---------------

Current thread (0x0000017376af9710):  VMThread "VM Thread" [stack: 0x0000001b5d400000,0x0000001b5d500000] [id=5968]

Stack: [0x0000001b5d400000,0x0000001b5d500000]
Native frames: (J=compiled Java code, j=interpreted, Vv=VM code, C=native code)
V  [jvm.dll+0x683c9a]
V  [jvm.dll+0x8427a4]
V  [jvm.dll+0x843f9e]
V  [jvm.dll+0x844603]
V  [jvm.dll+0x249b75]
V  [jvm.dll+0x680b69]
V  [jvm.dll+0x67505a]
V  [jvm.dll+0x309acb]
V  [jvm.dll+0x310f86]
V  [jvm.dll+0x3608ee]
V  [jvm.dll+0x360b1f]
V  [jvm.dll+0x2dfbf8]
V  [jvm.dll+0x2e2ce6]
V  [jvm.dll+0x2ed478]
V  [jvm.dll+0x322150]
V  [jvm.dll+0x848ccb]
V  [jvm.dll+0x849a04]
V  [jvm.dll+0x849f1d]
V  [jvm.dll+0x84a2f4]
V  [jvm.dll+0x84a3c0]
V  [jvm.dll+0x7f274a]
V  [jvm.dll+0x682ad5]
C  [ucrtbase.dll+0x21bb2]
C  [KERNEL32.DLL+0x17344]
C  [ntdll.dll+0x526b1]

VM_Operation (0x0000001b5d0ff450): G1Concurrent, mode: safepoint, requested by thread 0x000001735d5a8ce0


---------------  P R O C E S S  ---------------

Threads class SMR info:
_java_thread_list=0x000001737bf29240, length=92, elements={
0x000001735d539900, 0x0000017376b1e260, 0x0000017376b234d0, 0x0000017376b30980,
0x0000017376b31340, 0x000001737750a820, 0x000001737750d890, 0x000001737752bca0,
0x000001737752ed50, 0x000001737752fdf0, 0x00000173776bb1e0, 0x00000173776cb150,
0x000001737a5c7930, 0x000001737783ac10, 0x000001737a3d52a0, 0x000001737a7a3ae0,
0x000001737a7a0120, 0x000001737a7a0f90, 0x000001737a7a22d0, 0x000001737a7a1460,
0x000001737a7a27a0, 0x000001737a7ab0f0, 0x000001737a7a5580, 0x000001737a7a68c0,
0x000001737a7a8f40, 0x000001737a7a4be0, 0x000001737a7a7c00, 0x000001737c4c8ef0,
0x00000173778c8d50, 0x000001737e0553f0, 0x000001737e057a70, 0x000001737e056730,
0x000001737e0540b0, 0x000001737e059750, 0x000001737e053240, 0x000001737e058db0,
0x000001737e056c00, 0x000001737e0570d0, 0x000001737e052d70, 0x000001737e057f40,
0x000001737e059c20, 0x000001737e053710, 0x000001737e058410, 0x000001737e053be0,
0x000001737e0575a0, 0x000001737e054580, 0x000001737e054a50, 0x000001737e0558c0,
0x000001737e0588e0, 0x000001737e0523d0, 0x000001737e054f20, 0x000001737e0528a0,
0x000001737a7a4710, 0x000001737a7aac20, 0x000001737a7a80d0, 0x000001737a7a6d90,
0x000001737a7a9410, 0x000001737a7a85a0, 0x000001737a7aa280, 0x000001737a7ab5c0,
0x000001737a7aba90, 0x000001737a7abf60, 0x000001737a7a7730, 0x000001737a7a50b0,
0x000001737a7a5a50, 0x000001737a7a8a70, 0x000001737a7a5f20, 0x00000173778cbd70,
0x00000173778cd580, 0x00000173778cc240, 0x00000173778cc710, 0x00000173778cda50,
0x00000173778ce3f0, 0x00000173778ced90, 0x00000173778cf260, 0x00000173778cf730,
0x00000173778cfc00, 0x00000173778d05a0, 0x00000173778c9220, 0x00000173778c96f0,
0x000001737c4c9d60, 0x000001737c4cabd0, 0x000001737c4ca230, 0x000001737c4c5ed0,
0x000001737c4c7bb0, 0x000001737c4c6d40, 0x000001737c4cb0a0, 0x000001737c4cb570,
0x000001737a7a3140, 0x000001737a7a3610, 0x000001737a7a05f0, 0x000001737de14d30
}

Java Threads: ( => current thread )
  0x000001735d539900 JavaThread "main" [_thread_blocked, id=4852, stack(0x0000001b5ce00000,0x0000001b5cf00000)]
  0x0000017376b1e260 JavaThread "Reference Handler" daemon [_thread_blocked, id=8292, stack(0x0000001b5d500000,0x0000001b5d600000)]
  0x0000017376b234d0 JavaThread "Finalizer" daemon [_thread_blocked, id=7752, stack(0x0000001b5d600000,0x0000001b5d700000)]
  0x0000017376b30980 JavaThread "Signal Dispatcher" daemon [_thread_blocked, id=5916, stack(0x0000001b5d700000,0x0000001b5d800000)]
  0x0000017376b31340 JavaThread "Attach Listener" daemon [_thread_blocked, id=6728, stack(0x0000001b5d800000,0x0000001b5d900000)]
  0x000001737750a820 JavaThread "Service Thread" daemon [_thread_blocked, id=6644, stack(0x0000001b5d900000,0x0000001b5da00000)]
  0x000001737750d890 JavaThread "Monitor Deflation Thread" daemon [_thread_blocked, id=6412, stack(0x0000001b5da00000,0x0000001b5db00000)]
  0x000001737752bca0 JavaThread "C2 CompilerThread0" daemon [_thread_blocked, id=10132, stack(0x0000001b5db00000,0x0000001b5dc00000)]
  0x000001737752ed50 JavaThread "C1 CompilerThread0" daemon [_thread_blocked, id=4404, stack(0x0000001b5dc00000,0x0000001b5dd00000)]
  0x000001737752fdf0 JavaThread "Sweeper thread" daemon [_thread_blocked, id=9420, stack(0x0000001b5dd00000,0x0000001b5de00000)]
  0x00000173776bb1e0 JavaThread "Common-Cleaner" daemon [_thread_blocked, id=5032, stack(0x0000001b5de00000,0x0000001b5df00000)]
  0x00000173776cb150 JavaThread "Notification Thread" daemon [_thread_blocked, id=4968, stack(0x0000001b5df00000,0x0000001b5e000000)]
  0x000001737a5c7930 JavaThread "Daemon health stats" [_thread_blocked, id=7608, stack(0x0000001b5e500000,0x0000001b5e600000)]
  0x000001737783ac10 JavaThread "Incoming local TCP Connector on port 58211" [_thread_in_native, id=3908, stack(0x0000001b5e100000,0x0000001b5e200000)]
  0x000001737a3d52a0 JavaThread "Daemon periodic checks" [_thread_blocked, id=2964, stack(0x0000001b5e600000,0x0000001b5e700000)]
  0x000001737a7a3ae0 JavaThread "Cache worker for journal cache (C:\Users\caot4\.gradle\caches\journal-1)" [_thread_blocked, id=10112, stack(0x0000001b5ee00000,0x0000001b5ef00000)]
  0x000001737a7a0120 JavaThread "File lock request listener" [_thread_in_native, id=5648, stack(0x0000001b5ef00000,0x0000001b5f000000)]
  0x000001737a7a0f90 JavaThread "Cache worker for file hash cache (C:\Users\caot4\.gradle\caches\8.0\fileHashes)" [_thread_blocked, id=736, stack(0x0000001b5f000000,0x0000001b5f100000)]
  0x000001737a7a22d0 JavaThread "File watcher server" daemon [_thread_blocked, id=2536, stack(0x0000001b5f200000,0x0000001b5f300000)]
  0x000001737a7a1460 JavaThread "File watcher consumer" daemon [_thread_blocked, id=9164, stack(0x0000001b5f300000,0x0000001b5f400000)]
  0x000001737a7a27a0 JavaThread "Cache worker for file content cache (C:\Users\caot4\.gradle\caches\8.0\fileContent)" [_thread_blocked, id=1540, stack(0x0000001b5f600000,0x0000001b5f700000)]
  0x000001737a7ab0f0 JavaThread "Cache worker for execution history cache (C:\Users\caot4\.gradle\caches\8.0\executionHistory)" [_thread_blocked, id=9168, stack(0x0000001b5f900000,0x0000001b5fa00000)]
  0x000001737a7a5580 JavaThread "jar transforms" [_thread_blocked, id=2976, stack(0x0000001b5fa00000,0x0000001b5fb00000)]
  0x000001737a7a68c0 JavaThread "jar transforms Thread 2" [_thread_blocked, id=6320, stack(0x0000001b5fb00000,0x0000001b5fc00000)]
  0x000001737a7a8f40 JavaThread "Cache worker for kotlin-dsl (C:\Users\caot4\.gradle\caches\8.0\kotlin-dsl)" [_thread_blocked, id=6264, stack(0x0000001b5fd00000,0x0000001b5fe00000)]
  0x000001737a7a4be0 JavaThread "jar transforms Thread 3" [_thread_blocked, id=2560, stack(0x0000001b5fe00000,0x0000001b5ff00000)]
  0x000001737a7a7c00 JavaThread "jar transforms Thread 4" [_thread_blocked, id=3556, stack(0x0000001b5ff00000,0x0000001b60000000)]
  0x000001737c4c8ef0 JavaThread "Memory manager" [_thread_blocked, id=5196, stack(0x0000001b62b00000,0x0000001b62c00000)]
  0x00000173778c8d50 JavaThread "Cache worker for Java compile cache (C:\Users\caot4\.gradle\caches\8.0\javaCompile)" [_thread_blocked, id=1420, stack(0x0000001b63000000,0x0000001b63100000)]
  0x000001737e0553f0 JavaThread "Daemon Thread 4" [_thread_blocked, id=1852, stack(0x0000001b5cb00000,0x0000001b5cc00000)]
  0x000001737e057a70 JavaThread "Handler for socket connection from /127.0.0.1:58211 to /127.0.0.1:58376" [_thread_in_native, id=484, stack(0x0000001b5cc00000,0x0000001b5cd00000)]
  0x000001737e056730 JavaThread "Cancel handler" [_thread_blocked, id=8208, stack(0x0000001b5cd00000,0x0000001b5ce00000)]
  0x000001737e0540b0 JavaThread "Daemon worker Thread 4" [_thread_blocked, id=7220, stack(0x0000001b5e700000,0x0000001b5e800000)]
  0x000001737e059750 JavaThread "Asynchronous log dispatcher for DefaultDaemonConnection: socket connection from /127.0.0.1:58211 to /127.0.0.1:58376" [_thread_blocked, id=6912, stack(0x0000001b5e800000,0x0000001b5e900000)]
  0x000001737e053240 JavaThread "Stdin handler" [_thread_blocked, id=5912, stack(0x0000001b5e900000,0x0000001b5ea00000)]
  0x000001737e058db0 JavaThread "Daemon client event forwarder" [_thread_blocked, id=6888, stack(0x0000001b5ea00000,0x0000001b5eb00000)]
  0x000001737e056c00 JavaThread "Cache worker for checksums cache (D:\FinalVersion\.gradle\8.0\checksums)" [_thread_blocked, id=7572, stack(0x0000001b5eb00000,0x0000001b5ec00000)]
  0x000001737e0570d0 JavaThread "Cache worker for cache directory md-rule (C:\Users\caot4\.gradle\caches\8.0\md-rule)" [_thread_blocked, id=8164, stack(0x0000001b5ec00000,0x0000001b5ed00000)]
  0x000001737e052d70 JavaThread "Cache worker for file hash cache (D:\FinalVersion\.gradle\8.0\fileHashes)" [_thread_blocked, id=2984, stack(0x0000001b5ed00000,0x0000001b5ee00000)]
  0x000001737e057f40 JavaThread "Cache worker for cache directory md-supplier (C:\Users\caot4\.gradle\caches\8.0\md-supplier)" [_thread_blocked, id=6772, stack(0x0000001b5f100000,0x0000001b5f200000)]
  0x000001737e059c20 JavaThread "Cache worker for dependencies-accessors (D:\FinalVersion\.gradle\8.0\dependencies-accessors)" [_thread_blocked, id=3652, stack(0x0000001b5f400000,0x0000001b5f500000)]
  0x000001737e053710 JavaThread "Cache worker for Build Output Cleanup Cache (D:\FinalVersion\.gradle\buildOutputCleanup)" [_thread_blocked, id=9000, stack(0x0000001b5f500000,0x0000001b5f600000)]
  0x000001737e058410 JavaThread "Unconstrained build operations" [_thread_blocked, id=8536, stack(0x0000001b5f800000,0x0000001b5f900000)]
  0x000001737e053be0 JavaThread "Unconstrained build operations Thread 2" [_thread_blocked, id=652, stack(0x0000001b60000000,0x0000001b60100000)]
  0x000001737e0575a0 JavaThread "Unconstrained build operations Thread 3" [_thread_blocked, id=8484, stack(0x0000001b60100000,0x0000001b60200000)]
  0x000001737e054580 JavaThread "Unconstrained build operations Thread 4" [_thread_blocked, id=5320, stack(0x0000001b60200000,0x0000001b60300000)]
  0x000001737e054a50 JavaThread "Unconstrained build operations Thread 5" [_thread_blocked, id=2672, stack(0x0000001b60300000,0x0000001b60400000)]
  0x000001737e0558c0 JavaThread "Unconstrained build operations Thread 6" [_thread_blocked, id=8824, stack(0x0000001b60400000,0x0000001b60500000)]
  0x000001737e0588e0 JavaThread "Unconstrained build operations Thread 7" [_thread_blocked, id=6136, stack(0x0000001b60500000,0x0000001b60600000)]
  0x000001737e0523d0 JavaThread "Unconstrained build operations Thread 8" [_thread_blocked, id=1800, stack(0x0000001b60600000,0x0000001b60700000)]
  0x000001737e054f20 JavaThread "Unconstrained build operations Thread 9" [_thread_blocked, id=8644, stack(0x0000001b60700000,0x0000001b60800000)]
  0x000001737e0528a0 JavaThread "Unconstrained build operations Thread 10" [_thread_blocked, id=6636, stack(0x0000001b60800000,0x0000001b60900000)]
  0x000001737a7a4710 JavaThread "Unconstrained build operations Thread 11" [_thread_blocked, id=3892, stack(0x0000001b60900000,0x0000001b60a00000)]
  0x000001737a7aac20 JavaThread "Unconstrained build operations Thread 12" [_thread_blocked, id=2036, stack(0x0000001b60a00000,0x0000001b60b00000)]
  0x000001737a7a80d0 JavaThread "Unconstrained build operations Thread 13" [_thread_blocked, id=4224, stack(0x0000001b60b00000,0x0000001b60c00000)]
  0x000001737a7a6d90 JavaThread "Unconstrained build operations Thread 14" [_thread_blocked, id=8600, stack(0x0000001b60c00000,0x0000001b60d00000)]
  0x000001737a7a9410 JavaThread "Unconstrained build operations Thread 15" [_thread_blocked, id=10036, stack(0x0000001b60d00000,0x0000001b60e00000)]
  0x000001737a7a85a0 JavaThread "Unconstrained build operations Thread 16" [_thread_blocked, id=9916, stack(0x0000001b60e00000,0x0000001b60f00000)]
  0x000001737a7aa280 JavaThread "Unconstrained build operations Thread 17" [_thread_blocked, id=7628, stack(0x0000001b60f00000,0x0000001b61000000)]
  0x000001737a7ab5c0 JavaThread "Unconstrained build operations Thread 18" [_thread_blocked, id=1156, stack(0x0000001b61000000,0x0000001b61100000)]
  0x000001737a7aba90 JavaThread "Unconstrained build operations Thread 19" [_thread_blocked, id=10156, stack(0x0000001b61100000,0x0000001b61200000)]
  0x000001737a7abf60 JavaThread "Unconstrained build operations Thread 20" [_thread_blocked, id=9192, stack(0x0000001b61200000,0x0000001b61300000)]
  0x000001737a7a7730 JavaThread "Unconstrained build operations Thread 21" [_thread_blocked, id=5984, stack(0x0000001b61300000,0x0000001b61400000)]
  0x000001737a7a50b0 JavaThread "Unconstrained build operations Thread 22" [_thread_blocked, id=8800, stack(0x0000001b61400000,0x0000001b61500000)]
  0x000001737a7a5a50 JavaThread "Unconstrained build operations Thread 23" [_thread_blocked, id=2596, stack(0x0000001b61500000,0x0000001b61600000)]
  0x000001737a7a8a70 JavaThread "Unconstrained build operations Thread 24" [_thread_blocked, id=8364, stack(0x0000001b61600000,0x0000001b61700000)]
  0x000001737a7a5f20 JavaThread "Unconstrained build operations Thread 25" [_thread_blocked, id=3280, stack(0x0000001b61700000,0x0000001b61800000)]
  0x00000173778cbd70 JavaThread "Unconstrained build operations Thread 26" [_thread_blocked, id=9904, stack(0x0000001b61800000,0x0000001b61900000)]
  0x00000173778cd580 JavaThread "Unconstrained build operations Thread 27" [_thread_blocked, id=5676, stack(0x0000001b61900000,0x0000001b61a00000)]
  0x00000173778cc240 JavaThread "Unconstrained build operations Thread 28" [_thread_blocked, id=2452, stack(0x0000001b61a00000,0x0000001b61b00000)]
  0x00000173778cc710 JavaThread "Unconstrained build operations Thread 29" [_thread_blocked, id=8860, stack(0x0000001b61b00000,0x0000001b61c00000)]
  0x00000173778cda50 JavaThread "Unconstrained build operations Thread 30" [_thread_blocked, id=7596, stack(0x0000001b61c00000,0x0000001b61d00000)]
  0x00000173778ce3f0 JavaThread "Unconstrained build operations Thread 31" [_thread_blocked, id=7060, stack(0x0000001b61d00000,0x0000001b61e00000)]
  0x00000173778ced90 JavaThread "Unconstrained build operations Thread 32" [_thread_blocked, id=6548, stack(0x0000001b61e00000,0x0000001b61f00000)]
  0x00000173778cf260 JavaThread "Unconstrained build operations Thread 33" [_thread_blocked, id=9272, stack(0x0000001b61f00000,0x0000001b62000000)]
  0x00000173778cf730 JavaThread "Unconstrained build operations Thread 34" [_thread_blocked, id=892, stack(0x0000001b62000000,0x0000001b62100000)]
  0x00000173778cfc00 JavaThread "Unconstrained build operations Thread 35" [_thread_blocked, id=6376, stack(0x0000001b62100000,0x0000001b62200000)]
  0x00000173778d05a0 JavaThread "Unconstrained build operations Thread 36" [_thread_blocked, id=7924, stack(0x0000001b62200000,0x0000001b62300000)]
  0x00000173778c9220 JavaThread "Unconstrained build operations Thread 37" [_thread_blocked, id=6576, stack(0x0000001b62300000,0x0000001b62400000)]
  0x00000173778c96f0 JavaThread "Unconstrained build operations Thread 38" [_thread_blocked, id=2456, stack(0x0000001b62400000,0x0000001b62500000)]
  0x000001737c4c9d60 JavaThread "Unconstrained build operations Thread 39" [_thread_blocked, id=8588, stack(0x0000001b62500000,0x0000001b62600000)]
  0x000001737c4cabd0 JavaThread "Unconstrained build operations Thread 40" [_thread_blocked, id=1192, stack(0x0000001b62600000,0x0000001b62700000)]
  0x000001737c4ca230 JavaThread "build event listener" [_thread_blocked, id=1748, stack(0x0000001b62700000,0x0000001b62800000)]
  0x000001737c4c5ed0 JavaThread "included builds" [_thread_blocked, id=3424, stack(0x0000001b5f700000,0x0000001b5f800000)]
  0x000001737c4c7bb0 JavaThread "Execution worker" [_thread_blocked, id=1804, stack(0x0000001b62800000,0x0000001b62900000)]
  0x000001737c4c6d40 JavaThread "Execution worker Thread 2" [_thread_blocked, id=5476, stack(0x0000001b62900000,0x0000001b62a00000)]
  0x000001737c4cb0a0 JavaThread "Execution worker Thread 3" [_thread_blocked, id=3436, stack(0x0000001b62a00000,0x0000001b62b00000)]
  0x000001737c4cb570 JavaThread "Cache worker for execution history cache (D:\FinalVersion\.gradle\8.0\executionHistory)" [_thread_blocked, id=10040, stack(0x0000001b62c00000,0x0000001b62d00000)]
  0x000001737a7a3140 JavaThread "WorkerExecutor Queue" [_thread_blocked, id=9184, stack(0x0000001b62f00000,0x0000001b63000000)]
  0x000001737a7a3610 JavaThread "WorkerExecutor Queue Thread 2" [_thread_blocked, id=6204, stack(0x0000001b63100000,0x0000001b63200000)]
  0x000001737a7a05f0 JavaThread "WorkerExecutor Queue Thread 3" [_thread_blocked, id=3324, stack(0x0000001b62d00000,0x0000001b62e00000)]
  0x000001737de14d30 JavaThread "C2 CompilerThread1" daemon [_thread_blocked, id=8692, stack(0x0000001b63300000,0x0000001b63400000)]

Other Threads:
=>0x0000017376af9710 VMThread "VM Thread" [stack: 0x0000001b5d400000,0x0000001b5d500000] [id=5968]
  0x00000173776cba30 WatcherThread [stack: 0x0000001b5e000000,0x0000001b5e100000] [id=7932]
  0x000001735d597e90 GCTaskThread "GC Thread#0" [stack: 0x0000001b5cf00000,0x0000001b5d000000] [id=6312]
  0x00000173780f4d00 GCTaskThread "GC Thread#1" [stack: 0x0000001b5e200000,0x0000001b5e300000] [id=3380]
  0x00000173778bbf80 GCTaskThread "GC Thread#2" [stack: 0x0000001b5e300000,0x0000001b5e400000] [id=1912]
  0x0000017378530f00 GCTaskThread "GC Thread#3" [stack: 0x0000001b5e400000,0x0000001b5e500000] [id=400]
  0x000001735d5a8ce0 ConcurrentGCThread "G1 Main Marker" [stack: 0x0000001b5d000000,0x0000001b5d100000] [id=6276]
  0x000001735d5a9da0 ConcurrentGCThread "G1 Conc#0" [stack: 0x0000001b5d100000,0x0000001b5d200000] [id=9044]
  0x00000173769520a0 ConcurrentGCThread "G1 Refine#0" [stack: 0x0000001b5d200000,0x0000001b5d300000] [id=4664]
  0x000001737866e1c0 ConcurrentGCThread "G1 Refine#1" [stack: 0x0000001b5fc00000,0x0000001b5fd00000] [id=9240]
  0x0000017301d46580 ConcurrentGCThread "G1 Refine#2" [stack: 0x0000001b62e00000,0x0000001b62f00000] [id=9564]
  0x00000173769528d0 ConcurrentGCThread "G1 Service" [stack: 0x0000001b5d300000,0x0000001b5d400000] [id=2728]

Threads with active compile tasks:
C2 CompilerThread0   717016 19093       4       org.gradle.api.internal.artifacts.transform.DefaultTransformerInvocationFactory$ImmutableTransformerExecution::identify (57 bytes)
C2 CompilerThread1   717016 19092       4       org.gradle.internal.execution.steps.IdentifyStep::executeDeferred (11 bytes)

VM state: at safepoint (normal execution)

VM Mutex/Monitor currently owned by a thread:  ([mutex/lock_event])
[0x000001735b4abb80] Threads_lock - owner thread: 0x0000017376af9710
[0x000001735b4aabc0] Heap_lock - owner thread: 0x000001735d5a8ce0

Heap address: 0x0000000080000000, size: 2048 MB, Compressed Oops mode: 32-bit

CDS archive(s) not mapped
Compressed class space mapped at: 0x0000000100000000-0x0000000140000000, reserved size: 1073741824
Narrow klass base: 0x0000000000000000, Narrow klass shift: 3, Narrow klass range: 0x140000000

GC Precious Log:
 CPUs: 4 total, 4 available
 Memory: 7998M
 Large Page Support: Disabled
 NUMA Support: Disabled
 Compressed Oops: Enabled (32-bit)
 Heap Region Size: 1M
 Heap Min Capacity: 8M
 Heap Initial Capacity: 126M
 Heap Max Capacity: 2G
 Pre-touch: Disabled
 Parallel Workers: 4
 Concurrent Workers: 1
 Concurrent Refinement Workers: 4
 Periodic GC: Disabled

Heap:
 garbage-first heap   total 212992K, used 158627K [0x0000000080000000, 0x0000000100000000)
  region size 1024K, 16 young (16384K), 5 survivors (5120K)
 Metaspace       used 127721K, committed 128640K, reserved 1163264K
  class space    used 17220K, committed 17664K, reserved 1048576K

Heap Regions: E=young(eden), S=young(survivor), O=old, HS=humongous(starts), HC=humongous(continues), CS=collection set, F=free, OA=open archive, CA=closed archive, TAMS=top-at-mark-start (previous, next)
|   0|0x0000000080000000, 0x0000000080100000, 0x0000000080100000|100%| O|  |TAMS 0x0000000080100000, 0x0000000080000000| Untracked 
|   1|0x0000000080100000, 0x0000000080200000, 0x0000000080200000|100%| O|  |TAMS 0x0000000080200000, 0x0000000080100000| Updating 
|   2|0x0000000080200000, 0x0000000080300000, 0x0000000080300000|100%|HS|  |TAMS 0x0000000080300000, 0x0000000080200000| Complete 
|   3|0x0000000080300000, 0x0000000080400000, 0x0000000080400000|100%|HC|  |TAMS 0x0000000080400000, 0x0000000080300000| Complete 
|   4|0x0000000080400000, 0x0000000080500000, 0x0000000080500000|100%|HC|  |TAMS 0x0000000080500000, 0x0000000080400000| Complete 
|   5|0x0000000080500000, 0x0000000080600000, 0x0000000080600000|100%|HC|  |TAMS 0x0000000080600000, 0x0000000080500000| Complete 
|   6|0x0000000080600000, 0x0000000080700000, 0x0000000080700000|100%| O|  |TAMS 0x0000000080700000, 0x0000000080600000| Untracked 
|   7|0x0000000080700000, 0x0000000080800000, 0x0000000080800000|100%| O|  |TAMS 0x0000000080800000, 0x0000000080700000| Untracked 
|   8|0x0000000080800000, 0x0000000080900000, 0x0000000080900000|100%| O|  |TAMS 0x0000000080900000, 0x0000000080800000| Untracked 
|   9|0x0000000080900000, 0x0000000080a00000, 0x0000000080a00000|100%| O|  |TAMS 0x0000000080a00000, 0x0000000080900000| Untracked 
|  10|0x0000000080a00000, 0x0000000080b00000, 0x0000000080b00000|100%| O|  |TAMS 0x0000000080b00000, 0x0000000080a00000| Untracked 
|  11|0x0000000080b00000, 0x0000000080c00000, 0x0000000080c00000|100%| O|  |TAMS 0x0000000080c00000, 0x0000000080b00000| Untracked 
|  12|0x0000000080c00000, 0x0000000080d00000, 0x0000000080d00000|100%| O|  |TAMS 0x0000000080d00000, 0x0000000080c00000| Untracked 
|  13|0x0000000080d00000, 0x0000000080e00000, 0x0000000080e00000|100%| O|  |TAMS 0x0000000080e00000, 0x0000000080d00000| Untracked 
|  14|0x0000000080e00000, 0x0000000080f00000, 0x0000000080f00000|100%| O|  |TAMS 0x0000000080f00000, 0x0000000080e00000| Untracked 
|  15|0x0000000080f00000, 0x0000000081000000, 0x0000000081000000|100%| O|  |TAMS 0x0000000081000000, 0x0000000080f00000| Untracked 
|  16|0x0000000081000000, 0x0000000081100000, 0x0000000081100000|100%| O|  |TAMS 0x0000000081100000, 0x0000000081000000| Untracked 
|  17|0x0000000081100000, 0x0000000081200000, 0x0000000081200000|100%| O|  |TAMS 0x0000000081200000, 0x0000000081100000| Untracked 
|  18|0x0000000081200000, 0x0000000081300000, 0x0000000081300000|100%| O|  |TAMS 0x0000000081300000, 0x0000000081200000| Untracked 
|  19|0x0000000081300000, 0x0000000081400000, 0x0000000081400000|100%| O|  |TAMS 0x0000000081400000, 0x0000000081300000| Updating 
|  20|0x0000000081400000, 0x0000000081500000, 0x0000000081500000|100%| O|  |TAMS 0x0000000081500000, 0x0000000081400000| Updating 
|  21|0x0000000081500000, 0x0000000081600000, 0x0000000081600000|100%| O|  |TAMS 0x0000000081600000, 0x0000000081500000| Updating 
|  22|0x0000000081600000, 0x0000000081700000, 0x0000000081700000|100%| O|  |TAMS 0x0000000081700000, 0x0000000081600000| Updating 
|  23|0x0000000081700000, 0x0000000081800000, 0x0000000081800000|100%| O|  |TAMS 0x0000000081800000, 0x0000000081700000| Updating 
|  24|0x0000000081800000, 0x0000000081900000, 0x0000000081900000|100%| O|  |TAMS 0x0000000081900000, 0x0000000081800000| Updating 
|  25|0x0000000081900000, 0x0000000081a00000, 0x0000000081a00000|100%| O|  |TAMS 0x0000000081a00000, 0x0000000081900000| Updating 
|  26|0x0000000081a00000, 0x0000000081b00000, 0x0000000081b00000|100%| O|  |TAMS 0x0000000081b00000, 0x0000000081a00000| Updating 
|  27|0x0000000081b00000, 0x0000000081c00000, 0x0000000081c00000|100%| O|  |TAMS 0x0000000081c00000, 0x0000000081b00000| Untracked 
|  28|0x0000000081c00000, 0x0000000081d00000, 0x0000000081d00000|100%| O|  |TAMS 0x0000000081d00000, 0x0000000081c00000| Updating 
|  29|0x0000000081d00000, 0x0000000081e00000, 0x0000000081e00000|100%| O|  |TAMS 0x0000000081e00000, 0x0000000081d00000| Untracked 
|  30|0x0000000081e00000, 0x0000000081f00000, 0x0000000081f00000|100%| O|  |TAMS 0x0000000081f00000, 0x0000000081e00000| Untracked 
|  31|0x0000000081f00000, 0x0000000082000000, 0x0000000082000000|100%|HS|  |TAMS 0x0000000082000000, 0x0000000081f00000| Complete 
|  32|0x0000000082000000, 0x0000000082100000, 0x0000000082100000|100%|HS|  |TAMS 0x0000000082100000, 0x0000000082000000| Complete 
|  33|0x0000000082100000, 0x0000000082200000, 0x0000000082200000|100%| O|  |TAMS 0x0000000082200000, 0x0000000082100000| Untracked 
|  34|0x0000000082200000, 0x0000000082300000, 0x0000000082300000|100%| O|  |TAMS 0x0000000082300000, 0x0000000082200000| Updating 
|  35|0x0000000082300000, 0x0000000082400000, 0x0000000082400000|100%| O|  |TAMS 0x0000000082400000, 0x0000000082300000| Untracked 
|  36|0x0000000082400000, 0x0000000082500000, 0x0000000082500000|100%| O|  |TAMS 0x0000000082500000, 0x0000000082400000| Updating 
|  37|0x0000000082500000, 0x0000000082600000, 0x0000000082600000|100%| O|  |TAMS 0x0000000082600000, 0x0000000082500000| Updating 
|  38|0x0000000082600000, 0x0000000082700000, 0x0000000082700000|100%| O|  |TAMS 0x0000000082700000, 0x0000000082600000| Updating 
|  39|0x0000000082700000, 0x0000000082800000, 0x0000000082800000|100%|HS|  |TAMS 0x0000000082800000, 0x0000000082700000| Complete 
|  40|0x0000000082800000, 0x0000000082900000, 0x0000000082900000|100%| O|  |TAMS 0x0000000082900000, 0x0000000082800000| Untracked 
|  41|0x0000000082900000, 0x0000000082a00000, 0x0000000082a00000|100%| O|  |TAMS 0x0000000082a00000, 0x0000000082900000| Untracked 
|  42|0x0000000082a00000, 0x0000000082b00000, 0x0000000082b00000|100%| O|  |TAMS 0x0000000082b00000, 0x0000000082a00000| Updating 
|  43|0x0000000082b00000, 0x0000000082c00000, 0x0000000082c00000|100%| O|  |TAMS 0x0000000082c00000, 0x0000000082b00000| Updating 
|  44|0x0000000082c00000, 0x0000000082d00000, 0x0000000082d00000|100%| O|  |TAMS 0x0000000082d00000, 0x0000000082c00000| Updating 
|  45|0x0000000082d00000, 0x0000000082e00000, 0x0000000082e00000|100%| O|  |TAMS 0x0000000082e00000, 0x0000000082d00000| Untracked 
|  46|0x0000000082e00000, 0x0000000082f00000, 0x0000000082f00000|100%| O|  |TAMS 0x0000000082f00000, 0x0000000082e00000| Untracked 
|  47|0x0000000082f00000, 0x0000000083000000, 0x0000000083000000|100%| O|  |TAMS 0x0000000083000000, 0x0000000082f00000| Untracked 
|  48|0x0000000083000000, 0x0000000083100000, 0x0000000083100000|100%| O|  |TAMS 0x0000000083100000, 0x0000000083000000| Untracked 
|  49|0x0000000083100000, 0x0000000083200000, 0x0000000083200000|100%| O|  |TAMS 0x0000000083200000, 0x0000000083100000| Updating 
|  50|0x0000000083200000, 0x0000000083300000, 0x0000000083300000|100%| O|  |TAMS 0x0000000083300000, 0x0000000083200000| Updating 
|  51|0x0000000083300000, 0x0000000083400000, 0x0000000083400000|100%| O|  |TAMS 0x0000000083400000, 0x0000000083300000| Untracked 
|  52|0x0000000083400000, 0x0000000083500000, 0x0000000083500000|100%| O|  |TAMS 0x0000000083500000, 0x0000000083400000| Untracked 
|  53|0x0000000083500000, 0x0000000083600000, 0x0000000083600000|100%| O|  |TAMS 0x0000000083600000, 0x0000000083500000| Untracked 
|  54|0x0000000083600000, 0x00000000836e8c00, 0x0000000083700000| 90%| O|  |TAMS 0x00000000836e8c00, 0x0000000083600000| Updating 
|  55|0x0000000083700000, 0x0000000083800000, 0x0000000083800000|100%| O|  |TAMS 0x0000000083800000, 0x0000000083700000| Updating 
|  56|0x0000000083800000, 0x0000000083900000, 0x0000000083900000|100%| O|  |TAMS 0x0000000083900000, 0x0000000083800000| Updating 
|  57|0x0000000083900000, 0x0000000083a00000, 0x0000000083a00000|100%| O|  |TAMS 0x0000000083a00000, 0x0000000083900000| Updating 
|  58|0x0000000083a00000, 0x0000000083b00000, 0x0000000083b00000|100%| O|  |TAMS 0x0000000083b00000, 0x0000000083a00000| Updating 
|  59|0x0000000083b00000, 0x0000000083c00000, 0x0000000083c00000|100%| O|  |TAMS 0x0000000083c00000, 0x0000000083b00000| Updating 
|  60|0x0000000083c00000, 0x0000000083d00000, 0x0000000083d00000|100%| O|  |TAMS 0x0000000083d00000, 0x0000000083c00000| Updating 
|  61|0x0000000083d00000, 0x0000000083e00000, 0x0000000083e00000|100%| O|  |TAMS 0x0000000083e00000, 0x0000000083d00000| Updating 
|  62|0x0000000083e00000, 0x0000000083f00000, 0x0000000083f00000|100%| O|  |TAMS 0x0000000083f00000, 0x0000000083e00000| Updating 
|  63|0x0000000083f00000, 0x0000000084000000, 0x0000000084000000|100%| O|  |TAMS 0x0000000084000000, 0x0000000083f00000| Updating 
|  64|0x0000000084000000, 0x0000000084100000, 0x0000000084100000|100%| O|  |TAMS 0x0000000084100000, 0x0000000084000000| Untracked 
|  65|0x0000000084100000, 0x0000000084200000, 0x0000000084200000|100%| O|  |TAMS 0x0000000084200000, 0x0000000084100000| Untracked 
|  66|0x0000000084200000, 0x0000000084300000, 0x0000000084300000|100%| O|  |TAMS 0x0000000084300000, 0x0000000084200000| Untracked 
|  67|0x0000000084300000, 0x0000000084400000, 0x0000000084400000|100%| O|  |TAMS 0x0000000084400000, 0x0000000084300000| Untracked 
|  68|0x0000000084400000, 0x0000000084500000, 0x0000000084500000|100%| O|  |TAMS 0x0000000084500000, 0x0000000084400000| Untracked 
|  69|0x0000000084500000, 0x0000000084600000, 0x0000000084600000|100%| O|  |TAMS 0x0000000084600000, 0x0000000084500000| Untracked 
|  70|0x0000000084600000, 0x0000000084700000, 0x0000000084700000|100%| O|  |TAMS 0x0000000084700000, 0x0000000084600000| Untracked 
|  71|0x0000000084700000, 0x0000000084800000, 0x0000000084800000|100%| O|  |TAMS 0x0000000084800000, 0x0000000084700000| Untracked 
|  72|0x0000000084800000, 0x0000000084900000, 0x0000000084900000|100%| O|  |TAMS 0x0000000084900000, 0x0000000084800000| Updating 
|  73|0x0000000084900000, 0x0000000084a00000, 0x0000000084a00000|100%| O|  |TAMS 0x0000000084a00000, 0x0000000084900000| Untracked 
|  74|0x0000000084a00000, 0x0000000084b00000, 0x0000000084b00000|100%| O|  |TAMS 0x0000000084b00000, 0x0000000084a00000| Untracked 
|  75|0x0000000084b00000, 0x0000000084c00000, 0x0000000084c00000|100%| O|  |TAMS 0x0000000084c00000, 0x0000000084b00000| Untracked 
|  76|0x0000000084c00000, 0x0000000084d00000, 0x0000000084d00000|100%| O|  |TAMS 0x0000000084d00000, 0x0000000084c00000| Updating 
|  77|0x0000000084d00000, 0x0000000084e00000, 0x0000000084e00000|100%| O|  |TAMS 0x0000000084e00000, 0x0000000084d00000| Untracked 
|  78|0x0000000084e00000, 0x0000000084f00000, 0x0000000084f00000|100%| O|  |TAMS 0x0000000084f00000, 0x0000000084e00000| Updating 
|  79|0x0000000084f00000, 0x0000000085000000, 0x0000000085000000|100%| O|  |TAMS 0x0000000085000000, 0x0000000084f00000| Updating 
|  80|0x0000000085000000, 0x0000000085100000, 0x0000000085100000|100%| O|  |TAMS 0x0000000085100000, 0x0000000085000000| Untracked 
|  81|0x0000000085100000, 0x0000000085200000, 0x0000000085200000|100%| O|  |TAMS 0x0000000085200000, 0x0000000085100000| Updating 
|  82|0x0000000085200000, 0x0000000085300000, 0x0000000085300000|100%| O|  |TAMS 0x0000000085300000, 0x0000000085200000| Updating 
|  83|0x0000000085300000, 0x0000000085400000, 0x0000000085400000|100%| O|  |TAMS 0x0000000085400000, 0x0000000085300000| Updating 
|  84|0x0000000085400000, 0x0000000085500000, 0x0000000085500000|100%| O|  |TAMS 0x0000000085500000, 0x0000000085400000| Untracked 
|  85|0x0000000085500000, 0x0000000085600000, 0x0000000085600000|100%| O|  |TAMS 0x0000000085600000, 0x0000000085500000| Updating 
|  86|0x0000000085600000, 0x0000000085700000, 0x0000000085700000|100%| O|  |TAMS 0x0000000085700000, 0x0000000085600000| Updating 
|  87|0x0000000085700000, 0x0000000085800000, 0x0000000085800000|100%|HS|  |TAMS 0x0000000085800000, 0x0000000085700000| Complete 
|  88|0x0000000085800000, 0x0000000085900000, 0x0000000085900000|100%|HC|  |TAMS 0x0000000085900000, 0x0000000085800000| Complete 
|  89|0x0000000085900000, 0x0000000085a00000, 0x0000000085a00000|100%| O|  |TAMS 0x0000000085a00000, 0x0000000085900000| Updating 
|  90|0x0000000085a00000, 0x0000000085b00000, 0x0000000085b00000|100%| O|  |TAMS 0x0000000085b00000, 0x0000000085a00000| Updating 
|  91|0x0000000085b00000, 0x0000000085c00000, 0x0000000085c00000|100%| O|  |TAMS 0x0000000085c00000, 0x0000000085b00000| Updating 
|  92|0x0000000085c00000, 0x0000000085d00000, 0x0000000085d00000|100%| O|  |TAMS 0x0000000085d00000, 0x0000000085c00000| Updating 
|  93|0x0000000085d00000, 0x0000000085e00000, 0x0000000085e00000|100%| O|  |TAMS 0x0000000085e00000, 0x0000000085d00000| Updating 
|  94|0x0000000085e00000, 0x0000000085f00000, 0x0000000085f00000|100%| O|  |TAMS 0x0000000085f00000, 0x0000000085e00000| Updating 
|  95|0x0000000085f00000, 0x0000000086000000, 0x0000000086000000|100%| O|  |TAMS 0x0000000086000000, 0x0000000085f00000| Updating 
|  96|0x0000000086000000, 0x0000000086100000, 0x0000000086100000|100%| O|  |TAMS 0x0000000086100000, 0x0000000086000000| Updating 
|  97|0x0000000086100000, 0x0000000086200000, 0x0000000086200000|100%| O|  |TAMS 0x0000000086200000, 0x0000000086100000| Updating 
|  98|0x0000000086200000, 0x0000000086300000, 0x0000000086300000|100%| O|  |TAMS 0x0000000086300000, 0x0000000086200000| Updating 
|  99|0x0000000086300000, 0x0000000086400000, 0x0000000086400000|100%| O|  |TAMS 0x0000000086400000, 0x0000000086300000| Untracked 
| 100|0x0000000086400000, 0x0000000086500000, 0x0000000086500000|100%| O|  |TAMS 0x0000000086500000, 0x0000000086400000| Untracked 
| 101|0x0000000086500000, 0x0000000086600000, 0x0000000086600000|100%| O|  |TAMS 0x0000000086600000, 0x0000000086500000| Untracked 
| 102|0x0000000086600000, 0x0000000086700000, 0x0000000086700000|100%| O|  |TAMS 0x0000000086700000, 0x0000000086600000| Updating 
| 103|0x0000000086700000, 0x0000000086800000, 0x0000000086800000|100%| O|  |TAMS 0x0000000086800000, 0x0000000086700000| Updating 
| 104|0x0000000086800000, 0x0000000086900000, 0x0000000086900000|100%| O|  |TAMS 0x0000000086900000, 0x0000000086800000| Updating 
| 105|0x0000000086900000, 0x0000000086a00000, 0x0000000086a00000|100%| O|  |TAMS 0x0000000086a00000, 0x0000000086900000| Updating 
| 106|0x0000000086a00000, 0x0000000086b00000, 0x0000000086b00000|100%| O|  |TAMS 0x0000000086b00000, 0x0000000086a00000| Updating 
| 107|0x0000000086b00000, 0x0000000086b00000, 0x0000000086c00000|  0%| F|  |TAMS 0x0000000086b00000, 0x0000000086b00000| Untracked 
| 108|0x0000000086c00000, 0x0000000086d00000, 0x0000000086d00000|100%| O|  |TAMS 0x0000000086d00000, 0x0000000086c00000| Updating 
| 109|0x0000000086d00000, 0x0000000086e00000, 0x0000000086e00000|100%| O|  |TAMS 0x0000000086e00000, 0x0000000086d00000| Updating 
| 110|0x0000000086e00000, 0x0000000086f00000, 0x0000000086f00000|100%| O|  |TAMS 0x0000000086f00000, 0x0000000086e00000| Updating 
| 111|0x0000000086f00000, 0x0000000086f00000, 0x0000000087000000|  0%| F|  |TAMS 0x0000000086f00000, 0x0000000086f00000| Untracked 
| 112|0x0000000087000000, 0x0000000087100000, 0x0000000087100000|100%| O|  |TAMS 0x0000000087000000, 0x0000000087000000| Untracked 
| 113|0x0000000087100000, 0x0000000087200000, 0x0000000087200000|100%| O|  |TAMS 0x0000000087200000, 0x0000000087100000| Untracked 
| 114|0x0000000087200000, 0x0000000087300000, 0x0000000087300000|100%| O|  |TAMS 0x0000000087300000, 0x0000000087200000| Updating 
| 115|0x0000000087300000, 0x0000000087400000, 0x0000000087400000|100%| O|  |TAMS 0x0000000087400000, 0x0000000087300000| Updating 
| 116|0x0000000087400000, 0x0000000087500000, 0x0000000087500000|100%| O|  |TAMS 0x0000000087500000, 0x0000000087400000| Updating 
| 117|0x0000000087500000, 0x0000000087600000, 0x0000000087600000|100%| O|  |TAMS 0x0000000087600000, 0x0000000087500000| Updating 
| 118|0x0000000087600000, 0x0000000087700000, 0x0000000087700000|100%| O|  |TAMS 0x0000000087700000, 0x0000000087600000| Untracked 
| 119|0x0000000087700000, 0x0000000087800000, 0x0000000087800000|100%| O|  |TAMS 0x0000000087800000, 0x0000000087700000| Updating 
| 120|0x0000000087800000, 0x0000000087900000, 0x0000000087900000|100%| O|  |TAMS 0x0000000087900000, 0x0000000087800000| Untracked 
| 121|0x0000000087900000, 0x0000000087a00000, 0x0000000087a00000|100%| O|  |TAMS 0x0000000087a00000, 0x0000000087900000| Updating 
| 122|0x0000000087a00000, 0x0000000087b00000, 0x0000000087b00000|100%| O|  |TAMS 0x0000000087b00000, 0x0000000087a00000| Untracked 
| 123|0x0000000087b00000, 0x0000000087c00000, 0x0000000087c00000|100%| O|  |TAMS 0x0000000087c00000, 0x0000000087b00000| Updating 
| 124|0x0000000087c00000, 0x0000000087d00000, 0x0000000087d00000|100%| O|  |TAMS 0x0000000087d00000, 0x0000000087c00000| Updating 
| 125|0x0000000087d00000, 0x0000000087e00000, 0x0000000087e00000|100%| O|  |TAMS 0x0000000087e00000, 0x0000000087d00000| Updating 
| 126|0x0000000087e00000, 0x0000000087f00000, 0x0000000087f00000|100%| O|  |TAMS 0x0000000087f00000, 0x0000000087e00000| Updating 
| 127|0x0000000087f00000, 0x0000000088000000, 0x0000000088000000|100%| O|  |TAMS 0x0000000088000000, 0x0000000087f00000| Updating 
| 128|0x0000000088000000, 0x0000000088100000, 0x0000000088100000|100%| O|  |TAMS 0x0000000088040e00, 0x0000000088000000| Updating 
| 129|0x0000000088100000, 0x0000000088100000, 0x0000000088200000|  0%| F|  |TAMS 0x0000000088100000, 0x0000000088100000| Untracked 
| 130|0x0000000088200000, 0x0000000088200000, 0x0000000088300000|  0%| F|  |TAMS 0x0000000088200000, 0x0000000088200000| Untracked 
| 131|0x0000000088300000, 0x0000000088300000, 0x0000000088400000|  0%| F|  |TAMS 0x0000000088300000, 0x0000000088300000| Untracked 
| 132|0x0000000088400000, 0x0000000088400000, 0x0000000088500000|  0%| F|  |TAMS 0x0000000088400000, 0x0000000088400000| Untracked 
| 133|0x0000000088500000, 0x0000000088600000, 0x0000000088600000|100%| O|  |TAMS 0x0000000088600000, 0x0000000088500000| Updating 
| 134|0x0000000088600000, 0x0000000088700000, 0x0000000088700000|100%| O|  |TAMS 0x0000000088700000, 0x0000000088600000| Updating 
| 135|0x0000000088700000, 0x0000000088800000, 0x0000000088800000|100%| O|  |TAMS 0x0000000088800000, 0x0000000088700000| Updating 
| 136|0x0000000088800000, 0x0000000088800000, 0x0000000088900000|  0%| F|  |TAMS 0x0000000088800000, 0x0000000088800000| Untracked 
| 137|0x0000000088900000, 0x0000000088900000, 0x0000000088a00000|  0%| F|  |TAMS 0x0000000088900000, 0x0000000088900000| Untracked 
| 138|0x0000000088a00000, 0x0000000088a00000, 0x0000000088b00000|  0%| F|  |TAMS 0x0000000088a00000, 0x0000000088a00000| Untracked 
| 139|0x0000000088b00000, 0x0000000088b00000, 0x0000000088c00000|  0%| F|  |TAMS 0x0000000088b00000, 0x0000000088b00000| Untracked 
| 140|0x0000000088c00000, 0x0000000088d00000, 0x0000000088d00000|100%| O|  |TAMS 0x0000000088d00000, 0x0000000088c00000| Updating 
| 141|0x0000000088d00000, 0x0000000088e00000, 0x0000000088e00000|100%| O|  |TAMS 0x0000000088e00000, 0x0000000088d00000| Updating 
| 142|0x0000000088e00000, 0x0000000088f00000, 0x0000000088f00000|100%| O|  |TAMS 0x0000000088f00000, 0x0000000088e00000| Updating 
| 143|0x0000000088f00000, 0x0000000088f00000, 0x0000000089000000|  0%| F|  |TAMS 0x0000000088f00000, 0x0000000088f00000| Untracked 
| 144|0x0000000089000000, 0x0000000089000000, 0x0000000089100000|  0%| F|  |TAMS 0x0000000089000000, 0x0000000089000000| Untracked 
| 145|0x0000000089100000, 0x0000000089100000, 0x0000000089200000|  0%| F|  |TAMS 0x0000000089100000, 0x0000000089100000| Untracked 
| 146|0x0000000089200000, 0x0000000089200000, 0x0000000089300000|  0%| F|  |TAMS 0x0000000089200000, 0x0000000089200000| Untracked 
| 147|0x0000000089300000, 0x0000000089300000, 0x0000000089400000|  0%| F|  |TAMS 0x0000000089300000, 0x0000000089300000| Untracked 
| 148|0x0000000089400000, 0x0000000089400000, 0x0000000089500000|  0%| F|  |TAMS 0x0000000089400000, 0x0000000089400000| Untracked 
| 149|0x0000000089500000, 0x0000000089500000, 0x0000000089600000|  0%| F|  |TAMS 0x0000000089500000, 0x0000000089500000| Untracked 
| 150|0x0000000089600000, 0x0000000089600000, 0x0000000089700000|  0%| F|  |TAMS 0x0000000089600000, 0x0000000089600000| Untracked 
| 151|0x0000000089700000, 0x0000000089800000, 0x0000000089800000|100%| O|  |TAMS 0x0000000089700000, 0x0000000089700000| Untracked 
| 152|0x0000000089800000, 0x0000000089900000, 0x0000000089900000|100%| O|  |TAMS 0x0000000089800000, 0x0000000089800000| Untracked 
| 153|0x0000000089900000, 0x0000000089900000, 0x0000000089a00000|  0%| F|  |TAMS 0x0000000089900000, 0x0000000089900000| Untracked 
| 154|0x0000000089a00000, 0x0000000089a00000, 0x0000000089b00000|  0%| F|  |TAMS 0x0000000089a00000, 0x0000000089a00000| Untracked 
| 155|0x0000000089b00000, 0x0000000089b00000, 0x0000000089c00000|  0%| F|  |TAMS 0x0000000089b00000, 0x0000000089b00000| Untracked 
| 156|0x0000000089c00000, 0x0000000089c00000, 0x0000000089d00000|  0%| F|  |TAMS 0x0000000089c00000, 0x0000000089c00000| Untracked 
| 157|0x0000000089d00000, 0x0000000089d00000, 0x0000000089e00000|  0%| F|  |TAMS 0x0000000089d00000, 0x0000000089d00000| Untracked 
| 158|0x0000000089e00000, 0x0000000089e00000, 0x0000000089f00000|  0%| F|  |TAMS 0x0000000089e00000, 0x0000000089e00000| Untracked 
| 159|0x0000000089f00000, 0x0000000089f00000, 0x000000008a000000|  0%| F|  |TAMS 0x0000000089f00000, 0x0000000089f00000| Untracked 
| 160|0x000000008a000000, 0x000000008a100000, 0x000000008a100000|100%| O|  |TAMS 0x000000008a000000, 0x000000008a000000| Untracked 
| 161|0x000000008a100000, 0x000000008a200000, 0x000000008a200000|100%| O|  |TAMS 0x000000008a100000, 0x000000008a100000| Untracked 
| 162|0x000000008a200000, 0x000000008a300000, 0x000000008a300000|100%| O|  |TAMS 0x000000008a200000, 0x000000008a200000| Untracked 
| 163|0x000000008a300000, 0x000000008a400000, 0x000000008a400000|100%| O|  |TAMS 0x000000008a300000, 0x000000008a300000| Untracked 
| 164|0x000000008a400000, 0x000000008a500000, 0x000000008a500000|100%| O|  |TAMS 0x000000008a400000, 0x000000008a400000| Untracked 
| 165|0x000000008a500000, 0x000000008a600000, 0x000000008a600000|100%| O|  |TAMS 0x000000008a500000, 0x000000008a500000| Untracked 
| 166|0x000000008a600000, 0x000000008a600000, 0x000000008a700000|  0%| F|  |TAMS 0x000000008a600000, 0x000000008a600000| Untracked 
| 167|0x000000008a700000, 0x000000008a700000, 0x000000008a800000|  0%| F|  |TAMS 0x000000008a700000, 0x000000008a700000| Untracked 
| 168|0x000000008a800000, 0x000000008a800000, 0x000000008a900000|  0%| F|  |TAMS 0x000000008a800000, 0x000000008a800000| Untracked 
| 169|0x000000008a900000, 0x000000008a900000, 0x000000008aa00000|  0%| F|  |TAMS 0x000000008a900000, 0x000000008a900000| Untracked 
| 170|0x000000008aa00000, 0x000000008aa00000, 0x000000008ab00000|  0%| F|  |TAMS 0x000000008aa00000, 0x000000008aa00000| Untracked 
| 171|0x000000008ab00000, 0x000000008ab00000, 0x000000008ac00000|  0%| F|  |TAMS 0x000000008ab00000, 0x000000008ab00000| Untracked 
| 172|0x000000008ac00000, 0x000000008ac00000, 0x000000008ad00000|  0%| F|  |TAMS 0x000000008ac00000, 0x000000008ac00000| Untracked 
| 173|0x000000008ad00000, 0x000000008ad00000, 0x000000008ae00000|  0%| F|  |TAMS 0x000000008ad00000, 0x000000008ad00000| Untracked 
| 174|0x000000008ae00000, 0x000000008ae00000, 0x000000008af00000|  0%| F|  |TAMS 0x000000008ae00000, 0x000000008ae00000| Untracked 
| 175|0x000000008af00000, 0x000000008af00000, 0x000000008b000000|  0%| F|  |TAMS 0x000000008af00000, 0x000000008af00000| Untracked 
| 176|0x000000008b000000, 0x000000008b000000, 0x000000008b100000|  0%| F|  |TAMS 0x000000008b000000, 0x000000008b000000| Untracked 
| 177|0x000000008b100000, 0x000000008b100000, 0x000000008b200000|  0%| F|  |TAMS 0x000000008b100000, 0x000000008b100000| Untracked 
| 178|0x000000008b200000, 0x000000008b200000, 0x000000008b300000|  0%| F|  |TAMS 0x000000008b200000, 0x000000008b200000| Untracked 
| 179|0x000000008b300000, 0x000000008b300000, 0x000000008b400000|  0%| F|  |TAMS 0x000000008b300000, 0x000000008b300000| Untracked 
| 180|0x000000008b400000, 0x000000008b400000, 0x000000008b500000|  0%| F|  |TAMS 0x000000008b400000, 0x000000008b400000| Untracked 
| 181|0x000000008b500000, 0x000000008b600000, 0x000000008b600000|100%| S|CS|TAMS 0x000000008b500000, 0x000000008b500000| Complete 
| 182|0x000000008b600000, 0x000000008b700000, 0x000000008b700000|100%| S|CS|TAMS 0x000000008b600000, 0x000000008b600000| Complete 
| 183|0x000000008b700000, 0x000000008b800000, 0x000000008b800000|100%| S|CS|TAMS 0x000000008b700000, 0x000000008b700000| Complete 
| 184|0x000000008b800000, 0x000000008b900000, 0x000000008b900000|100%| S|CS|TAMS 0x000000008b800000, 0x000000008b800000| Complete 
| 185|0x000000008b900000, 0x000000008ba00000, 0x000000008ba00000|100%| S|CS|TAMS 0x000000008b900000, 0x000000008b900000| Complete 
| 186|0x000000008ba00000, 0x000000008ba00000, 0x000000008bb00000|  0%| F|  |TAMS 0x000000008ba00000, 0x000000008ba00000| Untracked 
| 187|0x000000008bb00000, 0x000000008bb00000, 0x000000008bc00000|  0%| F|  |TAMS 0x000000008bb00000, 0x000000008bb00000| Untracked 
| 188|0x000000008bc00000, 0x000000008bc00000, 0x000000008bd00000|  0%| F|  |TAMS 0x000000008bc00000, 0x000000008bc00000| Untracked 
| 189|0x000000008bd00000, 0x000000008bd00000, 0x000000008be00000|  0%| F|  |TAMS 0x000000008bd00000, 0x000000008bd00000| Untracked 
| 190|0x000000008be00000, 0x000000008be00000, 0x000000008bf00000|  0%| F|  |TAMS 0x000000008be00000, 0x000000008be00000| Untracked 
| 191|0x000000008bf00000, 0x000000008bf00000, 0x000000008c000000|  0%| F|  |TAMS 0x000000008bf00000, 0x000000008bf00000| Untracked 
| 192|0x000000008c000000, 0x000000008c000000, 0x000000008c100000|  0%| F|  |TAMS 0x000000008c000000, 0x000000008c000000| Untracked 
| 193|0x000000008c100000, 0x000000008c171050, 0x000000008c200000| 44%| E|  |TAMS 0x000000008c100000, 0x000000008c100000| Complete 
| 194|0x000000008c200000, 0x000000008c300000, 0x000000008c300000|100%| E|  |TAMS 0x000000008c200000, 0x000000008c200000| Complete 
| 195|0x000000008c300000, 0x000000008c400000, 0x000000008c400000|100%| E|CS|TAMS 0x000000008c300000, 0x000000008c300000| Complete 
| 196|0x000000008c400000, 0x000000008c500000, 0x000000008c500000|100%| E|CS|TAMS 0x000000008c400000, 0x000000008c400000| Complete 
| 197|0x000000008c500000, 0x000000008c600000, 0x000000008c600000|100%| E|CS|TAMS 0x000000008c500000, 0x000000008c500000| Complete 
| 198|0x000000008c600000, 0x000000008c700000, 0x000000008c700000|100%| E|CS|TAMS 0x000000008c600000, 0x000000008c600000| Complete 
| 199|0x000000008c700000, 0x000000008c700000, 0x000000008c800000|  0%| F|  |TAMS 0x000000008c700000, 0x000000008c700000| Untracked 
| 200|0x000000008c800000, 0x000000008c800000, 0x000000008c900000|  0%| F|  |TAMS 0x000000008c800000, 0x000000008c800000| Untracked 
| 201|0x000000008c900000, 0x000000008c900000, 0x000000008ca00000|  0%| F|  |TAMS 0x000000008c900000, 0x000000008c900000| Untracked 
| 202|0x000000008ca00000, 0x000000008ca00000, 0x000000008cb00000|  0%| F|  |TAMS 0x000000008ca00000, 0x000000008ca00000| Untracked 
| 203|0x000000008cb00000, 0x000000008cc00000, 0x000000008cc00000|100%| E|CS|TAMS 0x000000008cb00000, 0x000000008cb00000| Complete 
| 204|0x000000008cc00000, 0x000000008cd00000, 0x000000008cd00000|100%| E|CS|TAMS 0x000000008cc00000, 0x000000008cc00000| Complete 
| 205|0x000000008cd00000, 0x000000008ce00000, 0x000000008ce00000|100%| E|CS|TAMS 0x000000008cd00000, 0x000000008cd00000| Complete 
| 206|0x000000008ce00000, 0x000000008cf00000, 0x000000008cf00000|100%| E|CS|TAMS 0x000000008ce00000, 0x000000008ce00000| Complete 
| 207|0x000000008cf00000, 0x000000008d000000, 0x000000008d000000|100%| E|CS|TAMS 0x000000008cf00000, 0x000000008cf00000| Complete 

Card table byte_map: [0x000001736fe10000,0x0000017370210000] _byte_map_base: 0x000001736fa10000

Marking Bits (Prev, Next): (CMBitMap*) 0x000001735d5983b0, (CMBitMap*) 0x000001735d5983f0
 Prev Bits: [0x0000017370610000, 0x0000017372610000)
 Next Bits: [0x0000017372610000, 0x0000017374610000)

Polling page: 0x000001735b4c0000

Metaspace:

Usage:
  Non-class:    107.91 MB used.
      Class:     16.82 MB used.
       Both:    124.73 MB used.

Virtual space:
  Non-class space:      112.00 MB reserved,     108.38 MB ( 97%) committed,  14 nodes.
      Class space:        1.00 GB reserved,      17.25 MB (  2%) committed,  1 nodes.
             Both:        1.11 GB reserved,     125.62 MB ( 11%) committed. 

Chunk freelists:
   Non-Class:  2.72 MB
       Class:  2.70 MB
        Both:  5.42 MB

MaxMetaspaceSize: unlimited
CompressedClassSpaceSize: 1.00 GB
Initial GC threshold: 21.00 MB
Current GC threshold: 125.88 MB
CDS: off
MetaspaceReclaimPolicy: balanced
 - commit_granule_bytes: 65536.
 - commit_granule_words: 8192.
 - virtual_space_node_default_size: 1048576.
 - enlarge_chunks_in_place: 1.
 - new_chunks_are_fully_committed: 0.
 - uncommit_free_chunks: 1.
 - use_allocation_guard: 0.
 - handle_deallocations: 1.


Internal statistics:

num_allocs_failed_limit: 17.
num_arena_births: 1576.
num_arena_deaths: 18.
num_vsnodes_births: 15.
num_vsnodes_deaths: 0.
num_space_committed: 2008.
num_space_uncommitted: 0.
num_chunks_returned_to_freelist: 42.
num_chunks_taken_from_freelist: 6398.
num_chunk_merges: 17.
num_chunk_splits: 4276.
num_chunks_enlarged: 2860.
num_purges: 2.
num_inconsistent_stats: 0.

CodeHeap 'non-profiled nmethods': size=120000Kb used=10281Kb max_used=10281Kb free=109719Kb
 bounds [0x00000173684e0000, 0x0000017368ef0000, 0x000001736fa10000]
CodeHeap 'profiled nmethods': size=120000Kb used=30882Kb max_used=30882Kb free=89117Kb
 bounds [0x0000017360a10000, 0x0000017362840000, 0x0000017367f40000]
CodeHeap 'non-nmethods': size=5760Kb used=2452Kb max_used=2511Kb free=3307Kb
 bounds [0x0000017367f40000, 0x00000173681c0000, 0x00000173684e0000]
 total_blobs=16839 nmethods=15851 adapters=899
 compilation: enabled
              stopped_count=0, restarted_count=0
 full_count=0

Compilation events (20 events):
Event: 716.674 Thread 0x000001737752ed50 19083       3       com.google.common.collect.SingletonImmutableBiMap::get (20 bytes)
Event: 716.674 Thread 0x000001737752ed50 nmethod 19083 0x0000017362835990 code [0x0000017362835b40, 0x0000017362835d88]
Event: 716.674 Thread 0x000001737752ed50 19084       3       com.google.common.collect.RegularImmutableTable::checkNoDuplicate (20 bytes)
Event: 716.674 Thread 0x000001737752bca0 19086       4       com.google.common.collect.RegularImmutableMap::get (13 bytes)
Event: 716.675 Thread 0x000001737752ed50 nmethod 19084 0x0000017362835e90 code [0x0000017362836040, 0x00000173628361e8]
Event: 716.675 Thread 0x000001737752ed50 19085       3       com.google.common.base.Preconditions::checkArgument (39 bytes)
Event: 716.675 Thread 0x000001737752ed50 nmethod 19085 0x0000017362836290 code [0x0000017362836480, 0x0000017362836cf8]
Event: 716.677 Thread 0x000001737de14d30 19087       4       com.google.common.collect.RegularImmutableList::get (7 bytes)
Event: 716.678 Thread 0x000001737de14d30 nmethod 19087 0x0000017368ee8e10 code [0x0000017368ee8f80, 0x0000017368ee9038]
Event: 716.678 Thread 0x000001737752bca0 nmethod 19086 0x0000017368ee9110 code [0x0000017368ee92a0, 0x0000017368ee94b8]
Event: 716.678 Thread 0x000001737de14d30 19088       4       com.google.common.collect.ImmutableCollection::toArray (67 bytes)
Event: 716.684 Thread 0x000001737de14d30 nmethod 19088 0x0000017368ee9690 code [0x0000017368ee9820, 0x0000017368ee9d78]
Event: 716.689 Thread 0x000001737752ed50 19089       3       java.util.zip.ZipFile$Source$Key::equals (93 bytes)
Event: 716.690 Thread 0x000001737752ed50 nmethod 19089 0x0000017362836f10 code [0x00000173628371c0, 0x00000173628380a8]
Event: 716.690 Thread 0x000001737752ed50 19090       3       java.nio.file.attribute.FileTime::compareTo (154 bytes)
Event: 716.691 Thread 0x000001737752ed50 nmethod 19090 0x0000017362838490 code [0x00000173628387a0, 0x0000017362839678]
Event: 716.693 Thread 0x000001737752bca0 19091       4       org.gradle.api.internal.artifacts.transform.DefaultTransformerInvocationFactory$ImmutableTransformerExecution$$Lambda$1060/0x0000000100c66d98::getValue (10 bytes)
Event: 716.693 Thread 0x000001737de14d30 19092       4       org.gradle.internal.execution.steps.IdentifyStep::executeDeferred (11 bytes)
Event: 716.693 Thread 0x000001737752bca0 nmethod 19091 0x0000017368eea110 code [0x0000017368eea2a0, 0x0000017368eea358]
Event: 716.694 Thread 0x000001737752bca0 19093       4       org.gradle.api.internal.artifacts.transform.DefaultTransformerInvocationFactory$ImmutableTransformerExecution::identify (57 bytes)

GC Heap History (20 events):
Event: 117.958 GC heap before
{Heap before GC invocations=37 (full 0):
 garbage-first heap   total 208896K, used 161403K [0x0000000080000000, 0x0000000100000000)
  region size 1024K, 86 young (88064K), 8 survivors (8192K)
 Metaspace       used 92391K, committed 93056K, reserved 1130496K
  class space    used 12550K, committed 12864K, reserved 1048576K
}
Event: 118.077 GC heap after
{Heap after GC invocations=38 (full 0):
 garbage-first heap   total 208896K, used 88350K [0x0000000080000000, 0x0000000100000000)
  region size 1024K, 7 young (7168K), 7 survivors (7168K)
 Metaspace       used 92391K, committed 93056K, reserved 1130496K
  class space    used 12550K, committed 12864K, reserved 1048576K
}
Event: 121.942 GC heap before
{Heap before GC invocations=38 (full 0):
 garbage-first heap   total 208896K, used 166174K [0x0000000080000000, 0x0000000100000000)
  region size 1024K, 83 young (84992K), 7 survivors (7168K)
 Metaspace       used 98358K, committed 99072K, reserved 1138688K
  class space    used 13281K, committed 13632K, reserved 1048576K
}
Event: 121.971 GC heap after
{Heap after GC invocations=39 (full 0):
 garbage-first heap   total 208896K, used 96818K [0x0000000080000000, 0x0000000100000000)
  region size 1024K, 10 young (10240K), 10 survivors (10240K)
 Metaspace       used 98358K, committed 99072K, reserved 1138688K
  class space    used 13281K, committed 13632K, reserved 1048576K
}
Event: 124.070 GC heap before
{Heap before GC invocations=39 (full 0):
 garbage-first heap   total 208896K, used 166450K [0x0000000080000000, 0x0000000100000000)
  region size 1024K, 77 young (78848K), 10 survivors (10240K)
 Metaspace       used 103585K, committed 104320K, reserved 1146880K
  class space    used 13879K, committed 14272K, reserved 1048576K
}
Event: 124.092 GC heap after
{Heap after GC invocations=40 (full 0):
 garbage-first heap   total 208896K, used 101295K [0x0000000080000000, 0x0000000100000000)
  region size 1024K, 4 young (4096K), 4 survivors (4096K)
 Metaspace       used 103585K, committed 104320K, reserved 1146880K
  class space    used 13879K, committed 14272K, reserved 1048576K
}
Event: 126.365 GC heap before
{Heap before GC invocations=40 (full 0):
 garbage-first heap   total 208896K, used 167855K [0x0000000080000000, 0x0000000100000000)
  region size 1024K, 70 young (71680K), 4 survivors (4096K)
 Metaspace       used 117529K, committed 118272K, reserved 1155072K
  class space    used 16020K, committed 16384K, reserved 1048576K
}
Event: 126.381 GC heap after
{Heap after GC invocations=41 (full 0):
 garbage-first heap   total 208896K, used 101489K [0x0000000080000000, 0x0000000100000000)
  region size 1024K, 6 young (6144K), 6 survivors (6144K)
 Metaspace       used 117529K, committed 118272K, reserved 1155072K
  class space    used 16020K, committed 16384K, reserved 1048576K
}
Event: 345.487 GC heap before
{Heap before GC invocations=41 (full 0):
 garbage-first heap   total 208896K, used 186481K [0x0000000080000000, 0x0000000100000000)
  region size 1024K, 73 young (74752K), 6 survivors (6144K)
 Metaspace       used 121155K, committed 121984K, reserved 1155072K
  class space    used 16575K, committed 16960K, reserved 1048576K
}
Event: 345.569 GC heap after
{Heap after GC invocations=42 (full 0):
 garbage-first heap   total 208896K, used 106126K [0x0000000080000000, 0x0000000100000000)
  region size 1024K, 10 young (10240K), 10 survivors (10240K)
 Metaspace       used 121155K, committed 121984K, reserved 1155072K
  class space    used 16575K, committed 16960K, reserved 1048576K
}
Event: 347.853 GC heap before
{Heap before GC invocations=42 (full 0):
 garbage-first heap   total 208896K, used 172686K [0x0000000080000000, 0x0000000100000000)
  region size 1024K, 74 young (75776K), 10 survivors (10240K)
 Metaspace       used 121490K, committed 122304K, reserved 1155072K
  class space    used 16580K, committed 16960K, reserved 1048576K
}
Event: 347.955 GC heap after
{Heap after GC invocations=43 (full 0):
 garbage-first heap   total 208896K, used 122201K [0x0000000080000000, 0x0000000100000000)
  region size 1024K, 10 young (10240K), 10 survivors (10240K)
 Metaspace       used 121490K, committed 122304K, reserved 1155072K
  class space    used 16580K, committed 16960K, reserved 1048576K
}
Event: 693.153 GC heap before
{Heap before GC invocations=43 (full 0):
 garbage-first heap   total 208896K, used 184665K [0x0000000080000000, 0x0000000100000000)
  region size 1024K, 55 young (56320K), 10 survivors (10240K)
 Metaspace       used 122086K, committed 122880K, reserved 1155072K
  class space    used 16592K, committed 16960K, reserved 1048576K
}
Event: 693.299 GC heap after
{Heap after GC invocations=44 (full 0):
 garbage-first heap   total 208896K, used 120209K [0x0000000080000000, 0x0000000100000000)
  region size 1024K, 2 young (2048K), 2 survivors (2048K)
 Metaspace       used 122086K, committed 122880K, reserved 1155072K
  class space    used 16592K, committed 16960K, reserved 1048576K
}
Event: 713.136 GC heap before
{Heap before GC invocations=44 (full 0):
 garbage-first heap   total 208896K, used 169361K [0x0000000080000000, 0x0000000100000000)
  region size 1024K, 51 young (52224K), 2 survivors (2048K)
 Metaspace       used 122404K, committed 123328K, reserved 1155072K
  class space    used 16621K, committed 17024K, reserved 1048576K
}
Event: 713.171 GC heap after
{Heap after GC invocations=45 (full 0):
 garbage-first heap   total 208896K, used 126180K [0x0000000080000000, 0x0000000100000000)
  region size 1024K, 7 young (7168K), 7 survivors (7168K)
 Metaspace       used 122404K, committed 123328K, reserved 1155072K
  class space    used 16621K, committed 17024K, reserved 1048576K
}
Event: 714.944 GC heap before
{Heap before GC invocations=45 (full 0):
 garbage-first heap   total 208896K, used 172260K [0x0000000080000000, 0x0000000100000000)
  region size 1024K, 51 young (52224K), 7 survivors (7168K)
 Metaspace       used 125277K, committed 126272K, reserved 1163264K
  class space    used 16975K, committed 17472K, reserved 1048576K
}
Event: 715.004 GC heap after
{Heap after GC invocations=46 (full 0):
 garbage-first heap   total 208896K, used 142502K [0x0000000080000000, 0x0000000100000000)
  region size 1024K, 7 young (7168K), 7 survivors (7168K)
 Metaspace       used 125277K, committed 126272K, reserved 1163264K
  class space    used 16975K, committed 17472K, reserved 1048576K
}
Event: 716.070 GC heap before
{Heap before GC invocations=46 (full 0):
 garbage-first heap   total 208896K, used 176294K [0x0000000080000000, 0x0000000100000000)
  region size 1024K, 25 young (25600K), 7 survivors (7168K)
 Metaspace       used 126997K, committed 127936K, reserved 1163264K
  class space    used 17123K, committed 17600K, reserved 1048576K
}
Event: 716.094 GC heap after
{Heap after GC invocations=47 (full 0):
 garbage-first heap   total 208896K, used 150435K [0x0000000080000000, 0x0000000100000000)
  region size 1024K, 5 young (5120K), 5 survivors (5120K)
 Metaspace       used 126997K, committed 127936K, reserved 1163264K
  class space    used 17123K, committed 17600K, reserved 1048576K
}

Dll operation events (2 events):
Event: 0.013 Loaded shared library C:\Program Files\Android\Android Studio\jbr\bin\java.dll
Event: 0.666 Loaded shared library C:\Program Files\Android\Android Studio\jbr\bin\verify.dll

Deoptimization events (20 events):
Event: 715.952 Thread 0x000001737c4cb0a0 DEOPT PACKING pc=0x0000017368ea70e8 sp=0x0000001b62afaef0
Event: 715.952 Thread 0x000001737c4cb0a0 DEOPT UNPACKING pc=0x0000017367f9a1a3 sp=0x0000001b62afaef8 mode 2
Event: 715.958 Thread 0x000001737a7a1460 Uncommon trap: trap_request=0xffffffde fr.pc=0x0000017368cfebe4 relative=0x0000000000000f44
Event: 715.958 Thread 0x000001737a7a1460 Uncommon trap: reason=class_check action=maybe_recompile pc=0x0000017368cfebe4 method=org.gradle.internal.file.FileHierarchySet$Node.contains(Ljava/lang/String;I)Z @ 55 c2
Event: 715.958 Thread 0x000001737a7a1460 DEOPT PACKING pc=0x0000017368cfebe4 sp=0x0000001b5f3fee30
Event: 715.958 Thread 0x000001737a7a1460 DEOPT UNPACKING pc=0x0000017367f9a1a3 sp=0x0000001b5f3fedf0 mode 2
Event: 715.966 Thread 0x000001737a7a1460 Uncommon trap: trap_request=0xffffffde fr.pc=0x0000017368cfebe4 relative=0x0000000000000f44
Event: 715.966 Thread 0x000001737a7a1460 Uncommon trap: reason=class_check action=maybe_recompile pc=0x0000017368cfebe4 method=org.gradle.internal.file.FileHierarchySet$Node.contains(Ljava/lang/String;I)Z @ 55 c2
Event: 715.966 Thread 0x000001737a7a1460 DEOPT PACKING pc=0x0000017368cfebe4 sp=0x0000001b5f3fee30
Event: 715.966 Thread 0x000001737a7a1460 DEOPT UNPACKING pc=0x0000017367f9a1a3 sp=0x0000001b5f3fedf0 mode 2
Event: 715.993 Thread 0x000001737c4cb0a0 Uncommon trap: trap_request=0xffffff54 fr.pc=0x0000017368eae404 relative=0x0000000000000664
Event: 715.993 Thread 0x000001737c4cb0a0 Uncommon trap: reason=speculate_null_assert action=make_not_entrant pc=0x0000017368eae404 method=org.gradle.api.internal.file.collections.UnpackingVisitor.add(Ljava/lang/Object;)V @ 354 c2
Event: 715.994 Thread 0x000001737c4cb0a0 DEOPT PACKING pc=0x0000017368eae404 sp=0x0000001b62afc450
Event: 715.994 Thread 0x000001737c4cb0a0 DEOPT UNPACKING pc=0x0000017367f9a1a3 sp=0x0000001b62afc3e8 mode 2
Event: 716.239 Thread 0x000001737c4cb0a0 DEOPT PACKING pc=0x00000173618d6ca8 sp=0x0000001b62afa4b0
Event: 716.239 Thread 0x000001737c4cb0a0 DEOPT UNPACKING pc=0x0000017367f9ace3 sp=0x0000001b62af99c8 mode 0
Event: 716.482 Thread 0x000001737a7a3610 Uncommon trap: trap_request=0xffffff45 fr.pc=0x0000017368564a08 relative=0x0000000000000d08
Event: 716.482 Thread 0x000001737a7a3610 Uncommon trap: reason=unstable_if action=reinterpret pc=0x0000017368564a08 method=java.io.BufferedReader.readLine(Z[Z)Ljava/lang/String; @ 209 c2
Event: 716.482 Thread 0x000001737a7a3610 DEOPT PACKING pc=0x0000017368564a08 sp=0x0000001b631fdcb0
Event: 716.482 Thread 0x000001737a7a3610 DEOPT UNPACKING pc=0x0000017367f9a1a3 sp=0x0000001b631fdc50 mode 2

Classes unloaded (9 events):
Event: 716.723 Thread 0x0000017376af9710 Unloading class 0x0000000100fec400 'java/lang/invoke/LambdaForm$DMH+0x0000000100fec400'
Event: 716.723 Thread 0x0000017376af9710 Unloading class 0x0000000100f60400 'java/lang/invoke/LambdaForm$DMH+0x0000000100f60400'
Event: 716.723 Thread 0x0000017376af9710 Unloading class 0x0000000100ee0800 'java/lang/invoke/LambdaForm$DMH+0x0000000100ee0800'
Event: 716.723 Thread 0x0000017376af9710 Unloading class 0x0000000100ee0400 'java/lang/invoke/LambdaForm$DMH+0x0000000100ee0400'
Event: 716.723 Thread 0x0000017376af9710 Unloading class 0x0000000100eb8400 'java/lang/invoke/LambdaForm$DMH+0x0000000100eb8400'
Event: 716.723 Thread 0x0000017376af9710 Unloading class 0x0000000100e84000 'java/lang/invoke/LambdaForm$DMH+0x0000000100e84000'
Event: 716.723 Thread 0x0000017376af9710 Unloading class 0x0000000100e0c800 'jdk/internal/reflect/GeneratedSerializationConstructorAccessor79'
Event: 716.723 Thread 0x0000017376af9710 Unloading class 0x0000000100cb0000 'java/lang/invoke/LambdaForm$DMH+0x0000000100cb0000'
Event: 716.723 Thread 0x0000017376af9710 Unloading class 0x0000000100c60800 'java/lang/invoke/LambdaForm$DMH+0x0000000100c60800'

Classes redefined (0 events):
No events

Internal exceptions (20 events):
Event: 348.586 Thread 0x000001737a7a1930 Exception <a 'sun/nio/fs/WindowsException'{0x000000008af2a7c0}> (0x000000008af2a7c0) 
thrown [s\src\hotspot\share\prims\jni.cpp, line 517]
Event: 348.686 Thread 0x000001737a7a1930 Exception <a 'sun/nio/fs/WindowsException'{0x000000008ad46858}> (0x000000008ad46858) 
thrown [s\src\hotspot\share\prims\jni.cpp, line 517]
Event: 349.116 Thread 0x000001737c4c6d40 Exception <a 'sun/nio/fs/WindowsException'{0x000000008a9ffb68}> (0x000000008a9ffb68) 
thrown [s\src\hotspot\share\prims\jni.cpp, line 517]
Event: 349.116 Thread 0x000001737c4c6d40 Exception <a 'sun/nio/fs/WindowsException'{0x000000008a8000d8}> (0x000000008a8000d8) 
thrown [s\src\hotspot\share\prims\jni.cpp, line 517]
Event: 349.116 Thread 0x000001737c4c6d40 Exception <a 'sun/nio/fs/WindowsException'{0x000000008a802120}> (0x000000008a802120) 
thrown [s\src\hotspot\share\prims\jni.cpp, line 517]
Event: 711.295 Thread 0x000001737e0540b0 Exception <a 'sun/nio/fs/WindowsException'{0x000000008ae74500}> (0x000000008ae74500) 
thrown [s\src\hotspot\share\prims\jni.cpp, line 517]
Event: 711.837 Thread 0x000001737e0540b0 Exception <a 'java/lang/NoClassDefFoundError'{0x000000008a918cf8}: org/jetbrains/kotlin/gradle/plugin/KotlinBasePluginWrapper> (0x000000008a918cf8) 
thrown [s\src\hotspot\share\oops\constantPool.cpp, line 835]
Event: 712.015 Thread 0x000001737e0540b0 Exception <a 'sun/nio/fs/WindowsException'{0x000000008a68cbf8}> (0x000000008a68cbf8) 
thrown [s\src\hotspot\share\prims\jni.cpp, line 517]
Event: 712.291 Thread 0x000001737e0540b0 Exception <a 'sun/nio/fs/WindowsException'{0x000000008a52cef8}> (0x000000008a52cef8) 
thrown [s\src\hotspot\share\prims\jni.cpp, line 517]
Event: 712.292 Thread 0x000001737e0540b0 Exception <a 'sun/nio/fs/WindowsException'{0x000000008a52e310}> (0x000000008a52e310) 
thrown [s\src\hotspot\share\prims\jni.cpp, line 517]
Event: 712.292 Thread 0x000001737e0540b0 Exception <a 'sun/nio/fs/WindowsException'{0x000000008a52fa40}> (0x000000008a52fa40) 
thrown [s\src\hotspot\share\prims\jni.cpp, line 517]
Event: 712.293 Thread 0x000001737e0540b0 Exception <a 'sun/nio/fs/WindowsException'{0x000000008a530ea8}> (0x000000008a530ea8) 
thrown [s\src\hotspot\share\prims\jni.cpp, line 517]
Event: 712.702 Thread 0x000001737c4c5ed0 Exception <a 'sun/nio/fs/WindowsException'{0x000000008a2aa100}> (0x000000008a2aa100) 
thrown [s\src\hotspot\share\prims\jni.cpp, line 517]
Event: 713.277 Thread 0x000001737c4c5ed0 Exception <a 'sun/nio/fs/WindowsException'{0x000000008cd19cb8}> (0x000000008cd19cb8) 
thrown [s\src\hotspot\share\prims\jni.cpp, line 517]
Event: 713.277 Thread 0x000001737c4c5ed0 Exception <a 'sun/nio/fs/WindowsException'{0x000000008cd19fb8}> (0x000000008cd19fb8) 
thrown [s\src\hotspot\share\prims\jni.cpp, line 517]
Event: 714.931 Thread 0x000001737c4c5ed0 Implicit null exception at 0x00000173689266da to 0x000001736892679c
Event: 715.480 Thread 0x000001737c4c5ed0 Exception <a 'java/lang/NoSuchMethodError'{0x000000008c1c9590}: static Lcom/android/ide/common/resources/CompileResourceRequest;.<clinit>()V> (0x000000008c1c9590) 
thrown [s\src\hotspot\share\prims\jni.cpp, line 1108]
Event: 715.552 Thread 0x000001737c4cb0a0 Implicit null exception at 0x0000017368986a53 to 0x000001736898771c
Event: 716.350 Thread 0x000001737c4c7bb0 Exception <a 'sun/nio/fs/WindowsException'{0x000000008c6e7fc8}> (0x000000008c6e7fc8) 
thrown [s\src\hotspot\share\prims\jni.cpp, line 517]
Event: 716.517 Thread 0x000001737c4c7bb0 Exception <a 'sun/nio/fs/WindowsException'{0x000000008c476be0}> (0x000000008c476be0) 
thrown [s\src\hotspot\share\prims\jni.cpp, line 517]

VM Operations (20 events):
Event: 714.421 Executing VM operation: HandshakeAllThreads done
Event: 714.421 Executing VM operation: Cleanup
Event: 714.421 Executing VM operation: Cleanup done
Event: 714.944 Executing VM operation: G1CollectForAllocation
Event: 715.006 Executing VM operation: G1CollectForAllocation done
Event: 715.605 Executing VM operation: HandshakeAllThreads
Event: 715.606 Executing VM operation: HandshakeAllThreads done
Event: 715.952 Executing VM operation: HandshakeAllThreads
Event: 715.952 Executing VM operation: HandshakeAllThreads done
Event: 715.972 Executing VM operation: ICBufferFull
Event: 715.972 Executing VM operation: ICBufferFull done
Event: 716.055 Executing VM operation: CollectForMetadataAllocation
Event: 716.095 Executing VM operation: CollectForMetadataAllocation done
Event: 716.095 Executing VM operation: CollectForMetadataAllocation
Event: 716.095 Executing VM operation: CollectForMetadataAllocation done
Event: 716.271 Executing VM operation: CollectForMetadataAllocation
Event: 716.277 Executing VM operation: CollectForMetadataAllocation done
Event: 716.606 Executing VM operation: CollectForMetadataAllocation
Event: 716.632 Executing VM operation: CollectForMetadataAllocation done
Event: 716.721 Executing VM operation: G1Concurrent

Events (20 events):
Event: 715.969 Thread 0x000001737752fdf0 flushing nmethod 0x000001736172aa10
Event: 715.969 Thread 0x000001737752fdf0 flushing nmethod 0x000001736172ba90
Event: 715.971 Thread 0x000001737752fdf0 flushing nmethod 0x00000173619eb590
Event: 715.971 Thread 0x000001737752fdf0 flushing nmethod 0x00000173619fc290
Event: 715.971 Thread 0x000001737752fdf0 flushing nmethod 0x00000173619fd310
Event: 715.971 Thread 0x000001737752fdf0 flushing nmethod 0x00000173619fd810
Event: 715.971 Thread 0x000001737752fdf0 flushing nmethod 0x0000017361ad1390
Event: 715.972 Thread 0x000001737752fdf0 flushing nmethod 0x0000017361b87c90
Event: 715.973 Thread 0x000001737752fdf0 flushing nmethod 0x0000017361c4fb90
Event: 715.978 Thread 0x000001737752fdf0 flushing nmethod 0x0000017362337d90
Event: 715.978 Thread 0x000001737752fdf0 flushing nmethod 0x00000173623a0d10
Event: 716.158 Thread 0x0000017300d41cb0 Thread exited: 0x0000017300d41cb0
Event: 716.243 Thread 0x000001737a7a05f0 Thread added: 0x000001737a7a05f0
Event: 716.280 Thread 0x000001737de14d30 Thread added: 0x000001737de14d30
Event: 716.318 loading class java/nio/file/FileChannelLinesSpliterator
Event: 716.323 loading class java/nio/file/FileChannelLinesSpliterator done
Event: 716.333 loading class java/util/stream/Streams$1
Event: 716.334 loading class java/util/stream/Streams$1 done
Event: 716.360 loading class java/nio/file/FileChannelLinesSpliterator$1
Event: 716.363 loading class java/nio/file/FileChannelLinesSpliterator$1 done


Dynamic libraries:
0x00007ff6f2370000 - 0x00007ff6f237a000 	C:\Program Files\Android\Android Studio\jbr\bin\java.exe
0x00007ffb43930000 - 0x00007ffb43b28000 	C:\WINDOWS\SYSTEM32\ntdll.dll
0x00007ffb42020000 - 0x00007ffb420dd000 	C:\WINDOWS\System32\KERNEL32.DLL
0x00007ffb41140000 - 0x00007ffb41436000 	C:\WINDOWS\System32\KERNELBASE.dll
0x00007ffb41530000 - 0x00007ffb41630000 	C:\WINDOWS\System32\ucrtbase.dll
0x00007ffb3ad80000 - 0x00007ffb3ad97000 	C:\Program Files\Android\Android Studio\jbr\bin\jli.dll
0x00007ffb3e140000 - 0x00007ffb3e15b000 	C:\Program Files\Android\Android Studio\jbr\bin\VCRUNTIME140.dll
0x00007ffb42830000 - 0x00007ffb429ce000 	C:\WINDOWS\System32\USER32.dll
0x00007ffb41960000 - 0x00007ffb41982000 	C:\WINDOWS\System32\win32u.dll
0x00007ffb435b0000 - 0x00007ffb435dc000 	C:\WINDOWS\System32\GDI32.dll
0x00007ffb41840000 - 0x00007ffb4195a000 	C:\WINDOWS\System32\gdi32full.dll
0x00007ffb41010000 - 0x00007ffb410ad000 	C:\WINDOWS\System32\msvcp_win.dll
0x00007ffb2eab0000 - 0x00007ffb2ed4a000 	C:\WINDOWS\WinSxS\amd64_microsoft.windows.common-controls_6595b64144ccf1df_6.0.19041.3636_none_60b6a03d71f818d5\COMCTL32.dll
0x00007ffb43820000 - 0x00007ffb438be000 	C:\WINDOWS\System32\msvcrt.dll
0x00007ffb433f0000 - 0x00007ffb43420000 	C:\WINDOWS\System32\IMM32.DLL
0x00007ffb3e130000 - 0x00007ffb3e13c000 	C:\Program Files\Android\Android Studio\jbr\bin\vcruntime140_1.dll
0x00007ffb0e870000 - 0x00007ffb0e8fd000 	C:\Program Files\Android\Android Studio\jbr\bin\msvcp140.dll
0x00007ffb07a20000 - 0x00007ffb0868e000 	C:\Program Files\Android\Android Studio\jbr\bin\server\jvm.dll
0x00007ffb435e0000 - 0x00007ffb4368f000 	C:\WINDOWS\System32\ADVAPI32.dll
0x00007ffb42b70000 - 0x00007ffb42c0c000 	C:\WINDOWS\System32\sechost.dll
0x00007ffb41ef0000 - 0x00007ffb42016000 	C:\WINDOWS\System32\RPCRT4.dll
0x00007ffb21b80000 - 0x00007ffb21ba7000 	C:\WINDOWS\SYSTEM32\WINMM.dll
0x00007ffb3e3e0000 - 0x00007ffb3e3e9000 	C:\WINDOWS\SYSTEM32\WSOCK32.dll
0x00007ffb429d0000 - 0x00007ffb42a3b000 	C:\WINDOWS\System32\WS2_32.dll
0x00007ffb327a0000 - 0x00007ffb327aa000 	C:\WINDOWS\SYSTEM32\VERSION.dll
0x00007ffb3f860000 - 0x00007ffb3f872000 	C:\WINDOWS\SYSTEM32\kernel.appcore.dll
0x00007ffb3e3d0000 - 0x00007ffb3e3da000 	C:\Program Files\Android\Android Studio\jbr\bin\jimage.dll
0x00007ffb3ee20000 - 0x00007ffb3f004000 	C:\WINDOWS\SYSTEM32\DBGHELP.DLL
0x00007ffb2a060000 - 0x00007ffb2a094000 	C:\WINDOWS\SYSTEM32\dbgcore.DLL
0x00007ffb410b0000 - 0x00007ffb41132000 	C:\WINDOWS\System32\bcryptPrimitives.dll
0x00007ffb3ae00000 - 0x00007ffb3ae25000 	C:\Program Files\Android\Android Studio\jbr\bin\java.dll
0x00007ffb3e2b0000 - 0x00007ffb3e2c8000 	C:\Program Files\Android\Android Studio\jbr\bin\zip.dll
0x00007ffb420e0000 - 0x00007ffb42824000 	C:\WINDOWS\System32\SHELL32.dll
0x00007ffb3f010000 - 0x00007ffb3f7ab000 	C:\WINDOWS\SYSTEM32\windows.storage.dll
0x00007ffb42c10000 - 0x00007ffb42f64000 	C:\WINDOWS\System32\combase.dll
0x00007ffb409e0000 - 0x00007ffb40a0d000 	C:\WINDOWS\SYSTEM32\Wldp.dll
0x00007ffb42ac0000 - 0x00007ffb42b6d000 	C:\WINDOWS\System32\SHCORE.dll
0x00007ffb43420000 - 0x00007ffb43475000 	C:\WINDOWS\System32\shlwapi.dll
0x00007ffb40f40000 - 0x00007ffb40f65000 	C:\WINDOWS\SYSTEM32\profapi.dll
0x00007ffb3c970000 - 0x00007ffb3c989000 	C:\Program Files\Android\Android Studio\jbr\bin\net.dll
0x00007ffb32590000 - 0x00007ffb3269a000 	C:\WINDOWS\SYSTEM32\WINHTTP.dll
0x00007ffb406e0000 - 0x00007ffb4074a000 	C:\WINDOWS\system32\mswsock.dll
0x00007ffb3c690000 - 0x00007ffb3c6a6000 	C:\Program Files\Android\Android Studio\jbr\bin\nio.dll
0x00007ffb3e010000 - 0x00007ffb3e020000 	C:\Program Files\Android\Android Studio\jbr\bin\verify.dll
0x00007ffb38d80000 - 0x00007ffb38da7000 	C:\Users\caot4\.gradle\native\68d5fa5c4cc2d200863cafc0d521ce42e7d3e7ee720ec0a83991735586a16f82\windows-amd64\native-platform.dll
0x00007ffb0e260000 - 0x00007ffb0e3a4000 	C:\Users\caot4\.gradle\native\e376f236ea51e6404a007f0833ffe2c6e607c4080706a723a18a27aeea778392\windows-amd64\native-platform-file-events.dll
0x00007ffb3cb80000 - 0x00007ffb3cb89000 	C:\Program Files\Android\Android Studio\jbr\bin\management.dll
0x00007ffb3cb60000 - 0x00007ffb3cb6b000 	C:\Program Files\Android\Android Studio\jbr\bin\management_ext.dll
0x00007ffb438e0000 - 0x00007ffb438e8000 	C:\WINDOWS\System32\PSAPI.DLL
0x00007ffb40940000 - 0x00007ffb40958000 	C:\WINDOWS\SYSTEM32\CRYPTSP.dll
0x00007ffb40010000 - 0x00007ffb40044000 	C:\WINDOWS\system32\rsaenh.dll
0x00007ffb41440000 - 0x00007ffb41467000 	C:\WINDOWS\System32\bcrypt.dll
0x00007ffb40f00000 - 0x00007ffb40f2e000 	C:\WINDOWS\SYSTEM32\USERENV.dll
0x00007ffb40930000 - 0x00007ffb4093c000 	C:\WINDOWS\SYSTEM32\CRYPTBASE.dll
0x00007ffb403d0000 - 0x00007ffb4040b000 	C:\WINDOWS\SYSTEM32\IPHLPAPI.DLL
0x00007ffb43480000 - 0x00007ffb43488000 	C:\WINDOWS\System32\NSI.dll
0x00007ffb35e40000 - 0x00007ffb35e57000 	C:\WINDOWS\SYSTEM32\dhcpcsvc6.DLL
0x00007ffb379c0000 - 0x00007ffb379dd000 	C:\WINDOWS\SYSTEM32\dhcpcsvc.DLL
0x00007ffb40410000 - 0x00007ffb404da000 	C:\WINDOWS\SYSTEM32\DNSAPI.dll
0x00007ffb3c760000 - 0x00007ffb3c767000 	C:\WINDOWS\system32\wshunix.dll
0x00007ffb40130000 - 0x00007ffb40163000 	C:\WINDOWS\SYSTEM32\ntmarta.dll

dbghelp: loaded successfully - version: 4.0.5 - missing functions: none
symbol engine: initialized successfully - sym options: 0x614 - pdb path: .;C:\Program Files\Android\Android Studio\jbr\bin;C:\WINDOWS\SYSTEM32;C:\WINDOWS\WinSxS\amd64_microsoft.windows.common-controls_6595b64144ccf1df_6.0.19041.3636_none_60b6a03d71f818d5;C:\Program Files\Android\Android Studio\jbr\bin\server;C:\Users\caot4\.gradle\native\68d5fa5c4cc2d200863cafc0d521ce42e7d3e7ee720ec0a83991735586a16f82\windows-amd64;C:\Users\caot4\.gradle\native\e376f236ea51e6404a007f0833ffe2c6e607c4080706a723a18a27aeea778392\windows-amd64

VM Arguments:
jvm_args: --add-opens=java.base/java.util=ALL-UNNAMED --add-opens=java.base/java.lang=ALL-UNNAMED --add-opens=java.base/java.lang.invoke=ALL-UNNAMED --add-opens=java.prefs/java.util.prefs=ALL-UNNAMED --add-opens=java.base/java.nio.charset=ALL-UNNAMED --add-opens=java.base/java.net=ALL-UNNAMED --add-opens=java.base/java.util.concurrent.atomic=ALL-UNNAMED -Xmx2048m -Dfile.encoding=UTF-8 -Duser.country=US -Duser.language=en -Duser.variant 
java_command: org.gradle.launcher.daemon.bootstrap.GradleDaemon 8.0
java_class_path (initial): C:\Users\caot4\.gradle\wrapper\dists\gradle-8.0-bin\ca5e32bp14vu59qr306oxotwh\gradle-8.0\lib\gradle-launcher-8.0.jar
Launcher Type: SUN_STANDARD

[Global flags]
     intx CICompilerCount                          = 3                                         {product} {ergonomic}
     uint ConcGCThreads                            = 1                                         {product} {ergonomic}
     uint G1ConcRefinementThreads                  = 4                                         {product} {ergonomic}
   size_t G1HeapRegionSize                         = 1048576                                   {product} {ergonomic}
    uintx GCDrainStackTargetSize                   = 64                                        {product} {ergonomic}
   size_t InitialHeapSize                          = 132120576                                 {product} {ergonomic}
   size_t MarkStackSize                            = 4194304                                   {product} {ergonomic}
   size_t MaxHeapSize                              = 2147483648                                {product} {command line}
   size_t MaxNewSize                               = 1287651328                                {product} {ergonomic}
   size_t MinHeapDeltaBytes                        = 1048576                                   {product} {ergonomic}
   size_t MinHeapSize                              = 8388608                                   {product} {ergonomic}
    uintx NonNMethodCodeHeapSize                   = 5832780                                {pd product} {ergonomic}
    uintx NonProfiledCodeHeapSize                  = 122912730                              {pd product} {ergonomic}
    uintx ProfiledCodeHeapSize                     = 122912730                              {pd product} {ergonomic}
    uintx ReservedCodeCacheSize                    = 251658240                              {pd product} {ergonomic}
     bool SegmentedCodeCache                       = true                                      {product} {ergonomic}
   size_t SoftMaxHeapSize                          = 2147483648                             {manageable} {ergonomic}
     bool UseCompressedClassPointers               = true                           {product lp64_product} {ergonomic}
     bool UseCompressedOops                        = true                           {product lp64_product} {ergonomic}
     bool UseG1GC                                  = true                                      {product} {ergonomic}
     bool UseLargePagesIndividualAllocation        = false                                  {pd product} {ergonomic}

Logging:
Log output configuration:
 #0: stdout all=warning uptime,level,tags
 #1: stderr all=off uptime,level,tags

Environment Variables:
PATH=C:\Program Files\Microsoft MPI\Bin\;C:\Program Files\Microsoft\jdk-11.0.16.101-hotspot\bin;C:\Program Files (x86)\NVIDIA Corporation\PhysX\Common;C:\WINDOWS\system32;C:\WINDOWS;C:\WINDOWS\System32\Wbem;C:\WINDOWS\System32\WindowsPowerShell\v1.0\;C:\WINDOWS\System32\OpenSSH\;C:\Program Files (x86)\dotnet\;C:\Program Files\Git\cmd;C:\Program Files\dotnet\;C:\Program Files\Azure Data Studio\bin;C:\Program Files (x86)\Microsoft SQL Server\160\Tools\Binn\;C:\Program Files\Microsoft SQL Server\160\Tools\Binn\;C:\Program Files\Microsoft SQL Server\Client SDK\ODBC\170\Tools\Binn\;C:\Program Files\Microsoft SQL Server\160\DTS\Binn\;C:\Program Files (x86)\Microsoft SQL Server\160\DTS\Binn\;C:\Program Files\Microsoft SQL Server\150\Tools\Binn\;C:\Program Files\dotnet;C:\Users\caot4\.dotnet\tools;C:\Users\caot4\.dnx\bin;C:\Users\caot4\AppData\Local\Microsoft\WindowsApps;C:\Program Files\Azure Data Studio\bin;C:\Users\caot4\.dotnet\tools;C:\Users\caot4\AppData\Local\Programs\Microsoft VS Code\bin;C:\Users\caot4\AppData\Local\GitHubDesktop\bin;;C:\Program Files\Azure Data Studio\bin
USERNAME=caot4
OS=Windows_NT
PROCESSOR_IDENTIFIER=Intel64 Family 6 Model 126 Stepping 5, GenuineIntel
TMP=C:\Users\caot4\AppData\Local\Temp
TEMP=C:\Users\caot4\AppData\Local\Temp


JNI global refs:
JNI global refs: 27, weak refs: 1

JNI global refs memory usage: 843, weak refs: 841


---------------  S Y S T E M  ---------------

OS:
 Windows 10 , 64 bit Build 19041 (10.0.19041.3636)
OS uptime: 0 days 21:39 hours

CPU: total 4 (initial active 4) (2 cores per cpu, 2 threads per core) family 6 model 126 stepping 5 microcode 0xa0, cx8, cmov, fxsr, ht, mmx, 3dnowpref, sse, sse2, sse3, ssse3, sse4.1, sse4.2, popcnt, lzcnt, tsc, tscinvbit, avx, avx2, aes, erms, clmul, bmi1, bmi2, adx, avx512f, avx512dq, avx512cd, avx512bw, avx512vl, sha, fma, vzeroupper, avx512_vpopcntdq, avx512_vpclmulqdq, avx512_vaes, avx512_vnni, clflush, clflushopt, avx512_vbmi2, avx512_vbmi

Memory: 4k page, system-wide physical 7998M (452M free)
TotalPageFile size 12094M (AvailPageFile size 16M)
current process WorkingSet (physical memory assigned to process): 429M, peak: 429M
current process commit charge ("private bytes"): 549M, peak: 603M

vm_info: OpenJDK 64-Bit Server VM (17.0.6+0-b2043.56-10027231) for windows-amd64 JRE (17.0.6+0-b2043.56-10027231), built on Apr 28 2023 00:43:19 by "androidbuild" with MS VC++ 16.10 / 16.11 (VS2019)

END.
