#
# There is insufficient memory for the Java Runtime Environment to continue.
# Native memory allocation (mmap) failed to map 13631488 bytes for G1 virtual space
# Possible reasons:
#   The system is out of physical RAM or swap space
#   The process is running with CompressedOops enabled, and the Java Heap may be blocking the growth of the native heap
# Possible solutions:
#   Reduce memory load on the system
#   Increase physical memory or swap space
#   Check if swap backing store is full
#   Decrease Java heap size (-Xmx/-Xms)
#   Decrease number of Java threads
#   Decrease Java thread stack sizes (-Xss)
#   Set larger code cache with -XX:ReservedCodeCacheSize=
#   JVM is running with Unscaled Compressed Oops mode in which the Java heap is
#     placed in the first 4GB address space. The Java Heap base address is the
#     maximum limit for the native heap growth. Please use -XX:HeapBaseMinAddress
#     to set the Java Heap base and to place the Java Heap above 4GB virtual address.
# This output file may be truncated or incomplete.
#
#  Out of Memory Error (os_windows.cpp:3769), pid=12736, tid=11880
#
# JRE version: OpenJDK Runtime Environment (17.0.6) (build 17.0.6+0-b2043.56-10027231)
# Java VM: OpenJDK 64-Bit Server VM (17.0.6+0-b2043.56-10027231, mixed mode, tiered, compressed oops, compressed class ptrs, g1 gc, windows-amd64)
# No core dump will be written. Minidumps are not enabled by default on client versions of Windows
#

---------------  S U M M A R Y ------------

Command Line: --add-opens=java.base/java.util=ALL-UNNAMED --add-opens=java.base/java.lang=ALL-UNNAMED --add-opens=java.base/java.lang.invoke=ALL-UNNAMED --add-opens=java.prefs/java.util.prefs=ALL-UNNAMED --add-opens=java.base/java.nio.charset=ALL-UNNAMED --add-opens=java.base/java.net=ALL-UNNAMED --add-opens=java.base/java.util.concurrent.atomic=ALL-UNNAMED -Xmx2048m -Dfile.encoding=UTF-8 -Duser.country=US -Duser.language=en -Duser.variant org.gradle.launcher.daemon.bootstrap.GradleDaemon 8.0

Host: Intel(R) Core(TM) i3-1005G1 CPU @ 1.20GHz, 4 cores, 7G,  Windows 10 , 64 bit Build 19041 (10.0.19041.3636)
Time: Fri Nov 24 20:12:34 2023 SE Asia Standard Time elapsed time: 22.709097 seconds (0d 0h 0m 22s)

---------------  T H R E A D  ---------------

Current thread (0x00000148e5110d70):  VMThread "VM Thread" [stack: 0x0000004102900000,0x0000004102a00000] [id=11880]

Stack: [0x0000004102900000,0x0000004102a00000]
Native frames: (J=compiled Java code, j=interpreted, Vv=VM code, C=native code)
V  [jvm.dll+0x683c9a]
V  [jvm.dll+0x8427a4]
V  [jvm.dll+0x843f9e]
V  [jvm.dll+0x844603]
V  [jvm.dll+0x249b75]
V  [jvm.dll+0x680b69]
V  [jvm.dll+0x67505a]
V  [jvm.dll+0x309acb]
V  [jvm.dll+0x310f86]
V  [jvm.dll+0x3608ee]
V  [jvm.dll+0x360b1f]
V  [jvm.dll+0x2dfbf8]
V  [jvm.dll+0x2e2ce6]
V  [jvm.dll+0x2ed478]
V  [jvm.dll+0x322150]
V  [jvm.dll+0x848ccb]
V  [jvm.dll+0x849a04]
V  [jvm.dll+0x849f1d]
V  [jvm.dll+0x84a2f4]
V  [jvm.dll+0x84a3c0]
V  [jvm.dll+0x7f274a]
V  [jvm.dll+0x682ad5]
C  [ucrtbase.dll+0x21bb2]
C  [KERNEL32.DLL+0x17344]
C  [ntdll.dll+0x526b1]

VM_Operation (0x00000041025ff4c0): G1Concurrent, mode: safepoint, requested by thread 0x00000148cbc18290


---------------  P R O C E S S  ---------------

Threads class SMR info:
_java_thread_list=0x00000148e62d7cd0, length=80, elements={
0x00000148cbba9340, 0x00000148e516fd80, 0x00000148e5174850, 0x00000148e51a9cb0,
0x00000148e51aca80, 0x00000148e51adae0, 0x00000148e51ae3a0, 0x00000148e5c16840,
0x00000148e5c30ac0, 0x00000148e5c41b40, 0x00000148e5d932e0, 0x00000148e5da42e0,
0x00000148e76735c0, 0x00000148e7761940, 0x00000148e70dd640, 0x00000148e816a3c0,
0x00000148e7562230, 0x00000148e816bde0, 0x00000148e6e64060, 0x00000148e807d890,
0x00000148e807fa40, 0x00000148e807ebd0, 0x00000148e807c080, 0x00000148e807f570,
0x00000148e807c550, 0x00000148e807dd60, 0x00000148e807ca20, 0x00000148e807cef0,
0x00000148e807d3c0, 0x00000148e807f0a0, 0x00000148e807e230, 0x00000148e807e700,
0x00000148e83a3cd0, 0x00000148e83a4b40, 0x00000148e83a59b0, 0x00000148e83a5e80,
0x00000148e83a1b20, 0x00000148e83a2e60, 0x00000148e83a6820, 0x00000148e83a24c0,
0x00000148e83a41a0, 0x00000148e83a1ff0, 0x00000148e83a5010, 0x00000148e83a54e0,
0x00000148e839f4a0, 0x00000148e83a4670, 0x00000148e839f970, 0x00000148e83a0310,
0x00000148e83a3330, 0x00000148e83a0cb0, 0x00000148e83a2990, 0x00000148e83a1650,
0x00000148e83a3800, 0x00000148ea628e00, 0x00000148ea628930, 0x00000148ea623c30,
0x00000148ea62afb0, 0x00000148ea627f90, 0x00000148ea62aae0, 0x00000148ea628460,
0x00000148ea6275f0, 0x00000148ea6292d0, 0x00000148ea627ac0, 0x00000148ea62b480,
0x00000148ea6297a0, 0x00000148ea629c70, 0x00000148ea62a140, 0x00000148ea62a610,
0x00000148ea624100, 0x00000148ea6245d0, 0x00000148ea627120, 0x00000148ea624aa0,
0x00000148ea624f70, 0x00000148ea625440, 0x00000148ea625910, 0x00000148ea625de0,
0x00000148ea6262b0, 0x00000148ea626780, 0x00000148ea626c50, 0x00000148eb075070
}

Java Threads: ( => current thread )
  0x00000148cbba9340 JavaThread "main" [_thread_blocked, id=11912, stack(0x0000004102300000,0x0000004102400000)]
  0x00000148e516fd80 JavaThread "Reference Handler" daemon [_thread_blocked, id=4404, stack(0x0000004102a00000,0x0000004102b00000)]
  0x00000148e5174850 JavaThread "Finalizer" daemon [_thread_blocked, id=9060, stack(0x0000004102b00000,0x0000004102c00000)]
  0x00000148e51a9cb0 JavaThread "Signal Dispatcher" daemon [_thread_blocked, id=5568, stack(0x0000004102c00000,0x0000004102d00000)]
  0x00000148e51aca80 JavaThread "Attach Listener" daemon [_thread_blocked, id=13372, stack(0x0000004102d00000,0x0000004102e00000)]
  0x00000148e51adae0 JavaThread "Service Thread" daemon [_thread_blocked, id=1464, stack(0x0000004102e00000,0x0000004102f00000)]
  0x00000148e51ae3a0 JavaThread "Monitor Deflation Thread" daemon [_thread_blocked, id=7204, stack(0x0000004102f00000,0x0000004103000000)]
  0x00000148e5c16840 JavaThread "C2 CompilerThread0" daemon [_thread_blocked, id=12616, stack(0x0000004103000000,0x0000004103100000)]
  0x00000148e5c30ac0 JavaThread "C1 CompilerThread0" daemon [_thread_blocked, id=2356, stack(0x0000004103100000,0x0000004103200000)]
  0x00000148e5c41b40 JavaThread "Sweeper thread" daemon [_thread_blocked, id=13532, stack(0x0000004103200000,0x0000004103300000)]
  0x00000148e5d932e0 JavaThread "Common-Cleaner" daemon [_thread_blocked, id=14768, stack(0x0000004103300000,0x0000004103400000)]
  0x00000148e5da42e0 JavaThread "Notification Thread" daemon [_thread_blocked, id=7792, stack(0x0000004103400000,0x0000004103500000)]
  0x00000148e76735c0 JavaThread "Daemon health stats" [_thread_blocked, id=8684, stack(0x0000004103a00000,0x0000004103b00000)]
  0x00000148e7761940 JavaThread "Incoming local TCP Connector on port 64998" [_thread_in_native, id=3080, stack(0x0000004103b00000,0x0000004103c00000)]
  0x00000148e70dd640 JavaThread "Daemon periodic checks" [_thread_blocked, id=6540, stack(0x0000004103c00000,0x0000004103d00000)]
  0x00000148e816a3c0 JavaThread "Daemon" [_thread_blocked, id=1308, stack(0x0000004103d00000,0x0000004103e00000)]
  0x00000148e7562230 JavaThread "Handler for socket connection from /127.0.0.1:64998 to /127.0.0.1:64999" [_thread_in_native, id=4168, stack(0x0000004103e00000,0x0000004103f00000)]
  0x00000148e816bde0 JavaThread "Cancel handler" [_thread_blocked, id=11656, stack(0x0000004103f00000,0x0000004104000000)]
  0x00000148e6e64060 JavaThread "Daemon worker" [_thread_blocked, id=3492, stack(0x0000004104000000,0x0000004104100000)]
  0x00000148e807d890 JavaThread "Asynchronous log dispatcher for DefaultDaemonConnection: socket connection from /127.0.0.1:64998 to /127.0.0.1:64999" [_thread_blocked, id=11784, stack(0x0000004104100000,0x0000004104200000)]
  0x00000148e807fa40 JavaThread "Stdin handler" [_thread_blocked, id=12192, stack(0x0000004104200000,0x0000004104300000)]
  0x00000148e807ebd0 JavaThread "Daemon client event forwarder" [_thread_blocked, id=14104, stack(0x0000004104300000,0x0000004104400000)]
  0x00000148e807c080 JavaThread "Cache worker for journal cache (C:\Users\caot4\.gradle\caches\journal-1)" [_thread_blocked, id=11620, stack(0x0000004104400000,0x0000004104500000)]
  0x00000148e807f570 JavaThread "File lock request listener" [_thread_in_native, id=5096, stack(0x0000004104500000,0x0000004104600000)]
  0x00000148e807c550 JavaThread "Cache worker for file hash cache (C:\Users\caot4\.gradle\caches\8.0\fileHashes)" [_thread_blocked, id=10660, stack(0x0000004103600000,0x0000004103700000)]
  0x00000148e807dd60 JavaThread "File watcher server" daemon [_thread_in_native, id=15708, stack(0x0000004104600000,0x0000004104700000)]
  0x00000148e807ca20 JavaThread "File watcher consumer" daemon [_thread_blocked, id=16180, stack(0x0000004104700000,0x0000004104800000)]
  0x00000148e807cef0 JavaThread "Cache worker for checksums cache (D:\FinalVersion\.gradle\8.0\checksums)" [_thread_blocked, id=13424, stack(0x0000004104800000,0x0000004104900000)]
  0x00000148e807d3c0 JavaThread "Cache worker for cache directory md-rule (C:\Users\caot4\.gradle\caches\8.0\md-rule)" [_thread_blocked, id=10652, stack(0x0000004104900000,0x0000004104a00000)]
  0x00000148e807f0a0 JavaThread "Cache worker for file content cache (C:\Users\caot4\.gradle\caches\8.0\fileContent)" [_thread_blocked, id=6128, stack(0x0000004104a00000,0x0000004104b00000)]
  0x00000148e807e230 JavaThread "Cache worker for file hash cache (D:\FinalVersion\.gradle\8.0\fileHashes)" [_thread_blocked, id=12484, stack(0x0000004104b00000,0x0000004104c00000)]
  0x00000148e807e700 JavaThread "Cache worker for cache directory md-supplier (C:\Users\caot4\.gradle\caches\8.0\md-supplier)" [_thread_blocked, id=2944, stack(0x0000004104c00000,0x0000004104d00000)]
  0x00000148e83a3cd0 JavaThread "Cache worker for execution history cache (C:\Users\caot4\.gradle\caches\8.0\executionHistory)" [_thread_blocked, id=9656, stack(0x0000004104d00000,0x0000004104e00000)]
  0x00000148e83a4b40 JavaThread "jar transforms" [_thread_blocked, id=12424, stack(0x0000004104f00000,0x0000004105000000)]
  0x00000148e83a59b0 JavaThread "jar transforms Thread 2" [_thread_blocked, id=16364, stack(0x0000004104e00000,0x0000004104f00000)]
  0x00000148e83a5e80 JavaThread "Cache worker for kotlin-dsl (C:\Users\caot4\.gradle\caches\8.0\kotlin-dsl)" [_thread_blocked, id=5516, stack(0x0000004105200000,0x0000004105300000)]
  0x00000148e83a1b20 JavaThread "jar transforms Thread 3" [_thread_blocked, id=3444, stack(0x0000004105300000,0x0000004105400000)]
  0x00000148e83a2e60 JavaThread "jar transforms Thread 4" [_thread_blocked, id=7136, stack(0x0000004105000000,0x0000004105100000)]
  0x00000148e83a6820 JavaThread "Cache worker for dependencies-accessors (D:\FinalVersion\.gradle\8.0\dependencies-accessors)" [_thread_blocked, id=7364, stack(0x0000004105400000,0x0000004105500000)]
  0x00000148e83a24c0 JavaThread "Cache worker for Build Output Cleanup Cache (D:\FinalVersion\.gradle\buildOutputCleanup)" [_thread_blocked, id=1636, stack(0x0000004105500000,0x0000004105600000)]
  0x00000148e83a41a0 JavaThread "Unconstrained build operations" [_thread_blocked, id=7252, stack(0x0000004105600000,0x0000004105700000)]
  0x00000148e83a1ff0 JavaThread "Unconstrained build operations Thread 2" [_thread_blocked, id=13108, stack(0x0000004105800000,0x0000004105900000)]
  0x00000148e83a5010 JavaThread "Unconstrained build operations Thread 3" [_thread_blocked, id=16252, stack(0x0000004105900000,0x0000004105a00000)]
  0x00000148e83a54e0 JavaThread "Unconstrained build operations Thread 4" [_thread_blocked, id=10864, stack(0x0000004105a00000,0x0000004105b00000)]
  0x00000148e839f4a0 JavaThread "Unconstrained build operations Thread 5" [_thread_blocked, id=2600, stack(0x0000004105b00000,0x0000004105c00000)]
  0x00000148e83a4670 JavaThread "Unconstrained build operations Thread 6" [_thread_blocked, id=3368, stack(0x0000004105c00000,0x0000004105d00000)]
  0x00000148e839f970 JavaThread "Unconstrained build operations Thread 7" [_thread_blocked, id=8464, stack(0x0000004105d00000,0x0000004105e00000)]
  0x00000148e83a0310 JavaThread "Unconstrained build operations Thread 8" [_thread_blocked, id=8052, stack(0x0000004105e00000,0x0000004105f00000)]
  0x00000148e83a3330 JavaThread "Unconstrained build operations Thread 9" [_thread_blocked, id=756, stack(0x0000004105f00000,0x0000004106000000)]
  0x00000148e83a0cb0 JavaThread "Unconstrained build operations Thread 10" [_thread_blocked, id=9040, stack(0x0000004106000000,0x0000004106100000)]
  0x00000148e83a2990 JavaThread "Unconstrained build operations Thread 11" [_thread_blocked, id=9724, stack(0x0000004106100000,0x0000004106200000)]
  0x00000148e83a1650 JavaThread "Unconstrained build operations Thread 12" [_thread_blocked, id=10496, stack(0x0000004106200000,0x0000004106300000)]
  0x00000148e83a3800 JavaThread "Unconstrained build operations Thread 13" [_thread_blocked, id=14016, stack(0x0000004106300000,0x0000004106400000)]
  0x00000148ea628e00 JavaThread "Unconstrained build operations Thread 14" [_thread_blocked, id=8484, stack(0x0000004106400000,0x0000004106500000)]
  0x00000148ea628930 JavaThread "Unconstrained build operations Thread 15" [_thread_blocked, id=15088, stack(0x0000004106500000,0x0000004106600000)]
  0x00000148ea623c30 JavaThread "Unconstrained build operations Thread 16" [_thread_blocked, id=10220, stack(0x0000004106600000,0x0000004106700000)]
  0x00000148ea62afb0 JavaThread "Unconstrained build operations Thread 17" [_thread_blocked, id=15408, stack(0x0000004106700000,0x0000004106800000)]
  0x00000148ea627f90 JavaThread "Unconstrained build operations Thread 18" [_thread_blocked, id=13128, stack(0x0000004106800000,0x0000004106900000)]
  0x00000148ea62aae0 JavaThread "Unconstrained build operations Thread 19" [_thread_blocked, id=14476, stack(0x0000004106900000,0x0000004106a00000)]
  0x00000148ea628460 JavaThread "Unconstrained build operations Thread 20" [_thread_blocked, id=8616, stack(0x0000004106a00000,0x0000004106b00000)]
  0x00000148ea6275f0 JavaThread "Unconstrained build operations Thread 21" [_thread_blocked, id=12524, stack(0x0000004106b00000,0x0000004106c00000)]
  0x00000148ea6292d0 JavaThread "Unconstrained build operations Thread 22" [_thread_blocked, id=10680, stack(0x0000004106c00000,0x0000004106d00000)]
  0x00000148ea627ac0 JavaThread "Unconstrained build operations Thread 23" [_thread_blocked, id=2744, stack(0x0000004106d00000,0x0000004106e00000)]
  0x00000148ea62b480 JavaThread "Unconstrained build operations Thread 24" [_thread_blocked, id=16328, stack(0x0000004106e00000,0x0000004106f00000)]
  0x00000148ea6297a0 JavaThread "Unconstrained build operations Thread 25" [_thread_blocked, id=2808, stack(0x0000004106f00000,0x0000004107000000)]
  0x00000148ea629c70 JavaThread "Unconstrained build operations Thread 26" [_thread_blocked, id=13724, stack(0x0000004107000000,0x0000004107100000)]
  0x00000148ea62a140 JavaThread "Unconstrained build operations Thread 27" [_thread_blocked, id=4044, stack(0x0000004107100000,0x0000004107200000)]
  0x00000148ea62a610 JavaThread "Unconstrained build operations Thread 28" [_thread_blocked, id=3928, stack(0x0000004107200000,0x0000004107300000)]
  0x00000148ea624100 JavaThread "Unconstrained build operations Thread 29" [_thread_blocked, id=14308, stack(0x0000004107300000,0x0000004107400000)]
  0x00000148ea6245d0 JavaThread "Unconstrained build operations Thread 30" [_thread_blocked, id=14860, stack(0x0000004107400000,0x0000004107500000)]
  0x00000148ea627120 JavaThread "Unconstrained build operations Thread 31" [_thread_blocked, id=13616, stack(0x0000004107500000,0x0000004107600000)]
  0x00000148ea624aa0 JavaThread "Unconstrained build operations Thread 32" [_thread_blocked, id=1232, stack(0x0000004107600000,0x0000004107700000)]
  0x00000148ea624f70 JavaThread "Unconstrained build operations Thread 33" [_thread_blocked, id=840, stack(0x0000004107700000,0x0000004107800000)]
  0x00000148ea625440 JavaThread "Unconstrained build operations Thread 34" [_thread_blocked, id=13480, stack(0x0000004107800000,0x0000004107900000)]
  0x00000148ea625910 JavaThread "Unconstrained build operations Thread 35" [_thread_blocked, id=13216, stack(0x0000004107900000,0x0000004107a00000)]
  0x00000148ea625de0 JavaThread "Unconstrained build operations Thread 36" [_thread_blocked, id=6856, stack(0x0000004107a00000,0x0000004107b00000)]
  0x00000148ea6262b0 JavaThread "Unconstrained build operations Thread 37" [_thread_blocked, id=6512, stack(0x0000004107b00000,0x0000004107c00000)]
  0x00000148ea626780 JavaThread "Unconstrained build operations Thread 38" [_thread_blocked, id=9616, stack(0x0000004107c00000,0x0000004107d00000)]
  0x00000148ea626c50 JavaThread "Unconstrained build operations Thread 39" [_thread_blocked, id=11244, stack(0x0000004107d00000,0x0000004107e00000)]
  0x00000148eb075070 JavaThread "Unconstrained build operations Thread 40" [_thread_blocked, id=13464, stack(0x0000004107e00000,0x0000004107f00000)]

Other Threads:
=>0x00000148e5110d70 VMThread "VM Thread" [stack: 0x0000004102900000,0x0000004102a00000] [id=11880]
  0x00000148e5da47b0 WatcherThread [stack: 0x0000004103500000,0x0000004103600000] [id=10600]
  0x00000148cbc07440 GCTaskThread "GC Thread#0" [stack: 0x0000004102400000,0x0000004102500000] [id=6964]
  0x00000148e63f82d0 GCTaskThread "GC Thread#1" [stack: 0x0000004103700000,0x0000004103800000] [id=8888]
  0x00000148e64a0c50 GCTaskThread "GC Thread#2" [stack: 0x0000004103800000,0x0000004103900000] [id=6728]
  0x00000148e6d970d0 GCTaskThread "GC Thread#3" [stack: 0x0000004103900000,0x0000004103a00000] [id=12656]
  0x00000148cbc18290 ConcurrentGCThread "G1 Main Marker" [stack: 0x0000004102500000,0x0000004102600000] [id=11504]
  0x00000148cbc18bb0 ConcurrentGCThread "G1 Conc#0" [stack: 0x0000004102600000,0x0000004102700000] [id=6452]
  0x00000148cbc7d340 ConcurrentGCThread "G1 Refine#0" [stack: 0x0000004102700000,0x0000004102800000] [id=13080]
  0x00000148e65faac0 ConcurrentGCThread "G1 Refine#1" [stack: 0x0000004105100000,0x0000004105200000] [id=7432]
  0x00000148cbc7dc70 ConcurrentGCThread "G1 Service" [stack: 0x0000004102800000,0x0000004102900000] [id=13716]

Threads with active compile tasks:

VM state: at safepoint (normal execution)

VM Mutex/Monitor currently owned by a thread:  ([mutex/lock_event])
[0x00000148cbba41e0] Threads_lock - owner thread: 0x00000148e5110d70
[0x00000148cbba3a90] Heap_lock - owner thread: 0x00000148cbc18290

Heap address: 0x0000000080000000, size: 2048 MB, Compressed Oops mode: 32-bit

CDS archive(s) not mapped
Compressed class space mapped at: 0x0000000100000000-0x0000000140000000, reserved size: 1073741824
Narrow klass base: 0x0000000000000000, Narrow klass shift: 3, Narrow klass range: 0x140000000

GC Precious Log:
 CPUs: 4 total, 4 available
 Memory: 7998M
 Large Page Support: Disabled
 NUMA Support: Disabled
 Compressed Oops: Enabled (32-bit)
 Heap Region Size: 1M
 Heap Min Capacity: 8M
 Heap Initial Capacity: 126M
 Heap Max Capacity: 2G
 Pre-touch: Disabled
 Parallel Workers: 4
 Concurrent Workers: 1
 Concurrent Refinement Workers: 4
 Periodic GC: Disabled

Heap:
 garbage-first heap   total 73728K, used 50304K [0x0000000080000000, 0x0000000100000000)
  region size 1024K, 4 young (4096K), 1 survivors (1024K)
 Metaspace       used 63108K, committed 63616K, reserved 1105920K
  class space    used 8367K, committed 8576K, reserved 1048576K

Heap Regions: E=young(eden), S=young(survivor), O=old, HS=humongous(starts), HC=humongous(continues), CS=collection set, F=free, OA=open archive, CA=closed archive, TAMS=top-at-mark-start (previous, next)
|   0|0x0000000080000000, 0x0000000080100000, 0x0000000080100000|100%| O|  |TAMS 0x0000000080100000, 0x0000000080000000| Untracked 
|   1|0x0000000080100000, 0x0000000080200000, 0x0000000080200000|100%| O|  |TAMS 0x0000000080200000, 0x0000000080100000| Untracked 
|   2|0x0000000080200000, 0x0000000080300000, 0x0000000080300000|100%|HS|  |TAMS 0x0000000080300000, 0x0000000080200000| Complete 
|   3|0x0000000080300000, 0x0000000080400000, 0x0000000080400000|100%|HC|  |TAMS 0x0000000080400000, 0x0000000080300000| Complete 
|   4|0x0000000080400000, 0x0000000080500000, 0x0000000080500000|100%|HC|  |TAMS 0x0000000080500000, 0x0000000080400000| Complete 
|   5|0x0000000080500000, 0x0000000080600000, 0x0000000080600000|100%|HC|  |TAMS 0x0000000080600000, 0x0000000080500000| Complete 
|   6|0x0000000080600000, 0x0000000080700000, 0x0000000080700000|100%| O|  |TAMS 0x0000000080700000, 0x0000000080600000| Untracked 
|   7|0x0000000080700000, 0x0000000080800000, 0x0000000080800000|100%| O|  |TAMS 0x0000000080800000, 0x0000000080700000| Untracked 
|   8|0x0000000080800000, 0x0000000080900000, 0x0000000080900000|100%| O|  |TAMS 0x0000000080900000, 0x0000000080800000| Untracked 
|   9|0x0000000080900000, 0x0000000080a00000, 0x0000000080a00000|100%| O|  |TAMS 0x0000000080a00000, 0x0000000080900000| Updating 
|  10|0x0000000080a00000, 0x0000000080b00000, 0x0000000080b00000|100%| O|  |TAMS 0x0000000080b00000, 0x0000000080a00000| Untracked 
|  11|0x0000000080b00000, 0x0000000080b00000, 0x0000000080c00000|  0%| F|  |TAMS 0x0000000080b00000, 0x0000000080b00000| Untracked 
|  12|0x0000000080c00000, 0x0000000080d00000, 0x0000000080d00000|100%| O|  |TAMS 0x0000000080d00000, 0x0000000080c00000| Untracked 
|  13|0x0000000080d00000, 0x0000000080e00000, 0x0000000080e00000|100%| O|  |TAMS 0x0000000080e00000, 0x0000000080d00000| Untracked 
|  14|0x0000000080e00000, 0x0000000080f00000, 0x0000000080f00000|100%| O|  |TAMS 0x0000000080f00000, 0x0000000080e00000| Untracked 
|  15|0x0000000080f00000, 0x0000000081000000, 0x0000000081000000|100%| O|  |TAMS 0x0000000081000000, 0x0000000080f00000| Untracked 
|  16|0x0000000081000000, 0x0000000081100000, 0x0000000081100000|100%| O|  |TAMS 0x0000000081100000, 0x0000000081000000| Untracked 
|  17|0x0000000081100000, 0x0000000081200000, 0x0000000081200000|100%| O|  |TAMS 0x0000000081200000, 0x0000000081100000| Untracked 
|  18|0x0000000081200000, 0x0000000081300000, 0x0000000081300000|100%| O|  |TAMS 0x0000000081300000, 0x0000000081200000| Untracked 
|  19|0x0000000081300000, 0x0000000081400000, 0x0000000081400000|100%| O|  |TAMS 0x0000000081400000, 0x0000000081300000| Untracked 
|  20|0x0000000081400000, 0x0000000081500000, 0x0000000081500000|100%| O|  |TAMS 0x0000000081500000, 0x0000000081400000| Updating 
|  21|0x0000000081500000, 0x0000000081600000, 0x0000000081600000|100%| O|  |TAMS 0x0000000081600000, 0x0000000081500000| Updating 
|  22|0x0000000081600000, 0x0000000081700000, 0x0000000081700000|100%| O|  |TAMS 0x0000000081700000, 0x0000000081600000| Untracked 
|  23|0x0000000081700000, 0x0000000081800000, 0x0000000081800000|100%| O|  |TAMS 0x0000000081800000, 0x0000000081700000| Updating 
|  24|0x0000000081800000, 0x0000000081900000, 0x0000000081900000|100%| O|  |TAMS 0x0000000081900000, 0x0000000081800000| Updating 
|  25|0x0000000081900000, 0x0000000081a00000, 0x0000000081a00000|100%| O|  |TAMS 0x0000000081a00000, 0x0000000081900000| Untracked 
|  26|0x0000000081a00000, 0x0000000081b00000, 0x0000000081b00000|100%| O|  |TAMS 0x0000000081b00000, 0x0000000081a00000| Untracked 
|  27|0x0000000081b00000, 0x0000000081c00000, 0x0000000081c00000|100%| O|  |TAMS 0x0000000081c00000, 0x0000000081b00000| Untracked 
|  28|0x0000000081c00000, 0x0000000081d00000, 0x0000000081d00000|100%| O|  |TAMS 0x0000000081d00000, 0x0000000081c00000| Untracked 
|  29|0x0000000081d00000, 0x0000000081e00000, 0x0000000081e00000|100%| O|  |TAMS 0x0000000081e00000, 0x0000000081d00000| Untracked 
|  30|0x0000000081e00000, 0x0000000081f00000, 0x0000000081f00000|100%| O|  |TAMS 0x0000000081f00000, 0x0000000081e00000| Updating 
|  31|0x0000000081f00000, 0x0000000082000000, 0x0000000082000000|100%| O|  |TAMS 0x0000000082000000, 0x0000000081f00000| Untracked 
|  32|0x0000000082000000, 0x0000000082100000, 0x0000000082100000|100%| O|  |TAMS 0x0000000082100000, 0x0000000082000000| Untracked 
|  33|0x0000000082100000, 0x0000000082200000, 0x0000000082200000|100%| O|  |TAMS 0x0000000082200000, 0x0000000082100000| Updating 
|  34|0x0000000082200000, 0x0000000082300000, 0x0000000082300000|100%| O|  |TAMS 0x0000000082300000, 0x0000000082200000| Untracked 
|  35|0x0000000082300000, 0x0000000082400000, 0x0000000082400000|100%| O|  |TAMS 0x0000000082400000, 0x0000000082300000| Untracked 
|  36|0x0000000082400000, 0x0000000082500000, 0x0000000082500000|100%| O|  |TAMS 0x0000000082500000, 0x0000000082400000| Updating 
|  37|0x0000000082500000, 0x0000000082600000, 0x0000000082600000|100%| O|  |TAMS 0x0000000082600000, 0x0000000082500000| Untracked 
|  38|0x0000000082600000, 0x0000000082700000, 0x0000000082700000|100%| O|  |TAMS 0x0000000082700000, 0x0000000082600000| Updating 
|  39|0x0000000082700000, 0x0000000082800000, 0x0000000082800000|100%|HS|  |TAMS 0x0000000082800000, 0x0000000082700000| Complete 
|  40|0x0000000082800000, 0x0000000082900000, 0x0000000082900000|100%|HS|  |TAMS 0x0000000082900000, 0x0000000082800000| Complete 
|  41|0x0000000082900000, 0x0000000082a00000, 0x0000000082a00000|100%|HS|  |TAMS 0x0000000082a00000, 0x0000000082900000| Complete 
|  42|0x0000000082a00000, 0x0000000082b00000, 0x0000000082b00000|100%| O|  |TAMS 0x0000000082b00000, 0x0000000082a00000| Untracked 
|  43|0x0000000082b00000, 0x0000000082c00000, 0x0000000082c00000|100%| O|  |TAMS 0x0000000082c00000, 0x0000000082b00000| Untracked 
|  44|0x0000000082c00000, 0x0000000082d00000, 0x0000000082d00000|100%| O|  |TAMS 0x0000000082d00000, 0x0000000082c00000| Untracked 
|  45|0x0000000082d00000, 0x0000000082e00000, 0x0000000082e00000|100%| O|  |TAMS 0x0000000082e00000, 0x0000000082d00000| Untracked 
|  46|0x0000000082e00000, 0x0000000082f00000, 0x0000000082f00000|100%| O|  |TAMS 0x0000000082f00000, 0x0000000082e00000| Untracked 
|  47|0x0000000082f00000, 0x0000000082fb9200, 0x0000000083000000| 72%| O|  |TAMS 0x0000000082fb9200, 0x0000000082f00000| Updating 
|  48|0x0000000083000000, 0x0000000083000000, 0x0000000083100000|  0%| F|  |TAMS 0x0000000083000000, 0x0000000083000000| Untracked 
|  49|0x0000000083100000, 0x0000000083100000, 0x0000000083200000|  0%| F|  |TAMS 0x0000000083100000, 0x0000000083100000| Untracked 
|  50|0x0000000083200000, 0x0000000083200000, 0x0000000083300000|  0%| F|  |TAMS 0x0000000083200000, 0x0000000083200000| Untracked 
|  51|0x0000000083300000, 0x0000000083300000, 0x0000000083400000|  0%| F|  |TAMS 0x0000000083300000, 0x0000000083300000| Untracked 
|  52|0x0000000083400000, 0x0000000083400000, 0x0000000083500000|  0%| F|  |TAMS 0x0000000083400000, 0x0000000083400000| Untracked 
|  53|0x0000000083500000, 0x0000000083500000, 0x0000000083600000|  0%| F|  |TAMS 0x0000000083500000, 0x0000000083500000| Untracked 
|  54|0x0000000083600000, 0x0000000083600000, 0x0000000083700000|  0%| F|  |TAMS 0x0000000083600000, 0x0000000083600000| Untracked 
|  55|0x0000000083700000, 0x0000000083700000, 0x0000000083800000|  0%| F|  |TAMS 0x0000000083700000, 0x0000000083700000| Untracked 
|  56|0x0000000083800000, 0x0000000083800000, 0x0000000083900000|  0%| F|  |TAMS 0x0000000083800000, 0x0000000083800000| Untracked 
|  57|0x0000000083900000, 0x0000000083900000, 0x0000000083a00000|  0%| F|  |TAMS 0x0000000083900000, 0x0000000083900000| Untracked 
|  58|0x0000000083a00000, 0x0000000083a00000, 0x0000000083b00000|  0%| F|  |TAMS 0x0000000083a00000, 0x0000000083a00000| Untracked 
|  59|0x0000000083b00000, 0x0000000083b00000, 0x0000000083c00000|  0%| F|  |TAMS 0x0000000083b00000, 0x0000000083b00000| Untracked 
|  60|0x0000000083c00000, 0x0000000083c671c8, 0x0000000083d00000| 40%| S|CS|TAMS 0x0000000083c00000, 0x0000000083c00000| Complete 
|  61|0x0000000083d00000, 0x0000000083d00000, 0x0000000083e00000|  0%| F|  |TAMS 0x0000000083d00000, 0x0000000083d00000| Untracked 
|  62|0x0000000083e00000, 0x0000000083e00000, 0x0000000083f00000|  0%| F|  |TAMS 0x0000000083e00000, 0x0000000083e00000| Untracked 
|  76|0x0000000084c00000, 0x0000000084c00000, 0x0000000084d00000|  0%| F|  |TAMS 0x0000000084c00000, 0x0000000084c00000| Untracked 
|  77|0x0000000084d00000, 0x0000000084d00000, 0x0000000084e00000|  0%| F|  |TAMS 0x0000000084d00000, 0x0000000084d00000| Untracked 
|  78|0x0000000084e00000, 0x0000000084e00000, 0x0000000084f00000|  0%| F|  |TAMS 0x0000000084e00000, 0x0000000084e00000| Untracked 
|  79|0x0000000084f00000, 0x0000000084f00000, 0x0000000085000000|  0%| F|  |TAMS 0x0000000084f00000, 0x0000000084f00000| Untracked 
|  80|0x0000000085000000, 0x0000000085000000, 0x0000000085100000|  0%| F|  |TAMS 0x0000000085000000, 0x0000000085000000| Untracked 
|  81|0x0000000085100000, 0x0000000085100000, 0x0000000085200000|  0%| F|  |TAMS 0x0000000085100000, 0x0000000085100000| Untracked 
|  82|0x0000000085200000, 0x00000000852961b8, 0x0000000085300000| 58%| E|  |TAMS 0x0000000085200000, 0x0000000085200000| Complete 
|  83|0x0000000085300000, 0x0000000085400000, 0x0000000085400000|100%| E|CS|TAMS 0x0000000085300000, 0x0000000085300000| Complete 
| 125|0x0000000087d00000, 0x0000000087e00000, 0x0000000087e00000|100%| E|CS|TAMS 0x0000000087d00000, 0x0000000087d00000| Complete 

Card table byte_map: [0x00000148de480000,0x00000148de880000] _byte_map_base: 0x00000148de080000

Marking Bits (Prev, Next): (CMBitMap*) 0x00000148cbc07960, (CMBitMap*) 0x00000148cbc079a0
 Prev Bits: [0x00000148dec80000, 0x00000148e0c80000)
 Next Bits: [0x00000148e0c80000, 0x00000148e2c80000)

Polling page: 0x00000148c9b00000

Metaspace:

Usage:
  Non-class:     53.46 MB used.
      Class:      8.17 MB used.
       Both:     61.63 MB used.

Virtual space:
  Non-class space:       56.00 MB reserved,      53.75 MB ( 96%) committed,  7 nodes.
      Class space:        1.00 GB reserved,       8.38 MB ( <1%) committed,  1 nodes.
             Both:        1.05 GB reserved,      62.12 MB (  6%) committed. 

Chunk freelists:
   Non-Class:  1.80 MB
       Class:  3.64 MB
        Both:  5.43 MB

MaxMetaspaceSize: unlimited
CompressedClassSpaceSize: 1.00 GB
Initial GC threshold: 21.00 MB
Current GC threshold: 98.44 MB
CDS: off
MetaspaceReclaimPolicy: balanced
 - commit_granule_bytes: 65536.
 - commit_granule_words: 8192.
 - virtual_space_node_default_size: 1048576.
 - enlarge_chunks_in_place: 1.
 - new_chunks_are_fully_committed: 0.
 - uncommit_free_chunks: 1.
 - use_allocation_guard: 0.
 - handle_deallocations: 1.


Internal statistics:

num_allocs_failed_limit: 6.
num_arena_births: 630.
num_arena_deaths: 0.
num_vsnodes_births: 8.
num_vsnodes_deaths: 0.
num_space_committed: 994.
num_space_uncommitted: 0.
num_chunks_returned_to_freelist: 6.
num_chunks_taken_from_freelist: 2538.
num_chunk_merges: 6.
num_chunk_splits: 1722.
num_chunks_enlarged: 1192.
num_purges: 0.
num_inconsistent_stats: 0.

CodeHeap 'non-profiled nmethods': size=120000Kb used=2967Kb max_used=3281Kb free=117032Kb
 bounds [0x00000148d6b50000, 0x00000148d6ea0000, 0x00000148de080000]
CodeHeap 'profiled nmethods': size=120000Kb used=10421Kb max_used=10501Kb free=109578Kb
 bounds [0x00000148cf080000, 0x00000148cfad0000, 0x00000148d65b0000]
CodeHeap 'non-nmethods': size=5760Kb used=2373Kb max_used=2420Kb free=3386Kb
 bounds [0x00000148d65b0000, 0x00000148d6820000, 0x00000148d6b50000]
 total_blobs=6400 nmethods=5514 adapters=798
 compilation: enabled
              stopped_count=0, restarted_count=0
 full_count=0

Compilation events (20 events):
Event: 22.672 Thread 0x00000148e5c30ac0 nmethod 6297 0x00000148cf190110 code [0x00000148cf1902e0, 0x00000148cf190808]
Event: 22.674 Thread 0x00000148e5c30ac0 6298       3       java.lang.reflect.Modifier::isSynthetic (14 bytes)
Event: 22.674 Thread 0x00000148e5c30ac0 nmethod 6298 0x00000148cf0bd210 code [0x00000148cf0bd3a0, 0x00000148cf0bd4f8]
Event: 22.674 Thread 0x00000148e5c30ac0 6299       1       com.google.common.collect.RegularImmutableList::internalArray (5 bytes)
Event: 22.674 Thread 0x00000148e5c30ac0 nmethod 6299 0x00000148d6bd1790 code [0x00000148d6bd1920, 0x00000148d6bd19f8]
Event: 22.674 Thread 0x00000148e5c30ac0 6300       1       com.google.common.collect.RegularImmutableList::internalArrayStart (2 bytes)
Event: 22.674 Thread 0x00000148e5c30ac0 nmethod 6300 0x00000148d6cfd510 code [0x00000148d6cfd6a0, 0x00000148d6cfd778]
Event: 22.676 Thread 0x00000148e5c16840 nmethod 6295 0x00000148d6cfcb90 code [0x00000148d6cfcd20, 0x00000148d6cfd358]
Event: 22.677 Thread 0x00000148e5c16840 6296       4       org.objectweb.asm.Frame::merge (322 bytes)
Event: 22.679 Thread 0x00000148e5c16840 nmethod 6296 0x00000148d6cfc590 code [0x00000148d6cfc720, 0x00000148d6cfc968]
Event: 22.679 Thread 0x00000148e5c16840 6301       4       org.gradle.internal.instantiation.generator.AsmBackedClassGenerator::access$8100 (4 bytes)
Event: 22.679 Thread 0x00000148e5c16840 nmethod 6301 0x00000148d6cfc290 code [0x00000148d6cfc400, 0x00000148d6cfc458]
Event: 22.686 Thread 0x00000148e5c30ac0 6302   !   3       org.gradle.cache.internal.DefaultCrossBuildInMemoryCacheFactory$AbstractCrossBuildInMemoryCache::getIfPresent (20 bytes)
Event: 22.686 Thread 0x00000148e5c30ac0 nmethod 6302 0x00000148cf18fc10 code [0x00000148cf18fdc0, 0x00000148cf18ffe8]
Event: 22.686 Thread 0x00000148e5c30ac0 6303   !   3       org.gradle.cache.internal.DefaultCrossBuildInMemoryCacheFactory$AbstractCrossBuildInMemoryCache::get (65 bytes)
Event: 22.687 Thread 0x00000148e5c30ac0 nmethod 6303 0x00000148cf18f290 code [0x00000148cf18f480, 0x00000148cf18f9b8]
Event: 22.690 Thread 0x00000148e5c30ac0 6304       3       java.util.concurrent.ConcurrentHashMap$ValuesView::iterator (34 bytes)
Event: 22.690 Thread 0x00000148e5c30ac0 nmethod 6304 0x00000148cf18ed90 code [0x00000148cf18ef40, 0x00000148cf18f168]
Event: 22.690 Thread 0x00000148e5c30ac0 6305       3       java.util.concurrent.ConcurrentHashMap$ValueIterator::<init> (12 bytes)
Event: 22.690 Thread 0x00000148e5c30ac0 nmethod 6305 0x00000148cf18ea10 code [0x00000148cf18eba0, 0x00000148cf18ece8]

GC Heap History (20 events):
Event: 13.647 GC heap before
{Heap before GC invocations=12 (full 0):
 garbage-first heap   total 68608K, used 50913K [0x0000000080000000, 0x0000000100000000)
  region size 1024K, 23 young (23552K), 3 survivors (3072K)
 Metaspace       used 44743K, committed 45184K, reserved 1089536K
  class space    used 5806K, committed 6016K, reserved 1048576K
}
Event: 13.653 GC heap after
{Heap after GC invocations=13 (full 0):
 garbage-first heap   total 68608K, used 30628K [0x0000000080000000, 0x0000000100000000)
  region size 1024K, 2 young (2048K), 2 survivors (2048K)
 Metaspace       used 44743K, committed 45184K, reserved 1089536K
  class space    used 5806K, committed 6016K, reserved 1048576K
}
Event: 14.396 GC heap before
{Heap before GC invocations=13 (full 0):
 garbage-first heap   total 68608K, used 51108K [0x0000000080000000, 0x0000000100000000)
  region size 1024K, 22 young (22528K), 2 survivors (2048K)
 Metaspace       used 47315K, committed 47808K, reserved 1097728K
  class space    used 6234K, committed 6464K, reserved 1048576K
}
Event: 14.400 GC heap after
{Heap after GC invocations=14 (full 0):
 garbage-first heap   total 68608K, used 31896K [0x0000000080000000, 0x0000000100000000)
  region size 1024K, 3 young (3072K), 3 survivors (3072K)
 Metaspace       used 47315K, committed 47808K, reserved 1097728K
  class space    used 6234K, committed 6464K, reserved 1048576K
}
Event: 15.317 GC heap before
{Heap before GC invocations=14 (full 0):
 garbage-first heap   total 68608K, used 52376K [0x0000000080000000, 0x0000000100000000)
  region size 1024K, 23 young (23552K), 3 survivors (3072K)
 Metaspace       used 50234K, committed 50688K, reserved 1097728K
  class space    used 6709K, committed 6912K, reserved 1048576K
}
Event: 15.321 GC heap after
{Heap after GC invocations=15 (full 0):
 garbage-first heap   total 68608K, used 33084K [0x0000000080000000, 0x0000000100000000)
  region size 1024K, 3 young (3072K), 3 survivors (3072K)
 Metaspace       used 50234K, committed 50688K, reserved 1097728K
  class space    used 6709K, committed 6912K, reserved 1048576K
}
Event: 16.875 GC heap before
{Heap before GC invocations=15 (full 0):
 garbage-first heap   total 68608K, used 53564K [0x0000000080000000, 0x0000000100000000)
  region size 1024K, 23 young (23552K), 3 survivors (3072K)
 Metaspace       used 52538K, committed 52992K, reserved 1097728K
  class space    used 7025K, committed 7232K, reserved 1048576K
}
Event: 16.882 GC heap after
{Heap after GC invocations=16 (full 0):
 garbage-first heap   total 68608K, used 34797K [0x0000000080000000, 0x0000000100000000)
  region size 1024K, 3 young (3072K), 3 survivors (3072K)
 Metaspace       used 52538K, committed 52992K, reserved 1097728K
  class space    used 7025K, committed 7232K, reserved 1048576K
}
Event: 18.086 GC heap before
{Heap before GC invocations=17 (full 0):
 garbage-first heap   total 68608K, used 54253K [0x0000000080000000, 0x0000000100000000)
  region size 1024K, 22 young (22528K), 3 survivors (3072K)
 Metaspace       used 56872K, committed 57344K, reserved 1105920K
  class space    used 7558K, committed 7808K, reserved 1048576K
}
Event: 18.094 GC heap after
{Heap after GC invocations=18 (full 0):
 garbage-first heap   total 68608K, used 36907K [0x0000000080000000, 0x0000000100000000)
  region size 1024K, 3 young (3072K), 3 survivors (3072K)
 Metaspace       used 56872K, committed 57344K, reserved 1105920K
  class space    used 7558K, committed 7808K, reserved 1048576K
}
Event: 19.254 GC heap before
{Heap before GC invocations=18 (full 0):
 garbage-first heap   total 68608K, used 52267K [0x0000000080000000, 0x0000000100000000)
  region size 1024K, 19 young (19456K), 3 survivors (3072K)
 Metaspace       used 59550K, committed 60032K, reserved 1105920K
  class space    used 7896K, committed 8128K, reserved 1048576K
}
Event: 19.261 GC heap after
{Heap after GC invocations=19 (full 0):
 garbage-first heap   total 68608K, used 39137K [0x0000000080000000, 0x0000000100000000)
  region size 1024K, 3 young (3072K), 3 survivors (3072K)
 Metaspace       used 59550K, committed 60032K, reserved 1105920K
  class space    used 7896K, committed 8128K, reserved 1048576K
}
Event: 19.987 GC heap before
{Heap before GC invocations=20 (full 0):
 garbage-first heap   total 70656K, used 45281K [0x0000000080000000, 0x0000000100000000)
  region size 1024K, 11 young (11264K), 3 survivors (3072K)
 Metaspace       used 59925K, committed 60480K, reserved 1105920K
  class space    used 7941K, committed 8192K, reserved 1048576K
}
Event: 19.991 GC heap after
{Heap after GC invocations=21 (full 0):
 garbage-first heap   total 70656K, used 39974K [0x0000000080000000, 0x0000000100000000)
  region size 1024K, 1 young (1024K), 1 survivors (1024K)
 Metaspace       used 59925K, committed 60480K, reserved 1105920K
  class space    used 7941K, committed 8192K, reserved 1048576K
}
Event: 21.626 GC heap before
{Heap before GC invocations=22 (full 0):
 garbage-first heap   total 73728K, used 59430K [0x0000000080000000, 0x0000000100000000)
  region size 1024K, 17 young (17408K), 1 survivors (1024K)
 Metaspace       used 61224K, committed 61696K, reserved 1105920K
  class space    used 8104K, committed 8320K, reserved 1048576K
}
Event: 21.631 GC heap after
{Heap after GC invocations=23 (full 0):
 garbage-first heap   total 73728K, used 48257K [0x0000000080000000, 0x0000000100000000)
  region size 1024K, 3 young (3072K), 3 survivors (3072K)
 Metaspace       used 61224K, committed 61696K, reserved 1105920K
  class space    used 8104K, committed 8320K, reserved 1048576K
}
Event: 21.883 GC heap before
{Heap before GC invocations=23 (full 0):
 garbage-first heap   total 73728K, used 49281K [0x0000000080000000, 0x0000000100000000)
  region size 1024K, 4 young (4096K), 3 survivors (3072K)
 Metaspace       used 61365K, committed 61824K, reserved 1105920K
  class space    used 8121K, committed 8320K, reserved 1048576K
}
Event: 21.886 GC heap after
{Heap after GC invocations=24 (full 0):
 garbage-first heap   total 73728K, used 47937K [0x0000000080000000, 0x0000000100000000)
  region size 1024K, 1 young (1024K), 1 survivors (1024K)
 Metaspace       used 61365K, committed 61824K, reserved 1105920K
  class space    used 8121K, committed 8320K, reserved 1048576K
}
Event: 22.629 GC heap before
{Heap before GC invocations=24 (full 0):
 garbage-first heap   total 73728K, used 58177K [0x0000000080000000, 0x0000000100000000)
  region size 1024K, 11 young (11264K), 1 survivors (1024K)
 Metaspace       used 62742K, committed 63296K, reserved 1105920K
  class space    used 8331K, committed 8576K, reserved 1048576K
}
Event: 22.630 GC heap after
{Heap after GC invocations=25 (full 0):
 garbage-first heap   total 73728K, used 48256K [0x0000000080000000, 0x0000000100000000)
  region size 1024K, 1 young (1024K), 1 survivors (1024K)
 Metaspace       used 62742K, committed 63296K, reserved 1105920K
  class space    used 8331K, committed 8576K, reserved 1048576K
}

Dll operation events (2 events):
Event: 0.011 Loaded shared library C:\Program Files\Android\Android Studio\jbr\bin\java.dll
Event: 0.847 Loaded shared library C:\Program Files\Android\Android Studio\jbr\bin\verify.dll

Deoptimization events (20 events):
Event: 22.663 Thread 0x00000148e6e64060 Uncommon trap: trap_request=0xffffffc6 fr.pc=0x00000148d6e722a4 relative=0x00000000000009a4
Event: 22.663 Thread 0x00000148e6e64060 Uncommon trap: reason=bimorphic_or_optimized_type_check action=maybe_recompile pc=0x00000148d6e722a4 method=java.io.BufferedInputStream.read1([BII)I @ 39 c2
Event: 22.663 Thread 0x00000148e6e64060 DEOPT PACKING pc=0x00000148d6e722a4 sp=0x00000041040f6790
Event: 22.663 Thread 0x00000148e6e64060 DEOPT UNPACKING pc=0x00000148d660a1a3 sp=0x00000041040f66a8 mode 2
Event: 22.663 Thread 0x00000148e6e64060 Uncommon trap: trap_request=0xffffffc6 fr.pc=0x00000148d6e722a4 relative=0x00000000000009a4
Event: 22.663 Thread 0x00000148e6e64060 Uncommon trap: reason=bimorphic_or_optimized_type_check action=maybe_recompile pc=0x00000148d6e722a4 method=java.io.BufferedInputStream.read1([BII)I @ 39 c2
Event: 22.663 Thread 0x00000148e6e64060 DEOPT PACKING pc=0x00000148d6e722a4 sp=0x00000041040f6790
Event: 22.663 Thread 0x00000148e6e64060 DEOPT UNPACKING pc=0x00000148d660a1a3 sp=0x00000041040f66a8 mode 2
Event: 22.663 Thread 0x00000148e6e64060 Uncommon trap: trap_request=0xffffffc6 fr.pc=0x00000148d6e722a4 relative=0x00000000000009a4
Event: 22.663 Thread 0x00000148e6e64060 Uncommon trap: reason=bimorphic_or_optimized_type_check action=maybe_recompile pc=0x00000148d6e722a4 method=java.io.BufferedInputStream.read1([BII)I @ 39 c2
Event: 22.663 Thread 0x00000148e6e64060 DEOPT PACKING pc=0x00000148d6e722a4 sp=0x00000041040f6790
Event: 22.663 Thread 0x00000148e6e64060 DEOPT UNPACKING pc=0x00000148d660a1a3 sp=0x00000041040f66a8 mode 2
Event: 22.690 Thread 0x00000148e6e64060 Uncommon trap: trap_request=0xffffffc6 fr.pc=0x00000148d6e722a4 relative=0x00000000000009a4
Event: 22.690 Thread 0x00000148e6e64060 Uncommon trap: reason=bimorphic_or_optimized_type_check action=maybe_recompile pc=0x00000148d6e722a4 method=java.io.BufferedInputStream.read1([BII)I @ 39 c2
Event: 22.690 Thread 0x00000148e6e64060 DEOPT PACKING pc=0x00000148d6e722a4 sp=0x00000041040f7220
Event: 22.690 Thread 0x00000148e6e64060 DEOPT UNPACKING pc=0x00000148d660a1a3 sp=0x00000041040f7138 mode 2
Event: 22.691 Thread 0x00000148e6e64060 Uncommon trap: trap_request=0xffffffde fr.pc=0x00000148d6cd2994 relative=0x00000000000001d4
Event: 22.691 Thread 0x00000148e6e64060 Uncommon trap: reason=class_check action=maybe_recompile pc=0x00000148d6cd2994 method=java.io.BufferedInputStream.read1([BII)I @ 39 c2
Event: 22.691 Thread 0x00000148e6e64060 DEOPT PACKING pc=0x00000148d6cd2994 sp=0x00000041040f7180
Event: 22.691 Thread 0x00000148e6e64060 DEOPT UNPACKING pc=0x00000148d660a1a3 sp=0x00000041040f7128 mode 2

Classes unloaded (0 events):
No events

Classes redefined (0 events):
No events

Internal exceptions (20 events):
Event: 16.376 Thread 0x00000148e6e64060 Exception <a 'java/lang/NoSuchMethodError'{0x000000008378e058}: 'java.lang.Object java.lang.invoke.DirectMethodHandle$Holder.newInvokeSpecial(java.lang.Object, java.lang.Object, java.lang.Object, java.lang.Object, java.lang.Object, int)'> (0x000000008378e058) 
thrown [s\src\hotspot\share\interpreter\linkResolver.cpp, line 771]
Event: 16.377 Thread 0x00000148e6e64060 Exception <a 'java/lang/NoSuchMethodError'{0x00000000837936b0}: 'java.lang.Object java.lang.invoke.DirectMethodHandle$Holder.invokeSpecial(java.lang.Object, java.lang.Object, java.lang.Object, java.lang.Object, java.lang.Object, java.lang.Object, int)'> (0x00000000837936b0) 
thrown [s\src\hotspot\share\interpreter\linkResolver.cpp, line 771]
Event: 16.433 Thread 0x00000148e6e64060 Exception <a 'java/lang/NoSuchMethodError'{0x00000000836623b8}: 'void java.lang.invoke.DirectMethodHandle$Holder.invokeStatic(java.lang.Object, java.lang.Object, java.lang.Object, int, java.lang.Object)'> (0x00000000836623b8) 
thrown [s\src\hotspot\share\interpreter\linkResolver.cpp, line 771]
Event: 17.104 Thread 0x00000148e6e64060 Implicit null exception at 0x00000148d6b8a1f2 to 0x00000148d6b8a844
Event: 17.196 Thread 0x00000148e6e64060 Exception <a 'sun/nio/fs/WindowsException'{0x00000000850c5cb8}> (0x00000000850c5cb8) 
thrown [s\src\hotspot\share\prims\jni.cpp, line 517]
Event: 19.384 Thread 0x00000148e6e64060 Exception <a 'java/lang/NoSuchMethodError'{0x0000000085354688}: 'long java.lang.invoke.DirectMethodHandle$Holder.invokeVirtual(java.lang.Object, java.lang.Object)'> (0x0000000085354688) 
thrown [s\src\hotspot\share\interpreter\linkResolver.cpp, line 771]
Event: 19.458 Thread 0x00000148e807ebd0 Exception <a 'java/lang/NoSuchMethodError'{0x00000000853af360}: static Lorg/gradle/internal/build/event/types/DefaultOperationFinishedProgressEvent;.<clinit>()V> (0x00000000853af360) 
thrown [s\src\hotspot\share\prims\jni.cpp, line 1108]
Event: 19.462 Thread 0x00000148e807ebd0 Exception <a 'java/lang/NoSuchMethodError'{0x00000000853d7e30}: static Lorg/gradle/internal/build/event/types/DefaultProjectConfigurationSuccessResult;.<clinit>()V> (0x00000000853d7e30) 
thrown [s\src\hotspot\share\prims\jni.cpp, line 1108]
Event: 19.463 Thread 0x00000148e807ebd0 Exception <a 'java/lang/NoSuchMethodError'{0x00000000853d93b0}: static Lorg/gradle/internal/build/event/types/AbstractProjectConfigurationResult;.<clinit>()V> (0x00000000853d93b0) 
thrown [s\src\hotspot\share\prims\jni.cpp, line 1108]
Event: 19.463 Thread 0x00000148e807ebd0 Exception <a 'java/lang/NoSuchMethodError'{0x00000000853dab08}: static Lorg/gradle/internal/build/event/types/AbstractOperationResult;.<clinit>()V> (0x00000000853dab08) 
thrown [s\src\hotspot\share\prims\jni.cpp, line 1108]
Event: 19.463 Thread 0x00000148e807ebd0 Exception <a 'java/lang/NoSuchMethodError'{0x00000000853dbf80}: static Lorg/gradle/internal/build/event/types/AbstractResult;.<clinit>()V> (0x00000000853dbf80) 
thrown [s\src\hotspot\share\prims\jni.cpp, line 1108]
Event: 19.466 Thread 0x00000148e807ebd0 Exception <a 'java/lang/NoSuchMethodError'{0x00000000853f3d50}: static Lorg/gradle/internal/build/event/types/DefaultPluginApplicationResult;.<clinit>()V> (0x00000000853f3d50) 
thrown [s\src\hotspot\share\prims\jni.cpp, line 1108]
Event: 19.471 Thread 0x00000148e807ebd0 Exception <a 'java/lang/NoSuchMethodError'{0x0000000085200b98}: static Lorg/gradle/internal/build/event/types/DefaultBinaryPluginIdentifier;.<clinit>()V> (0x0000000085200b98) 
thrown [s\src\hotspot\share\prims\jni.cpp, line 1108]
Event: 19.488 Thread 0x00000148e807ebd0 Exception <a 'java/lang/NoSuchMethodError'{0x00000000852188f8}: static Lorg/gradle/internal/build/event/types/DefaultScriptPluginIdentifier;.<clinit>()V> (0x00000000852188f8) 
thrown [s\src\hotspot\share\prims\jni.cpp, line 1108]
Event: 20.059 Thread 0x00000148e5174850 Implicit null exception at 0x00000148d6e3e17e to 0x00000148d6e3e340
Event: 20.944 Thread 0x00000148e6e64060 Exception <a 'java/lang/ClassNotFoundException'{0x0000000084dbceb8}: org/gradle/api/internal/plugins/DefaultObjectConfigurationActionBeanInfo> (0x0000000084dbceb8) 
thrown [s\src\hotspot\share\classfile\systemDictionary.cpp, line 256]
Event: 20.945 Thread 0x00000148e6e64060 Exception <a 'java/lang/ClassNotFoundException'{0x0000000084dd0ce0}: org/gradle/api/internal/plugins/DefaultObjectConfigurationActionCustomizer> (0x0000000084dd0ce0) 
thrown [s\src\hotspot\share\classfile\systemDictionary.cpp, line 256]
Event: 22.060 Thread 0x00000148e6e64060 Exception <a 'java/lang/NoSuchMethodError'{0x00000000852b5dc8}: 'java.lang.Object java.lang.invoke.DirectMethodHandle$Holder.newInvokeSpecial(java.lang.Object, java.lang.Object, java.lang.Object, java.lang.Object, int)'> (0x00000000852b5dc8) 
thrown [s\src\hotspot\share\interpreter\linkResolver.cpp, line 771]
Event: 22.062 Thread 0x00000148e6e64060 Exception <a 'java/lang/NoSuchMethodError'{0x00000000852bb210}: 'java.lang.Object java.lang.invoke.DirectMethodHandle$Holder.invokeSpecial(java.lang.Object, java.lang.Object, java.lang.Object, java.lang.Object, java.lang.Object, int)'> (0x00000000852bb210) 
thrown [s\src\hotspot\share\interpreter\linkResolver.cpp, line 771]
Event: 22.065 Thread 0x00000148e6e64060 Exception <a 'java/lang/NoSuchMethodError'{0x00000000852bff90}: 'java.lang.Object java.lang.invoke.Invokers$Holder.linkToTargetMethod(java.lang.Object, java.lang.Object, java.lang.Object, int, java.lang.Object)'> (0x00000000852bff90) 
thrown [s\src\hotspot\share\interpreter\linkResolver.cpp, line 771]

VM Operations (20 events):
Event: 19.261 Executing VM operation: G1CollectForAllocation done
Event: 19.326 Executing VM operation: G1Concurrent
Event: 19.331 Executing VM operation: G1Concurrent done
Event: 19.361 Executing VM operation: G1Concurrent
Event: 19.362 Executing VM operation: G1Concurrent done
Event: 19.987 Executing VM operation: G1TryInitiateConcMark
Event: 19.992 Executing VM operation: G1TryInitiateConcMark done
Event: 20.049 Executing VM operation: G1Concurrent
Event: 20.057 Executing VM operation: G1Concurrent done
Event: 20.080 Executing VM operation: G1Concurrent
Event: 20.080 Executing VM operation: G1Concurrent done
Event: 21.094 Executing VM operation: Cleanup
Event: 21.095 Executing VM operation: Cleanup done
Event: 21.626 Executing VM operation: G1CollectForAllocation
Event: 21.631 Executing VM operation: G1CollectForAllocation done
Event: 21.883 Executing VM operation: G1CollectForAllocation
Event: 21.886 Executing VM operation: G1CollectForAllocation done
Event: 22.628 Executing VM operation: G1CollectForAllocation
Event: 22.630 Executing VM operation: G1CollectForAllocation done
Event: 22.699 Executing VM operation: G1Concurrent

Events (20 events):
Event: 19.387 loading class java/util/stream/SortedOps$AbstractRefSortingSink done
Event: 19.387 loading class java/util/stream/SortedOps$RefSortingSink done
Event: 19.476 loading class java/time/Ser
Event: 19.478 loading class java/time/Ser done
Event: 20.058 loading class sun/security/ssl/Alert
Event: 20.059 loading class sun/security/ssl/Alert done
Event: 20.059 loading class sun/security/ssl/Alert$AlertConsumer
Event: 20.059 loading class sun/security/ssl/Alert$AlertConsumer done
Event: 20.059 loading class sun/security/ssl/Alert$Level
Event: 20.059 loading class sun/security/ssl/Alert$Level done
Event: 22.400 loading class sun/reflect/ReflectionFactory
Event: 22.400 loading class sun/reflect/ReflectionFactory done
Event: 22.400 loading class sun/reflect/ReflectionFactory$1
Event: 22.400 loading class sun/reflect/ReflectionFactory$1 done
Event: 22.613 loading class java/util/concurrent/atomic/AtomicIntegerArray
Event: 22.614 loading class java/util/concurrent/atomic/AtomicIntegerArray done
Event: 22.616 loading class java/util/Currency
Event: 22.618 loading class java/util/Currency done
Event: 22.645 loading class java/util/concurrent/atomic/AtomicLongArray
Event: 22.645 loading class java/util/concurrent/atomic/AtomicLongArray done


Dynamic libraries:
0x00007ff78b5e0000 - 0x00007ff78b5ea000 	C:\Program Files\Android\Android Studio\jbr\bin\java.exe
0x00007ff8e0b10000 - 0x00007ff8e0d08000 	C:\WINDOWS\SYSTEM32\ntdll.dll
0x00007ff8dec00000 - 0x00007ff8decbd000 	C:\WINDOWS\System32\KERNEL32.DLL
0x00007ff8de400000 - 0x00007ff8de6f6000 	C:\WINDOWS\System32\KERNELBASE.dll
0x00007ff8de250000 - 0x00007ff8de350000 	C:\WINDOWS\System32\ucrtbase.dll
0x00007ff8d5dc0000 - 0x00007ff8d5dd7000 	C:\Program Files\Android\Android Studio\jbr\bin\jli.dll
0x00007ff8df280000 - 0x00007ff8df41e000 	C:\WINDOWS\System32\USER32.dll
0x00007ff8de1f0000 - 0x00007ff8de212000 	C:\WINDOWS\System32\win32u.dll
0x00007ff8e0570000 - 0x00007ff8e059c000 	C:\WINDOWS\System32\GDI32.dll
0x00007ff8de700000 - 0x00007ff8de81a000 	C:\WINDOWS\System32\gdi32full.dll
0x00007ff8de9d0000 - 0x00007ff8dea6d000 	C:\WINDOWS\System32\msvcp_win.dll
0x00007ff8c92a0000 - 0x00007ff8c953a000 	C:\WINDOWS\WinSxS\amd64_microsoft.windows.common-controls_6595b64144ccf1df_6.0.19041.3636_none_60b6a03d71f818d5\COMCTL32.dll
0x00007ff8e0460000 - 0x00007ff8e04fe000 	C:\WINDOWS\System32\msvcrt.dll
0x00007ff8c4680000 - 0x00007ff8c469b000 	C:\Program Files\Android\Android Studio\jbr\bin\VCRUNTIME140.dll
0x00007ff8df420000 - 0x00007ff8df450000 	C:\WINDOWS\System32\IMM32.DLL
0x00007ff8d59d0000 - 0x00007ff8d59dc000 	C:\Program Files\Android\Android Studio\jbr\bin\vcruntime140_1.dll
0x00007ff8a7eb0000 - 0x00007ff8a7f3d000 	C:\Program Files\Android\Android Studio\jbr\bin\msvcp140.dll
0x00007ff89c900000 - 0x00007ff89d56e000 	C:\Program Files\Android\Android Studio\jbr\bin\server\jvm.dll
0x00007ff8decc0000 - 0x00007ff8ded6f000 	C:\WINDOWS\System32\ADVAPI32.dll
0x00007ff8e0a30000 - 0x00007ff8e0acc000 	C:\WINDOWS\System32\sechost.dll
0x00007ff8e0880000 - 0x00007ff8e09a6000 	C:\WINDOWS\System32\RPCRT4.dll
0x00007ff8db620000 - 0x00007ff8db629000 	C:\WINDOWS\SYSTEM32\WSOCK32.dll
0x00007ff8e07b0000 - 0x00007ff8e081b000 	C:\WINDOWS\System32\WS2_32.dll
0x00007ff8be120000 - 0x00007ff8be147000 	C:\WINDOWS\SYSTEM32\WINMM.dll
0x00007ff8d2d80000 - 0x00007ff8d2d8a000 	C:\WINDOWS\SYSTEM32\VERSION.dll
0x00007ff8dca40000 - 0x00007ff8dca52000 	C:\WINDOWS\SYSTEM32\kernel.appcore.dll
0x00007ff8d98f0000 - 0x00007ff8d98fa000 	C:\Program Files\Android\Android Studio\jbr\bin\jimage.dll
0x00007ff8dc000000 - 0x00007ff8dc1e4000 	C:\WINDOWS\SYSTEM32\DBGHELP.DLL
0x00007ff8bd060000 - 0x00007ff8bd094000 	C:\WINDOWS\SYSTEM32\dbgcore.DLL
0x00007ff8deae0000 - 0x00007ff8deb62000 	C:\WINDOWS\System32\bcryptPrimitives.dll
0x00007ff8d7900000 - 0x00007ff8d7925000 	C:\Program Files\Android\Android Studio\jbr\bin\java.dll
0x00007ff8d7c40000 - 0x00007ff8d7c58000 	C:\Program Files\Android\Android Studio\jbr\bin\zip.dll
0x00007ff8df880000 - 0x00007ff8dffc4000 	C:\WINDOWS\System32\SHELL32.dll
0x00007ff8dc290000 - 0x00007ff8dca2b000 	C:\WINDOWS\SYSTEM32\windows.storage.dll
0x00007ff8ded70000 - 0x00007ff8df0c4000 	C:\WINDOWS\System32\combase.dll
0x00007ff8ddbc0000 - 0x00007ff8ddbed000 	C:\WINDOWS\SYSTEM32\Wldp.dll
0x00007ff8df6c0000 - 0x00007ff8df76d000 	C:\WINDOWS\System32\SHCORE.dll
0x00007ff8e0820000 - 0x00007ff8e0875000 	C:\WINDOWS\System32\shlwapi.dll
0x00007ff8de120000 - 0x00007ff8de145000 	C:\WINDOWS\SYSTEM32\profapi.dll
0x00007ff8d7a90000 - 0x00007ff8d7aa9000 	C:\Program Files\Android\Android Studio\jbr\bin\net.dll
0x00007ff8d2d90000 - 0x00007ff8d2e9a000 	C:\WINDOWS\SYSTEM32\WINHTTP.dll
0x00007ff8dd8c0000 - 0x00007ff8dd92a000 	C:\WINDOWS\system32\mswsock.dll
0x00007ff8d7870000 - 0x00007ff8d7886000 	C:\Program Files\Android\Android Studio\jbr\bin\nio.dll
0x00007ff8d7b50000 - 0x00007ff8d7b60000 	C:\Program Files\Android\Android Studio\jbr\bin\verify.dll
0x00007ff8cec00000 - 0x00007ff8cec27000 	C:\Users\caot4\.gradle\native\68d5fa5c4cc2d200863cafc0d521ce42e7d3e7ee720ec0a83991735586a16f82\windows-amd64\native-platform.dll
0x00007ff89a3f0000 - 0x00007ff89a534000 	C:\Users\caot4\.gradle\native\e376f236ea51e6404a007f0833ffe2c6e607c4080706a723a18a27aeea778392\windows-amd64\native-platform-file-events.dll
0x00007ff8d7860000 - 0x00007ff8d7869000 	C:\Program Files\Android\Android Studio\jbr\bin\management.dll
0x00007ff8d7790000 - 0x00007ff8d779b000 	C:\Program Files\Android\Android Studio\jbr\bin\management_ext.dll
0x00007ff8e0500000 - 0x00007ff8e0508000 	C:\WINDOWS\System32\PSAPI.DLL
0x00007ff8ddb10000 - 0x00007ff8ddb28000 	C:\WINDOWS\SYSTEM32\CRYPTSP.dll
0x00007ff8dd1f0000 - 0x00007ff8dd224000 	C:\WINDOWS\system32\rsaenh.dll
0x00007ff8de220000 - 0x00007ff8de247000 	C:\WINDOWS\System32\bcrypt.dll
0x00007ff8de0a0000 - 0x00007ff8de0ce000 	C:\WINDOWS\SYSTEM32\USERENV.dll
0x00007ff8ddb30000 - 0x00007ff8ddb3c000 	C:\WINDOWS\SYSTEM32\CRYPTBASE.dll
0x00007ff8dd5b0000 - 0x00007ff8dd5eb000 	C:\WINDOWS\SYSTEM32\IPHLPAPI.DLL
0x00007ff8e0450000 - 0x00007ff8e0458000 	C:\WINDOWS\System32\NSI.dll
0x00007ff8d42a0000 - 0x00007ff8d42b7000 	C:\WINDOWS\SYSTEM32\dhcpcsvc6.DLL
0x00007ff8d4b90000 - 0x00007ff8d4bad000 	C:\WINDOWS\SYSTEM32\dhcpcsvc.DLL
0x00007ff8dd5f0000 - 0x00007ff8dd6ba000 	C:\WINDOWS\SYSTEM32\DNSAPI.dll
0x00007ff8d7780000 - 0x00007ff8d7787000 	C:\WINDOWS\system32\wshunix.dll
0x00007ff8cbf40000 - 0x00007ff8cbf4a000 	C:\Windows\System32\rasadhlp.dll
0x00007ff8cbf80000 - 0x00007ff8cc000000 	C:\WINDOWS\System32\fwpuclnt.dll

dbghelp: loaded successfully - version: 4.0.5 - missing functions: none
symbol engine: initialized successfully - sym options: 0x614 - pdb path: .;C:\Program Files\Android\Android Studio\jbr\bin;C:\WINDOWS\SYSTEM32;C:\WINDOWS\WinSxS\amd64_microsoft.windows.common-controls_6595b64144ccf1df_6.0.19041.3636_none_60b6a03d71f818d5;C:\Program Files\Android\Android Studio\jbr\bin\server;C:\Users\caot4\.gradle\native\68d5fa5c4cc2d200863cafc0d521ce42e7d3e7ee720ec0a83991735586a16f82\windows-amd64;C:\Users\caot4\.gradle\native\e376f236ea51e6404a007f0833ffe2c6e607c4080706a723a18a27aeea778392\windows-amd64

VM Arguments:
jvm_args: --add-opens=java.base/java.util=ALL-UNNAMED --add-opens=java.base/java.lang=ALL-UNNAMED --add-opens=java.base/java.lang.invoke=ALL-UNNAMED --add-opens=java.prefs/java.util.prefs=ALL-UNNAMED --add-opens=java.base/java.nio.charset=ALL-UNNAMED --add-opens=java.base/java.net=ALL-UNNAMED --add-opens=java.base/java.util.concurrent.atomic=ALL-UNNAMED -Xmx2048m -Dfile.encoding=UTF-8 -Duser.country=US -Duser.language=en -Duser.variant 
java_command: org.gradle.launcher.daemon.bootstrap.GradleDaemon 8.0
java_class_path (initial): C:\Users\caot4\.gradle\wrapper\dists\gradle-8.0-bin\ca5e32bp14vu59qr306oxotwh\gradle-8.0\lib\gradle-launcher-8.0.jar
Launcher Type: SUN_STANDARD

[Global flags]
     intx CICompilerCount                          = 3                                         {product} {ergonomic}
     uint ConcGCThreads                            = 1                                         {product} {ergonomic}
     uint G1ConcRefinementThreads                  = 4                                         {product} {ergonomic}
   size_t G1HeapRegionSize                         = 1048576                                   {product} {ergonomic}
    uintx GCDrainStackTargetSize                   = 64                                        {product} {ergonomic}
   size_t InitialHeapSize                          = 132120576                                 {product} {ergonomic}
   size_t MarkStackSize                            = 4194304                                   {product} {ergonomic}
   size_t MaxHeapSize                              = 2147483648                                {product} {command line}
   size_t MaxNewSize                               = 1287651328                                {product} {ergonomic}
   size_t MinHeapDeltaBytes                        = 1048576                                   {product} {ergonomic}
   size_t MinHeapSize                              = 8388608                                   {product} {ergonomic}
    uintx NonNMethodCodeHeapSize                   = 5832780                                {pd product} {ergonomic}
    uintx NonProfiledCodeHeapSize                  = 122912730                              {pd product} {ergonomic}
    uintx ProfiledCodeHeapSize                     = 122912730                              {pd product} {ergonomic}
    uintx ReservedCodeCacheSize                    = 251658240                              {pd product} {ergonomic}
     bool SegmentedCodeCache                       = true                                      {product} {ergonomic}
   size_t SoftMaxHeapSize                          = 2147483648                             {manageable} {ergonomic}
     bool UseCompressedClassPointers               = true                           {product lp64_product} {ergonomic}
     bool UseCompressedOops                        = true                           {product lp64_product} {ergonomic}
     bool UseG1GC                                  = true                                      {product} {ergonomic}
     bool UseLargePagesIndividualAllocation        = false                                  {pd product} {ergonomic}

Logging:
Log output configuration:
 #0: stdout all=warning uptime,level,tags
 #1: stderr all=off uptime,level,tags

Environment Variables:
PATH=C:\Program Files\Microsoft MPI\Bin\;C:\Program Files\Microsoft\jdk-11.0.16.101-hotspot\bin;C:\Program Files (x86)\NVIDIA Corporation\PhysX\Common;C:\WINDOWS\system32;C:\WINDOWS;C:\WINDOWS\System32\Wbem;C:\WINDOWS\System32\WindowsPowerShell\v1.0\;C:\WINDOWS\System32\OpenSSH\;C:\Program Files (x86)\dotnet\;C:\Program Files\Git\cmd;C:\Program Files\dotnet\;C:\Program Files\Azure Data Studio\bin;C:\Program Files (x86)\Microsoft SQL Server\160\Tools\Binn\;C:\Program Files\Microsoft SQL Server\160\Tools\Binn\;C:\Program Files\Microsoft SQL Server\Client SDK\ODBC\170\Tools\Binn\;C:\Program Files\Microsoft SQL Server\160\DTS\Binn\;C:\Program Files (x86)\Microsoft SQL Server\160\DTS\Binn\;C:\Program Files\Microsoft SQL Server\150\Tools\Binn\;C:\Program Files\dotnet;C:\Users\caot4\.dotnet\tools;C:\Users\caot4\.dnx\bin;C:\Users\caot4\AppData\Local\Microsoft\WindowsApps;C:\Program Files\Azure Data Studio\bin;C:\Users\caot4\.dotnet\tools;C:\Users\caot4\AppData\Local\Programs\Microsoft VS Code\bin;C:\Users\caot4\AppData\Local\GitHubDesktop\bin;;C:\Program Files\Azure Data Studio\bin
USERNAME=caot4
OS=Windows_NT
PROCESSOR_IDENTIFIER=Intel64 Family 6 Model 126 Stepping 5, GenuineIntel
TMP=C:\Users\caot4\AppData\Local\Temp
TEMP=C:\Users\caot4\AppData\Local\Temp


JNI global refs:
JNI global refs: 25, weak refs: 0

JNI global refs memory usage: 843, weak refs: 841


---------------  S Y S T E M  ---------------

OS:
 Windows 10 , 64 bit Build 19041 (10.0.19041.3636)
OS uptime: 1 days 23:53 hours

CPU: total 4 (initial active 4) (2 cores per cpu, 2 threads per core) family 6 model 126 stepping 5 microcode 0xa0, cx8, cmov, fxsr, ht, mmx, 3dnowpref, sse, sse2, sse3, ssse3, sse4.1, sse4.2, popcnt, lzcnt, tsc, tscinvbit, avx, avx2, aes, erms, clmul, bmi1, bmi2, adx, avx512f, avx512dq, avx512cd, avx512bw, avx512vl, sha, fma, vzeroupper, avx512_vpopcntdq, avx512_vpclmulqdq, avx512_vaes, avx512_vnni, clflush, clflushopt, avx512_vbmi2, avx512_vbmi

Memory: 4k page, system-wide physical 7998M (7M free)
TotalPageFile size 12094M (AvailPageFile size 0M)
current process WorkingSet (physical memory assigned to process): 250M, peak: 252M
current process commit charge ("private bytes"): 276M, peak: 289M

vm_info: OpenJDK 64-Bit Server VM (17.0.6+0-b2043.56-10027231) for windows-amd64 JRE (17.0.6+0-b2043.56-10027231), built on Apr 28 2023 00:43:19 by "androidbuild" with MS VC++ 16.10 / 16.11 (VS2019)

END.
