#
# There is insufficient memory for the Java Runtime Environment to continue.
# Native memory allocation (mmap) failed to map 545259520 bytes for G1 virtual space
# Possible reasons:
#   The system is out of physical RAM or swap space
#   The process is running with CompressedOops enabled, and the Java Heap may be blocking the growth of the native heap
# Possible solutions:
#   Reduce memory load on the system
#   Increase physical memory or swap space
#   Check if swap backing store is full
#   Decrease Java heap size (-Xmx/-Xms)
#   Decrease number of Java threads
#   Decrease Java thread stack sizes (-Xss)
#   Set larger code cache with -XX:ReservedCodeCacheSize=
#   JVM is running with Unscaled Compressed Oops mode in which the Java heap is
#     placed in the first 4GB address space. The Java Heap base address is the
#     maximum limit for the native heap growth. Please use -XX:HeapBaseMinAddress
#     to set the Java Heap base and to place the Java Heap above 4GB virtual address.
# This output file may be truncated or incomplete.
#
#  Out of Memory Error (os_windows.cpp:3769), pid=9888, tid=2640
#
# JRE version: OpenJDK Runtime Environment (17.0.6) (build 17.0.6+0-b2043.56-10027231)
# Java VM: OpenJDK 64-Bit Server VM (17.0.6+0-b2043.56-10027231, mixed mode, tiered, compressed oops, compressed class ptrs, g1 gc, windows-amd64)
# No core dump will be written. Minidumps are not enabled by default on client versions of Windows
#

---------------  S U M M A R Y ------------

Command Line: --add-opens=java.base/java.util=ALL-UNNAMED --add-opens=java.base/java.lang=ALL-UNNAMED --add-opens=java.base/java.lang.invoke=ALL-UNNAMED --add-opens=java.prefs/java.util.prefs=ALL-UNNAMED --add-opens=java.base/java.nio.charset=ALL-UNNAMED --add-opens=java.base/java.net=ALL-UNNAMED --add-opens=java.base/java.util.concurrent.atomic=ALL-UNNAMED -Xmx2048m -Dfile.encoding=UTF-8 -Duser.country=US -Duser.language=en -Duser.variant org.gradle.launcher.daemon.bootstrap.GradleDaemon 8.0

Host: Intel(R) Core(TM) i3-1005G1 CPU @ 1.20GHz, 4 cores, 7G,  Windows 10 , 64 bit Build 19041 (10.0.19041.3636)
Time: Wed Nov 22 20:52:56 2023 SE Asia Standard Time elapsed time: 779.291502 seconds (0d 0h 12m 59s)

---------------  T H R E A D  ---------------

Current thread (0x000001fe1f2da7e0):  VMThread "VM Thread" [stack: 0x0000004451600000,0x0000004451700000] [id=2640]

Stack: [0x0000004451600000,0x0000004451700000]
Native frames: (J=compiled Java code, j=interpreted, Vv=VM code, C=native code)
V  [jvm.dll+0x683c9a]
V  [jvm.dll+0x8427a4]
V  [jvm.dll+0x843f9e]
V  [jvm.dll+0x844603]
V  [jvm.dll+0x249b75]
V  [jvm.dll+0x680b69]
V  [jvm.dll+0x67505a]
V  [jvm.dll+0x309acb]
V  [jvm.dll+0x310f86]
V  [jvm.dll+0x3608ee]
V  [jvm.dll+0x360b1f]
V  [jvm.dll+0x2dfbf8]
V  [jvm.dll+0x2ddec4]
V  [jvm.dll+0x2dd4cc]
V  [jvm.dll+0x322261]
V  [jvm.dll+0x848ccb]
V  [jvm.dll+0x849a04]
V  [jvm.dll+0x849f1d]
V  [jvm.dll+0x84a2f4]
V  [jvm.dll+0x84a3c0]
V  [jvm.dll+0x7f274a]
V  [jvm.dll+0x682ad5]
C  [ucrtbase.dll+0x21bb2]
C  [KERNEL32.DLL+0x17344]
C  [ntdll.dll+0x526b1]

VM_Operation (0x0000004457afeb50): G1TryInitiateConcMark, mode: safepoint, requested by thread 0x000001fe203e4600


---------------  P R O C E S S  ---------------

Threads class SMR info:
_java_thread_list=0x000001fe28058140, length=99, elements={
0x000001fe05d18cb0, 0x000001fe1f2fd620, 0x000001fe1f302b10, 0x000001fe1f30eb50,
0x000001fe1f30f510, 0x000001fe1f30fdd0, 0x000001fe1f310690, 0x000001fe1fd0c470,
0x000001fe1fd0d5c0, 0x000001fe1fd0dec0, 0x000001fe1fea4f00, 0x000001fe1fea5df0,
0x000001fe22f986c0, 0x000001fe22e3ff90, 0x000001fe22b3c020, 0x000001fe22dbca70,
0x000001fe22dbcf40, 0x000001fe22dbd410, 0x000001fe22dbd8e0, 0x000001fe22dbe280,
0x000001fe22dbf5c0, 0x000001fe203e4130, 0x000001fe203e5470, 0x000001fe203e3790,
0x000001fe203e2920, 0x000001fe203e2450, 0x000001fe203e4ad0, 0x000001fe230be800,
0x000001fe230c3030, 0x000001fe27f97bd0, 0x000001fe241a84f0, 0x000001fe241ab9e0,
0x000001fe241a8020, 0x000001fe241a6b60, 0x000001fe241a5cf0, 0x000001fe241a5820,
0x000001fe241a7500, 0x000001fe203e1110, 0x000001fe241a44e0, 0x000001fe203df900,
0x000001fe241a79d0, 0x000001fe241a9d00, 0x000001fe241a49b0, 0x000001fe241a7030,
0x000001fe241a4e80, 0x000001fe2bba2200, 0x000001fe2bba26d0, 0x000001fe27f95550,
0x000001fe27f95ef0, 0x000001fe27f94210, 0x000001fe27f963c0, 0x000001fe27f97230,
0x000001fe27f96890, 0x000001fe27f95080, 0x000001fe27f96d60, 0x000001fe27f95a20,
0x000001fe27f946e0, 0x000001fe27f97700, 0x000001fe2d9f1ea0, 0x000001fe2d9f2370,
0x000001fe2d9f1030, 0x000001fe2d9f1500, 0x000001fe27903c40, 0x000001fe27904110,
0x000001fe27905920, 0x000001fe27906790, 0x000001fe27907130, 0x000001fe27904f80,
0x000001fe27905450, 0x000001fe27905df0, 0x000001fe279045e0, 0x000001fe27906c60,
0x000001fe27904ab0, 0x000001fe279062c0, 0x000001fe27903770, 0x000001fe2b621180,
0x000001fe2b621650, 0x000001fe2b621b20, 0x000001fe2b621ff0, 0x000001fe2b6224c0,
0x000001fe241a89c0, 0x000001fe241aa1d0, 0x000001fe2b620cb0, 0x000001fe241aab70,
0x000001fe241a8e90, 0x000001fe241a9360, 0x000001fe241a9830, 0x000001fe203de5c0,
0x000001fe203e3c60, 0x000001fe203e1ab0, 0x000001fe203e0770, 0x000001fe203e1f80,
0x000001fe241ab040, 0x000001fe241ab510, 0x000001fe240e2660, 0x000001fe240e1320,
0x000001fe240e1cc0, 0x000001fe2ba43db0, 0x000001fe203e4600
}

Java Threads: ( => current thread )
  0x000001fe05d18cb0 JavaThread "main" [_thread_blocked, id=5964, stack(0x0000004451000000,0x0000004451100000)]
  0x000001fe1f2fd620 JavaThread "Reference Handler" daemon [_thread_blocked, id=8092, stack(0x0000004451700000,0x0000004451800000)]
  0x000001fe1f302b10 JavaThread "Finalizer" daemon [_thread_blocked, id=9316, stack(0x0000004451800000,0x0000004451900000)]
  0x000001fe1f30eb50 JavaThread "Signal Dispatcher" daemon [_thread_blocked, id=8056, stack(0x0000004451900000,0x0000004451a00000)]
  0x000001fe1f30f510 JavaThread "Attach Listener" daemon [_thread_blocked, id=9352, stack(0x0000004451a00000,0x0000004451b00000)]
  0x000001fe1f30fdd0 JavaThread "Service Thread" daemon [_thread_blocked, id=9136, stack(0x0000004451b00000,0x0000004451c00000)]
  0x000001fe1f310690 JavaThread "Monitor Deflation Thread" daemon [_thread_blocked, id=4752, stack(0x0000004451c00000,0x0000004451d00000)]
  0x000001fe1fd0c470 JavaThread "C2 CompilerThread0" daemon [_thread_blocked, id=4232, stack(0x0000004451d00000,0x0000004451e00000)]
  0x000001fe1fd0d5c0 JavaThread "C1 CompilerThread0" daemon [_thread_blocked, id=4648, stack(0x0000004451e00000,0x0000004451f00000)]
  0x000001fe1fd0dec0 JavaThread "Sweeper thread" daemon [_thread_blocked, id=8444, stack(0x0000004451f00000,0x0000004452000000)]
  0x000001fe1fea4f00 JavaThread "Common-Cleaner" daemon [_thread_blocked, id=1224, stack(0x0000004452000000,0x0000004452100000)]
  0x000001fe1fea5df0 JavaThread "Notification Thread" daemon [_thread_blocked, id=2424, stack(0x0000004452100000,0x0000004452200000)]
  0x000001fe22f986c0 JavaThread "Daemon health stats" [_thread_blocked, id=9792, stack(0x0000004452700000,0x0000004452800000)]
  0x000001fe22e3ff90 JavaThread "Incoming local TCP Connector on port 50634" [_thread_in_native, id=6440, stack(0x0000004452300000,0x0000004452400000)]
  0x000001fe22b3c020 JavaThread "Daemon periodic checks" [_thread_blocked, id=8808, stack(0x0000004452800000,0x0000004452900000)]
  0x000001fe22dbca70 JavaThread "Cache worker for journal cache (C:\Users\caot4\.gradle\caches\journal-1)" [_thread_blocked, id=744, stack(0x0000004453000000,0x0000004453100000)]
  0x000001fe22dbcf40 JavaThread "File lock request listener" [_thread_in_native, id=3244, stack(0x0000004453100000,0x0000004453200000)]
  0x000001fe22dbd410 JavaThread "Cache worker for file hash cache (C:\Users\caot4\.gradle\caches\8.0\fileHashes)" [_thread_blocked, id=4008, stack(0x0000004453200000,0x0000004453300000)]
  0x000001fe22dbd8e0 JavaThread "File watcher server" daemon [_thread_blocked, id=2804, stack(0x0000004453300000,0x0000004453400000)]
  0x000001fe22dbe280 JavaThread "File watcher consumer" daemon [_thread_blocked, id=7948, stack(0x0000004453400000,0x0000004453500000)]
  0x000001fe22dbf5c0 JavaThread "Cache worker for file content cache (C:\Users\caot4\.gradle\caches\8.0\fileContent)" [_thread_blocked, id=7332, stack(0x0000004453700000,0x0000004453800000)]
  0x000001fe203e4130 JavaThread "Cache worker for execution history cache (C:\Users\caot4\.gradle\caches\8.0\executionHistory)" [_thread_blocked, id=5692, stack(0x0000004453a00000,0x0000004453b00000)]
  0x000001fe203e5470 JavaThread "jar transforms" [_thread_blocked, id=9204, stack(0x0000004453b00000,0x0000004453c00000)]
  0x000001fe203e3790 JavaThread "jar transforms Thread 2" [_thread_blocked, id=8568, stack(0x0000004453c00000,0x0000004453d00000)]
  0x000001fe203e2920 JavaThread "Cache worker for kotlin-dsl (C:\Users\caot4\.gradle\caches\8.0\kotlin-dsl)" [_thread_blocked, id=948, stack(0x0000004453d00000,0x0000004453e00000)]
  0x000001fe203e2450 JavaThread "jar transforms Thread 3" [_thread_blocked, id=5096, stack(0x0000004453e00000,0x0000004453f00000)]
  0x000001fe203e4ad0 JavaThread "jar transforms Thread 4" [_thread_blocked, id=8664, stack(0x0000004453f00000,0x0000004454000000)]
  0x000001fe230be800 JavaThread "Memory manager" [_thread_blocked, id=2532, stack(0x0000004456b00000,0x0000004456c00000)]
  0x000001fe230c3030 JavaThread "Cache worker for Java compile cache (C:\Users\caot4\.gradle\caches\8.0\javaCompile)" [_thread_blocked, id=8368, stack(0x0000004457900000,0x0000004457a00000)]
  0x000001fe27f97bd0 JavaThread "Daemon Thread 6" [_thread_blocked, id=4308, stack(0x0000004450d00000,0x0000004450e00000)]
  0x000001fe241a84f0 JavaThread "Handler for socket connection from /127.0.0.1:50634 to /127.0.0.1:50949" [_thread_in_native, id=7212, stack(0x0000004450e00000,0x0000004450f00000)]
  0x000001fe241ab9e0 JavaThread "Cancel handler" [_thread_blocked, id=4872, stack(0x0000004450f00000,0x0000004451000000)]
  0x000001fe241a8020 JavaThread "Daemon worker Thread 6" [_thread_blocked, id=2808, stack(0x0000004452900000,0x0000004452a00000)]
  0x000001fe241a6b60 JavaThread "Asynchronous log dispatcher for DefaultDaemonConnection: socket connection from /127.0.0.1:50634 to /127.0.0.1:50949" [_thread_blocked, id=4696, stack(0x0000004452a00000,0x0000004452b00000)]
  0x000001fe241a5cf0 JavaThread "Stdin handler" [_thread_blocked, id=5112, stack(0x0000004452b00000,0x0000004452c00000)]
  0x000001fe241a5820 JavaThread "Daemon client event forwarder" [_thread_blocked, id=2352, stack(0x0000004452c00000,0x0000004452d00000)]
  0x000001fe241a7500 JavaThread "Cache worker for checksums cache (D:\FinalVersion\.gradle\8.0\checksums)" [_thread_blocked, id=8284, stack(0x0000004452d00000,0x0000004452e00000)]
  0x000001fe203e1110 JavaThread "Cache worker for cache directory md-rule (C:\Users\caot4\.gradle\caches\8.0\md-rule)" [_thread_blocked, id=4956, stack(0x0000004452e00000,0x0000004452f00000)]
  0x000001fe241a44e0 JavaThread "Cache worker for file hash cache (D:\FinalVersion\.gradle\8.0\fileHashes)" [_thread_blocked, id=9320, stack(0x0000004452f00000,0x0000004453000000)]
  0x000001fe203df900 JavaThread "Cache worker for cache directory md-supplier (C:\Users\caot4\.gradle\caches\8.0\md-supplier)" [_thread_blocked, id=7204, stack(0x0000004453500000,0x0000004453600000)]
  0x000001fe241a79d0 JavaThread "Cache worker for dependencies-accessors (D:\FinalVersion\.gradle\8.0\dependencies-accessors)" [_thread_blocked, id=7000, stack(0x0000004453600000,0x0000004453700000)]
  0x000001fe241a9d00 JavaThread "Cache worker for Build Output Cleanup Cache (D:\FinalVersion\.gradle\buildOutputCleanup)" [_thread_blocked, id=4452, stack(0x0000004453800000,0x0000004453900000)]
  0x000001fe241a49b0 JavaThread "Unconstrained build operations" [_thread_blocked, id=6536, stack(0x0000004454000000,0x0000004454100000)]
  0x000001fe241a7030 JavaThread "Unconstrained build operations Thread 2" [_thread_blocked, id=3256, stack(0x0000004454100000,0x0000004454200000)]
  0x000001fe241a4e80 JavaThread "Unconstrained build operations Thread 3" [_thread_blocked, id=1696, stack(0x0000004454200000,0x0000004454300000)]
  0x000001fe2bba2200 JavaThread "Unconstrained build operations Thread 4" [_thread_blocked, id=9632, stack(0x0000004454300000,0x0000004454400000)]
  0x000001fe2bba26d0 JavaThread "Unconstrained build operations Thread 5" [_thread_blocked, id=5796, stack(0x0000004454400000,0x0000004454500000)]
  0x000001fe27f95550 JavaThread "Unconstrained build operations Thread 6" [_thread_blocked, id=3064, stack(0x0000004454500000,0x0000004454600000)]
  0x000001fe27f95ef0 JavaThread "Unconstrained build operations Thread 7" [_thread_blocked, id=2128, stack(0x0000004454600000,0x0000004454700000)]
  0x000001fe27f94210 JavaThread "Unconstrained build operations Thread 8" [_thread_blocked, id=1260, stack(0x0000004454700000,0x0000004454800000)]
  0x000001fe27f963c0 JavaThread "Unconstrained build operations Thread 9" [_thread_blocked, id=856, stack(0x0000004454800000,0x0000004454900000)]
  0x000001fe27f97230 JavaThread "Unconstrained build operations Thread 10" [_thread_blocked, id=4512, stack(0x0000004454900000,0x0000004454a00000)]
  0x000001fe27f96890 JavaThread "Unconstrained build operations Thread 11" [_thread_blocked, id=10200, stack(0x0000004454a00000,0x0000004454b00000)]
  0x000001fe27f95080 JavaThread "Unconstrained build operations Thread 12" [_thread_blocked, id=3920, stack(0x0000004454b00000,0x0000004454c00000)]
  0x000001fe27f96d60 JavaThread "Unconstrained build operations Thread 13" [_thread_blocked, id=9920, stack(0x0000004454c00000,0x0000004454d00000)]
  0x000001fe27f95a20 JavaThread "Unconstrained build operations Thread 14" [_thread_blocked, id=8080, stack(0x0000004454d00000,0x0000004454e00000)]
  0x000001fe27f946e0 JavaThread "Unconstrained build operations Thread 15" [_thread_blocked, id=2736, stack(0x0000004454e00000,0x0000004454f00000)]
  0x000001fe27f97700 JavaThread "Unconstrained build operations Thread 16" [_thread_blocked, id=6340, stack(0x0000004454f00000,0x0000004455000000)]
  0x000001fe2d9f1ea0 JavaThread "Unconstrained build operations Thread 17" [_thread_blocked, id=8964, stack(0x0000004455000000,0x0000004455100000)]
  0x000001fe2d9f2370 JavaThread "Unconstrained build operations Thread 18" [_thread_blocked, id=7872, stack(0x0000004455100000,0x0000004455200000)]
  0x000001fe2d9f1030 JavaThread "Unconstrained build operations Thread 19" [_thread_blocked, id=2140, stack(0x0000004455200000,0x0000004455300000)]
  0x000001fe2d9f1500 JavaThread "Unconstrained build operations Thread 20" [_thread_blocked, id=5472, stack(0x0000004455300000,0x0000004455400000)]
  0x000001fe27903c40 JavaThread "Unconstrained build operations Thread 21" [_thread_blocked, id=6308, stack(0x0000004455400000,0x0000004455500000)]
  0x000001fe27904110 JavaThread "Unconstrained build operations Thread 22" [_thread_blocked, id=5440, stack(0x0000004455500000,0x0000004455600000)]
  0x000001fe27905920 JavaThread "Unconstrained build operations Thread 23" [_thread_blocked, id=2552, stack(0x0000004455600000,0x0000004455700000)]
  0x000001fe27906790 JavaThread "Unconstrained build operations Thread 24" [_thread_blocked, id=4900, stack(0x0000004455700000,0x0000004455800000)]
  0x000001fe27907130 JavaThread "Unconstrained build operations Thread 25" [_thread_blocked, id=10056, stack(0x0000004455800000,0x0000004455900000)]
  0x000001fe27904f80 JavaThread "Unconstrained build operations Thread 26" [_thread_blocked, id=5516, stack(0x0000004455900000,0x0000004455a00000)]
  0x000001fe27905450 JavaThread "Unconstrained build operations Thread 27" [_thread_blocked, id=2132, stack(0x0000004455a00000,0x0000004455b00000)]
  0x000001fe27905df0 JavaThread "Unconstrained build operations Thread 28" [_thread_blocked, id=4176, stack(0x0000004455b00000,0x0000004455c00000)]
  0x000001fe279045e0 JavaThread "Unconstrained build operations Thread 29" [_thread_blocked, id=8016, stack(0x0000004455c00000,0x0000004455d00000)]
  0x000001fe27906c60 JavaThread "Unconstrained build operations Thread 30" [_thread_blocked, id=4344, stack(0x0000004455d00000,0x0000004455e00000)]
  0x000001fe27904ab0 JavaThread "Unconstrained build operations Thread 31" [_thread_blocked, id=3276, stack(0x0000004455e00000,0x0000004455f00000)]
  0x000001fe279062c0 JavaThread "Unconstrained build operations Thread 32" [_thread_blocked, id=10192, stack(0x0000004455f00000,0x0000004456000000)]
  0x000001fe27903770 JavaThread "Unconstrained build operations Thread 33" [_thread_blocked, id=3468, stack(0x0000004456000000,0x0000004456100000)]
  0x000001fe2b621180 JavaThread "Unconstrained build operations Thread 34" [_thread_blocked, id=6284, stack(0x0000004456100000,0x0000004456200000)]
  0x000001fe2b621650 JavaThread "Unconstrained build operations Thread 35" [_thread_blocked, id=5612, stack(0x0000004456200000,0x0000004456300000)]
  0x000001fe2b621b20 JavaThread "Unconstrained build operations Thread 36" [_thread_blocked, id=4000, stack(0x0000004456300000,0x0000004456400000)]
  0x000001fe2b621ff0 JavaThread "Unconstrained build operations Thread 37" [_thread_blocked, id=8720, stack(0x0000004456400000,0x0000004456500000)]
  0x000001fe2b6224c0 JavaThread "Unconstrained build operations Thread 38" [_thread_blocked, id=7772, stack(0x0000004456500000,0x0000004456600000)]
  0x000001fe241a89c0 JavaThread "Unconstrained build operations Thread 39" [_thread_blocked, id=5848, stack(0x0000004456600000,0x0000004456700000)]
  0x000001fe241aa1d0 JavaThread "Unconstrained build operations Thread 40" [_thread_blocked, id=10176, stack(0x0000004456700000,0x0000004456800000)]
  0x000001fe2b620cb0 JavaThread "build event listener" [_thread_blocked, id=9400, stack(0x0000004456800000,0x0000004456900000)]
  0x000001fe241aab70 JavaThread "included builds" [_thread_blocked, id=8212, stack(0x0000004456900000,0x0000004456a00000)]
  0x000001fe241a8e90 JavaThread "Execution worker" [_thread_blocked, id=2492, stack(0x0000004456a00000,0x0000004456b00000)]
  0x000001fe241a9360 JavaThread "Execution worker Thread 2" [_thread_blocked, id=9916, stack(0x0000004456c00000,0x0000004456d00000)]
  0x000001fe241a9830 JavaThread "Execution worker Thread 3" [_thread_blocked, id=8232, stack(0x0000004456d00000,0x0000004456e00000)]
  0x000001fe203de5c0 JavaThread "Cache worker for execution history cache (D:\FinalVersion\.gradle\8.0\executionHistory)" [_thread_blocked, id=3140, stack(0x0000004456e00000,0x0000004456f00000)]
  0x000001fe203e3c60 JavaThread "Build operations" [_thread_blocked, id=5488, stack(0x0000004456f00000,0x0000004457000000)]
  0x000001fe203e1ab0 JavaThread "Build operations Thread 2" [_thread_blocked, id=6680, stack(0x0000004457000000,0x0000004457100000)]
  0x000001fe203e0770 JavaThread "Build operations Thread 3" [_thread_blocked, id=10208, stack(0x0000004457100000,0x0000004457200000)]
  0x000001fe203e1f80 JavaThread "Build operations Thread 4" [_thread_blocked, id=7336, stack(0x0000004457200000,0x0000004457300000)]
  0x000001fe241ab040 JavaThread "WorkerExecutor Queue" [_thread_blocked, id=6704, stack(0x0000004453900000,0x0000004453a00000)]
  0x000001fe241ab510 JavaThread "WorkerExecutor Queue Thread 2" [_thread_blocked, id=2300, stack(0x0000004457400000,0x0000004457500000)]
  0x000001fe240e2660 JavaThread "WorkerExecutor Queue Thread 3" [_thread_blocked, id=7280, stack(0x0000004457500000,0x0000004457600000)]
  0x000001fe240e1320 JavaThread "WorkerExecutor Queue Thread 4" [_thread_blocked, id=7304, stack(0x0000004457600000,0x0000004457700000)]
  0x000001fe240e1cc0 JavaThread "WorkerExecutor Queue Thread 5" [_thread_blocked, id=3836, stack(0x0000004457700000,0x0000004457800000)]
  0x000001fe2ba43db0 JavaThread "ForkJoinPool.commonPool-worker-10" daemon [_thread_blocked, id=7916, stack(0x0000004457800000,0x0000004457900000)]
  0x000001fe203e4600 JavaThread "ForkJoinPool.commonPool-worker-11" daemon [_thread_blocked, id=3368, stack(0x0000004457a00000,0x0000004457b00000)]

Other Threads:
=>0x000001fe1f2da7e0 VMThread "VM Thread" [stack: 0x0000004451600000,0x0000004451700000] [id=2640]
  0x000001fe1fea66d0 WatcherThread [stack: 0x0000004452200000,0x0000004452300000] [id=6600]
  0x000001fe05d773b0 GCTaskThread "GC Thread#0" [stack: 0x0000004451100000,0x0000004451200000] [id=3948]
  0x000001fe208b8490 GCTaskThread "GC Thread#1" [stack: 0x0000004452400000,0x0000004452500000] [id=1640]
  0x000001fe208b8740 GCTaskThread "GC Thread#2" [stack: 0x0000004452500000,0x0000004452600000] [id=9096]
  0x000001fe2096d060 GCTaskThread "GC Thread#3" [stack: 0x0000004452600000,0x0000004452700000] [id=4480]
  0x000001fe05d88200 ConcurrentGCThread "G1 Main Marker" [stack: 0x0000004451200000,0x0000004451300000] [id=5540]
  0x000001fe05d88b20 ConcurrentGCThread "G1 Conc#0" [stack: 0x0000004451300000,0x0000004451400000] [id=6848]
  0x000001fe05ded2b0 ConcurrentGCThread "G1 Refine#0" [stack: 0x0000004451400000,0x0000004451500000] [id=6664]
  0x000001fe230aa5f0 ConcurrentGCThread "G1 Refine#1" [stack: 0x0000004457300000,0x0000004457400000] [id=8220]
  0x000001fe05deebf0 ConcurrentGCThread "G1 Service" [stack: 0x0000004451500000,0x0000004451600000] [id=9620]

Threads with active compile tasks:
C2 CompilerThread0   779336 25019       4       com.android.zipflinger.ZipMap::parseCentralDirectoryRecord (533 bytes)
C1 CompilerThread0   779336 25023       3       java.util.concurrent.ThreadLocalRandom::getProbe (13 bytes)

VM state: at safepoint (normal execution)

VM Mutex/Monitor currently owned by a thread:  ([mutex/lock_event])
[0x000001fe05d145a0] Threads_lock - owner thread: 0x000001fe1f2da7e0
[0x000001fe05d13d30] Heap_lock - owner thread: 0x000001fe203e4600

Heap address: 0x0000000080000000, size: 2048 MB, Compressed Oops mode: 32-bit

CDS archive(s) not mapped
Compressed class space mapped at: 0x0000000100000000-0x0000000140000000, reserved size: 1073741824
Narrow klass base: 0x0000000000000000, Narrow klass shift: 3, Narrow klass range: 0x140000000

GC Precious Log:
 CPUs: 4 total, 4 available
 Memory: 7998M
 Large Page Support: Disabled
 NUMA Support: Disabled
 Compressed Oops: Enabled (32-bit)
 Heap Region Size: 1M
 Heap Min Capacity: 8M
 Heap Initial Capacity: 126M
 Heap Max Capacity: 2G
 Pre-touch: Disabled
 Parallel Workers: 4
 Concurrent Workers: 1
 Concurrent Refinement Workers: 4
 Periodic GC: Disabled

Heap:
 garbage-first heap   total 325632K, used 117992K [0x0000000080000000, 0x0000000100000000)
  region size 1024K, 1 young (1024K), 1 survivors (1024K)
 Metaspace       used 133835K, committed 134848K, reserved 1171456K
  class space    used 17710K, committed 18176K, reserved 1048576K

Heap Regions: E=young(eden), S=young(survivor), O=old, HS=humongous(starts), HC=humongous(continues), CS=collection set, F=free, OA=open archive, CA=closed archive, TAMS=top-at-mark-start (previous, next)
|   0|0x0000000080000000, 0x0000000080100000, 0x0000000080100000|100%| O|  |TAMS 0x0000000080100000, 0x0000000080100000| Untracked 
|   1|0x0000000080100000, 0x0000000080200000, 0x0000000080200000|100%| O|  |TAMS 0x0000000080200000, 0x0000000080200000| Untracked 
|   2|0x0000000080200000, 0x0000000080300000, 0x0000000080300000|100%|HS|  |TAMS 0x0000000080300000, 0x0000000080300000| Complete 
|   3|0x0000000080300000, 0x0000000080400000, 0x0000000080400000|100%|HC|  |TAMS 0x0000000080400000, 0x0000000080400000| Complete 
|   4|0x0000000080400000, 0x0000000080500000, 0x0000000080500000|100%|HC|  |TAMS 0x0000000080500000, 0x0000000080500000| Complete 
|   5|0x0000000080500000, 0x0000000080600000, 0x0000000080600000|100%|HC|  |TAMS 0x0000000080600000, 0x0000000080600000| Complete 
|   6|0x0000000080600000, 0x0000000080700000, 0x0000000080700000|100%| O|  |TAMS 0x0000000080700000, 0x0000000080700000| Untracked 
|   7|0x0000000080700000, 0x0000000080800000, 0x0000000080800000|100%| O|  |TAMS 0x0000000080800000, 0x0000000080800000| Untracked 
|   8|0x0000000080800000, 0x0000000080900000, 0x0000000080900000|100%| O|  |TAMS 0x0000000080900000, 0x0000000080900000| Untracked 
|   9|0x0000000080900000, 0x0000000080a00000, 0x0000000080a00000|100%| O|  |TAMS 0x0000000080a00000, 0x0000000080a00000| Untracked 
|  10|0x0000000080a00000, 0x0000000080b00000, 0x0000000080b00000|100%| O|  |TAMS 0x0000000080b00000, 0x0000000080b00000| Untracked 
|  11|0x0000000080b00000, 0x0000000080c00000, 0x0000000080c00000|100%| O|  |TAMS 0x0000000080c00000, 0x0000000080c00000| Untracked 
|  12|0x0000000080c00000, 0x0000000080d00000, 0x0000000080d00000|100%| O|  |TAMS 0x0000000080d00000, 0x0000000080d00000| Untracked 
|  13|0x0000000080d00000, 0x0000000080e00000, 0x0000000080e00000|100%| O|  |TAMS 0x0000000080e00000, 0x0000000080e00000| Untracked 
|  14|0x0000000080e00000, 0x0000000080f00000, 0x0000000080f00000|100%| O|  |TAMS 0x0000000080f00000, 0x0000000080f00000| Untracked 
|  15|0x0000000080f00000, 0x0000000081000000, 0x0000000081000000|100%| O|  |TAMS 0x0000000081000000, 0x0000000081000000| Untracked 
|  16|0x0000000081000000, 0x0000000081100000, 0x0000000081100000|100%| O|  |TAMS 0x0000000081100000, 0x0000000081100000| Untracked 
|  17|0x0000000081100000, 0x0000000081200000, 0x0000000081200000|100%| O|  |TAMS 0x0000000081200000, 0x0000000081200000| Untracked 
|  18|0x0000000081200000, 0x0000000081300000, 0x0000000081300000|100%| O|  |TAMS 0x0000000081300000, 0x0000000081300000| Untracked 
|  19|0x0000000081300000, 0x0000000081400000, 0x0000000081400000|100%| O|  |TAMS 0x0000000081400000, 0x0000000081400000| Untracked 
|  20|0x0000000081400000, 0x0000000081500000, 0x0000000081500000|100%| O|  |TAMS 0x0000000081500000, 0x0000000081500000| Untracked 
|  21|0x0000000081500000, 0x0000000081600000, 0x0000000081600000|100%| O|  |TAMS 0x0000000081600000, 0x0000000081600000| Untracked 
|  22|0x0000000081600000, 0x0000000081700000, 0x0000000081700000|100%| O|  |TAMS 0x0000000081700000, 0x0000000081700000| Untracked 
|  23|0x0000000081700000, 0x0000000081800000, 0x0000000081800000|100%| O|  |TAMS 0x0000000081800000, 0x0000000081800000| Untracked 
|  24|0x0000000081800000, 0x0000000081900000, 0x0000000081900000|100%| O|  |TAMS 0x0000000081900000, 0x0000000081900000| Untracked 
|  25|0x0000000081900000, 0x0000000081a00000, 0x0000000081a00000|100%| O|  |TAMS 0x0000000081a00000, 0x0000000081a00000| Untracked 
|  26|0x0000000081a00000, 0x0000000081b00000, 0x0000000081b00000|100%| O|  |TAMS 0x0000000081b00000, 0x0000000081b00000| Untracked 
|  27|0x0000000081b00000, 0x0000000081c00000, 0x0000000081c00000|100%| O|  |TAMS 0x0000000081c00000, 0x0000000081c00000| Untracked 
|  28|0x0000000081c00000, 0x0000000081d00000, 0x0000000081d00000|100%| O|  |TAMS 0x0000000081d00000, 0x0000000081d00000| Untracked 
|  29|0x0000000081d00000, 0x0000000081e00000, 0x0000000081e00000|100%| O|  |TAMS 0x0000000081e00000, 0x0000000081e00000| Untracked 
|  30|0x0000000081e00000, 0x0000000081f00000, 0x0000000081f00000|100%| O|  |TAMS 0x0000000081f00000, 0x0000000081f00000| Untracked 
|  31|0x0000000081f00000, 0x0000000082000000, 0x0000000082000000|100%|HS|  |TAMS 0x0000000082000000, 0x0000000082000000| Complete 
|  32|0x0000000082000000, 0x0000000082100000, 0x0000000082100000|100%|HS|  |TAMS 0x0000000082100000, 0x0000000082100000| Complete 
|  33|0x0000000082100000, 0x0000000082200000, 0x0000000082200000|100%|HS|  |TAMS 0x0000000082200000, 0x0000000082200000| Complete 
|  34|0x0000000082200000, 0x0000000082300000, 0x0000000082300000|100%| O|  |TAMS 0x0000000082300000, 0x0000000082300000| Untracked 
|  35|0x0000000082300000, 0x0000000082400000, 0x0000000082400000|100%| O|  |TAMS 0x0000000082400000, 0x0000000082400000| Untracked 
|  36|0x0000000082400000, 0x0000000082500000, 0x0000000082500000|100%| O|  |TAMS 0x0000000082500000, 0x0000000082500000| Untracked 
|  37|0x0000000082500000, 0x0000000082500000, 0x0000000082600000|  0%| F|  |TAMS 0x0000000082500000, 0x0000000082500000| Untracked 
|  38|0x0000000082600000, 0x0000000082700000, 0x0000000082700000|100%| O|  |TAMS 0x0000000082700000, 0x0000000082700000| Untracked 
|  39|0x0000000082700000, 0x0000000082700000, 0x0000000082800000|  0%| F|  |TAMS 0x0000000082700000, 0x0000000082700000| Untracked 
|  40|0x0000000082800000, 0x0000000082900000, 0x0000000082900000|100%| O|  |TAMS 0x0000000082900000, 0x0000000082900000| Untracked 
|  41|0x0000000082900000, 0x0000000082a00000, 0x0000000082a00000|100%| O|  |TAMS 0x0000000082a00000, 0x0000000082a00000| Untracked 
|  42|0x0000000082a00000, 0x0000000082b00000, 0x0000000082b00000|100%| O|  |TAMS 0x0000000082b00000, 0x0000000082b00000| Untracked 
|  43|0x0000000082b00000, 0x0000000082c00000, 0x0000000082c00000|100%| O|  |TAMS 0x0000000082c00000, 0x0000000082c00000| Untracked 
|  44|0x0000000082c00000, 0x0000000082d00000, 0x0000000082d00000|100%| O|  |TAMS 0x0000000082d00000, 0x0000000082d00000| Untracked 
|  45|0x0000000082d00000, 0x0000000082e00000, 0x0000000082e00000|100%| O|  |TAMS 0x0000000082e00000, 0x0000000082e00000| Untracked 
|  46|0x0000000082e00000, 0x0000000082f00000, 0x0000000082f00000|100%| O|  |TAMS 0x0000000082f00000, 0x0000000082f00000| Untracked 
|  47|0x0000000082f00000, 0x0000000083000000, 0x0000000083000000|100%| O|  |TAMS 0x0000000083000000, 0x0000000083000000| Untracked 
|  48|0x0000000083000000, 0x0000000083100000, 0x0000000083100000|100%| O|  |TAMS 0x0000000083100000, 0x0000000083100000| Untracked 
|  49|0x0000000083100000, 0x0000000083200000, 0x0000000083200000|100%| O|  |TAMS 0x0000000083200000, 0x0000000083200000| Untracked 
|  50|0x0000000083200000, 0x0000000083300000, 0x0000000083300000|100%| O|  |TAMS 0x0000000083300000, 0x0000000083300000| Untracked 
|  51|0x0000000083300000, 0x0000000083400000, 0x0000000083400000|100%| O|  |TAMS 0x0000000083400000, 0x0000000083400000| Untracked 
|  52|0x0000000083400000, 0x0000000083500000, 0x0000000083500000|100%| O|  |TAMS 0x0000000083500000, 0x0000000083500000| Untracked 
|  53|0x0000000083500000, 0x0000000083600000, 0x0000000083600000|100%| O|  |TAMS 0x0000000083600000, 0x0000000083600000| Untracked 
|  54|0x0000000083600000, 0x0000000083700000, 0x0000000083700000|100%| O|  |TAMS 0x0000000083700000, 0x0000000083700000| Untracked 
|  55|0x0000000083700000, 0x0000000083800000, 0x0000000083800000|100%| O|  |TAMS 0x0000000083800000, 0x0000000083800000| Untracked 
|  56|0x0000000083800000, 0x0000000083900000, 0x0000000083900000|100%| O|  |TAMS 0x0000000083900000, 0x0000000083900000| Untracked 
|  57|0x0000000083900000, 0x0000000083a00000, 0x0000000083a00000|100%| O|  |TAMS 0x0000000083a00000, 0x0000000083a00000| Untracked 
|  58|0x0000000083a00000, 0x0000000083b00000, 0x0000000083b00000|100%| O|  |TAMS 0x0000000083b00000, 0x0000000083b00000| Untracked 
|  59|0x0000000083b00000, 0x0000000083c00000, 0x0000000083c00000|100%| O|  |TAMS 0x0000000083c00000, 0x0000000083c00000| Untracked 
|  60|0x0000000083c00000, 0x0000000083d00000, 0x0000000083d00000|100%| O|  |TAMS 0x0000000083d00000, 0x0000000083d00000| Untracked 
|  61|0x0000000083d00000, 0x0000000083e00000, 0x0000000083e00000|100%| O|  |TAMS 0x0000000083e00000, 0x0000000083e00000| Untracked 
|  62|0x0000000083e00000, 0x0000000083f00000, 0x0000000083f00000|100%| O|  |TAMS 0x0000000083f00000, 0x0000000083f00000| Untracked 
|  63|0x0000000083f00000, 0x0000000084000000, 0x0000000084000000|100%| O|  |TAMS 0x0000000084000000, 0x0000000084000000| Untracked 
|  64|0x0000000084000000, 0x0000000084100000, 0x0000000084100000|100%| O|  |TAMS 0x0000000084100000, 0x0000000084100000| Untracked 
|  65|0x0000000084100000, 0x0000000084200000, 0x0000000084200000|100%| O|  |TAMS 0x0000000084200000, 0x0000000084200000| Untracked 
|  66|0x0000000084200000, 0x0000000084300000, 0x0000000084300000|100%| O|  |TAMS 0x0000000084300000, 0x0000000084300000| Untracked 
|  67|0x0000000084300000, 0x0000000084400000, 0x0000000084400000|100%| O|  |TAMS 0x0000000084400000, 0x0000000084400000| Untracked 
|  68|0x0000000084400000, 0x0000000084500000, 0x0000000084500000|100%| O|  |TAMS 0x0000000084500000, 0x0000000084500000| Untracked 
|  69|0x0000000084500000, 0x0000000084600000, 0x0000000084600000|100%| O|  |TAMS 0x0000000084600000, 0x0000000084600000| Untracked 
|  70|0x0000000084600000, 0x0000000084700000, 0x0000000084700000|100%| O|  |TAMS 0x0000000084700000, 0x0000000084700000| Untracked 
|  71|0x0000000084700000, 0x0000000084800000, 0x0000000084800000|100%| O|  |TAMS 0x0000000084800000, 0x0000000084800000| Untracked 
|  72|0x0000000084800000, 0x0000000084800000, 0x0000000084900000|  0%| F|  |TAMS 0x0000000084800000, 0x0000000084800000| Untracked 
|  73|0x0000000084900000, 0x0000000084a00000, 0x0000000084a00000|100%| O|  |TAMS 0x0000000084a00000, 0x0000000084a00000| Untracked 
|  74|0x0000000084a00000, 0x0000000084b00000, 0x0000000084b00000|100%| O|  |TAMS 0x0000000084b00000, 0x0000000084b00000| Untracked 
|  75|0x0000000084b00000, 0x0000000084c00000, 0x0000000084c00000|100%| O|  |TAMS 0x0000000084c00000, 0x0000000084c00000| Untracked 
|  76|0x0000000084c00000, 0x0000000084d00000, 0x0000000084d00000|100%| O|  |TAMS 0x0000000084d00000, 0x0000000084d00000| Untracked 
|  77|0x0000000084d00000, 0x0000000084e00000, 0x0000000084e00000|100%| O|  |TAMS 0x0000000084e00000, 0x0000000084e00000| Untracked 
|  78|0x0000000084e00000, 0x0000000084f00000, 0x0000000084f00000|100%| O|  |TAMS 0x0000000084e00000, 0x0000000084f00000| Untracked 
|  79|0x0000000084f00000, 0x0000000085000000, 0x0000000085000000|100%| O|  |TAMS 0x0000000085000000, 0x0000000085000000| Untracked 
|  80|0x0000000085000000, 0x0000000085000000, 0x0000000085100000|  0%| F|  |TAMS 0x0000000085000000, 0x0000000085000000| Untracked 
|  81|0x0000000085100000, 0x0000000085200000, 0x0000000085200000|100%| O|  |TAMS 0x0000000085200000, 0x0000000085200000| Untracked 
|  82|0x0000000085200000, 0x0000000085300000, 0x0000000085300000|100%| O|  |TAMS 0x0000000085300000, 0x0000000085300000| Untracked 
|  83|0x0000000085300000, 0x0000000085400000, 0x0000000085400000|100%| O|  |TAMS 0x0000000085400000, 0x0000000085400000| Untracked 
|  84|0x0000000085400000, 0x0000000085500000, 0x0000000085500000|100%| O|  |TAMS 0x0000000085500000, 0x0000000085500000| Untracked 
|  85|0x0000000085500000, 0x0000000085600000, 0x0000000085600000|100%| O|  |TAMS 0x0000000085600000, 0x0000000085600000| Untracked 
|  86|0x0000000085600000, 0x0000000085700000, 0x0000000085700000|100%| O|  |TAMS 0x0000000085700000, 0x0000000085700000| Untracked 
|  87|0x0000000085700000, 0x0000000085800000, 0x0000000085800000|100%| O|  |TAMS 0x0000000085700000, 0x0000000085800000| Untracked 
|  88|0x0000000085800000, 0x0000000085800000, 0x0000000085900000|  0%| F|  |TAMS 0x0000000085800000, 0x0000000085800000| Untracked 
|  89|0x0000000085900000, 0x0000000085a00000, 0x0000000085a00000|100%| O|  |TAMS 0x0000000085a00000, 0x0000000085a00000| Untracked 
|  90|0x0000000085a00000, 0x0000000085b00000, 0x0000000085b00000|100%| O|  |TAMS 0x0000000085b00000, 0x0000000085b00000| Untracked 
|  91|0x0000000085b00000, 0x0000000085b00000, 0x0000000085c00000|  0%| F|  |TAMS 0x0000000085b00000, 0x0000000085b00000| Untracked 
|  92|0x0000000085c00000, 0x0000000085d00000, 0x0000000085d00000|100%| O|  |TAMS 0x0000000085d00000, 0x0000000085d00000| Untracked 
|  93|0x0000000085d00000, 0x0000000085e00000, 0x0000000085e00000|100%| O|  |TAMS 0x0000000085e00000, 0x0000000085e00000| Untracked 
|  94|0x0000000085e00000, 0x0000000085f00000, 0x0000000085f00000|100%| O|  |TAMS 0x0000000085f00000, 0x0000000085f00000| Untracked 
|  95|0x0000000085f00000, 0x0000000086000000, 0x0000000086000000|100%| O|  |TAMS 0x0000000085f00000, 0x0000000086000000| Untracked 
|  96|0x0000000086000000, 0x0000000086000000, 0x0000000086100000|  0%| F|  |TAMS 0x0000000086000000, 0x0000000086000000| Untracked 
|  97|0x0000000086100000, 0x0000000086200000, 0x0000000086200000|100%| O|  |TAMS 0x0000000086200000, 0x0000000086200000| Untracked 
|  98|0x0000000086200000, 0x0000000086300000, 0x0000000086300000|100%| O|  |TAMS 0x0000000086300000, 0x0000000086300000| Untracked 
|  99|0x0000000086300000, 0x0000000086400000, 0x0000000086400000|100%| O|  |TAMS 0x0000000086400000, 0x0000000086400000| Untracked 
| 100|0x0000000086400000, 0x0000000086500000, 0x0000000086500000|100%| O|  |TAMS 0x0000000086500000, 0x0000000086500000| Untracked 
| 101|0x0000000086500000, 0x0000000086600000, 0x0000000086600000|100%| O|  |TAMS 0x0000000086600000, 0x0000000086600000| Untracked 
| 102|0x0000000086600000, 0x0000000086700000, 0x0000000086700000|100%| O|  |TAMS 0x0000000086700000, 0x0000000086700000| Untracked 
| 103|0x0000000086700000, 0x0000000086800000, 0x0000000086800000|100%| O|  |TAMS 0x0000000086800000, 0x0000000086800000| Untracked 
| 104|0x0000000086800000, 0x0000000086900000, 0x0000000086900000|100%| O|  |TAMS 0x0000000086900000, 0x0000000086900000| Untracked 
| 105|0x0000000086900000, 0x0000000086a00000, 0x0000000086a00000|100%| O|  |TAMS 0x0000000086a00000, 0x0000000086a00000| Untracked 
| 106|0x0000000086a00000, 0x0000000086b00000, 0x0000000086b00000|100%| O|  |TAMS 0x0000000086b00000, 0x0000000086b00000| Untracked 
| 107|0x0000000086b00000, 0x0000000086c00000, 0x0000000086c00000|100%| O|  |TAMS 0x0000000086c00000, 0x0000000086c00000| Untracked 
| 108|0x0000000086c00000, 0x0000000086d00000, 0x0000000086d00000|100%| O|  |TAMS 0x0000000086d00000, 0x0000000086d00000| Untracked 
| 109|0x0000000086d00000, 0x0000000086e00000, 0x0000000086e00000|100%| O|  |TAMS 0x0000000086d00000, 0x0000000086e00000| Untracked 
| 110|0x0000000086e00000, 0x0000000086f00000, 0x0000000086f00000|100%| O|  |TAMS 0x0000000086e00000, 0x0000000086f00000| Untracked 
| 111|0x0000000086f00000, 0x0000000087000000, 0x0000000087000000|100%| O|  |TAMS 0x0000000086f00000, 0x0000000087000000| Untracked 
| 112|0x0000000087000000, 0x0000000087100000, 0x0000000087100000|100%| O|  |TAMS 0x0000000087000000, 0x0000000087100000| Untracked 
| 113|0x0000000087100000, 0x0000000087200000, 0x0000000087200000|100%| O|  |TAMS 0x00000000871a0600, 0x0000000087200000| Untracked 
| 114|0x0000000087200000, 0x0000000087300000, 0x0000000087300000|100%| O|  |TAMS 0x0000000087200000, 0x0000000087300000| Untracked 
| 115|0x0000000087300000, 0x0000000087400000, 0x0000000087400000|100%| O|  |TAMS 0x0000000087300000, 0x0000000087400000| Untracked 
| 116|0x0000000087400000, 0x00000000874ab400, 0x0000000087500000| 66%| O|  |TAMS 0x0000000087400000, 0x00000000874ab400| Untracked 
| 117|0x0000000087500000, 0x0000000087500000, 0x0000000087600000|  0%| F|  |TAMS 0x0000000087500000, 0x0000000087500000| Untracked 
| 118|0x0000000087600000, 0x0000000087600000, 0x0000000087700000|  0%| F|  |TAMS 0x0000000087600000, 0x0000000087600000| Untracked 
| 119|0x0000000087700000, 0x0000000087700000, 0x0000000087800000|  0%| F|  |TAMS 0x0000000087700000, 0x0000000087700000| Untracked 
| 120|0x0000000087800000, 0x0000000087800000, 0x0000000087900000|  0%| F|  |TAMS 0x0000000087800000, 0x0000000087800000| Untracked 
| 121|0x0000000087900000, 0x0000000087900000, 0x0000000087a00000|  0%| F|  |TAMS 0x0000000087900000, 0x0000000087900000| Untracked 
| 122|0x0000000087a00000, 0x0000000087a00000, 0x0000000087b00000|  0%| F|  |TAMS 0x0000000087a00000, 0x0000000087a00000| Untracked 
| 123|0x0000000087b00000, 0x0000000087b00000, 0x0000000087c00000|  0%| F|  |TAMS 0x0000000087b00000, 0x0000000087b00000| Untracked 
| 124|0x0000000087c00000, 0x0000000087d00000, 0x0000000087d00000|100%| O|  |TAMS 0x0000000087d00000, 0x0000000087d00000| Untracked 
| 125|0x0000000087d00000, 0x0000000087d00000, 0x0000000087e00000|  0%| F|  |TAMS 0x0000000087d00000, 0x0000000087d00000| Untracked 
| 126|0x0000000087e00000, 0x0000000087f00000, 0x0000000087f00000|100%| O|  |TAMS 0x0000000087f00000, 0x0000000087f00000| Untracked 
| 127|0x0000000087f00000, 0x0000000088000000, 0x0000000088000000|100%| O|  |TAMS 0x0000000088000000, 0x0000000088000000| Untracked 
| 128|0x0000000088000000, 0x0000000088100000, 0x0000000088100000|100%| O|  |TAMS 0x0000000088100000, 0x0000000088100000| Untracked 
| 129|0x0000000088100000, 0x0000000088200000, 0x0000000088200000|100%| O|  |TAMS 0x0000000088200000, 0x0000000088200000| Untracked 
| 130|0x0000000088200000, 0x0000000088200000, 0x0000000088300000|  0%| F|  |TAMS 0x0000000088200000, 0x0000000088200000| Untracked 
| 131|0x0000000088300000, 0x0000000088300000, 0x0000000088400000|  0%| F|  |TAMS 0x0000000088300000, 0x0000000088300000| Untracked 
| 132|0x0000000088400000, 0x0000000088400000, 0x0000000088500000|  0%| F|  |TAMS 0x0000000088400000, 0x0000000088400000| Untracked 
| 133|0x0000000088500000, 0x0000000088500000, 0x0000000088600000|  0%| F|  |TAMS 0x0000000088500000, 0x0000000088500000| Untracked 
| 134|0x0000000088600000, 0x0000000088600000, 0x0000000088700000|  0%| F|  |TAMS 0x0000000088600000, 0x0000000088600000| Untracked 
| 135|0x0000000088700000, 0x0000000088700000, 0x0000000088800000|  0%| F|  |TAMS 0x0000000088700000, 0x0000000088700000| Untracked 
| 136|0x0000000088800000, 0x0000000088800000, 0x0000000088900000|  0%| F|  |TAMS 0x0000000088800000, 0x0000000088800000| Untracked 
| 137|0x0000000088900000, 0x0000000088900000, 0x0000000088a00000|  0%| F|  |TAMS 0x0000000088900000, 0x0000000088900000| Untracked 
| 138|0x0000000088a00000, 0x0000000088a00000, 0x0000000088b00000|  0%| F|  |TAMS 0x0000000088a00000, 0x0000000088a00000| Untracked 
| 139|0x0000000088b00000, 0x0000000088b00000, 0x0000000088c00000|  0%| F|  |TAMS 0x0000000088b00000, 0x0000000088b00000| Untracked 
| 140|0x0000000088c00000, 0x0000000088c00000, 0x0000000088d00000|  0%| F|  |TAMS 0x0000000088c00000, 0x0000000088c00000| Untracked 
| 141|0x0000000088d00000, 0x0000000088d00000, 0x0000000088e00000|  0%| F|  |TAMS 0x0000000088d00000, 0x0000000088d00000| Untracked 
| 142|0x0000000088e00000, 0x0000000088e00000, 0x0000000088f00000|  0%| F|  |TAMS 0x0000000088e00000, 0x0000000088e00000| Untracked 
| 143|0x0000000088f00000, 0x0000000088f00000, 0x0000000089000000|  0%| F|  |TAMS 0x0000000088f00000, 0x0000000088f00000| Untracked 
| 144|0x0000000089000000, 0x0000000089000000, 0x0000000089100000|  0%| F|  |TAMS 0x0000000089000000, 0x0000000089000000| Untracked 
| 145|0x0000000089100000, 0x0000000089100000, 0x0000000089200000|  0%| F|  |TAMS 0x0000000089100000, 0x0000000089100000| Untracked 
| 146|0x0000000089200000, 0x0000000089200000, 0x0000000089300000|  0%| F|  |TAMS 0x0000000089200000, 0x0000000089200000| Untracked 
| 147|0x0000000089300000, 0x0000000089300000, 0x0000000089400000|  0%| F|  |TAMS 0x0000000089300000, 0x0000000089300000| Untracked 
| 148|0x0000000089400000, 0x0000000089400000, 0x0000000089500000|  0%| F|  |TAMS 0x0000000089400000, 0x0000000089400000| Untracked 
| 149|0x0000000089500000, 0x0000000089500000, 0x0000000089600000|  0%| F|  |TAMS 0x0000000089500000, 0x0000000089500000| Untracked 
| 150|0x0000000089600000, 0x0000000089600000, 0x0000000089700000|  0%| F|  |TAMS 0x0000000089600000, 0x0000000089600000| Untracked 
| 151|0x0000000089700000, 0x0000000089700000, 0x0000000089800000|  0%| F|  |TAMS 0x0000000089700000, 0x0000000089700000| Untracked 
| 152|0x0000000089800000, 0x0000000089800000, 0x0000000089900000|  0%| F|  |TAMS 0x0000000089800000, 0x0000000089800000| Untracked 
| 153|0x0000000089900000, 0x0000000089900000, 0x0000000089a00000|  0%| F|  |TAMS 0x0000000089900000, 0x0000000089900000| Untracked 
| 154|0x0000000089a00000, 0x0000000089a00000, 0x0000000089b00000|  0%| F|  |TAMS 0x0000000089a00000, 0x0000000089a00000| Untracked 
| 155|0x0000000089b00000, 0x0000000089b00000, 0x0000000089c00000|  0%| F|  |TAMS 0x0000000089b00000, 0x0000000089b00000| Untracked 
| 156|0x0000000089c00000, 0x0000000089c00000, 0x0000000089d00000|  0%| F|  |TAMS 0x0000000089c00000, 0x0000000089c00000| Untracked 
| 157|0x0000000089d00000, 0x0000000089d00000, 0x0000000089e00000|  0%| F|  |TAMS 0x0000000089d00000, 0x0000000089d00000| Untracked 
| 158|0x0000000089e00000, 0x0000000089e00000, 0x0000000089f00000|  0%| F|  |TAMS 0x0000000089e00000, 0x0000000089e00000| Untracked 
| 159|0x0000000089f00000, 0x0000000089f00000, 0x000000008a000000|  0%| F|  |TAMS 0x0000000089f00000, 0x0000000089f00000| Untracked 
| 160|0x000000008a000000, 0x000000008a000000, 0x000000008a100000|  0%| F|  |TAMS 0x000000008a000000, 0x000000008a000000| Untracked 
| 161|0x000000008a100000, 0x000000008a100000, 0x000000008a200000|  0%| F|  |TAMS 0x000000008a100000, 0x000000008a100000| Untracked 
| 162|0x000000008a200000, 0x000000008a200000, 0x000000008a300000|  0%| F|  |TAMS 0x000000008a200000, 0x000000008a200000| Untracked 
| 163|0x000000008a300000, 0x000000008a300000, 0x000000008a400000|  0%| F|  |TAMS 0x000000008a300000, 0x000000008a300000| Untracked 
| 164|0x000000008a400000, 0x000000008a400000, 0x000000008a500000|  0%| F|  |TAMS 0x000000008a400000, 0x000000008a400000| Untracked 
| 165|0x000000008a500000, 0x000000008a500000, 0x000000008a600000|  0%| F|  |TAMS 0x000000008a500000, 0x000000008a500000| Untracked 
| 166|0x000000008a600000, 0x000000008a600000, 0x000000008a700000|  0%| F|  |TAMS 0x000000008a600000, 0x000000008a600000| Untracked 
| 167|0x000000008a700000, 0x000000008a700000, 0x000000008a800000|  0%| F|  |TAMS 0x000000008a700000, 0x000000008a700000| Untracked 
| 168|0x000000008a800000, 0x000000008a800000, 0x000000008a900000|  0%| F|  |TAMS 0x000000008a800000, 0x000000008a800000| Untracked 
| 169|0x000000008a900000, 0x000000008a900000, 0x000000008aa00000|  0%| F|  |TAMS 0x000000008a900000, 0x000000008a900000| Untracked 
| 170|0x000000008aa00000, 0x000000008aa00000, 0x000000008ab00000|  0%| F|  |TAMS 0x000000008aa00000, 0x000000008aa00000| Untracked 
| 171|0x000000008ab00000, 0x000000008ab00000, 0x000000008ac00000|  0%| F|  |TAMS 0x000000008ab00000, 0x000000008ab00000| Untracked 
| 172|0x000000008ac00000, 0x000000008ac00000, 0x000000008ad00000|  0%| F|  |TAMS 0x000000008ac00000, 0x000000008ac00000| Untracked 
| 173|0x000000008ad00000, 0x000000008ad00000, 0x000000008ae00000|  0%| F|  |TAMS 0x000000008ad00000, 0x000000008ad00000| Untracked 
| 174|0x000000008ae00000, 0x000000008ae00000, 0x000000008af00000|  0%| F|  |TAMS 0x000000008ae00000, 0x000000008ae00000| Untracked 
| 175|0x000000008af00000, 0x000000008af00000, 0x000000008b000000|  0%| F|  |TAMS 0x000000008af00000, 0x000000008af00000| Untracked 
| 176|0x000000008b000000, 0x000000008b000000, 0x000000008b100000|  0%| F|  |TAMS 0x000000008b000000, 0x000000008b000000| Untracked 
| 177|0x000000008b100000, 0x000000008b100000, 0x000000008b200000|  0%| F|  |TAMS 0x000000008b100000, 0x000000008b100000| Untracked 
| 178|0x000000008b200000, 0x000000008b200000, 0x000000008b300000|  0%| F|  |TAMS 0x000000008b200000, 0x000000008b200000| Untracked 
| 179|0x000000008b300000, 0x000000008b300000, 0x000000008b400000|  0%| F|  |TAMS 0x000000008b300000, 0x000000008b300000| Untracked 
| 180|0x000000008b400000, 0x000000008b400000, 0x000000008b500000|  0%| F|  |TAMS 0x000000008b400000, 0x000000008b400000| Untracked 
| 181|0x000000008b500000, 0x000000008b500000, 0x000000008b600000|  0%| F|  |TAMS 0x000000008b500000, 0x000000008b500000| Untracked 
| 182|0x000000008b600000, 0x000000008b600000, 0x000000008b700000|  0%| F|  |TAMS 0x000000008b600000, 0x000000008b600000| Untracked 
| 183|0x000000008b700000, 0x000000008b700000, 0x000000008b800000|  0%| F|  |TAMS 0x000000008b700000, 0x000000008b700000| Untracked 
| 184|0x000000008b800000, 0x000000008b800000, 0x000000008b900000|  0%| F|  |TAMS 0x000000008b800000, 0x000000008b800000| Untracked 
| 185|0x000000008b900000, 0x000000008b900000, 0x000000008ba00000|  0%| F|  |TAMS 0x000000008b900000, 0x000000008b900000| Untracked 
| 186|0x000000008ba00000, 0x000000008ba00000, 0x000000008bb00000|  0%| F|  |TAMS 0x000000008ba00000, 0x000000008ba00000| Untracked 
| 187|0x000000008bb00000, 0x000000008bb00000, 0x000000008bc00000|  0%| F|  |TAMS 0x000000008bb00000, 0x000000008bb00000| Untracked 
| 188|0x000000008bc00000, 0x000000008bc00000, 0x000000008bd00000|  0%| F|  |TAMS 0x000000008bc00000, 0x000000008bc00000| Untracked 
| 189|0x000000008bd00000, 0x000000008bd00000, 0x000000008be00000|  0%| F|  |TAMS 0x000000008bd00000, 0x000000008bd00000| Untracked 
| 190|0x000000008be00000, 0x000000008be00000, 0x000000008bf00000|  0%| F|  |TAMS 0x000000008be00000, 0x000000008be00000| Untracked 
| 191|0x000000008bf00000, 0x000000008bf00000, 0x000000008c000000|  0%| F|  |TAMS 0x000000008bf00000, 0x000000008bf00000| Untracked 
| 192|0x000000008c000000, 0x000000008c000000, 0x000000008c100000|  0%| F|  |TAMS 0x000000008c000000, 0x000000008c000000| Untracked 
| 193|0x000000008c100000, 0x000000008c100000, 0x000000008c200000|  0%| F|  |TAMS 0x000000008c100000, 0x000000008c100000| Untracked 
| 194|0x000000008c200000, 0x000000008c200000, 0x000000008c300000|  0%| F|  |TAMS 0x000000008c200000, 0x000000008c200000| Untracked 
| 195|0x000000008c300000, 0x000000008c300000, 0x000000008c400000|  0%| F|  |TAMS 0x000000008c300000, 0x000000008c300000| Untracked 
| 196|0x000000008c400000, 0x000000008c400000, 0x000000008c500000|  0%| F|  |TAMS 0x000000008c400000, 0x000000008c400000| Untracked 
| 197|0x000000008c500000, 0x000000008c500000, 0x000000008c600000|  0%| F|  |TAMS 0x000000008c500000, 0x000000008c500000| Untracked 
| 198|0x000000008c600000, 0x000000008c600000, 0x000000008c700000|  0%| F|  |TAMS 0x000000008c600000, 0x000000008c600000| Untracked 
| 199|0x000000008c700000, 0x000000008c700000, 0x000000008c800000|  0%| F|  |TAMS 0x000000008c700000, 0x000000008c700000| Untracked 
| 200|0x000000008c800000, 0x000000008c800000, 0x000000008c900000|  0%| F|  |TAMS 0x000000008c800000, 0x000000008c800000| Untracked 
| 201|0x000000008c900000, 0x000000008c900000, 0x000000008ca00000|  0%| F|  |TAMS 0x000000008c900000, 0x000000008c900000| Untracked 
| 202|0x000000008ca00000, 0x000000008ca00000, 0x000000008cb00000|  0%| F|  |TAMS 0x000000008ca00000, 0x000000008ca00000| Untracked 
| 203|0x000000008cb00000, 0x000000008cb00000, 0x000000008cc00000|  0%| F|  |TAMS 0x000000008cb00000, 0x000000008cb00000| Untracked 
| 204|0x000000008cc00000, 0x000000008cc00000, 0x000000008cd00000|  0%| F|  |TAMS 0x000000008cc00000, 0x000000008cc00000| Untracked 
| 205|0x000000008cd00000, 0x000000008cd00000, 0x000000008ce00000|  0%| F|  |TAMS 0x000000008cd00000, 0x000000008cd00000| Untracked 
| 206|0x000000008ce00000, 0x000000008ce00000, 0x000000008cf00000|  0%| F|  |TAMS 0x000000008ce00000, 0x000000008ce00000| Untracked 
| 207|0x000000008cf00000, 0x000000008cf00000, 0x000000008d000000|  0%| F|  |TAMS 0x000000008cf00000, 0x000000008cf00000| Untracked 
| 208|0x000000008d000000, 0x000000008d000000, 0x000000008d100000|  0%| F|  |TAMS 0x000000008d000000, 0x000000008d000000| Untracked 
| 209|0x000000008d100000, 0x000000008d100000, 0x000000008d200000|  0%| F|  |TAMS 0x000000008d100000, 0x000000008d100000| Untracked 
| 210|0x000000008d200000, 0x000000008d200000, 0x000000008d300000|  0%| F|  |TAMS 0x000000008d200000, 0x000000008d200000| Untracked 
| 211|0x000000008d300000, 0x000000008d300000, 0x000000008d400000|  0%| F|  |TAMS 0x000000008d300000, 0x000000008d300000| Untracked 
| 212|0x000000008d400000, 0x000000008d400000, 0x000000008d500000|  0%| F|  |TAMS 0x000000008d400000, 0x000000008d400000| Untracked 
| 213|0x000000008d500000, 0x000000008d500000, 0x000000008d600000|  0%| F|  |TAMS 0x000000008d500000, 0x000000008d500000| Untracked 
| 214|0x000000008d600000, 0x000000008d600000, 0x000000008d700000|  0%| F|  |TAMS 0x000000008d600000, 0x000000008d600000| Untracked 
| 215|0x000000008d700000, 0x000000008d700000, 0x000000008d800000|  0%| F|  |TAMS 0x000000008d700000, 0x000000008d700000| Untracked 
| 216|0x000000008d800000, 0x000000008d800000, 0x000000008d900000|  0%| F|  |TAMS 0x000000008d800000, 0x000000008d800000| Untracked 
| 217|0x000000008d900000, 0x000000008d900000, 0x000000008da00000|  0%| F|  |TAMS 0x000000008d900000, 0x000000008d900000| Untracked 
| 218|0x000000008da00000, 0x000000008da00000, 0x000000008db00000|  0%| F|  |TAMS 0x000000008da00000, 0x000000008da00000| Untracked 
| 219|0x000000008db00000, 0x000000008db00000, 0x000000008dc00000|  0%| F|  |TAMS 0x000000008db00000, 0x000000008db00000| Untracked 
| 220|0x000000008dc00000, 0x000000008dc00000, 0x000000008dd00000|  0%| F|  |TAMS 0x000000008dc00000, 0x000000008dc00000| Untracked 
| 221|0x000000008dd00000, 0x000000008dd00000, 0x000000008de00000|  0%| F|  |TAMS 0x000000008dd00000, 0x000000008dd00000| Untracked 
| 222|0x000000008de00000, 0x000000008de00000, 0x000000008df00000|  0%| F|  |TAMS 0x000000008de00000, 0x000000008de00000| Untracked 
| 223|0x000000008df00000, 0x000000008df00000, 0x000000008e000000|  0%| F|  |TAMS 0x000000008df00000, 0x000000008df00000| Untracked 
| 224|0x000000008e000000, 0x000000008e000000, 0x000000008e100000|  0%| F|  |TAMS 0x000000008e000000, 0x000000008e000000| Untracked 
| 225|0x000000008e100000, 0x000000008e100000, 0x000000008e200000|  0%| F|  |TAMS 0x000000008e100000, 0x000000008e100000| Untracked 
| 226|0x000000008e200000, 0x000000008e200000, 0x000000008e300000|  0%| F|  |TAMS 0x000000008e200000, 0x000000008e200000| Untracked 
| 227|0x000000008e300000, 0x000000008e300000, 0x000000008e400000|  0%| F|  |TAMS 0x000000008e300000, 0x000000008e300000| Untracked 
| 228|0x000000008e400000, 0x000000008e400000, 0x000000008e500000|  0%| F|  |TAMS 0x000000008e400000, 0x000000008e400000| Untracked 
| 229|0x000000008e500000, 0x000000008e500000, 0x000000008e600000|  0%| F|  |TAMS 0x000000008e500000, 0x000000008e500000| Untracked 
| 230|0x000000008e600000, 0x000000008e600000, 0x000000008e700000|  0%| F|  |TAMS 0x000000008e600000, 0x000000008e600000| Untracked 
| 231|0x000000008e700000, 0x000000008e700000, 0x000000008e800000|  0%| F|  |TAMS 0x000000008e700000, 0x000000008e700000| Untracked 
| 232|0x000000008e800000, 0x000000008e800000, 0x000000008e900000|  0%| F|  |TAMS 0x000000008e800000, 0x000000008e800000| Untracked 
| 233|0x000000008e900000, 0x000000008e900000, 0x000000008ea00000|  0%| F|  |TAMS 0x000000008e900000, 0x000000008e900000| Untracked 
| 234|0x000000008ea00000, 0x000000008ea00000, 0x000000008eb00000|  0%| F|  |TAMS 0x000000008ea00000, 0x000000008ea00000| Untracked 
| 235|0x000000008eb00000, 0x000000008eb00000, 0x000000008ec00000|  0%| F|  |TAMS 0x000000008eb00000, 0x000000008eb00000| Untracked 
| 236|0x000000008ec00000, 0x000000008ec00000, 0x000000008ed00000|  0%| F|  |TAMS 0x000000008ec00000, 0x000000008ec00000| Untracked 
| 237|0x000000008ed00000, 0x000000008ed00000, 0x000000008ee00000|  0%| F|  |TAMS 0x000000008ed00000, 0x000000008ed00000| Untracked 
| 238|0x000000008ee00000, 0x000000008ee00000, 0x000000008ef00000|  0%| F|  |TAMS 0x000000008ee00000, 0x000000008ee00000| Untracked 
| 239|0x000000008ef00000, 0x000000008ef00000, 0x000000008f000000|  0%| F|  |TAMS 0x000000008ef00000, 0x000000008ef00000| Untracked 
| 240|0x000000008f000000, 0x000000008f000000, 0x000000008f100000|  0%| F|  |TAMS 0x000000008f000000, 0x000000008f000000| Untracked 
| 241|0x000000008f100000, 0x000000008f100000, 0x000000008f200000|  0%| F|  |TAMS 0x000000008f100000, 0x000000008f100000| Untracked 
| 242|0x000000008f200000, 0x000000008f200000, 0x000000008f300000|  0%| F|  |TAMS 0x000000008f200000, 0x000000008f200000| Untracked 
| 243|0x000000008f300000, 0x000000008f300000, 0x000000008f400000|  0%| F|  |TAMS 0x000000008f300000, 0x000000008f300000| Untracked 
| 244|0x000000008f400000, 0x000000008f400000, 0x000000008f500000|  0%| F|  |TAMS 0x000000008f400000, 0x000000008f400000| Untracked 
| 245|0x000000008f500000, 0x000000008f500000, 0x000000008f600000|  0%| F|  |TAMS 0x000000008f500000, 0x000000008f500000| Untracked 
| 246|0x000000008f600000, 0x000000008f600000, 0x000000008f700000|  0%| F|  |TAMS 0x000000008f600000, 0x000000008f600000| Untracked 
| 247|0x000000008f700000, 0x000000008f700000, 0x000000008f800000|  0%| F|  |TAMS 0x000000008f700000, 0x000000008f700000| Untracked 
| 248|0x000000008f800000, 0x000000008f800000, 0x000000008f900000|  0%| F|  |TAMS 0x000000008f800000, 0x000000008f800000| Untracked 
| 249|0x000000008f900000, 0x000000008f900000, 0x000000008fa00000|  0%| F|  |TAMS 0x000000008f900000, 0x000000008f900000| Untracked 
| 250|0x000000008fa00000, 0x000000008fa00000, 0x000000008fb00000|  0%| F|  |TAMS 0x000000008fa00000, 0x000000008fa00000| Untracked 
| 251|0x000000008fb00000, 0x000000008fb00000, 0x000000008fc00000|  0%| F|  |TAMS 0x000000008fb00000, 0x000000008fb00000| Untracked 
| 252|0x000000008fc00000, 0x000000008fc00000, 0x000000008fd00000|  0%| F|  |TAMS 0x000000008fc00000, 0x000000008fc00000| Untracked 
| 253|0x000000008fd00000, 0x000000008fd00000, 0x000000008fe00000|  0%| F|  |TAMS 0x000000008fd00000, 0x000000008fd00000| Untracked 
| 254|0x000000008fe00000, 0x000000008fe00000, 0x000000008ff00000|  0%| F|  |TAMS 0x000000008fe00000, 0x000000008fe00000| Untracked 
| 255|0x000000008ff00000, 0x000000008ff00000, 0x0000000090000000|  0%| F|  |TAMS 0x000000008ff00000, 0x000000008ff00000| Untracked 
| 256|0x0000000090000000, 0x0000000090000000, 0x0000000090100000|  0%| F|  |TAMS 0x0000000090000000, 0x0000000090000000| Untracked 
| 257|0x0000000090100000, 0x0000000090100000, 0x0000000090200000|  0%| F|  |TAMS 0x0000000090100000, 0x0000000090100000| Untracked 
| 258|0x0000000090200000, 0x0000000090200000, 0x0000000090300000|  0%| F|  |TAMS 0x0000000090200000, 0x0000000090200000| Untracked 
| 259|0x0000000090300000, 0x0000000090300000, 0x0000000090400000|  0%| F|  |TAMS 0x0000000090300000, 0x0000000090300000| Untracked 
| 260|0x0000000090400000, 0x0000000090400000, 0x0000000090500000|  0%| F|  |TAMS 0x0000000090400000, 0x0000000090400000| Untracked 
| 261|0x0000000090500000, 0x0000000090500000, 0x0000000090600000|  0%| F|  |TAMS 0x0000000090500000, 0x0000000090500000| Untracked 
| 262|0x0000000090600000, 0x0000000090600000, 0x0000000090700000|  0%| F|  |TAMS 0x0000000090600000, 0x0000000090600000| Untracked 
| 263|0x0000000090700000, 0x0000000090700000, 0x0000000090800000|  0%| F|  |TAMS 0x0000000090700000, 0x0000000090700000| Untracked 
| 264|0x0000000090800000, 0x0000000090800000, 0x0000000090900000|  0%| F|  |TAMS 0x0000000090800000, 0x0000000090800000| Untracked 
| 265|0x0000000090900000, 0x0000000090900000, 0x0000000090a00000|  0%| F|  |TAMS 0x0000000090900000, 0x0000000090900000| Untracked 
| 266|0x0000000090a00000, 0x0000000090a00000, 0x0000000090b00000|  0%| F|  |TAMS 0x0000000090a00000, 0x0000000090a00000| Untracked 
| 267|0x0000000090b00000, 0x0000000090b00000, 0x0000000090c00000|  0%| F|  |TAMS 0x0000000090b00000, 0x0000000090b00000| Untracked 
| 268|0x0000000090c00000, 0x0000000090c00000, 0x0000000090d00000|  0%| F|  |TAMS 0x0000000090c00000, 0x0000000090c00000| Untracked 
| 269|0x0000000090d00000, 0x0000000090d00000, 0x0000000090e00000|  0%| F|  |TAMS 0x0000000090d00000, 0x0000000090d00000| Untracked 
| 270|0x0000000090e00000, 0x0000000090e00000, 0x0000000090f00000|  0%| F|  |TAMS 0x0000000090e00000, 0x0000000090e00000| Untracked 
| 271|0x0000000090f00000, 0x0000000090f00000, 0x0000000091000000|  0%| F|  |TAMS 0x0000000090f00000, 0x0000000090f00000| Untracked 
| 272|0x0000000091000000, 0x0000000091000000, 0x0000000091100000|  0%| F|  |TAMS 0x0000000091000000, 0x0000000091000000| Untracked 
| 273|0x0000000091100000, 0x0000000091100000, 0x0000000091200000|  0%| F|  |TAMS 0x0000000091100000, 0x0000000091100000| Untracked 
| 274|0x0000000091200000, 0x0000000091200000, 0x0000000091300000|  0%| F|  |TAMS 0x0000000091200000, 0x0000000091200000| Untracked 
| 275|0x0000000091300000, 0x0000000091300000, 0x0000000091400000|  0%| F|  |TAMS 0x0000000091300000, 0x0000000091300000| Untracked 
| 276|0x0000000091400000, 0x0000000091400000, 0x0000000091500000|  0%| F|  |TAMS 0x0000000091400000, 0x0000000091400000| Untracked 
| 277|0x0000000091500000, 0x0000000091500000, 0x0000000091600000|  0%| F|  |TAMS 0x0000000091500000, 0x0000000091500000| Untracked 
| 278|0x0000000091600000, 0x0000000091600000, 0x0000000091700000|  0%| F|  |TAMS 0x0000000091600000, 0x0000000091600000| Untracked 
| 279|0x0000000091700000, 0x0000000091700000, 0x0000000091800000|  0%| F|  |TAMS 0x0000000091700000, 0x0000000091700000| Untracked 
| 280|0x0000000091800000, 0x0000000091800000, 0x0000000091900000|  0%| F|  |TAMS 0x0000000091800000, 0x0000000091800000| Untracked 
| 281|0x0000000091900000, 0x0000000091900000, 0x0000000091a00000|  0%| F|  |TAMS 0x0000000091900000, 0x0000000091900000| Untracked 
| 282|0x0000000091a00000, 0x0000000091a00000, 0x0000000091b00000|  0%| F|  |TAMS 0x0000000091a00000, 0x0000000091a00000| Untracked 
| 283|0x0000000091b00000, 0x0000000091b00000, 0x0000000091c00000|  0%| F|  |TAMS 0x0000000091b00000, 0x0000000091b00000| Untracked 
| 284|0x0000000091c00000, 0x0000000091c00000, 0x0000000091d00000|  0%| F|  |TAMS 0x0000000091c00000, 0x0000000091c00000| Untracked 
| 285|0x0000000091d00000, 0x0000000091d00000, 0x0000000091e00000|  0%| F|  |TAMS 0x0000000091d00000, 0x0000000091d00000| Untracked 
| 286|0x0000000091e00000, 0x0000000091e00000, 0x0000000091f00000|  0%| F|  |TAMS 0x0000000091e00000, 0x0000000091e00000| Untracked 
| 287|0x0000000091f00000, 0x0000000091f00000, 0x0000000092000000|  0%| F|  |TAMS 0x0000000091f00000, 0x0000000091f00000| Untracked 
| 288|0x0000000092000000, 0x0000000092000000, 0x0000000092100000|  0%| F|  |TAMS 0x0000000092000000, 0x0000000092000000| Untracked 
| 289|0x0000000092100000, 0x0000000092100000, 0x0000000092200000|  0%| F|  |TAMS 0x0000000092100000, 0x0000000092100000| Untracked 
| 290|0x0000000092200000, 0x0000000092200000, 0x0000000092300000|  0%| F|  |TAMS 0x0000000092200000, 0x0000000092200000| Untracked 
| 291|0x0000000092300000, 0x0000000092300000, 0x0000000092400000|  0%| F|  |TAMS 0x0000000092300000, 0x0000000092300000| Untracked 
| 292|0x0000000092400000, 0x0000000092400000, 0x0000000092500000|  0%| F|  |TAMS 0x0000000092400000, 0x0000000092400000| Untracked 
| 293|0x0000000092500000, 0x0000000092500000, 0x0000000092600000|  0%| F|  |TAMS 0x0000000092500000, 0x0000000092500000| Untracked 
| 294|0x0000000092600000, 0x0000000092600000, 0x0000000092700000|  0%| F|  |TAMS 0x0000000092600000, 0x0000000092600000| Untracked 
| 295|0x0000000092700000, 0x0000000092700000, 0x0000000092800000|  0%| F|  |TAMS 0x0000000092700000, 0x0000000092700000| Untracked 
| 296|0x0000000092800000, 0x0000000092800000, 0x0000000092900000|  0%| F|  |TAMS 0x0000000092800000, 0x0000000092800000| Untracked 
| 297|0x0000000092900000, 0x0000000092900000, 0x0000000092a00000|  0%| F|  |TAMS 0x0000000092900000, 0x0000000092900000| Untracked 
| 298|0x0000000092a00000, 0x0000000092a00000, 0x0000000092b00000|  0%| F|  |TAMS 0x0000000092a00000, 0x0000000092a00000| Untracked 
| 299|0x0000000092b00000, 0x0000000092b00000, 0x0000000092c00000|  0%| F|  |TAMS 0x0000000092b00000, 0x0000000092b00000| Untracked 
| 300|0x0000000092c00000, 0x0000000092c00000, 0x0000000092d00000|  0%| F|  |TAMS 0x0000000092c00000, 0x0000000092c00000| Untracked 
| 301|0x0000000092d00000, 0x0000000092d00000, 0x0000000092e00000|  0%| F|  |TAMS 0x0000000092d00000, 0x0000000092d00000| Untracked 
| 302|0x0000000092e00000, 0x0000000092e00000, 0x0000000092f00000|  0%| F|  |TAMS 0x0000000092e00000, 0x0000000092e00000| Untracked 
| 303|0x0000000092f00000, 0x0000000092f00000, 0x0000000093000000|  0%| F|  |TAMS 0x0000000092f00000, 0x0000000092f00000| Untracked 
| 304|0x0000000093000000, 0x0000000093000000, 0x0000000093100000|  0%| F|  |TAMS 0x0000000093000000, 0x0000000093000000| Untracked 
| 305|0x0000000093100000, 0x0000000093100000, 0x0000000093200000|  0%| F|  |TAMS 0x0000000093100000, 0x0000000093100000| Untracked 
| 306|0x0000000093200000, 0x0000000093200000, 0x0000000093300000|  0%| F|  |TAMS 0x0000000093200000, 0x0000000093200000| Untracked 
| 307|0x0000000093300000, 0x0000000093300000, 0x0000000093400000|  0%| F|  |TAMS 0x0000000093300000, 0x0000000093300000| Untracked 
| 308|0x0000000093400000, 0x0000000093400000, 0x0000000093500000|  0%| F|  |TAMS 0x0000000093400000, 0x0000000093400000| Untracked 
| 309|0x0000000093500000, 0x0000000093500000, 0x0000000093600000|  0%| F|  |TAMS 0x0000000093500000, 0x0000000093500000| Untracked 
| 310|0x0000000093600000, 0x0000000093600000, 0x0000000093700000|  0%| F|  |TAMS 0x0000000093600000, 0x0000000093600000| Untracked 
| 311|0x0000000093700000, 0x0000000093700000, 0x0000000093800000|  0%| F|  |TAMS 0x0000000093700000, 0x0000000093700000| Untracked 
| 312|0x0000000093800000, 0x0000000093800000, 0x0000000093900000|  0%| F|  |TAMS 0x0000000093800000, 0x0000000093800000| Untracked 
| 313|0x0000000093900000, 0x0000000093900000, 0x0000000093a00000|  0%| F|  |TAMS 0x0000000093900000, 0x0000000093900000| Untracked 
| 314|0x0000000093a00000, 0x0000000093a8eca8, 0x0000000093b00000| 55%| S|CS|TAMS 0x0000000093a00000, 0x0000000093a00000| Complete 
| 315|0x0000000093b00000, 0x0000000093b00000, 0x0000000093c00000|  0%| F|  |TAMS 0x0000000093b00000, 0x0000000093b00000| Untracked 
| 316|0x0000000093c00000, 0x0000000093c00000, 0x0000000093d00000|  0%| F|  |TAMS 0x0000000093c00000, 0x0000000093c00000| Untracked 
| 317|0x0000000093d00000, 0x0000000093d00000, 0x0000000093e00000|  0%| F|  |TAMS 0x0000000093d00000, 0x0000000093d00000| Untracked 

Card table byte_map: [0x000001fe185f0000,0x000001fe189f0000] _byte_map_base: 0x000001fe181f0000

Marking Bits (Prev, Next): (CMBitMap*) 0x000001fe05d778d0, (CMBitMap*) 0x000001fe05d77910
 Prev Bits: [0x000001fe18df0000, 0x000001fe1adf0000)
 Next Bits: [0x000001fe1adf0000, 0x000001fe1cdf0000)

Polling page: 0x000001fe054f0000

Metaspace:

Usage:
  Non-class:    113.40 MB used.
      Class:     17.30 MB used.
       Both:    130.70 MB used.

Virtual space:
  Non-class space:      120.00 MB reserved,     113.94 MB ( 95%) committed,  15 nodes.
      Class space:        1.00 GB reserved,      17.75 MB (  2%) committed,  1 nodes.
             Both:        1.12 GB reserved,     131.69 MB ( 12%) committed. 

Chunk freelists:
   Non-Class:  1.67 MB
       Class:  2.15 MB
        Both:  3.81 MB

MaxMetaspaceSize: unlimited
CompressedClassSpaceSize: 1.00 GB
Initial GC threshold: 21.00 MB
Current GC threshold: 218.56 MB
CDS: off
MetaspaceReclaimPolicy: balanced
 - commit_granule_bytes: 65536.
 - commit_granule_words: 8192.
 - virtual_space_node_default_size: 1048576.
 - enlarge_chunks_in_place: 1.
 - new_chunks_are_fully_committed: 0.
 - uncommit_free_chunks: 1.
 - use_allocation_guard: 0.
 - handle_deallocations: 1.


Internal statistics:

num_allocs_failed_limit: 6.
num_arena_births: 1716.
num_arena_deaths: 30.
num_vsnodes_births: 16.
num_vsnodes_deaths: 0.
num_space_committed: 2106.
num_space_uncommitted: 0.
num_chunks_returned_to_freelist: 46.
num_chunks_taken_from_freelist: 6890.
num_chunk_merges: 14.
num_chunk_splits: 4558.
num_chunks_enlarged: 3031.
num_purges: 4.
num_inconsistent_stats: 0.

CodeHeap 'non-profiled nmethods': size=120000Kb used=14960Kb max_used=14960Kb free=105039Kb
 bounds [0x000001fe10cc0000, 0x000001fe11b60000, 0x000001fe181f0000]
CodeHeap 'profiled nmethods': size=120000Kb used=41302Kb max_used=41426Kb free=78697Kb
 bounds [0x000001fe091f0000, 0x000001fe0ba90000, 0x000001fe10720000]
CodeHeap 'non-nmethods': size=5760Kb used=2469Kb max_used=2532Kb free=3290Kb
 bounds [0x000001fe10720000, 0x000001fe109b0000, 0x000001fe10cc0000]
 total_blobs=21096 nmethods=20098 adapters=908
 compilation: enabled
              stopped_count=0, restarted_count=0
 full_count=0

Compilation events (20 events):
Event: 779.103 Thread 0x000001fe1fd0d5c0 25013       3       sun.security.jca.GetInstance::getInstance (28 bytes)
Event: 779.103 Thread 0x000001fe1fd0d5c0 nmethod 25013 0x000001fe0982ea10 code [0x000001fe0982ebe0, 0x000001fe0982eff8]
Event: 779.103 Thread 0x000001fe1fd0d5c0 25014       3       sun.security.jca.GetInstance::checkSuperClass (68 bytes)
Event: 779.104 Thread 0x000001fe1fd0d5c0 nmethod 25014 0x000001fe0aa4de90 code [0x000001fe0aa4e120, 0x000001fe0aa4ea88]
Event: 779.104 Thread 0x000001fe1fd0d5c0 25015       3       sun.security.jca.GetInstance$Instance::<init> (15 bytes)
Event: 779.104 Thread 0x000001fe1fd0d5c0 nmethod 25015 0x000001fe098d0e10 code [0x000001fe098d0fc0, 0x000001fe098d11d8]
Event: 779.214 Thread 0x000001fe1fd0d5c0 25016       3       java.math.BigInteger::<init> (77 bytes)
Event: 779.215 Thread 0x000001fe1fd0d5c0 nmethod 25016 0x000001fe0aa4d710 code [0x000001fe0aa4d8c0, 0x000001fe0aa4dd58]
Event: 779.227 Thread 0x000001fe1fd0d5c0 25017       3       java.util.Formatter::parse (216 bytes)
Event: 779.233 Thread 0x000001fe1fd0d5c0 nmethod 25017 0x000001fe0a9fbf90 code [0x000001fe0a9fc480, 0x000001fe0a9ff028]
Event: 779.238 Thread 0x000001fe1fd0c470 25018       4       com.android.zipflinger.Entry::<init> (32 bytes)
Event: 779.240 Thread 0x000001fe1fd0c470 nmethod 25018 0x000001fe11b5bc10 code [0x000001fe11b5bda0, 0x000001fe11b5c178]
Event: 779.240 Thread 0x000001fe1fd0c470 25019       4       com.android.zipflinger.ZipMap::parseCentralDirectoryRecord (533 bytes)
Event: 779.265 Thread 0x000001fe1fd0d5c0 25020       3       com.android.zipflinger.NoCopyByteArrayOutputStream::<init> (6 bytes)
Event: 779.266 Thread 0x000001fe1fd0d5c0 nmethod 25020 0x000001fe0b19dd90 code [0x000001fe0b19df20, 0x000001fe0b19e068]
Event: 779.267 Thread 0x000001fe1fd0d5c0 25021       3       com.android.zipflinger.NoCopyByteArrayOutputStream::getByteBuffer (13 bytes)
Event: 779.267 Thread 0x000001fe1fd0d5c0 nmethod 25021 0x000001fe0b25ec10 code [0x000001fe0b25eda0, 0x000001fe0b25eee8]
Event: 779.267 Thread 0x000001fe1fd0d5c0 25022       3       com.android.zipflinger.ZipArchive::add (37 bytes)
Event: 779.268 Thread 0x000001fe1fd0d5c0 nmethod 25022 0x000001fe0b3d8e10 code [0x000001fe0b3d9080, 0x000001fe0b3d9bc8]
Event: 779.273 Thread 0x000001fe1fd0d5c0 25023       3       java.util.concurrent.ThreadLocalRandom::getProbe (13 bytes)

GC Heap History (20 events):
Event: 284.435 GC heap after
{Heap after GC invocations=71 (full 0):
 garbage-first heap   total 325632K, used 115074K [0x0000000080000000, 0x0000000100000000)
  region size 1024K, 2 young (2048K), 2 survivors (2048K)
 Metaspace       used 132003K, committed 132800K, reserved 1171456K
  class space    used 17641K, committed 18048K, reserved 1048576K
}
Event: 285.403 GC heap before
{Heap before GC invocations=71 (full 0):
 garbage-first heap   total 325632K, used 132482K [0x0000000080000000, 0x0000000100000000)
  region size 1024K, 21 young (21504K), 2 survivors (2048K)
 Metaspace       used 132140K, committed 132992K, reserved 1171456K
  class space    used 17646K, committed 18048K, reserved 1048576K
}
Event: 285.411 GC heap after
{Heap after GC invocations=72 (full 0):
 garbage-first heap   total 325632K, used 115220K [0x0000000080000000, 0x0000000100000000)
  region size 1024K, 2 young (2048K), 2 survivors (2048K)
 Metaspace       used 132140K, committed 132992K, reserved 1171456K
  class space    used 17646K, committed 18048K, reserved 1048576K
}
Event: 408.065 GC heap before
{Heap before GC invocations=73 (full 0):
 garbage-first heap   total 325632K, used 269844K [0x0000000080000000, 0x0000000100000000)
  region size 1024K, 135 young (138240K), 2 survivors (2048K)
 Metaspace       used 132679K, committed 133632K, reserved 1171456K
  class space    used 17687K, committed 18176K, reserved 1048576K
}
Event: 408.130 GC heap after
{Heap after GC invocations=74 (full 0):
 garbage-first heap   total 325632K, used 124313K [0x0000000080000000, 0x0000000100000000)
  region size 1024K, 9 young (9216K), 9 survivors (9216K)
 Metaspace       used 132679K, committed 133632K, reserved 1171456K
  class space    used 17687K, committed 18176K, reserved 1048576K
}
Event: 408.387 GC heap before
{Heap before GC invocations=74 (full 0):
 garbage-first heap   total 325632K, used 130457K [0x0000000080000000, 0x0000000100000000)
  region size 1024K, 15 young (15360K), 9 survivors (9216K)
 Metaspace       used 132692K, committed 133696K, reserved 1171456K
  class space    used 17687K, committed 18176K, reserved 1048576K
}
Event: 408.443 GC heap after
{Heap after GC invocations=75 (full 0):
 garbage-first heap   total 325632K, used 116042K [0x0000000080000000, 0x0000000100000000)
  region size 1024K, 1 young (1024K), 1 survivors (1024K)
 Metaspace       used 132692K, committed 133696K, reserved 1171456K
  class space    used 17687K, committed 18176K, reserved 1048576K
}
Event: 409.041 GC heap before
{Heap before GC invocations=75 (full 0):
 garbage-first heap   total 325632K, used 131402K [0x0000000080000000, 0x0000000100000000)
  region size 1024K, 17 young (17408K), 1 survivors (1024K)
 Metaspace       used 132785K, committed 133760K, reserved 1171456K
  class space    used 17694K, committed 18176K, reserved 1048576K
}
Event: 409.052 GC heap after
{Heap after GC invocations=76 (full 0):
 garbage-first heap   total 325632K, used 116337K [0x0000000080000000, 0x0000000100000000)
  region size 1024K, 2 young (2048K), 2 survivors (2048K)
 Metaspace       used 132785K, committed 133760K, reserved 1171456K
  class space    used 17694K, committed 18176K, reserved 1048576K
}
Event: 523.607 GC heap before
{Heap before GC invocations=77 (full 0):
 garbage-first heap   total 325632K, used 279153K [0x0000000080000000, 0x0000000100000000)
  region size 1024K, 142 young (145408K), 2 survivors (2048K)
 Metaspace       used 133237K, committed 134208K, reserved 1171456K
  class space    used 17696K, committed 18176K, reserved 1048576K
}
Event: 523.672 GC heap after
{Heap after GC invocations=78 (full 0):
 garbage-first heap   total 325632K, used 126302K [0x0000000080000000, 0x0000000100000000)
  region size 1024K, 10 young (10240K), 10 survivors (10240K)
 Metaspace       used 133237K, committed 134208K, reserved 1171456K
  class space    used 17696K, committed 18176K, reserved 1048576K
}
Event: 524.105 GC heap before
{Heap before GC invocations=78 (full 0):
 garbage-first heap   total 325632K, used 130398K [0x0000000080000000, 0x0000000100000000)
  region size 1024K, 15 young (15360K), 10 survivors (10240K)
 Metaspace       used 133285K, committed 134272K, reserved 1171456K
  class space    used 17697K, committed 18176K, reserved 1048576K
}
Event: 524.183 GC heap after
{Heap after GC invocations=79 (full 0):
 garbage-first heap   total 325632K, used 117716K [0x0000000080000000, 0x0000000100000000)
  region size 1024K, 2 young (2048K), 2 survivors (2048K)
 Metaspace       used 133285K, committed 134272K, reserved 1171456K
  class space    used 17697K, committed 18176K, reserved 1048576K
}
Event: 524.287 GC heap before
{Heap before GC invocations=79 (full 0):
 garbage-first heap   total 325632K, used 121812K [0x0000000080000000, 0x0000000100000000)
  region size 1024K, 8 young (8192K), 2 survivors (2048K)
 Metaspace       used 133308K, committed 134272K, reserved 1171456K
  class space    used 17697K, committed 18176K, reserved 1048576K
}
Event: 524.296 GC heap after
{Heap after GC invocations=80 (full 0):
 garbage-first heap   total 325632K, used 117116K [0x0000000080000000, 0x0000000100000000)
  region size 1024K, 1 young (1024K), 1 survivors (1024K)
 Metaspace       used 133308K, committed 134272K, reserved 1171456K
  class space    used 17697K, committed 18176K, reserved 1048576K
}
Event: 778.794 GC heap before
{Heap before GC invocations=81 (full 0):
 garbage-first heap   total 325632K, used 286076K [0x0000000080000000, 0x0000000100000000)
  region size 1024K, 148 young (151552K), 1 survivors (1024K)
 Metaspace       used 133796K, committed 134720K, reserved 1171456K
  class space    used 17709K, committed 18176K, reserved 1048576K
}
Event: 778.862 GC heap after
{Heap after GC invocations=82 (full 0):
 garbage-first heap   total 325632K, used 127058K [0x0000000080000000, 0x0000000100000000)
  region size 1024K, 9 young (9216K), 9 survivors (9216K)
 Metaspace       used 133796K, committed 134720K, reserved 1171456K
  class space    used 17709K, committed 18176K, reserved 1048576K
}
Event: 779.136 GC heap before
{Heap before GC invocations=82 (full 0):
 garbage-first heap   total 325632K, used 132178K [0x0000000080000000, 0x0000000100000000)
  region size 1024K, 15 young (15360K), 9 survivors (9216K)
 Metaspace       used 133829K, committed 134784K, reserved 1171456K
  class space    used 17710K, committed 18176K, reserved 1048576K
}
Event: 779.210 GC heap after
{Heap after GC invocations=83 (full 0):
 garbage-first heap   total 325632K, used 118445K [0x0000000080000000, 0x0000000100000000)
  region size 1024K, 1 young (1024K), 1 survivors (1024K)
 Metaspace       used 133829K, committed 134784K, reserved 1171456K
  class space    used 17710K, committed 18176K, reserved 1048576K
}
Event: 779.273 GC heap before
{Heap before GC invocations=83 (full 0):
 garbage-first heap   total 325632K, used 119469K [0x0000000080000000, 0x0000000100000000)
  region size 1024K, 4 young (4096K), 1 survivors (1024K)
 Metaspace       used 133835K, committed 134848K, reserved 1171456K
  class space    used 17710K, committed 18176K, reserved 1048576K
}

Dll operation events (2 events):
Event: 0.016 Loaded shared library C:\Program Files\Android\Android Studio\jbr\bin\java.dll
Event: 0.755 Loaded shared library C:\Program Files\Android\Android Studio\jbr\bin\verify.dll

Deoptimization events (20 events):
Event: 776.342 Thread 0x000001fe241a9360 Uncommon trap: trap_request=0xffffffbe fr.pc=0x000001fe11a7894c relative=0x000000000000042c
Event: 776.342 Thread 0x000001fe241a9360 Uncommon trap: reason=profile_predicate action=maybe_recompile pc=0x000001fe11a7894c method=java.util.HashMap.keysToArray([Ljava/lang/Object;)[Ljava/lang/Object; @ 32 c2
Event: 776.342 Thread 0x000001fe241a9360 DEOPT PACKING pc=0x000001fe11a7894c sp=0x0000004456cfc210
Event: 776.343 Thread 0x000001fe241a9360 DEOPT UNPACKING pc=0x000001fe1077a1a3 sp=0x0000004456cfc1c0 mode 2
Event: 776.395 Thread 0x000001fe241a9360 Uncommon trap: trap_request=0xffffffbe fr.pc=0x000001fe11a7894c relative=0x000000000000042c
Event: 776.395 Thread 0x000001fe241a9360 Uncommon trap: reason=profile_predicate action=maybe_recompile pc=0x000001fe11a7894c method=java.util.HashMap.keysToArray([Ljava/lang/Object;)[Ljava/lang/Object; @ 32 c2
Event: 776.395 Thread 0x000001fe241a9360 DEOPT PACKING pc=0x000001fe11a7894c sp=0x0000004456cfd050
Event: 776.397 Thread 0x000001fe241a9360 DEOPT UNPACKING pc=0x000001fe1077a1a3 sp=0x0000004456cfd000 mode 2
Event: 776.861 Thread 0x000001fe241a9360 DEOPT PACKING pc=0x000001fe0a9935e8 sp=0x0000004456cf91b0
Event: 776.861 Thread 0x000001fe241a9360 DEOPT UNPACKING pc=0x000001fe1077ace3 sp=0x0000004456cf8640 mode 0
Event: 776.931 Thread 0x000001fe241a9360 DEOPT PACKING pc=0x000001fe0b47c5d9 sp=0x0000004456cf8c70
Event: 776.932 Thread 0x000001fe241a9360 DEOPT UNPACKING pc=0x000001fe1077ace3 sp=0x0000004456cf81e0 mode 0
Event: 777.503 Thread 0x000001fe241a9360 DEOPT PACKING pc=0x000001fe0a49d917 sp=0x0000004456cf8980
Event: 777.503 Thread 0x000001fe241a9360 DEOPT UNPACKING pc=0x000001fe1077ace3 sp=0x0000004456cf7ec0 mode 0
Event: 778.897 Thread 0x000001fe240e1320 DEOPT PACKING pc=0x000001fe0b02e698 sp=0x00000044576fd1e0
Event: 778.897 Thread 0x000001fe240e1320 DEOPT UNPACKING pc=0x000001fe1077ace3 sp=0x00000044576fc698 mode 0
Event: 778.897 Thread 0x000001fe240e1320 Uncommon trap: trap_request=0xffffffd6 fr.pc=0x000001fe1150f090 relative=0x0000000000001790
Event: 778.897 Thread 0x000001fe240e1320 Uncommon trap: reason=array_check action=maybe_recompile pc=0x000001fe1150f090 method=java.util.TimSort.mergeHi(IIII)V @ 101 c2
Event: 778.897 Thread 0x000001fe240e1320 DEOPT PACKING pc=0x000001fe1150f090 sp=0x00000044576fd0e0
Event: 778.897 Thread 0x000001fe240e1320 DEOPT UNPACKING pc=0x000001fe1077a1a3 sp=0x00000044576fd0b8 mode 2

Classes unloaded (15 events):
Event: 58.067 Thread 0x000001fe1f2da7e0 Unloading class 0x0000000100fddc00 'java/lang/invoke/LambdaForm$DMH+0x0000000100fddc00'
Event: 58.067 Thread 0x000001fe1f2da7e0 Unloading class 0x0000000100fdd800 'java/lang/invoke/LambdaForm$DMH+0x0000000100fdd800'
Event: 58.067 Thread 0x000001fe1f2da7e0 Unloading class 0x0000000100fdd400 'java/lang/invoke/LambdaForm$DMH+0x0000000100fdd400'
Event: 58.067 Thread 0x000001fe1f2da7e0 Unloading class 0x0000000100fdcc00 'java/lang/invoke/LambdaForm$DMH+0x0000000100fdcc00'
Event: 58.067 Thread 0x000001fe1f2da7e0 Unloading class 0x0000000100fdc800 'java/lang/invoke/LambdaForm$DMH+0x0000000100fdc800'
Event: 58.067 Thread 0x000001fe1f2da7e0 Unloading class 0x0000000100fdc400 'java/lang/invoke/LambdaForm$DMH+0x0000000100fdc400'
Event: 58.067 Thread 0x000001fe1f2da7e0 Unloading class 0x0000000100f9c800 'java/lang/invoke/LambdaForm$DMH+0x0000000100f9c800'
Event: 58.067 Thread 0x000001fe1f2da7e0 Unloading class 0x0000000100f9c400 'java/lang/invoke/LambdaForm$DMH+0x0000000100f9c400'
Event: 58.067 Thread 0x000001fe1f2da7e0 Unloading class 0x0000000100ea6800 'jdk/internal/reflect/GeneratedSerializationConstructorAccessor100'
Event: 182.212 Thread 0x000001fe1f2da7e0 Unloading class 0x0000000101158000 'java/lang/invoke/LambdaForm$DMH+0x0000000101158000'
Event: 182.213 Thread 0x000001fe1f2da7e0 Unloading class 0x00000001010cd800 'java/lang/invoke/LambdaForm$DMH+0x00000001010cd800'
Event: 182.213 Thread 0x000001fe1f2da7e0 Unloading class 0x0000000101088c00 'java/lang/invoke/LambdaForm$DMH+0x0000000101088c00'
Event: 182.213 Thread 0x000001fe1f2da7e0 Unloading class 0x0000000101088000 'java/lang/invoke/LambdaForm$DMH+0x0000000101088000'
Event: 182.213 Thread 0x000001fe1f2da7e0 Unloading class 0x0000000101088800 'java/lang/invoke/LambdaForm$DMH+0x0000000101088800'
Event: 182.213 Thread 0x000001fe1f2da7e0 Unloading class 0x0000000101064400 'java/lang/invoke/LambdaForm$DMH+0x0000000101064400'

Classes redefined (0 events):
No events

Internal exceptions (20 events):
Event: 778.194 Thread 0x000001fe241a9360 Exception <a 'sun/nio/fs/WindowsException'{0x000000008bae4188}> (0x000000008bae4188) 
thrown [s\src\hotspot\share\prims\jni.cpp, line 517]
Event: 778.195 Thread 0x000001fe241a9360 Exception <a 'sun/nio/fs/WindowsException'{0x000000008bae5cd0}> (0x000000008bae5cd0) 
thrown [s\src\hotspot\share\prims\jni.cpp, line 517]
Event: 778.196 Thread 0x000001fe241a9360 Exception <a 'sun/nio/fs/WindowsException'{0x000000008bae7818}> (0x000000008bae7818) 
thrown [s\src\hotspot\share\prims\jni.cpp, line 517]
Event: 778.197 Thread 0x000001fe241a9360 Exception <a 'sun/nio/fs/WindowsException'{0x000000008bae9360}> (0x000000008bae9360) 
thrown [s\src\hotspot\share\prims\jni.cpp, line 517]
Event: 778.198 Thread 0x000001fe241a9360 Exception <a 'sun/nio/fs/WindowsException'{0x000000008baeae90}> (0x000000008baeae90) 
thrown [s\src\hotspot\share\prims\jni.cpp, line 517]
Event: 778.266 Thread 0x000001fe241a9360 Exception <a 'sun/nio/fs/WindowsException'{0x000000008b7d62c0}> (0x000000008b7d62c0) 
thrown [s\src\hotspot\share\prims\jni.cpp, line 517]
Event: 778.284 Thread 0x000001fe241a9360 Exception <a 'sun/nio/fs/WindowsException'{0x000000008b6a1078}> (0x000000008b6a1078) 
thrown [s\src\hotspot\share\prims\jni.cpp, line 517]
Event: 778.474 Thread 0x000001fe241ab510 Exception <a 'sun/nio/fs/WindowsException'{0x000000008b02b6e0}> (0x000000008b02b6e0) 
thrown [s\src\hotspot\share\prims\jni.cpp, line 517]
Event: 778.678 Thread 0x000001fe241ab510 Exception <a 'sun/nio/fs/WindowsException'{0x000000008ac7add8}> (0x000000008ac7add8) 
thrown [s\src\hotspot\share\prims\jni.cpp, line 517]
Event: 778.683 Thread 0x000001fe241ab510 Exception <a 'sun/nio/fs/WindowsException'{0x000000008ac80998}> (0x000000008ac80998) 
thrown [s\src\hotspot\share\prims\jni.cpp, line 517]
Event: 778.712 Thread 0x000001fe241aab70 Exception <a 'sun/nio/fs/WindowsException'{0x000000008ab52578}> (0x000000008ab52578) 
thrown [s\src\hotspot\share\prims\jni.cpp, line 517]
Event: 778.720 Thread 0x000001fe241aab70 Exception <a 'sun/nio/fs/WindowsException'{0x000000008aa3b3c8}> (0x000000008aa3b3c8) 
thrown [s\src\hotspot\share\prims\jni.cpp, line 517]
Event: 778.751 Thread 0x000001fe241ab040 Exception <a 'sun/nio/fs/WindowsException'{0x000000008aa53228}> (0x000000008aa53228) 
thrown [s\src\hotspot\share\prims\jni.cpp, line 517]
Event: 778.751 Thread 0x000001fe241ab040 Exception <a 'sun/nio/fs/WindowsException'{0x000000008aa53558}> (0x000000008aa53558) 
thrown [s\src\hotspot\share\prims\jni.cpp, line 517]
Event: 778.755 Thread 0x000001fe241ab040 Exception <a 'sun/nio/fs/WindowsException'{0x000000008aa5a6b8}> (0x000000008aa5a6b8) 
thrown [s\src\hotspot\share\prims\jni.cpp, line 517]
Event: 778.755 Thread 0x000001fe241ab040 Exception <a 'sun/nio/fs/WindowsException'{0x000000008aa5a9e8}> (0x000000008aa5a9e8) 
thrown [s\src\hotspot\share\prims\jni.cpp, line 517]
Event: 778.758 Thread 0x000001fe240e2660 Exception <a 'sun/nio/fs/WindowsException'{0x000000008aaac068}> (0x000000008aaac068) 
thrown [s\src\hotspot\share\prims\jni.cpp, line 517]
Event: 778.867 Thread 0x000001fe240e1320 Exception <a 'sun/nio/fs/WindowsException'{0x0000000093d3c2a0}> (0x0000000093d3c2a0) 
thrown [s\src\hotspot\share\prims\jni.cpp, line 517]
Event: 778.873 Thread 0x000001fe240e2660 Exception <a 'sun/nio/fs/WindowsException'{0x0000000093dd99f0}> (0x0000000093dd99f0) 
thrown [s\src\hotspot\share\prims\jni.cpp, line 517]
Event: 778.923 Thread 0x000001fe240e1320 Exception <a 'sun/nio/fs/WindowsException'{0x0000000093a6e630}> (0x0000000093a6e630) 
thrown [s\src\hotspot\share\prims\jni.cpp, line 517]

VM Operations (20 events):
Event: 711.921 Executing VM operation: Cleanup done
Event: 714.946 Executing VM operation: Cleanup
Event: 714.946 Executing VM operation: Cleanup done
Event: 773.343 Executing VM operation: Cleanup
Event: 773.344 Executing VM operation: Cleanup done
Event: 774.353 Executing VM operation: Cleanup
Event: 774.355 Executing VM operation: Cleanup done
Event: 775.364 Executing VM operation: Cleanup
Event: 775.365 Executing VM operation: Cleanup done
Event: 776.380 Executing VM operation: Cleanup
Event: 776.383 Executing VM operation: Cleanup done
Event: 777.393 Executing VM operation: Cleanup
Event: 777.393 Executing VM operation: Cleanup done
Event: 778.404 Executing VM operation: Cleanup
Event: 778.404 Executing VM operation: Cleanup done
Event: 778.792 Executing VM operation: G1CollectForAllocation
Event: 778.863 Executing VM operation: G1CollectForAllocation done
Event: 779.136 Executing VM operation: G1CollectForAllocation
Event: 779.211 Executing VM operation: G1CollectForAllocation done
Event: 779.273 Executing VM operation: G1TryInitiateConcMark

Events (20 events):
Event: 774.226 Thread 0x000001fe241a89c0 Thread added: 0x000001fe241a89c0
Event: 774.226 Thread 0x000001fe241aa1d0 Thread added: 0x000001fe241aa1d0
Event: 774.472 Thread 0x000001fe2b620cb0 Thread added: 0x000001fe2b620cb0
Event: 775.565 Thread 0x000001fe241aab70 Thread added: 0x000001fe241aab70
Event: 775.567 Thread 0x000001fe241a8e90 Thread added: 0x000001fe241a8e90
Event: 775.568 Thread 0x000001fe241a9360 Thread added: 0x000001fe241a9360
Event: 775.568 Thread 0x000001fe241a9830 Thread added: 0x000001fe241a9830
Event: 775.577 Thread 0x000001fe203de5c0 Thread added: 0x000001fe203de5c0
Event: 776.434 Thread 0x000001fe203e3c60 Thread added: 0x000001fe203e3c60
Event: 776.435 Thread 0x000001fe203e1ab0 Thread added: 0x000001fe203e1ab0
Event: 776.435 Thread 0x000001fe203e0770 Thread added: 0x000001fe203e0770
Event: 776.435 Thread 0x000001fe203e1f80 Thread added: 0x000001fe203e1f80
Event: 776.844 Thread 0x000001fe288d7df0 Thread exited: 0x000001fe288d7df0
Event: 778.435 Thread 0x000001fe241ab040 Thread added: 0x000001fe241ab040
Event: 778.436 Thread 0x000001fe241ab510 Thread added: 0x000001fe241ab510
Event: 778.438 Thread 0x000001fe240e2660 Thread added: 0x000001fe240e2660
Event: 778.438 Thread 0x000001fe240e1320 Thread added: 0x000001fe240e1320
Event: 778.439 Thread 0x000001fe240e1cc0 Thread added: 0x000001fe240e1cc0
Event: 779.262 Thread 0x000001fe2ba43db0 Thread added: 0x000001fe2ba43db0
Event: 779.263 Thread 0x000001fe203e4600 Thread added: 0x000001fe203e4600


Dynamic libraries:
0x00007ff67d140000 - 0x00007ff67d14a000 	C:\Program Files\Android\Android Studio\jbr\bin\java.exe
0x00007ff8e0b10000 - 0x00007ff8e0d08000 	C:\WINDOWS\SYSTEM32\ntdll.dll
0x00007ff8dec00000 - 0x00007ff8decbd000 	C:\WINDOWS\System32\KERNEL32.DLL
0x00007ff8de400000 - 0x00007ff8de6f6000 	C:\WINDOWS\System32\KERNELBASE.dll
0x00007ff8de250000 - 0x00007ff8de350000 	C:\WINDOWS\System32\ucrtbase.dll
0x00007ff8b0a20000 - 0x00007ff8b0a3b000 	C:\Program Files\Android\Android Studio\jbr\bin\VCRUNTIME140.dll
0x00007ff8b0a80000 - 0x00007ff8b0a97000 	C:\Program Files\Android\Android Studio\jbr\bin\jli.dll
0x00007ff8df280000 - 0x00007ff8df41e000 	C:\WINDOWS\System32\USER32.dll
0x00007ff8de1f0000 - 0x00007ff8de212000 	C:\WINDOWS\System32\win32u.dll
0x00007ff8e0570000 - 0x00007ff8e059c000 	C:\WINDOWS\System32\GDI32.dll
0x00007ff8c92a0000 - 0x00007ff8c953a000 	C:\WINDOWS\WinSxS\amd64_microsoft.windows.common-controls_6595b64144ccf1df_6.0.19041.3636_none_60b6a03d71f818d5\COMCTL32.dll
0x00007ff8de700000 - 0x00007ff8de81a000 	C:\WINDOWS\System32\gdi32full.dll
0x00007ff8de9d0000 - 0x00007ff8dea6d000 	C:\WINDOWS\System32\msvcp_win.dll
0x00007ff8e0460000 - 0x00007ff8e04fe000 	C:\WINDOWS\System32\msvcrt.dll
0x00007ff8df420000 - 0x00007ff8df450000 	C:\WINDOWS\System32\IMM32.DLL
0x00007ff8bbe60000 - 0x00007ff8bbe6c000 	C:\Program Files\Android\Android Studio\jbr\bin\vcruntime140_1.dll
0x00007ff87bb70000 - 0x00007ff87bbfd000 	C:\Program Files\Android\Android Studio\jbr\bin\msvcp140.dll
0x00007ff88d330000 - 0x00007ff88df9e000 	C:\Program Files\Android\Android Studio\jbr\bin\server\jvm.dll
0x00007ff8decc0000 - 0x00007ff8ded6f000 	C:\WINDOWS\System32\ADVAPI32.dll
0x00007ff8e0a30000 - 0x00007ff8e0acc000 	C:\WINDOWS\System32\sechost.dll
0x00007ff8e0880000 - 0x00007ff8e09a6000 	C:\WINDOWS\System32\RPCRT4.dll
0x00007ff8d6190000 - 0x00007ff8d6199000 	C:\WINDOWS\SYSTEM32\WSOCK32.dll
0x00007ff8e07b0000 - 0x00007ff8e081b000 	C:\WINDOWS\System32\WS2_32.dll
0x00007ff8d2d80000 - 0x00007ff8d2d8a000 	C:\WINDOWS\SYSTEM32\VERSION.dll
0x00007ff8be120000 - 0x00007ff8be147000 	C:\WINDOWS\SYSTEM32\WINMM.dll
0x00007ff8dca40000 - 0x00007ff8dca52000 	C:\WINDOWS\SYSTEM32\kernel.appcore.dll
0x00007ff8cf480000 - 0x00007ff8cf48a000 	C:\Program Files\Android\Android Studio\jbr\bin\jimage.dll
0x00007ff8dc000000 - 0x00007ff8dc1e4000 	C:\WINDOWS\SYSTEM32\DBGHELP.DLL
0x00007ff8bd060000 - 0x00007ff8bd094000 	C:\WINDOWS\SYSTEM32\dbgcore.DLL
0x00007ff8deae0000 - 0x00007ff8deb62000 	C:\WINDOWS\System32\bcryptPrimitives.dll
0x00007ff8cb290000 - 0x00007ff8cb2b5000 	C:\Program Files\Android\Android Studio\jbr\bin\java.dll
0x00007ff8bf0a0000 - 0x00007ff8bf0b8000 	C:\Program Files\Android\Android Studio\jbr\bin\zip.dll
0x00007ff8df880000 - 0x00007ff8dffc4000 	C:\WINDOWS\System32\SHELL32.dll
0x00007ff8dc290000 - 0x00007ff8dca2b000 	C:\WINDOWS\SYSTEM32\windows.storage.dll
0x00007ff8ded70000 - 0x00007ff8df0c4000 	C:\WINDOWS\System32\combase.dll
0x00007ff8ddbc0000 - 0x00007ff8ddbed000 	C:\WINDOWS\SYSTEM32\Wldp.dll
0x00007ff8df6c0000 - 0x00007ff8df76d000 	C:\WINDOWS\System32\SHCORE.dll
0x00007ff8e0820000 - 0x00007ff8e0875000 	C:\WINDOWS\System32\shlwapi.dll
0x00007ff8de120000 - 0x00007ff8de145000 	C:\WINDOWS\SYSTEM32\profapi.dll
0x00007ff8bbe10000 - 0x00007ff8bbe29000 	C:\Program Files\Android\Android Studio\jbr\bin\net.dll
0x00007ff8d2d90000 - 0x00007ff8d2e9a000 	C:\WINDOWS\SYSTEM32\WINHTTP.dll
0x00007ff8dd8c0000 - 0x00007ff8dd92a000 	C:\WINDOWS\system32\mswsock.dll
0x00007ff8bb5a0000 - 0x00007ff8bb5b6000 	C:\Program Files\Android\Android Studio\jbr\bin\nio.dll
0x00007ff8cc1e0000 - 0x00007ff8cc1f0000 	C:\Program Files\Android\Android Studio\jbr\bin\verify.dll
0x00007ff8d9870000 - 0x00007ff8d9897000 	C:\Users\caot4\.gradle\native\68d5fa5c4cc2d200863cafc0d521ce42e7d3e7ee720ec0a83991735586a16f82\windows-amd64\native-platform.dll
0x00007ff87b2b0000 - 0x00007ff87b3f4000 	C:\Users\caot4\.gradle\native\e376f236ea51e6404a007f0833ffe2c6e607c4080706a723a18a27aeea778392\windows-amd64\native-platform-file-events.dll
0x00007ff8c8300000 - 0x00007ff8c8309000 	C:\Program Files\Android\Android Studio\jbr\bin\management.dll
0x00007ff8c4b00000 - 0x00007ff8c4b0b000 	C:\Program Files\Android\Android Studio\jbr\bin\management_ext.dll
0x00007ff8e0500000 - 0x00007ff8e0508000 	C:\WINDOWS\System32\PSAPI.DLL
0x00007ff8ddb10000 - 0x00007ff8ddb28000 	C:\WINDOWS\SYSTEM32\CRYPTSP.dll
0x00007ff8dd1f0000 - 0x00007ff8dd224000 	C:\WINDOWS\system32\rsaenh.dll
0x00007ff8de220000 - 0x00007ff8de247000 	C:\WINDOWS\System32\bcrypt.dll
0x00007ff8de0a0000 - 0x00007ff8de0ce000 	C:\WINDOWS\SYSTEM32\USERENV.dll
0x00007ff8ddb30000 - 0x00007ff8ddb3c000 	C:\WINDOWS\SYSTEM32\CRYPTBASE.dll
0x00007ff8dd5b0000 - 0x00007ff8dd5eb000 	C:\WINDOWS\SYSTEM32\IPHLPAPI.DLL
0x00007ff8e0450000 - 0x00007ff8e0458000 	C:\WINDOWS\System32\NSI.dll
0x00007ff8d42a0000 - 0x00007ff8d42b7000 	C:\WINDOWS\SYSTEM32\dhcpcsvc6.DLL
0x00007ff8d4b90000 - 0x00007ff8d4bad000 	C:\WINDOWS\SYSTEM32\dhcpcsvc.DLL
0x00007ff8dd5f0000 - 0x00007ff8dd6ba000 	C:\WINDOWS\SYSTEM32\DNSAPI.dll
0x00007ff8be880000 - 0x00007ff8be887000 	C:\WINDOWS\system32\wshunix.dll
0x00007ff8dd310000 - 0x00007ff8dd343000 	C:\WINDOWS\SYSTEM32\ntmarta.dll

dbghelp: loaded successfully - version: 4.0.5 - missing functions: none
symbol engine: initialized successfully - sym options: 0x614 - pdb path: .;C:\Program Files\Android\Android Studio\jbr\bin;C:\WINDOWS\SYSTEM32;C:\WINDOWS\WinSxS\amd64_microsoft.windows.common-controls_6595b64144ccf1df_6.0.19041.3636_none_60b6a03d71f818d5;C:\Program Files\Android\Android Studio\jbr\bin\server;C:\Users\caot4\.gradle\native\68d5fa5c4cc2d200863cafc0d521ce42e7d3e7ee720ec0a83991735586a16f82\windows-amd64;C:\Users\caot4\.gradle\native\e376f236ea51e6404a007f0833ffe2c6e607c4080706a723a18a27aeea778392\windows-amd64

VM Arguments:
jvm_args: --add-opens=java.base/java.util=ALL-UNNAMED --add-opens=java.base/java.lang=ALL-UNNAMED --add-opens=java.base/java.lang.invoke=ALL-UNNAMED --add-opens=java.prefs/java.util.prefs=ALL-UNNAMED --add-opens=java.base/java.nio.charset=ALL-UNNAMED --add-opens=java.base/java.net=ALL-UNNAMED --add-opens=java.base/java.util.concurrent.atomic=ALL-UNNAMED -Xmx2048m -Dfile.encoding=UTF-8 -Duser.country=US -Duser.language=en -Duser.variant 
java_command: org.gradle.launcher.daemon.bootstrap.GradleDaemon 8.0
java_class_path (initial): C:\Users\caot4\.gradle\wrapper\dists\gradle-8.0-bin\ca5e32bp14vu59qr306oxotwh\gradle-8.0\lib\gradle-launcher-8.0.jar
Launcher Type: SUN_STANDARD

[Global flags]
     intx CICompilerCount                          = 3                                         {product} {ergonomic}
     uint ConcGCThreads                            = 1                                         {product} {ergonomic}
     uint G1ConcRefinementThreads                  = 4                                         {product} {ergonomic}
   size_t G1HeapRegionSize                         = 1048576                                   {product} {ergonomic}
    uintx GCDrainStackTargetSize                   = 64                                        {product} {ergonomic}
   size_t InitialHeapSize                          = 132120576                                 {product} {ergonomic}
   size_t MarkStackSize                            = 4194304                                   {product} {ergonomic}
   size_t MaxHeapSize                              = 2147483648                                {product} {command line}
   size_t MaxNewSize                               = 1287651328                                {product} {ergonomic}
   size_t MinHeapDeltaBytes                        = 1048576                                   {product} {ergonomic}
   size_t MinHeapSize                              = 8388608                                   {product} {ergonomic}
    uintx NonNMethodCodeHeapSize                   = 5832780                                {pd product} {ergonomic}
    uintx NonProfiledCodeHeapSize                  = 122912730                              {pd product} {ergonomic}
    uintx ProfiledCodeHeapSize                     = 122912730                              {pd product} {ergonomic}
    uintx ReservedCodeCacheSize                    = 251658240                              {pd product} {ergonomic}
     bool SegmentedCodeCache                       = true                                      {product} {ergonomic}
   size_t SoftMaxHeapSize                          = 2147483648                             {manageable} {ergonomic}
     bool UseCompressedClassPointers               = true                           {product lp64_product} {ergonomic}
     bool UseCompressedOops                        = true                           {product lp64_product} {ergonomic}
     bool UseG1GC                                  = true                                      {product} {ergonomic}
     bool UseLargePagesIndividualAllocation        = false                                  {pd product} {ergonomic}

Logging:
Log output configuration:
 #0: stdout all=warning uptime,level,tags
 #1: stderr all=off uptime,level,tags

Environment Variables:
PATH=C:\Program Files\Microsoft MPI\Bin\;C:\Program Files\Microsoft\jdk-11.0.16.101-hotspot\bin;C:\Program Files (x86)\NVIDIA Corporation\PhysX\Common;C:\WINDOWS\system32;C:\WINDOWS;C:\WINDOWS\System32\Wbem;C:\WINDOWS\System32\WindowsPowerShell\v1.0\;C:\WINDOWS\System32\OpenSSH\;C:\Program Files (x86)\dotnet\;C:\Program Files\Git\cmd;C:\Program Files\dotnet\;C:\Program Files\Azure Data Studio\bin;C:\Program Files (x86)\Microsoft SQL Server\160\Tools\Binn\;C:\Program Files\Microsoft SQL Server\160\Tools\Binn\;C:\Program Files\Microsoft SQL Server\Client SDK\ODBC\170\Tools\Binn\;C:\Program Files\Microsoft SQL Server\160\DTS\Binn\;C:\Program Files (x86)\Microsoft SQL Server\160\DTS\Binn\;C:\Program Files\Microsoft SQL Server\150\Tools\Binn\;C:\Program Files\dotnet;C:\Users\caot4\.dotnet\tools;C:\Users\caot4\.dnx\bin;C:\Users\caot4\AppData\Local\Microsoft\WindowsApps;C:\Program Files\Azure Data Studio\bin;C:\Users\caot4\.dotnet\tools;C:\Users\caot4\AppData\Local\Programs\Microsoft VS Code\bin;C:\Users\caot4\AppData\Local\GitHubDesktop\bin;;C:\Program Files\Azure Data Studio\bin
USERNAME=caot4
OS=Windows_NT
PROCESSOR_IDENTIFIER=Intel64 Family 6 Model 126 Stepping 5, GenuineIntel
TMP=C:\Users\caot4\AppData\Local\Temp
TEMP=C:\Users\caot4\AppData\Local\Temp


JNI global refs:
JNI global refs: 27, weak refs: 0

JNI global refs memory usage: 843, weak refs: 841


---------------  S Y S T E M  ---------------

OS:
 Windows 10 , 64 bit Build 19041 (10.0.19041.3636)
OS uptime: 0 days 0:34 hours

CPU: total 4 (initial active 4) (2 cores per cpu, 2 threads per core) family 6 model 126 stepping 5 microcode 0xa0, cx8, cmov, fxsr, ht, mmx, 3dnowpref, sse, sse2, sse3, ssse3, sse4.1, sse4.2, popcnt, lzcnt, tsc, tscinvbit, avx, avx2, aes, erms, clmul, bmi1, bmi2, adx, avx512f, avx512dq, avx512cd, avx512bw, avx512vl, sha, fma, vzeroupper, avx512_vpopcntdq, avx512_vpclmulqdq, avx512_vaes, avx512_vnni, clflush, clflushopt, avx512_vbmi2, avx512_vbmi

Memory: 4k page, system-wide physical 7998M (453M free)
TotalPageFile size 12094M (AvailPageFile size 382M)
current process WorkingSet (physical memory assigned to process): 359M, peak: 567M
current process commit charge ("private bytes"): 660M, peak: 1180M

vm_info: OpenJDK 64-Bit Server VM (17.0.6+0-b2043.56-10027231) for windows-amd64 JRE (17.0.6+0-b2043.56-10027231), built on Apr 28 2023 00:43:19 by "androidbuild" with MS VC++ 16.10 / 16.11 (VS2019)

END.
